[0.057s] Invoking command in '/home/lihaoting/ROS2/ws01_plumbing/src/build/cpp03_action': AMENT_PREFIX_PATH=/home/lihaoting/ROS2/ws01_plumbing/src/install/base_interfaces_demo:${AMENT_PREFIX_PATH} CMAKE_PREFIX_PATH=/home/lihaoting/ROS2/ws01_plumbing/src/install/base_interfaces_demo:/home/lihaoting/.local/share/Trash/files/install:/home/lihaoting/.local/share/Trash/files/install:/opt/ros/jazzy/opt/gz_math_vendor:/opt/ros/jazzy/opt/gz_utils_vendor:/opt/ros/jazzy/opt/gz_cmake_vendor:/opt/ros/jazzy DEBUGINFOD_URLS=https://debuginfod.ubuntu.com LD_LIBRARY_PATH=/home/lihaoting/ROS2/ws01_plumbing/src/install/base_interfaces_demo/lib:${LD_LIBRARY_PATH} PYTHONPATH=/home/lihaoting/ROS2/ws01_plumbing/src/install/base_interfaces_demo/lib/python3.12/site-packages:${PYTHONPATH} /usr/bin/cmake --build /home/lihaoting/ROS2/ws01_plumbing/src/build/cpp03_action -- -j2 -l2
[0.330s] [ 50%] Built target demo01_action_server
[0.401s] [ 75%] [32mBuilding CXX object CMakeFiles/demo02_action_client.dir/src/demo02_action_client.cpp.o[0m
[11.631s] [100%] [32m[1mLinking CXX executable demo02_action_client[0m
[12.002s] [100%] Built target demo02_action_client
[12.029s] Invoked command in '/home/lihaoting/ROS2/ws01_plumbing/src/build/cpp03_action' returned '0': AMENT_PREFIX_PATH=/home/lihaoting/ROS2/ws01_plumbing/src/install/base_interfaces_demo:${AMENT_PREFIX_PATH} CMAKE_PREFIX_PATH=/home/lihaoting/ROS2/ws01_plumbing/src/install/base_interfaces_demo:/home/lihaoting/.local/share/Trash/files/install:/home/lihaoting/.local/share/Trash/files/install:/opt/ros/jazzy/opt/gz_math_vendor:/opt/ros/jazzy/opt/gz_utils_vendor:/opt/ros/jazzy/opt/gz_cmake_vendor:/opt/ros/jazzy DEBUGINFOD_URLS=https://debuginfod.ubuntu.com LD_LIBRARY_PATH=/home/lihaoting/ROS2/ws01_plumbing/src/install/base_interfaces_demo/lib:${LD_LIBRARY_PATH} PYTHONPATH=/home/lihaoting/ROS2/ws01_plumbing/src/install/base_interfaces_demo/lib/python3.12/site-packages:${PYTHONPATH} /usr/bin/cmake --build /home/lihaoting/ROS2/ws01_plumbing/src/build/cpp03_action -- -j2 -l2
[12.030s] Invoking command in '/home/lihaoting/ROS2/ws01_plumbing/src/build/cpp03_action': AMENT_PREFIX_PATH=/home/lihaoting/ROS2/ws01_plumbing/src/install/base_interfaces_demo:${AMENT_PREFIX_PATH} CMAKE_PREFIX_PATH=/home/lihaoting/ROS2/ws01_plumbing/src/install/base_interfaces_demo:/home/lihaoting/.local/share/Trash/files/install:/home/lihaoting/.local/share/Trash/files/install:/opt/ros/jazzy/opt/gz_math_vendor:/opt/ros/jazzy/opt/gz_utils_vendor:/opt/ros/jazzy/opt/gz_cmake_vendor:/opt/ros/jazzy DEBUGINFOD_URLS=https://debuginfod.ubuntu.com LD_LIBRARY_PATH=/home/lihaoting/ROS2/ws01_plumbing/src/install/base_interfaces_demo/lib:${LD_LIBRARY_PATH} PYTHONPATH=/home/lihaoting/ROS2/ws01_plumbing/src/install/base_interfaces_demo/lib/python3.12/site-packages:${PYTHONPATH} /usr/bin/cmake --install /home/lihaoting/ROS2/ws01_plumbing/src/build/cpp03_action
[12.072s] -- Install configuration: ""
[12.076s] -- Installing: /home/lihaoting/ROS2/ws01_plumbing/src/install/cpp03_action/lib/cpp03_action/demo01_action_server
[12.081s] -- Set non-toolchain portion of runtime path of "/home/lihaoting/ROS2/ws01_plumbing/src/install/cpp03_action/lib/cpp03_action/demo01_action_server" to ""
[12.083s] -- Installing: /home/lihaoting/ROS2/ws01_plumbing/src/install/cpp03_action/lib/cpp03_action/demo02_action_client
[12.084s] -- Set non-toolchain portion of runtime path of "/home/lihaoting/ROS2/ws01_plumbing/src/install/cpp03_action/lib/cpp03_action/demo02_action_client" to ""
[12.084s] -- Installing: /home/lihaoting/ROS2/ws01_plumbing/src/install/cpp03_action/share/ament_index/resource_index/package_run_dependencies/cpp03_action
[12.084s] -- Installing: /home/lihaoting/ROS2/ws01_plumbing/src/install/cpp03_action/share/ament_index/resource_index/parent_prefix_path/cpp03_action
[12.084s] -- Installing: /home/lihaoting/ROS2/ws01_plumbing/src/install/cpp03_action/share/cpp03_action/environment/ament_prefix_path.sh
[12.084s] -- Installing: /home/lihaoting/ROS2/ws01_plumbing/src/install/cpp03_action/share/cpp03_action/environment/ament_prefix_path.dsv
[12.084s] -- Installing: /home/lihaoting/ROS2/ws01_plumbing/src/install/cpp03_action/share/cpp03_action/environment/path.sh
[12.084s] -- Installing: /home/lihaoting/ROS2/ws01_plumbing/src/install/cpp03_action/share/cpp03_action/environment/path.dsv
[12.084s] -- Installing: /home/lihaoting/ROS2/ws01_plumbing/src/install/cpp03_action/share/cpp03_action/local_setup.bash
[12.084s] -- Installing: /home/lihaoting/ROS2/ws01_plumbing/src/install/cpp03_action/share/cpp03_action/local_setup.sh
[12.084s] -- Installing: /home/lihaoting/ROS2/ws01_plumbing/src/install/cpp03_action/share/cpp03_action/local_setup.zsh
[12.084s] -- Installing: /home/lihaoting/ROS2/ws01_plumbing/src/install/cpp03_action/share/cpp03_action/local_setup.dsv
[12.084s] -- Installing: /home/lihaoting/ROS2/ws01_plumbing/src/install/cpp03_action/share/cpp03_action/package.dsv
[12.085s] -- Installing: /home/lihaoting/ROS2/ws01_plumbing/src/install/cpp03_action/share/ament_index/resource_index/packages/cpp03_action
[12.085s] -- Installing: /home/lihaoting/ROS2/ws01_plumbing/src/install/cpp03_action/share/cpp03_action/cmake/cpp03_actionConfig.cmake
[12.085s] -- Installing: /home/lihaoting/ROS2/ws01_plumbing/src/install/cpp03_action/share/cpp03_action/cmake/cpp03_actionConfig-version.cmake
[12.085s] -- Installing: /home/lihaoting/ROS2/ws01_plumbing/src/install/cpp03_action/share/cpp03_action/package.xml
[12.085s] Invoked command in '/home/lihaoting/ROS2/ws01_plumbing/src/build/cpp03_action' returned '0': AMENT_PREFIX_PATH=/home/lihaoting/ROS2/ws01_plumbing/src/install/base_interfaces_demo:${AMENT_PREFIX_PATH} CMAKE_PREFIX_PATH=/home/lihaoting/ROS2/ws01_plumbing/src/install/base_interfaces_demo:/home/lihaoting/.local/share/Trash/files/install:/home/lihaoting/.local/share/Trash/files/install:/opt/ros/jazzy/opt/gz_math_vendor:/opt/ros/jazzy/opt/gz_utils_vendor:/opt/ros/jazzy/opt/gz_cmake_vendor:/opt/ros/jazzy DEBUGINFOD_URLS=https://debuginfod.ubuntu.com LD_LIBRARY_PATH=/home/lihaoting/ROS2/ws01_plumbing/src/install/base_interfaces_demo/lib:${LD_LIBRARY_PATH} PYTHONPATH=/home/lihaoting/ROS2/ws01_plumbing/src/install/base_interfaces_demo/lib/python3.12/site-packages:${PYTHONPATH} /usr/bin/cmake --install /home/lihaoting/ROS2/ws01_plumbing/src/build/cpp03_action
