[0.065s] Invoking command in '/home/lihaoting/ROS2/ws01_plumbing/src/build/base_interfaces_demo': CMAKE_PREFIX_PATH=${CMAKE_PREFIX_PATH}:/home/lihaoting/ROS2/ws01_plumbing/src/install/py01_topic:/opt/ros/jazzy DEBUGINFOD_URLS=https://debuginfod.ubuntu.com /usr/bin/cmake --build /home/lihaoting/ROS2/ws01_plumbing/src/build/base_interfaces_demo -- -j2 -l2
[0.724s] -- Found ament_cmake: 2.5.4 (/opt/ros/jazzy/share/ament_cmake/cmake)
[0.838s] -- Found Python3: /usr/bin/python3 (found version "3.12.3") found components: Interpreter 
[1.204s] -- Found rosidl_default_generators: 1.6.0 (/opt/ros/jazzy/share/rosidl_default_generators/cmake)
[1.250s] -- Using all available rosidl_typesupport_c: rosidl_typesupport_fastrtps_c;rosidl_typesupport_introspection_c
[1.505s] -- Using all available rosidl_typesupport_cpp: rosidl_typesupport_fastrtps_cpp;rosidl_typesupport_introspection_cpp
[1.720s] -- Found rosidl_adapter: 4.6.5 (/opt/ros/jazzy/share/rosidl_adapter/cmake)
[2.125s] -- Found ament_cmake_ros: 0.12.0 (/opt/ros/jazzy/share/ament_cmake_ros/cmake)
[2.332s] -- Using all available rosidl_typesupport_c: rosidl_typesupport_fastrtps_c;rosidl_typesupport_introspection_c
[2.736s] -- Using all available rosidl_typesupport_cpp: rosidl_typesupport_fastrtps_cpp;rosidl_typesupport_introspection_cpp
[2.758s] -- Found python_cmake_module: 0.11.1 (/opt/ros/jazzy/share/python_cmake_module/cmake)
[3.625s] -- Found Python3: /usr/bin/python3 (found version "3.12.3") found components: Interpreter Development NumPy Development.Module Development.Embed 
[3.680s] -- Found ament_lint_auto: 0.17.2 (/opt/ros/jazzy/share/ament_lint_auto/cmake)
[3.756s] -- Configuring done (3.3s)
[4.049s] -- Generating done (0.3s)
[4.115s] -- Build files have been written to: /home/lihaoting/ROS2/ws01_plumbing/src/build/base_interfaces_demo
[4.249s] [  2%] Built target base_interfaces_demo__rosidl_generator_type_description
[4.282s] [  2%] Built target ament_cmake_python_copy_base_interfaces_demo
[4.348s] [  5%] Built target base_interfaces_demo__cpp
[4.368s] [ 20%] Built target base_interfaces_demo__rosidl_generator_c
[4.452s] [ 29%] Built target base_interfaces_demo__rosidl_typesupport_fastrtps_c
[4.545s] [ 38%] Built target base_interfaces_demo__rosidl_typesupport_introspection_c
[4.626s] [ 47%] Built target base_interfaces_demo__rosidl_typesupport_introspection_cpp
[4.715s] [ 55%] Built target base_interfaces_demo__rosidl_typesupport_cpp
[4.818s] [ 64%] Built target base_interfaces_demo__rosidl_typesupport_fastrtps_cpp
[4.888s] [ 73%] Built target base_interfaces_demo__rosidl_typesupport_c
[4.955s] [ 73%] Built target base_interfaces_demo
[5.041s] [ 76%] Built target base_interfaces_demo__py
[5.114s] [ 82%] Built target base_interfaces_demo__rosidl_generator_py
[5.189s] [ 88%] Built target base_interfaces_demo_s__rosidl_typesupport_fastrtps_c
[5.259s] [ 94%] Built target base_interfaces_demo_s__rosidl_typesupport_introspection_c
[5.341s] [100%] Built target base_interfaces_demo_s__rosidl_typesupport_c
[5.370s] running egg_info
[5.419s] writing base_interfaces_demo.egg-info/PKG-INFO
[5.420s] writing dependency_links to base_interfaces_demo.egg-info/dependency_links.txt
[5.421s] writing top-level names to base_interfaces_demo.egg-info/top_level.txt
[5.601s] reading manifest file 'base_interfaces_demo.egg-info/SOURCES.txt'
[5.604s] writing manifest file 'base_interfaces_demo.egg-info/SOURCES.txt'
[5.652s] [100%] Built target ament_cmake_python_build_base_interfaces_demo_egg
[5.683s] Invoked command in '/home/lihaoting/ROS2/ws01_plumbing/src/build/base_interfaces_demo' returned '0': CMAKE_PREFIX_PATH=${CMAKE_PREFIX_PATH}:/home/lihaoting/ROS2/ws01_plumbing/src/install/py01_topic:/opt/ros/jazzy DEBUGINFOD_URLS=https://debuginfod.ubuntu.com /usr/bin/cmake --build /home/lihaoting/ROS2/ws01_plumbing/src/build/base_interfaces_demo -- -j2 -l2
[5.707s] Invoking command in '/home/lihaoting/ROS2/ws01_plumbing/src/build/base_interfaces_demo': CMAKE_PREFIX_PATH=${CMAKE_PREFIX_PATH}:/home/lihaoting/ROS2/ws01_plumbing/src/install/py01_topic:/opt/ros/jazzy DEBUGINFOD_URLS=https://debuginfod.ubuntu.com /usr/bin/cmake --install /home/lihaoting/ROS2/ws01_plumbing/src/build/base_interfaces_demo
[5.726s] -- Install configuration: ""
[5.726s] -- Up-to-date: /home/lihaoting/ROS2/ws01_plumbing/src/install/base_interfaces_demo/share/ament_index/resource_index/rosidl_interfaces/base_interfaces_demo
[5.726s] -- Up-to-date: /home/lihaoting/ROS2/ws01_plumbing/src/install/base_interfaces_demo/share/base_interfaces_demo/msg/Student.json
[5.726s] -- Up-to-date: /home/lihaoting/ROS2/ws01_plumbing/src/install/base_interfaces_demo/include/base_interfaces_demo/base_interfaces_demo
[5.729s] -- Up-to-date: /home/lihaoting/ROS2/ws01_plumbing/src/install/base_interfaces_demo/include/base_interfaces_demo/base_interfaces_demo/msg
[5.729s] -- Up-to-date: /home/lihaoting/ROS2/ws01_plumbing/src/install/base_interfaces_demo/include/base_interfaces_demo/base_interfaces_demo/msg/rosidl_generator_c__visibility_control.h
[5.729s] -- Up-to-date: /home/lihaoting/ROS2/ws01_plumbing/src/install/base_interfaces_demo/include/base_interfaces_demo/base_interfaces_demo/msg/detail
[5.729s] -- Up-to-date: /home/lihaoting/ROS2/ws01_plumbing/src/install/base_interfaces_demo/include/base_interfaces_demo/base_interfaces_demo/msg/detail/student__description.c
[5.729s] -- Up-to-date: /home/lihaoting/ROS2/ws01_plumbing/src/install/base_interfaces_demo/include/base_interfaces_demo/base_interfaces_demo/msg/detail/student__struct.h
[5.729s] -- Up-to-date: /home/lihaoting/ROS2/ws01_plumbing/src/install/base_interfaces_demo/include/base_interfaces_demo/base_interfaces_demo/msg/detail/student__type_support.h
[5.729s] -- Up-to-date: /home/lihaoting/ROS2/ws01_plumbing/src/install/base_interfaces_demo/include/base_interfaces_demo/base_interfaces_demo/msg/detail/student__functions.h
[5.729s] -- Up-to-date: /home/lihaoting/ROS2/ws01_plumbing/src/install/base_interfaces_demo/include/base_interfaces_demo/base_interfaces_demo/msg/detail/student__functions.c
[5.730s] -- Installing: /home/lihaoting/ROS2/ws01_plumbing/src/install/base_interfaces_demo/include/base_interfaces_demo/base_interfaces_demo/msg/detail/student__type_support.c
[5.730s] -- Up-to-date: /home/lihaoting/ROS2/ws01_plumbing/src/install/base_interfaces_demo/include/base_interfaces_demo/base_interfaces_demo/msg/student.h
[5.730s] -- Up-to-date: /home/lihaoting/ROS2/ws01_plumbing/src/install/base_interfaces_demo/share/base_interfaces_demo/environment/library_path.sh
[5.730s] -- Up-to-date: /home/lihaoting/ROS2/ws01_plumbing/src/install/base_interfaces_demo/share/base_interfaces_demo/environment/library_path.dsv
[5.735s] -- Up-to-date: /home/lihaoting/ROS2/ws01_plumbing/src/install/base_interfaces_demo/lib/libbase_interfaces_demo__rosidl_generator_c.so
[5.735s] -- Up-to-date: /home/lihaoting/ROS2/ws01_plumbing/src/install/base_interfaces_demo/include/base_interfaces_demo/base_interfaces_demo
[5.735s] -- Up-to-date: /home/lihaoting/ROS2/ws01_plumbing/src/install/base_interfaces_demo/include/base_interfaces_demo/base_interfaces_demo/msg
[5.735s] -- Up-to-date: /home/lihaoting/ROS2/ws01_plumbing/src/install/base_interfaces_demo/include/base_interfaces_demo/base_interfaces_demo/msg/detail
[5.735s] -- Up-to-date: /home/lihaoting/ROS2/ws01_plumbing/src/install/base_interfaces_demo/include/base_interfaces_demo/base_interfaces_demo/msg/detail/student__rosidl_typesupport_fastrtps_c.h
[5.736s] -- Up-to-date: /home/lihaoting/ROS2/ws01_plumbing/src/install/base_interfaces_demo/include/base_interfaces_demo/base_interfaces_demo/msg/rosidl_typesupport_fastrtps_c__visibility_control.h
[5.742s] -- Up-to-date: /home/lihaoting/ROS2/ws01_plumbing/src/install/base_interfaces_demo/lib/libbase_interfaces_demo__rosidl_typesupport_fastrtps_c.so
[5.742s] -- Up-to-date: /home/lihaoting/ROS2/ws01_plumbing/src/install/base_interfaces_demo/include/base_interfaces_demo/base_interfaces_demo
[5.742s] -- Up-to-date: /home/lihaoting/ROS2/ws01_plumbing/src/install/base_interfaces_demo/include/base_interfaces_demo/base_interfaces_demo/msg
[5.743s] -- Up-to-date: /home/lihaoting/ROS2/ws01_plumbing/src/install/base_interfaces_demo/include/base_interfaces_demo/base_interfaces_demo/msg/rosidl_typesupport_introspection_c__visibility_control.h
[5.743s] -- Up-to-date: /home/lihaoting/ROS2/ws01_plumbing/src/install/base_interfaces_demo/include/base_interfaces_demo/base_interfaces_demo/msg/detail
[5.743s] -- Up-to-date: /home/lihaoting/ROS2/ws01_plumbing/src/install/base_interfaces_demo/include/base_interfaces_demo/base_interfaces_demo/msg/detail/student__rosidl_typesupport_introspection_c.h
[5.743s] -- Installing: /home/lihaoting/ROS2/ws01_plumbing/src/install/base_interfaces_demo/include/base_interfaces_demo/base_interfaces_demo/msg/detail/student__type_support.c
[5.764s] -- Up-to-date: /home/lihaoting/ROS2/ws01_plumbing/src/install/base_interfaces_demo/lib/libbase_interfaces_demo__rosidl_typesupport_introspection_c.so
[5.769s] -- Up-to-date: /home/lihaoting/ROS2/ws01_plumbing/src/install/base_interfaces_demo/lib/libbase_interfaces_demo__rosidl_typesupport_c.so
[5.769s] -- Up-to-date: /home/lihaoting/ROS2/ws01_plumbing/src/install/base_interfaces_demo/include/base_interfaces_demo/base_interfaces_demo
[5.770s] -- Up-to-date: /home/lihaoting/ROS2/ws01_plumbing/src/install/base_interfaces_demo/include/base_interfaces_demo/base_interfaces_demo/msg
[5.770s] -- Up-to-date: /home/lihaoting/ROS2/ws01_plumbing/src/install/base_interfaces_demo/include/base_interfaces_demo/base_interfaces_demo/msg/student.hpp
[5.771s] -- Up-to-date: /home/lihaoting/ROS2/ws01_plumbing/src/install/base_interfaces_demo/include/base_interfaces_demo/base_interfaces_demo/msg/rosidl_generator_cpp__visibility_control.hpp
[5.772s] -- Up-to-date: /home/lihaoting/ROS2/ws01_plumbing/src/install/base_interfaces_demo/include/base_interfaces_demo/base_interfaces_demo/msg/detail
[5.772s] -- Up-to-date: /home/lihaoting/ROS2/ws01_plumbing/src/install/base_interfaces_demo/include/base_interfaces_demo/base_interfaces_demo/msg/detail/student__builder.hpp
[5.776s] -- Up-to-date: /home/lihaoting/ROS2/ws01_plumbing/src/install/base_interfaces_demo/include/base_interfaces_demo/base_interfaces_demo/msg/detail/student__traits.hpp
[5.776s] -- Up-to-date: /home/lihaoting/ROS2/ws01_plumbing/src/install/base_interfaces_demo/include/base_interfaces_demo/base_interfaces_demo/msg/detail/student__struct.hpp
[5.776s] -- Up-to-date: /home/lihaoting/ROS2/ws01_plumbing/src/install/base_interfaces_demo/include/base_interfaces_demo/base_interfaces_demo/msg/detail/student__type_support.hpp
[5.777s] -- Up-to-date: /home/lihaoting/ROS2/ws01_plumbing/src/install/base_interfaces_demo/include/base_interfaces_demo/base_interfaces_demo
[5.784s] -- Up-to-date: /home/lihaoting/ROS2/ws01_plumbing/src/install/base_interfaces_demo/include/base_interfaces_demo/base_interfaces_demo/msg
[5.785s] -- Up-to-date: /home/lihaoting/ROS2/ws01_plumbing/src/install/base_interfaces_demo/include/base_interfaces_demo/base_interfaces_demo/msg/rosidl_typesupport_fastrtps_cpp__visibility_control.h
[5.785s] -- Up-to-date: /home/lihaoting/ROS2/ws01_plumbing/src/install/base_interfaces_demo/include/base_interfaces_demo/base_interfaces_demo/msg/detail
[5.785s] -- Up-to-date: /home/lihaoting/ROS2/ws01_plumbing/src/install/base_interfaces_demo/include/base_interfaces_demo/base_interfaces_demo/msg/detail/dds_fastrtps
[5.785s] -- Up-to-date: /home/lihaoting/ROS2/ws01_plumbing/src/install/base_interfaces_demo/include/base_interfaces_demo/base_interfaces_demo/msg/detail/student__rosidl_typesupport_fastrtps_cpp.hpp
[5.793s] -- Up-to-date: /home/lihaoting/ROS2/ws01_plumbing/src/install/base_interfaces_demo/lib/libbase_interfaces_demo__rosidl_typesupport_fastrtps_cpp.so
[5.793s] -- Up-to-date: /home/lihaoting/ROS2/ws01_plumbing/src/install/base_interfaces_demo/include/base_interfaces_demo/base_interfaces_demo
[5.793s] -- Up-to-date: /home/lihaoting/ROS2/ws01_plumbing/src/install/base_interfaces_demo/include/base_interfaces_demo/base_interfaces_demo/msg
[5.793s] -- Up-to-date: /home/lihaoting/ROS2/ws01_plumbing/src/install/base_interfaces_demo/include/base_interfaces_demo/base_interfaces_demo/msg/detail
[5.794s] -- Up-to-date: /home/lihaoting/ROS2/ws01_plumbing/src/install/base_interfaces_demo/include/base_interfaces_demo/base_interfaces_demo/msg/detail/student__rosidl_typesupport_introspection_cpp.hpp
[5.797s] -- Up-to-date: /home/lihaoting/ROS2/ws01_plumbing/src/install/base_interfaces_demo/include/base_interfaces_demo/base_interfaces_demo/msg/detail/student__type_support.cpp
[5.804s] -- Up-to-date: /home/lihaoting/ROS2/ws01_plumbing/src/install/base_interfaces_demo/lib/libbase_interfaces_demo__rosidl_typesupport_introspection_cpp.so
[5.806s] -- Up-to-date: /home/lihaoting/ROS2/ws01_plumbing/src/install/base_interfaces_demo/lib/libbase_interfaces_demo__rosidl_typesupport_cpp.so
[5.806s] -- Up-to-date: /home/lihaoting/ROS2/ws01_plumbing/src/install/base_interfaces_demo/share/base_interfaces_demo/environment/pythonpath.sh
[5.809s] -- Up-to-date: /home/lihaoting/ROS2/ws01_plumbing/src/install/base_interfaces_demo/share/base_interfaces_demo/environment/pythonpath.dsv
[5.810s] -- Up-to-date: /home/lihaoting/ROS2/ws01_plumbing/src/install/base_interfaces_demo/lib/python3.12/site-packages/base_interfaces_demo-0.0.0-py3.12.egg-info
[5.810s] -- Installing: /home/lihaoting/ROS2/ws01_plumbing/src/install/base_interfaces_demo/lib/python3.12/site-packages/base_interfaces_demo-0.0.0-py3.12.egg-info/PKG-INFO
[5.810s] -- Installing: /home/lihaoting/ROS2/ws01_plumbing/src/install/base_interfaces_demo/lib/python3.12/site-packages/base_interfaces_demo-0.0.0-py3.12.egg-info/dependency_links.txt
[5.816s] -- Installing: /home/lihaoting/ROS2/ws01_plumbing/src/install/base_interfaces_demo/lib/python3.12/site-packages/base_interfaces_demo-0.0.0-py3.12.egg-info/SOURCES.txt
[5.816s] -- Installing: /home/lihaoting/ROS2/ws01_plumbing/src/install/base_interfaces_demo/lib/python3.12/site-packages/base_interfaces_demo-0.0.0-py3.12.egg-info/top_level.txt
[5.816s] -- Up-to-date: /home/lihaoting/ROS2/ws01_plumbing/src/install/base_interfaces_demo/lib/python3.12/site-packages/base_interfaces_demo
[5.817s] -- Up-to-date: /home/lihaoting/ROS2/ws01_plumbing/src/install/base_interfaces_demo/lib/python3.12/site-packages/base_interfaces_demo/_base_interfaces_demo_s.ep.rosidl_typesupport_c.c
[5.817s] -- Installing: /home/lihaoting/ROS2/ws01_plumbing/src/install/base_interfaces_demo/lib/python3.12/site-packages/base_interfaces_demo/__init__.py
[5.817s] -- Up-to-date: /home/lihaoting/ROS2/ws01_plumbing/src/install/base_interfaces_demo/lib/python3.12/site-packages/base_interfaces_demo/base_interfaces_demo_s__rosidl_typesupport_introspection_c.so
[5.817s] -- Up-to-date: /home/lihaoting/ROS2/ws01_plumbing/src/install/base_interfaces_demo/lib/python3.12/site-packages/base_interfaces_demo/base_interfaces_demo_s__rosidl_typesupport_fastrtps_c.so
[5.817s] -- Up-to-date: /home/lihaoting/ROS2/ws01_plumbing/src/install/base_interfaces_demo/lib/python3.12/site-packages/base_interfaces_demo/_base_interfaces_demo_s.ep.rosidl_typesupport_introspection_c.c
[5.817s] -- Up-to-date: /home/lihaoting/ROS2/ws01_plumbing/src/install/base_interfaces_demo/lib/python3.12/site-packages/base_interfaces_demo/_base_interfaces_demo_s.ep.rosidl_typesupport_fastrtps_c.c
[5.817s] -- Up-to-date: /home/lihaoting/ROS2/ws01_plumbing/src/install/base_interfaces_demo/lib/python3.12/site-packages/base_interfaces_demo/base_interfaces_demo_s__rosidl_typesupport_c.so
[5.821s] -- Up-to-date: /home/lihaoting/ROS2/ws01_plumbing/src/install/base_interfaces_demo/lib/python3.12/site-packages/base_interfaces_demo/msg
[5.821s] -- Up-to-date: /home/lihaoting/ROS2/ws01_plumbing/src/install/base_interfaces_demo/lib/python3.12/site-packages/base_interfaces_demo/msg/__init__.py
[5.821s] -- Up-to-date: /home/lihaoting/ROS2/ws01_plumbing/src/install/base_interfaces_demo/lib/python3.12/site-packages/base_interfaces_demo/msg/_student_s.c
[5.821s] -- Up-to-date: /home/lihaoting/ROS2/ws01_plumbing/src/install/base_interfaces_demo/lib/python3.12/site-packages/base_interfaces_demo/msg/_student.py
[5.954s] Listing '/home/lihaoting/ROS2/ws01_plumbing/src/install/base_interfaces_demo/lib/python3.12/site-packages/base_interfaces_demo'...
[5.954s] Compiling '/home/lihaoting/ROS2/ws01_plumbing/src/install/base_interfaces_demo/lib/python3.12/site-packages/base_interfaces_demo/__init__.py'...
[5.954s] Listing '/home/lihaoting/ROS2/ws01_plumbing/src/install/base_interfaces_demo/lib/python3.12/site-packages/base_interfaces_demo/msg'...
[5.998s] -- Up-to-date: /home/lihaoting/ROS2/ws01_plumbing/src/install/base_interfaces_demo/lib/python3.12/site-packages/base_interfaces_demo/base_interfaces_demo_s__rosidl_typesupport_fastrtps_c.so
[6.001s] -- Up-to-date: /home/lihaoting/ROS2/ws01_plumbing/src/install/base_interfaces_demo/lib/python3.12/site-packages/base_interfaces_demo/base_interfaces_demo_s__rosidl_typesupport_introspection_c.so
[6.005s] -- Up-to-date: /home/lihaoting/ROS2/ws01_plumbing/src/install/base_interfaces_demo/lib/python3.12/site-packages/base_interfaces_demo/base_interfaces_demo_s__rosidl_typesupport_c.so
[6.009s] -- Up-to-date: /home/lihaoting/ROS2/ws01_plumbing/src/install/base_interfaces_demo/lib/libbase_interfaces_demo__rosidl_generator_py.so
[6.011s] -- Up-to-date: /home/lihaoting/ROS2/ws01_plumbing/src/install/base_interfaces_demo/share/base_interfaces_demo/msg/Student.idl
[6.012s] -- Up-to-date: /home/lihaoting/ROS2/ws01_plumbing/src/install/base_interfaces_demo/share/base_interfaces_demo/msg/Student.msg
[6.014s] -- Up-to-date: /home/lihaoting/ROS2/ws01_plumbing/src/install/base_interfaces_demo/share/ament_index/resource_index/package_run_dependencies/base_interfaces_demo
[6.015s] -- Installing: /home/lihaoting/ROS2/ws01_plumbing/src/install/base_interfaces_demo/share/ament_index/resource_index/parent_prefix_path/base_interfaces_demo
[6.015s] -- Installing: /home/lihaoting/ROS2/ws01_plumbing/src/install/base_interfaces_demo/share/base_interfaces_demo/environment/ament_prefix_path.sh
[6.020s] -- Up-to-date: /home/lihaoting/ROS2/ws01_plumbing/src/install/base_interfaces_demo/share/base_interfaces_demo/environment/ament_prefix_path.dsv
[6.020s] -- Installing: /home/lihaoting/ROS2/ws01_plumbing/src/install/base_interfaces_demo/share/base_interfaces_demo/environment/path.sh
[6.022s] -- Up-to-date: /home/lihaoting/ROS2/ws01_plumbing/src/install/base_interfaces_demo/share/base_interfaces_demo/environment/path.dsv
[6.022s] -- Up-to-date: /home/lihaoting/ROS2/ws01_plumbing/src/install/base_interfaces_demo/share/base_interfaces_demo/local_setup.bash
[6.022s] -- Up-to-date: /home/lihaoting/ROS2/ws01_plumbing/src/install/base_interfaces_demo/share/base_interfaces_demo/local_setup.sh
[6.022s] -- Up-to-date: /home/lihaoting/ROS2/ws01_plumbing/src/install/base_interfaces_demo/share/base_interfaces_demo/local_setup.zsh
[6.026s] -- Up-to-date: /home/lihaoting/ROS2/ws01_plumbing/src/install/base_interfaces_demo/share/base_interfaces_demo/local_setup.dsv
[6.027s] -- Installing: /home/lihaoting/ROS2/ws01_plumbing/src/install/base_interfaces_demo/share/base_interfaces_demo/package.dsv
[6.027s] -- Up-to-date: /home/lihaoting/ROS2/ws01_plumbing/src/install/base_interfaces_demo/share/ament_index/resource_index/packages/base_interfaces_demo
[6.028s] -- Up-to-date: /home/lihaoting/ROS2/ws01_plumbing/src/install/base_interfaces_demo/share/base_interfaces_demo/cmake/export_base_interfaces_demo__rosidl_generator_cExport.cmake
[6.029s] -- Up-to-date: /home/lihaoting/ROS2/ws01_plumbing/src/install/base_interfaces_demo/share/base_interfaces_demo/cmake/export_base_interfaces_demo__rosidl_generator_cExport-noconfig.cmake
[6.029s] -- Up-to-date: /home/lihaoting/ROS2/ws01_plumbing/src/install/base_interfaces_demo/share/base_interfaces_demo/cmake/export_base_interfaces_demo__rosidl_typesupport_fastrtps_cExport.cmake
[6.029s] -- Up-to-date: /home/lihaoting/ROS2/ws01_plumbing/src/install/base_interfaces_demo/share/base_interfaces_demo/cmake/export_base_interfaces_demo__rosidl_typesupport_fastrtps_cExport-noconfig.cmake
[6.034s] -- Up-to-date: /home/lihaoting/ROS2/ws01_plumbing/src/install/base_interfaces_demo/share/base_interfaces_demo/cmake/base_interfaces_demo__rosidl_typesupport_introspection_cExport.cmake
[6.034s] -- Up-to-date: /home/lihaoting/ROS2/ws01_plumbing/src/install/base_interfaces_demo/share/base_interfaces_demo/cmake/base_interfaces_demo__rosidl_typesupport_introspection_cExport-noconfig.cmake
[6.038s] -- Up-to-date: /home/lihaoting/ROS2/ws01_plumbing/src/install/base_interfaces_demo/share/base_interfaces_demo/cmake/base_interfaces_demo__rosidl_typesupport_cExport.cmake
[6.038s] -- Up-to-date: /home/lihaoting/ROS2/ws01_plumbing/src/install/base_interfaces_demo/share/base_interfaces_demo/cmake/base_interfaces_demo__rosidl_typesupport_cExport-noconfig.cmake
[6.038s] -- Up-to-date: /home/lihaoting/ROS2/ws01_plumbing/src/install/base_interfaces_demo/share/base_interfaces_demo/cmake/export_base_interfaces_demo__rosidl_generator_cppExport.cmake
[6.040s] -- Up-to-date: /home/lihaoting/ROS2/ws01_plumbing/src/install/base_interfaces_demo/share/base_interfaces_demo/cmake/export_base_interfaces_demo__rosidl_typesupport_fastrtps_cppExport.cmake
[6.043s] -- Up-to-date: /home/lihaoting/ROS2/ws01_plumbing/src/install/base_interfaces_demo/share/base_interfaces_demo/cmake/export_base_interfaces_demo__rosidl_typesupport_fastrtps_cppExport-noconfig.cmake
[6.045s] -- Up-to-date: /home/lihaoting/ROS2/ws01_plumbing/src/install/base_interfaces_demo/share/base_interfaces_demo/cmake/base_interfaces_demo__rosidl_typesupport_introspection_cppExport.cmake
[6.047s] -- Up-to-date: /home/lihaoting/ROS2/ws01_plumbing/src/install/base_interfaces_demo/share/base_interfaces_demo/cmake/base_interfaces_demo__rosidl_typesupport_introspection_cppExport-noconfig.cmake
[6.049s] -- Up-to-date: /home/lihaoting/ROS2/ws01_plumbing/src/install/base_interfaces_demo/share/base_interfaces_demo/cmake/base_interfaces_demo__rosidl_typesupport_cppExport.cmake
[6.050s] -- Up-to-date: /home/lihaoting/ROS2/ws01_plumbing/src/install/base_interfaces_demo/share/base_interfaces_demo/cmake/base_interfaces_demo__rosidl_typesupport_cppExport-noconfig.cmake
[6.055s] -- Up-to-date: /home/lihaoting/ROS2/ws01_plumbing/src/install/base_interfaces_demo/share/base_interfaces_demo/cmake/export_base_interfaces_demo__rosidl_generator_pyExport.cmake
[6.055s] -- Up-to-date: /home/lihaoting/ROS2/ws01_plumbing/src/install/base_interfaces_demo/share/base_interfaces_demo/cmake/export_base_interfaces_demo__rosidl_generator_pyExport-noconfig.cmake
[6.055s] -- Up-to-date: /home/lihaoting/ROS2/ws01_plumbing/src/install/base_interfaces_demo/share/base_interfaces_demo/cmake/rosidl_cmake-extras.cmake
[6.055s] -- Up-to-date: /home/lihaoting/ROS2/ws01_plumbing/src/install/base_interfaces_demo/share/base_interfaces_demo/cmake/ament_cmake_export_include_directories-extras.cmake
[6.055s] -- Up-to-date: /home/lihaoting/ROS2/ws01_plumbing/src/install/base_interfaces_demo/share/base_interfaces_demo/cmake/ament_cmake_export_libraries-extras.cmake
[6.055s] -- Up-to-date: /home/lihaoting/ROS2/ws01_plumbing/src/install/base_interfaces_demo/share/base_interfaces_demo/cmake/ament_cmake_export_targets-extras.cmake
[6.055s] -- Up-to-date: /home/lihaoting/ROS2/ws01_plumbing/src/install/base_interfaces_demo/share/base_interfaces_demo/cmake/rosidl_cmake_export_typesupport_targets-extras.cmake
[6.055s] -- Up-to-date: /home/lihaoting/ROS2/ws01_plumbing/src/install/base_interfaces_demo/share/base_interfaces_demo/cmake/ament_cmake_export_dependencies-extras.cmake
[6.055s] -- Up-to-date: /home/lihaoting/ROS2/ws01_plumbing/src/install/base_interfaces_demo/share/base_interfaces_demo/cmake/rosidl_cmake_export_typesupport_libraries-extras.cmake
[6.056s] -- Up-to-date: /home/lihaoting/ROS2/ws01_plumbing/src/install/base_interfaces_demo/share/base_interfaces_demo/cmake/base_interfaces_demoConfig.cmake
[6.056s] -- Up-to-date: /home/lihaoting/ROS2/ws01_plumbing/src/install/base_interfaces_demo/share/base_interfaces_demo/cmake/base_interfaces_demoConfig-version.cmake
[6.056s] -- Up-to-date: /home/lihaoting/ROS2/ws01_plumbing/src/install/base_interfaces_demo/share/base_interfaces_demo/package.xml
[6.061s] Invoked command in '/home/lihaoting/ROS2/ws01_plumbing/src/build/base_interfaces_demo' returned '0': CMAKE_PREFIX_PATH=${CMAKE_PREFIX_PATH}:/home/lihaoting/ROS2/ws01_plumbing/src/install/py01_topic:/opt/ros/jazzy DEBUGINFOD_URLS=https://debuginfod.ubuntu.com /usr/bin/cmake --install /home/lihaoting/ROS2/ws01_plumbing/src/build/base_interfaces_demo
