[0.038s] Invoking command in '/home/lihaoting/ROS2/ws01_plumbing/src/build/cpp02_service': CMAKE_PREFIX_PATH=/home/lihaoting/ROS2/ws01_plumbing/src/install/base_interfaces_demo:/home/lihaoting/ROS2/ws01_plumbing/src/install/cpp04_param:/home/lihaoting/ROS2/ws01_plumbing/src/install/cpp03_action:/home/lihaoting/ROS2/ws01_plumbing/src/install/cpp02_service:/home/lihaoting/ROS2/ws01_plumbing/src/install/cpp01_topic:/opt/ros/jazzy/opt/gz_math_vendor:/opt/ros/jazzy/opt/gz_utils_vendor:/opt/ros/jazzy/opt/gz_cmake_vendor:/home/lihaoting/ROS2/ws01_plumbing/src/install/py01_topic:/opt/ros/jazzy DEBUGINFOD_URLS=https://debuginfod.ubuntu.com PYTHONPATH=/home/lihaoting/ROS2/ws01_plumbing/src/install/base_interfaces_demo/lib/python3.12/site-packages:/home/lihaoting/ROS2/ws01_plumbing/src/install/py01_topic/lib/python3.12/site-packages:/opt/ros/jazzy/lib/python3.12/site-packages /usr/bin/cmake --build /home/lihaoting/ROS2/ws01_plumbing/src/build/cpp02_service -- -j2 -l2
[0.208s] [ 50%] Built target demo01_server
[0.244s] [100%] Built target demo02_client
[0.293s] Invoked command in '/home/lihaoting/ROS2/ws01_plumbing/src/build/cpp02_service' returned '0': CMAKE_PREFIX_PATH=/home/lihaoting/ROS2/ws01_plumbing/src/install/base_interfaces_demo:/home/lihaoting/ROS2/ws01_plumbing/src/install/cpp04_param:/home/lihaoting/ROS2/ws01_plumbing/src/install/cpp03_action:/home/lihaoting/ROS2/ws01_plumbing/src/install/cpp02_service:/home/lihaoting/ROS2/ws01_plumbing/src/install/cpp01_topic:/opt/ros/jazzy/opt/gz_math_vendor:/opt/ros/jazzy/opt/gz_utils_vendor:/opt/ros/jazzy/opt/gz_cmake_vendor:/home/lihaoting/ROS2/ws01_plumbing/src/install/py01_topic:/opt/ros/jazzy DEBUGINFOD_URLS=https://debuginfod.ubuntu.com PYTHONPATH=/home/lihaoting/ROS2/ws01_plumbing/src/install/base_interfaces_demo/lib/python3.12/site-packages:/home/lihaoting/ROS2/ws01_plumbing/src/install/py01_topic/lib/python3.12/site-packages:/opt/ros/jazzy/lib/python3.12/site-packages /usr/bin/cmake --build /home/lihaoting/ROS2/ws01_plumbing/src/build/cpp02_service -- -j2 -l2
[0.293s] Invoking command in '/home/lihaoting/ROS2/ws01_plumbing/src/build/cpp02_service': CMAKE_PREFIX_PATH=/home/lihaoting/ROS2/ws01_plumbing/src/install/base_interfaces_demo:/home/lihaoting/ROS2/ws01_plumbing/src/install/cpp04_param:/home/lihaoting/ROS2/ws01_plumbing/src/install/cpp03_action:/home/lihaoting/ROS2/ws01_plumbing/src/install/cpp02_service:/home/lihaoting/ROS2/ws01_plumbing/src/install/cpp01_topic:/opt/ros/jazzy/opt/gz_math_vendor:/opt/ros/jazzy/opt/gz_utils_vendor:/opt/ros/jazzy/opt/gz_cmake_vendor:/home/lihaoting/ROS2/ws01_plumbing/src/install/py01_topic:/opt/ros/jazzy DEBUGINFOD_URLS=https://debuginfod.ubuntu.com PYTHONPATH=/home/lihaoting/ROS2/ws01_plumbing/src/install/base_interfaces_demo/lib/python3.12/site-packages:/home/lihaoting/ROS2/ws01_plumbing/src/install/py01_topic/lib/python3.12/site-packages:/opt/ros/jazzy/lib/python3.12/site-packages /usr/bin/cmake --install /home/lihaoting/ROS2/ws01_plumbing/src/build/cpp02_service
[0.327s] -- Install configuration: ""
[0.327s] -- Up-to-date: /home/lihaoting/ROS2/ws01_plumbing/src/install/cpp02_service/lib/cpp02_service/demo01_server
[0.332s] -- Up-to-date: /home/lihaoting/ROS2/ws01_plumbing/src/install/cpp02_service/lib/cpp02_service/demo02_client
[0.336s] -- Up-to-date: /home/lihaoting/ROS2/ws01_plumbing/src/install/cpp02_service/share/ament_index/resource_index/package_run_dependencies/cpp02_service
[0.336s] -- Up-to-date: /home/lihaoting/ROS2/ws01_plumbing/src/install/cpp02_service/share/ament_index/resource_index/parent_prefix_path/cpp02_service
[0.336s] -- Up-to-date: /home/lihaoting/ROS2/ws01_plumbing/src/install/cpp02_service/share/cpp02_service/environment/ament_prefix_path.sh
[0.336s] -- Up-to-date: /home/lihaoting/ROS2/ws01_plumbing/src/install/cpp02_service/share/cpp02_service/environment/ament_prefix_path.dsv
[0.336s] -- Up-to-date: /home/lihaoting/ROS2/ws01_plumbing/src/install/cpp02_service/share/cpp02_service/environment/path.sh
[0.336s] -- Up-to-date: /home/lihaoting/ROS2/ws01_plumbing/src/install/cpp02_service/share/cpp02_service/environment/path.dsv
[0.337s] -- Up-to-date: /home/lihaoting/ROS2/ws01_plumbing/src/install/cpp02_service/share/cpp02_service/local_setup.bash
[0.337s] -- Up-to-date: /home/lihaoting/ROS2/ws01_plumbing/src/install/cpp02_service/share/cpp02_service/local_setup.sh
[0.337s] -- Up-to-date: /home/lihaoting/ROS2/ws01_plumbing/src/install/cpp02_service/share/cpp02_service/local_setup.zsh
[0.337s] -- Up-to-date: /home/lihaoting/ROS2/ws01_plumbing/src/install/cpp02_service/share/cpp02_service/local_setup.dsv
[0.342s] -- Installing: /home/lihaoting/ROS2/ws01_plumbing/src/install/cpp02_service/share/cpp02_service/package.dsv
[0.343s] -- Up-to-date: /home/lihaoting/ROS2/ws01_plumbing/src/install/cpp02_service/share/ament_index/resource_index/packages/cpp02_service
[0.343s] -- Up-to-date: /home/lihaoting/ROS2/ws01_plumbing/src/install/cpp02_service/share/cpp02_service/cmake/cpp02_serviceConfig.cmake
[0.343s] -- Up-to-date: /home/lihaoting/ROS2/ws01_plumbing/src/install/cpp02_service/share/cpp02_service/cmake/cpp02_serviceConfig-version.cmake
[0.344s] -- Up-to-date: /home/lihaoting/ROS2/ws01_plumbing/src/install/cpp02_service/share/cpp02_service/package.xml
[0.352s] Invoked command in '/home/lihaoting/ROS2/ws01_plumbing/src/build/cpp02_service' returned '0': CMAKE_PREFIX_PATH=/home/lihaoting/ROS2/ws01_plumbing/src/install/base_interfaces_demo:/home/lihaoting/ROS2/ws01_plumbing/src/install/cpp04_param:/home/lihaoting/ROS2/ws01_plumbing/src/install/cpp03_action:/home/lihaoting/ROS2/ws01_plumbing/src/install/cpp02_service:/home/lihaoting/ROS2/ws01_plumbing/src/install/cpp01_topic:/opt/ros/jazzy/opt/gz_math_vendor:/opt/ros/jazzy/opt/gz_utils_vendor:/opt/ros/jazzy/opt/gz_cmake_vendor:/home/lihaoting/ROS2/ws01_plumbing/src/install/py01_topic:/opt/ros/jazzy DEBUGINFOD_URLS=https://debuginfod.ubuntu.com PYTHONPATH=/home/lihaoting/ROS2/ws01_plumbing/src/install/base_interfaces_demo/lib/python3.12/site-packages:/home/lihaoting/ROS2/ws01_plumbing/src/install/py01_topic/lib/python3.12/site-packages:/opt/ros/jazzy/lib/python3.12/site-packages /usr/bin/cmake --install /home/lihaoting/ROS2/ws01_plumbing/src/build/cpp02_service
