[0.116s] DEBUG:colcon:Command line arguments: ['/usr/bin/colcon', 'build', '--packages-select', 'cpp02_service']
[0.117s] DEBUG:colcon:Parsed command line arguments: Namespace(log_base=None, log_level=None, verb_name='build', build_base='build', install_base='install', merge_install=False, symlink_install=False, test_result_base=None, continue_on_error=False, executor='parallel', parallel_workers=2, event_handlers=None, ignore_user_meta=False, metas=['./colcon.meta'], base_paths=['.'], packages_ignore=None, packages_ignore_regex=None, paths=None, packages_up_to=None, packages_up_to_regex=None, packages_above=None, packages_above_and_dependencies=None, packages_above_depth=None, packages_select_by_dep=None, packages_skip_by_dep=None, packages_skip_up_to=None, packages_select_build_failed=False, packages_skip_build_finished=False, packages_select_test_failures=False, packages_skip_test_passed=False, packages_select=['cpp02_service'], packages_skip=None, packages_select_regex=None, packages_skip_regex=None, packages_start=None, packages_end=None, allow_overriding=[], cmake_args=None, cmake_target=None, cmake_target_skip_unavailable=False, cmake_clean_cache=False, cmake_clean_first=False, cmake_force_configure=False, ament_cmake_args=None, catkin_cmake_args=None, catkin_skip_building_tests=False, verb_parser=<colcon_defaults.argument_parser.defaults.DefaultArgumentsDecorator object at 0x76c4eee78cb0>, verb_extension=<colcon_core.verb.build.BuildVerb object at 0x76c4eee78bc0>, main=<bound method BuildVerb.main of <colcon_core.verb.build.BuildVerb object at 0x76c4eee78bc0>>)
[0.160s] Level 1:colcon.colcon_core.package_discovery:discover_packages(colcon_meta) check parameters
[0.160s] Level 1:colcon.colcon_core.package_discovery:discover_packages(recursive) check parameters
[0.160s] Level 1:colcon.colcon_core.package_discovery:discover_packages(ignore) check parameters
[0.160s] Level 1:colcon.colcon_core.package_discovery:discover_packages(path) check parameters
[0.160s] Level 1:colcon.colcon_core.package_discovery:discover_packages(colcon_meta) discover
[0.160s] Level 1:colcon.colcon_core.package_discovery:discover_packages(recursive) discover
[0.160s] INFO:colcon.colcon_core.package_discovery:Crawling recursively for packages in '/home/lihaoting/ROS2/ws01_plumbing/src'
[0.160s] Level 1:colcon.colcon_core.package_identification:_identify(.) by extensions ['ignore', 'ignore_ament_install']
[0.160s] Level 1:colcon.colcon_core.package_identification:_identify(.) by extension 'ignore'
[0.160s] Level 1:colcon.colcon_core.package_identification:_identify(.) by extension 'ignore_ament_install'
[0.161s] Level 1:colcon.colcon_core.package_identification:_identify(.) by extensions ['colcon_pkg']
[0.161s] Level 1:colcon.colcon_core.package_identification:_identify(.) by extension 'colcon_pkg'
[0.161s] Level 1:colcon.colcon_core.package_identification:_identify(.) by extensions ['colcon_meta']
[0.161s] Level 1:colcon.colcon_core.package_identification:_identify(.) by extension 'colcon_meta'
[0.161s] Level 1:colcon.colcon_core.package_identification:_identify(.) by extensions ['ros']
[0.161s] Level 1:colcon.colcon_core.package_identification:_identify(.) by extension 'ros'
[0.186s] Level 1:colcon.colcon_core.package_identification:_identify(.) by extensions ['cmake', 'python']
[0.186s] Level 1:colcon.colcon_core.package_identification:_identify(.) by extension 'cmake'
[0.186s] Level 1:colcon.colcon_core.package_identification:_identify(.) by extension 'python'
[0.186s] Level 1:colcon.colcon_core.package_identification:_identify(.) by extensions ['python_setup_py']
[0.186s] Level 1:colcon.colcon_core.package_identification:_identify(.) by extension 'python_setup_py'
[0.186s] Level 1:colcon.colcon_core.package_identification:_identify(base_interfaces_demo) by extensions ['ignore', 'ignore_ament_install']
[0.186s] Level 1:colcon.colcon_core.package_identification:_identify(base_interfaces_demo) by extension 'ignore'
[0.187s] Level 1:colcon.colcon_core.package_identification:_identify(base_interfaces_demo) by extension 'ignore_ament_install'
[0.187s] Level 1:colcon.colcon_core.package_identification:_identify(base_interfaces_demo) by extensions ['colcon_pkg']
[0.187s] Level 1:colcon.colcon_core.package_identification:_identify(base_interfaces_demo) by extension 'colcon_pkg'
[0.187s] Level 1:colcon.colcon_core.package_identification:_identify(base_interfaces_demo) by extensions ['colcon_meta']
[0.187s] Level 1:colcon.colcon_core.package_identification:_identify(base_interfaces_demo) by extension 'colcon_meta'
[0.187s] Level 1:colcon.colcon_core.package_identification:_identify(base_interfaces_demo) by extensions ['ros']
[0.187s] Level 1:colcon.colcon_core.package_identification:_identify(base_interfaces_demo) by extension 'ros'
[0.190s] DEBUG:colcon.colcon_core.package_identification:Package 'base_interfaces_demo' with type 'ros.ament_cmake' and name 'base_interfaces_demo'
[0.190s] Level 1:colcon.colcon_core.package_identification:_identify(build) by extensions ['ignore', 'ignore_ament_install']
[0.190s] Level 1:colcon.colcon_core.package_identification:_identify(build) by extension 'ignore'
[0.190s] Level 1:colcon.colcon_core.package_identification:_identify(build) ignored
[0.190s] Level 1:colcon.colcon_core.package_identification:_identify(cpp01_topic) by extensions ['ignore', 'ignore_ament_install']
[0.190s] Level 1:colcon.colcon_core.package_identification:_identify(cpp01_topic) by extension 'ignore'
[0.190s] Level 1:colcon.colcon_core.package_identification:_identify(cpp01_topic) by extension 'ignore_ament_install'
[0.190s] Level 1:colcon.colcon_core.package_identification:_identify(cpp01_topic) by extensions ['colcon_pkg']
[0.190s] Level 1:colcon.colcon_core.package_identification:_identify(cpp01_topic) by extension 'colcon_pkg'
[0.190s] Level 1:colcon.colcon_core.package_identification:_identify(cpp01_topic) by extensions ['colcon_meta']
[0.191s] Level 1:colcon.colcon_core.package_identification:_identify(cpp01_topic) by extension 'colcon_meta'
[0.191s] Level 1:colcon.colcon_core.package_identification:_identify(cpp01_topic) by extensions ['ros']
[0.191s] Level 1:colcon.colcon_core.package_identification:_identify(cpp01_topic) by extension 'ros'
[0.191s] DEBUG:colcon.colcon_core.package_identification:Package 'cpp01_topic' with type 'ros.ament_cmake' and name 'cpp01_topic'
[0.191s] Level 1:colcon.colcon_core.package_identification:_identify(cpp02_service) by extensions ['ignore', 'ignore_ament_install']
[0.191s] Level 1:colcon.colcon_core.package_identification:_identify(cpp02_service) by extension 'ignore'
[0.192s] Level 1:colcon.colcon_core.package_identification:_identify(cpp02_service) by extension 'ignore_ament_install'
[0.192s] Level 1:colcon.colcon_core.package_identification:_identify(cpp02_service) by extensions ['colcon_pkg']
[0.192s] Level 1:colcon.colcon_core.package_identification:_identify(cpp02_service) by extension 'colcon_pkg'
[0.192s] Level 1:colcon.colcon_core.package_identification:_identify(cpp02_service) by extensions ['colcon_meta']
[0.192s] Level 1:colcon.colcon_core.package_identification:_identify(cpp02_service) by extension 'colcon_meta'
[0.192s] Level 1:colcon.colcon_core.package_identification:_identify(cpp02_service) by extensions ['ros']
[0.192s] Level 1:colcon.colcon_core.package_identification:_identify(cpp02_service) by extension 'ros'
[0.192s] DEBUG:colcon.colcon_core.package_identification:Package 'cpp02_service' with type 'ros.ament_cmake' and name 'cpp02_service'
[0.192s] Level 1:colcon.colcon_core.package_identification:_identify(install) by extensions ['ignore', 'ignore_ament_install']
[0.192s] Level 1:colcon.colcon_core.package_identification:_identify(install) by extension 'ignore'
[0.193s] Level 1:colcon.colcon_core.package_identification:_identify(install) ignored
[0.193s] Level 1:colcon.colcon_core.package_identification:_identify(log) by extensions ['ignore', 'ignore_ament_install']
[0.193s] Level 1:colcon.colcon_core.package_identification:_identify(log) by extension 'ignore'
[0.193s] Level 1:colcon.colcon_core.package_identification:_identify(log) ignored
[0.193s] Level 1:colcon.colcon_core.package_discovery:discover_packages(recursive) using defaults
[0.193s] Level 1:colcon.colcon_core.package_discovery:discover_packages(ignore) discover
[0.193s] Level 1:colcon.colcon_core.package_discovery:discover_packages(ignore) using defaults
[0.193s] Level 1:colcon.colcon_core.package_discovery:discover_packages(path) discover
[0.193s] Level 1:colcon.colcon_core.package_discovery:discover_packages(path) using defaults
[0.212s] INFO:colcon.colcon_core.package_selection:Skipping not selected package 'base_interfaces_demo' in 'base_interfaces_demo'
[0.212s] INFO:colcon.colcon_core.package_selection:Skipping not selected package 'cpp01_topic' in 'cpp01_topic'
[0.212s] Level 1:colcon.colcon_core.package_discovery:discover_packages(prefix_path) check parameters
[0.212s] Level 1:colcon.colcon_core.package_discovery:discover_packages(prefix_path) discover
[0.213s] WARNING:colcon.colcon_ros.prefix_path.catkin:The path '/home/lihaoting/.local/share/Trash/files/install' in the environment variable CMAKE_PREFIX_PATH doesn't exist
[0.214s] DEBUG:colcon.colcon_installed_package_information.package_discovery:Found 3 installed packages in /home/lihaoting/ROS2/ws01_plumbing/src/install
[0.216s] DEBUG:colcon.colcon_installed_package_information.package_discovery:Found 285 installed packages in /opt/ros/jazzy
[0.217s] Level 1:colcon.colcon_core.package_discovery:discover_packages(prefix_path) using defaults
[0.267s] Level 5:colcon.colcon_core.verb:set package 'cpp02_service' build argument 'cmake_args' from command line to 'None'
[0.267s] Level 5:colcon.colcon_core.verb:set package 'cpp02_service' build argument 'cmake_target' from command line to 'None'
[0.267s] Level 5:colcon.colcon_core.verb:set package 'cpp02_service' build argument 'cmake_target_skip_unavailable' from command line to 'False'
[0.267s] Level 5:colcon.colcon_core.verb:set package 'cpp02_service' build argument 'cmake_clean_cache' from command line to 'False'
[0.267s] Level 5:colcon.colcon_core.verb:set package 'cpp02_service' build argument 'cmake_clean_first' from command line to 'False'
[0.267s] Level 5:colcon.colcon_core.verb:set package 'cpp02_service' build argument 'cmake_force_configure' from command line to 'False'
[0.267s] Level 5:colcon.colcon_core.verb:set package 'cpp02_service' build argument 'ament_cmake_args' from command line to 'None'
[0.267s] Level 5:colcon.colcon_core.verb:set package 'cpp02_service' build argument 'catkin_cmake_args' from command line to 'None'
[0.267s] Level 5:colcon.colcon_core.verb:set package 'cpp02_service' build argument 'catkin_skip_building_tests' from command line to 'False'
[0.267s] DEBUG:colcon.colcon_core.verb:Building package 'cpp02_service' with the following arguments: {'ament_cmake_args': None, 'build_base': '/home/lihaoting/ROS2/ws01_plumbing/src/build/cpp02_service', 'catkin_cmake_args': None, 'catkin_skip_building_tests': False, 'cmake_args': None, 'cmake_clean_cache': False, 'cmake_clean_first': False, 'cmake_force_configure': False, 'cmake_target': None, 'cmake_target_skip_unavailable': False, 'install_base': '/home/lihaoting/ROS2/ws01_plumbing/src/install/cpp02_service', 'merge_install': False, 'path': '/home/lihaoting/ROS2/ws01_plumbing/src/cpp02_service', 'symlink_install': False, 'test_result_base': None}
[0.267s] INFO:colcon.colcon_core.executor:Executing jobs using 'parallel' executor
[0.269s] DEBUG:colcon.colcon_parallel_executor.executor.parallel:run_until_complete
[0.269s] INFO:colcon.colcon_ros.task.ament_cmake.build:Building ROS package in '/home/lihaoting/ROS2/ws01_plumbing/src/cpp02_service' with build type 'ament_cmake'
[0.270s] INFO:colcon.colcon_cmake.task.cmake.build:Building CMake package in '/home/lihaoting/ROS2/ws01_plumbing/src/cpp02_service'
[0.272s] INFO:colcon.colcon_core.plugin_system:Skipping extension 'colcon_core.shell.bat': Not used on non-Windows systems
[0.273s] INFO:colcon.colcon_core.shell:Skip shell extension 'powershell' for command environment: Not usable outside of PowerShell
[0.273s] DEBUG:colcon.colcon_core.shell:Skip shell extension 'dsv' for command environment
[0.393s] DEBUG:colcon.colcon_core.event_handler.log_command:Invoking command in '/home/lihaoting/ROS2/ws01_plumbing/src/build/cpp02_service': CMAKE_PREFIX_PATH=/home/lihaoting/ROS2/ws01_plumbing/src/install/base_interfaces_demo:/home/lihaoting/ROS2/ws01_plumbing/src/install/cpp01_topic:/home/lihaoting/.local/share/Trash/files/install:/opt/ros/jazzy/opt/gz_math_vendor:/opt/ros/jazzy/opt/gz_utils_vendor:/opt/ros/jazzy/opt/gz_cmake_vendor:/home/lihaoting/ROS2/ws01_plumbing/src/install/py01_topic:/opt/ros/jazzy DEBUGINFOD_URLS=https://debuginfod.ubuntu.com PYTHONPATH=/home/lihaoting/ROS2/ws01_plumbing/src/install/base_interfaces_demo/lib/python3.12/site-packages:/home/lihaoting/ROS2/ws01_plumbing/src/install/py01_topic/lib/python3.12/site-packages:/opt/ros/jazzy/lib/python3.12/site-packages /usr/bin/cmake /home/lihaoting/ROS2/ws01_plumbing/src/cpp02_service -DCMAKE_INSTALL_PREFIX=/home/lihaoting/ROS2/ws01_plumbing/src/install/cpp02_service
[3.107s] DEBUG:colcon.colcon_core.event_handler.log_command:Invoked command in '/home/lihaoting/ROS2/ws01_plumbing/src/build/cpp02_service' returned '0': CMAKE_PREFIX_PATH=/home/lihaoting/ROS2/ws01_plumbing/src/install/base_interfaces_demo:/home/lihaoting/ROS2/ws01_plumbing/src/install/cpp01_topic:/home/lihaoting/.local/share/Trash/files/install:/opt/ros/jazzy/opt/gz_math_vendor:/opt/ros/jazzy/opt/gz_utils_vendor:/opt/ros/jazzy/opt/gz_cmake_vendor:/home/lihaoting/ROS2/ws01_plumbing/src/install/py01_topic:/opt/ros/jazzy DEBUGINFOD_URLS=https://debuginfod.ubuntu.com PYTHONPATH=/home/lihaoting/ROS2/ws01_plumbing/src/install/base_interfaces_demo/lib/python3.12/site-packages:/home/lihaoting/ROS2/ws01_plumbing/src/install/py01_topic/lib/python3.12/site-packages:/opt/ros/jazzy/lib/python3.12/site-packages /usr/bin/cmake /home/lihaoting/ROS2/ws01_plumbing/src/cpp02_service -DCMAKE_INSTALL_PREFIX=/home/lihaoting/ROS2/ws01_plumbing/src/install/cpp02_service
[3.108s] DEBUG:colcon.colcon_core.event_handler.log_command:Invoking command in '/home/lihaoting/ROS2/ws01_plumbing/src/build/cpp02_service': CMAKE_PREFIX_PATH=/home/lihaoting/ROS2/ws01_plumbing/src/install/base_interfaces_demo:/home/lihaoting/ROS2/ws01_plumbing/src/install/cpp01_topic:/home/lihaoting/.local/share/Trash/files/install:/opt/ros/jazzy/opt/gz_math_vendor:/opt/ros/jazzy/opt/gz_utils_vendor:/opt/ros/jazzy/opt/gz_cmake_vendor:/home/lihaoting/ROS2/ws01_plumbing/src/install/py01_topic:/opt/ros/jazzy DEBUGINFOD_URLS=https://debuginfod.ubuntu.com PYTHONPATH=/home/lihaoting/ROS2/ws01_plumbing/src/install/base_interfaces_demo/lib/python3.12/site-packages:/home/lihaoting/ROS2/ws01_plumbing/src/install/py01_topic/lib/python3.12/site-packages:/opt/ros/jazzy/lib/python3.12/site-packages /usr/bin/cmake --build /home/lihaoting/ROS2/ws01_plumbing/src/build/cpp02_service -- -j2 -l2
[14.757s] DEBUG:colcon.colcon_core.event_handler.log_command:Invoked command in '/home/lihaoting/ROS2/ws01_plumbing/src/build/cpp02_service' returned '0': CMAKE_PREFIX_PATH=/home/lihaoting/ROS2/ws01_plumbing/src/install/base_interfaces_demo:/home/lihaoting/ROS2/ws01_plumbing/src/install/cpp01_topic:/home/lihaoting/.local/share/Trash/files/install:/opt/ros/jazzy/opt/gz_math_vendor:/opt/ros/jazzy/opt/gz_utils_vendor:/opt/ros/jazzy/opt/gz_cmake_vendor:/home/lihaoting/ROS2/ws01_plumbing/src/install/py01_topic:/opt/ros/jazzy DEBUGINFOD_URLS=https://debuginfod.ubuntu.com PYTHONPATH=/home/lihaoting/ROS2/ws01_plumbing/src/install/base_interfaces_demo/lib/python3.12/site-packages:/home/lihaoting/ROS2/ws01_plumbing/src/install/py01_topic/lib/python3.12/site-packages:/opt/ros/jazzy/lib/python3.12/site-packages /usr/bin/cmake --build /home/lihaoting/ROS2/ws01_plumbing/src/build/cpp02_service -- -j2 -l2
[14.769s] DEBUG:colcon.colcon_core.event_handler.log_command:Invoking command in '/home/lihaoting/ROS2/ws01_plumbing/src/build/cpp02_service': CMAKE_PREFIX_PATH=/home/lihaoting/ROS2/ws01_plumbing/src/install/base_interfaces_demo:/home/lihaoting/ROS2/ws01_plumbing/src/install/cpp01_topic:/home/lihaoting/.local/share/Trash/files/install:/opt/ros/jazzy/opt/gz_math_vendor:/opt/ros/jazzy/opt/gz_utils_vendor:/opt/ros/jazzy/opt/gz_cmake_vendor:/home/lihaoting/ROS2/ws01_plumbing/src/install/py01_topic:/opt/ros/jazzy DEBUGINFOD_URLS=https://debuginfod.ubuntu.com PYTHONPATH=/home/lihaoting/ROS2/ws01_plumbing/src/install/base_interfaces_demo/lib/python3.12/site-packages:/home/lihaoting/ROS2/ws01_plumbing/src/install/py01_topic/lib/python3.12/site-packages:/opt/ros/jazzy/lib/python3.12/site-packages /usr/bin/cmake --install /home/lihaoting/ROS2/ws01_plumbing/src/build/cpp02_service
[14.787s] Level 1:colcon.colcon_core.environment:create_environment_scripts_only(cpp02_service)
[14.789s] DEBUG:colcon.colcon_core.event_handler.log_command:Invoked command in '/home/lihaoting/ROS2/ws01_plumbing/src/build/cpp02_service' returned '0': CMAKE_PREFIX_PATH=/home/lihaoting/ROS2/ws01_plumbing/src/install/base_interfaces_demo:/home/lihaoting/ROS2/ws01_plumbing/src/install/cpp01_topic:/home/lihaoting/.local/share/Trash/files/install:/opt/ros/jazzy/opt/gz_math_vendor:/opt/ros/jazzy/opt/gz_utils_vendor:/opt/ros/jazzy/opt/gz_cmake_vendor:/home/lihaoting/ROS2/ws01_plumbing/src/install/py01_topic:/opt/ros/jazzy DEBUGINFOD_URLS=https://debuginfod.ubuntu.com PYTHONPATH=/home/lihaoting/ROS2/ws01_plumbing/src/install/base_interfaces_demo/lib/python3.12/site-packages:/home/lihaoting/ROS2/ws01_plumbing/src/install/py01_topic/lib/python3.12/site-packages:/opt/ros/jazzy/lib/python3.12/site-packages /usr/bin/cmake --install /home/lihaoting/ROS2/ws01_plumbing/src/build/cpp02_service
[14.790s] Level 1:colcon.colcon_core.environment:checking '/home/lihaoting/ROS2/ws01_plumbing/src/install/cpp02_service' for CMake module files
[14.791s] Level 1:colcon.colcon_core.environment:checking '/home/lihaoting/ROS2/ws01_plumbing/src/install/cpp02_service' for CMake config files
[14.791s] Level 1:colcon.colcon_core.shell:create_environment_hook('cpp02_service', 'cmake_prefix_path')
[14.791s] INFO:colcon.colcon_core.shell:Creating environment hook '/home/lihaoting/ROS2/ws01_plumbing/src/install/cpp02_service/share/cpp02_service/hook/cmake_prefix_path.ps1'
[14.792s] INFO:colcon.colcon_core.shell:Creating environment descriptor '/home/lihaoting/ROS2/ws01_plumbing/src/install/cpp02_service/share/cpp02_service/hook/cmake_prefix_path.dsv'
[14.792s] INFO:colcon.colcon_core.shell:Creating environment hook '/home/lihaoting/ROS2/ws01_plumbing/src/install/cpp02_service/share/cpp02_service/hook/cmake_prefix_path.sh'
[14.793s] Level 1:colcon.colcon_core.environment:checking '/home/lihaoting/ROS2/ws01_plumbing/src/install/cpp02_service/lib'
[14.794s] Level 1:colcon.colcon_core.environment:checking '/home/lihaoting/ROS2/ws01_plumbing/src/install/cpp02_service/bin'
[14.794s] Level 1:colcon.colcon_core.environment:checking '/home/lihaoting/ROS2/ws01_plumbing/src/install/cpp02_service/lib/pkgconfig/cpp02_service.pc'
[14.794s] Level 1:colcon.colcon_core.environment:checking '/home/lihaoting/ROS2/ws01_plumbing/src/install/cpp02_service/lib/python3.12/site-packages'
[14.794s] Level 1:colcon.colcon_core.environment:checking '/home/lihaoting/ROS2/ws01_plumbing/src/install/cpp02_service/bin'
[14.795s] INFO:colcon.colcon_core.shell:Creating package script '/home/lihaoting/ROS2/ws01_plumbing/src/install/cpp02_service/share/cpp02_service/package.ps1'
[14.796s] INFO:colcon.colcon_core.shell:Creating package descriptor '/home/lihaoting/ROS2/ws01_plumbing/src/install/cpp02_service/share/cpp02_service/package.dsv'
[14.796s] INFO:colcon.colcon_core.shell:Creating package script '/home/lihaoting/ROS2/ws01_plumbing/src/install/cpp02_service/share/cpp02_service/package.sh'
[14.797s] INFO:colcon.colcon_core.shell:Creating package script '/home/lihaoting/ROS2/ws01_plumbing/src/install/cpp02_service/share/cpp02_service/package.bash'
[14.798s] INFO:colcon.colcon_core.shell:Creating package script '/home/lihaoting/ROS2/ws01_plumbing/src/install/cpp02_service/share/cpp02_service/package.zsh'
[14.798s] Level 1:colcon.colcon_core.environment:create_file_with_runtime_dependencies(/home/lihaoting/ROS2/ws01_plumbing/src/install/cpp02_service/share/colcon-core/packages/cpp02_service)
[14.799s] Level 1:colcon.colcon_core.environment:create_environment_scripts_only(cpp02_service)
[14.799s] Level 1:colcon.colcon_core.environment:checking '/home/lihaoting/ROS2/ws01_plumbing/src/install/cpp02_service' for CMake module files
[14.800s] Level 1:colcon.colcon_core.environment:checking '/home/lihaoting/ROS2/ws01_plumbing/src/install/cpp02_service' for CMake config files
[14.800s] Level 1:colcon.colcon_core.shell:create_environment_hook('cpp02_service', 'cmake_prefix_path')
[14.800s] INFO:colcon.colcon_core.shell:Creating environment hook '/home/lihaoting/ROS2/ws01_plumbing/src/install/cpp02_service/share/cpp02_service/hook/cmake_prefix_path.ps1'
[14.800s] INFO:colcon.colcon_core.shell:Creating environment descriptor '/home/lihaoting/ROS2/ws01_plumbing/src/install/cpp02_service/share/cpp02_service/hook/cmake_prefix_path.dsv'
[14.801s] INFO:colcon.colcon_core.shell:Creating environment hook '/home/lihaoting/ROS2/ws01_plumbing/src/install/cpp02_service/share/cpp02_service/hook/cmake_prefix_path.sh'
[14.801s] Level 1:colcon.colcon_core.environment:checking '/home/lihaoting/ROS2/ws01_plumbing/src/install/cpp02_service/lib'
[14.802s] Level 1:colcon.colcon_core.environment:checking '/home/lihaoting/ROS2/ws01_plumbing/src/install/cpp02_service/bin'
[14.802s] Level 1:colcon.colcon_core.environment:checking '/home/lihaoting/ROS2/ws01_plumbing/src/install/cpp02_service/lib/pkgconfig/cpp02_service.pc'
[14.802s] Level 1:colcon.colcon_core.environment:checking '/home/lihaoting/ROS2/ws01_plumbing/src/install/cpp02_service/lib/python3.12/site-packages'
[14.802s] Level 1:colcon.colcon_core.environment:checking '/home/lihaoting/ROS2/ws01_plumbing/src/install/cpp02_service/bin'
[14.802s] INFO:colcon.colcon_core.shell:Creating package script '/home/lihaoting/ROS2/ws01_plumbing/src/install/cpp02_service/share/cpp02_service/package.ps1'
[14.803s] INFO:colcon.colcon_core.shell:Creating package descriptor '/home/lihaoting/ROS2/ws01_plumbing/src/install/cpp02_service/share/cpp02_service/package.dsv'
[14.803s] INFO:colcon.colcon_core.shell:Creating package script '/home/lihaoting/ROS2/ws01_plumbing/src/install/cpp02_service/share/cpp02_service/package.sh'
[14.804s] INFO:colcon.colcon_core.shell:Creating package script '/home/lihaoting/ROS2/ws01_plumbing/src/install/cpp02_service/share/cpp02_service/package.bash'
[14.804s] INFO:colcon.colcon_core.shell:Creating package script '/home/lihaoting/ROS2/ws01_plumbing/src/install/cpp02_service/share/cpp02_service/package.zsh'
[14.805s] Level 1:colcon.colcon_core.environment:create_file_with_runtime_dependencies(/home/lihaoting/ROS2/ws01_plumbing/src/install/cpp02_service/share/colcon-core/packages/cpp02_service)
[14.805s] DEBUG:colcon.colcon_parallel_executor.executor.parallel:closing loop
[14.806s] DEBUG:colcon.colcon_parallel_executor.executor.parallel:loop closed
[14.806s] DEBUG:colcon.colcon_parallel_executor.executor.parallel:run_until_complete finished with '0'
[14.806s] DEBUG:colcon.colcon_core.event_reactor:joining thread
[14.811s] INFO:colcon.colcon_core.plugin_system:Skipping extension 'colcon_notification.desktop_notification.terminal_notifier': Not used on non-Darwin systems
[14.811s] INFO:colcon.colcon_core.plugin_system:Skipping extension 'colcon_notification.desktop_notification.win32': Not used on non-Windows systems
[14.811s] INFO:colcon.colcon_notification.desktop_notification:Sending desktop notification using 'notify2'
[14.832s] DEBUG:colcon.colcon_core.event_reactor:joined thread
[14.833s] INFO:colcon.colcon_core.shell:Creating prefix script '/home/lihaoting/ROS2/ws01_plumbing/src/install/local_setup.ps1'
[14.835s] INFO:colcon.colcon_core.shell:Creating prefix util module '/home/lihaoting/ROS2/ws01_plumbing/src/install/_local_setup_util_ps1.py'
[14.837s] INFO:colcon.colcon_core.shell:Creating prefix chain script '/home/lihaoting/ROS2/ws01_plumbing/src/install/setup.ps1'
[14.839s] INFO:colcon.colcon_core.shell:Creating prefix script '/home/lihaoting/ROS2/ws01_plumbing/src/install/local_setup.sh'
[14.840s] INFO:colcon.colcon_core.shell:Creating prefix util module '/home/lihaoting/ROS2/ws01_plumbing/src/install/_local_setup_util_sh.py'
[14.841s] INFO:colcon.colcon_core.shell:Creating prefix chain script '/home/lihaoting/ROS2/ws01_plumbing/src/install/setup.sh'
[14.843s] INFO:colcon.colcon_core.shell:Creating prefix script '/home/lihaoting/ROS2/ws01_plumbing/src/install/local_setup.bash'
[14.844s] INFO:colcon.colcon_core.shell:Creating prefix chain script '/home/lihaoting/ROS2/ws01_plumbing/src/install/setup.bash'
[14.845s] INFO:colcon.colcon_core.shell:Creating prefix script '/home/lihaoting/ROS2/ws01_plumbing/src/install/local_setup.zsh'
[14.846s] INFO:colcon.colcon_core.shell:Creating prefix chain script '/home/lihaoting/ROS2/ws01_plumbing/src/install/setup.zsh'
