[6.030s] Invoking command in '/home/lihaoting/ROS2/ws01_plumbing/src/py01_topic': CMAKE_PREFIX_PATH=/home/lihaoting/ROS2/ws01_plumbing/src/install/base_interfaces_demo:/home/lihaoting/ROS2/ws01_plumbing/src/install/cpp01_topic:/home/lihaoting/.local/share/Trash/files/install:/home/lihaoting/.local/share/Trash/files/install:/opt/ros/jazzy/opt/gz_math_vendor:/opt/ros/jazzy/opt/gz_utils_vendor:/opt/ros/jazzy/opt/gz_cmake_vendor DEBUGINFOD_URLS=https://debuginfod.ubuntu.com PYTHONPATH=/home/lihaoting/ROS2/ws01_plumbing/src/build/py01_topic/prefix_override:/usr/lib/python3/dist-packages/colcon_core/task/python/colcon_distutils_commands:/home/lihaoting/ROS2/ws01_plumbing/src/install/py01_topic/lib/python3.12/site-packages:${PYTHONPATH} /usr/bin/python3 -W ignore:setup.py install is deprecated -W ignore:easy_install command is deprecated setup.py egg_info --egg-base ../build/py01_topic build --build-base /home/lihaoting/ROS2/ws01_plumbing/src/build/py01_topic/build install --record /home/lihaoting/ROS2/ws01_plumbing/src/build/py01_topic/install.log --single-version-externally-managed install_data
[8.562s] running egg_info
[8.764s] writing ../build/py01_topic/py01_topic.egg-info/PKG-INFO
[8.772s] writing dependency_links to ../build/py01_topic/py01_topic.egg-info/dependency_links.txt
[8.776s] writing entry points to ../build/py01_topic/py01_topic.egg-info/entry_points.txt
[8.776s] writing requirements to ../build/py01_topic/py01_topic.egg-info/requires.txt
[8.783s] writing top-level names to ../build/py01_topic/py01_topic.egg-info/top_level.txt
[9.395s] reading manifest file '../build/py01_topic/py01_topic.egg-info/SOURCES.txt'
[9.405s] writing manifest file '../build/py01_topic/py01_topic.egg-info/SOURCES.txt'
[9.405s] running build
[9.406s] running build_py
[9.408s] running install
[9.477s] running install_lib
[9.647s] running install_data
[9.653s] running install_egg_info
[9.821s] removing '/home/lihaoting/ROS2/ws01_plumbing/src/install/py01_topic/lib/python3.12/site-packages/py01_topic-0.0.0-py3.12.egg-info' (and everything under it)
[9.821s] Copying ../build/py01_topic/py01_topic.egg-info to /home/lihaoting/ROS2/ws01_plumbing/src/install/py01_topic/lib/python3.12/site-packages/py01_topic-0.0.0-py3.12.egg-info
[9.821s] running install_scripts
[10.478s] Installing demo01_talker_str_py script to /home/lihaoting/ROS2/ws01_plumbing/src/install/py01_topic/lib/py01_topic
[10.482s] writing list of installed files to '/home/lihaoting/ROS2/ws01_plumbing/src/build/py01_topic/install.log'
[10.705s] Invoked command in '/home/lihaoting/ROS2/ws01_plumbing/src/py01_topic' returned '0': CMAKE_PREFIX_PATH=/home/lihaoting/ROS2/ws01_plumbing/src/install/base_interfaces_demo:/home/lihaoting/ROS2/ws01_plumbing/src/install/cpp01_topic:/home/lihaoting/.local/share/Trash/files/install:/home/lihaoting/.local/share/Trash/files/install:/opt/ros/jazzy/opt/gz_math_vendor:/opt/ros/jazzy/opt/gz_utils_vendor:/opt/ros/jazzy/opt/gz_cmake_vendor DEBUGINFOD_URLS=https://debuginfod.ubuntu.com PYTHONPATH=/home/lihaoting/ROS2/ws01_plumbing/src/build/py01_topic/prefix_override:/usr/lib/python3/dist-packages/colcon_core/task/python/colcon_distutils_commands:/home/lihaoting/ROS2/ws01_plumbing/src/install/py01_topic/lib/python3.12/site-packages:${PYTHONPATH} /usr/bin/python3 -W ignore:setup.py install is deprecated -W ignore:easy_install command is deprecated setup.py egg_info --egg-base ../build/py01_topic build --build-base /home/lihaoting/ROS2/ws01_plumbing/src/build/py01_topic/build install --record /home/lihaoting/ROS2/ws01_plumbing/src/build/py01_topic/install.log --single-version-externally-managed install_data
