[0.090s] Invoking command in '/home/lihaoting/ROS2/ws01_plumbing/src/build/base_interfaces_demo': CMAKE_PREFIX_PATH=${CMAKE_PREFIX_PATH}:/home/lihaoting/ROS2/ws01_plumbing/src/install/py01_topic:/opt/ros/jazzy DEBUGINFOD_URLS=https://debuginfod.ubuntu.com /usr/bin/cmake --build /home/lihaoting/ROS2/ws01_plumbing/src/build/base_interfaces_demo -- -j2 -l2
[1.157s] -- Found ament_cmake: 2.5.4 (/opt/ros/jazzy/share/ament_cmake/cmake)
[1.381s] -- Found Python3: /usr/bin/python3 (found version "3.12.3") found components: Interpreter 
[2.204s] -- Found rosidl_default_generators: 1.6.0 (/opt/ros/jazzy/share/rosidl_default_generators/cmake)
[2.347s] -- Using all available rosidl_typesupport_c: rosidl_typesupport_fastrtps_c;rosidl_typesupport_introspection_c
[3.009s] -- Using all available rosidl_typesupport_cpp: rosidl_typesupport_fastrtps_cpp;rosidl_typesupport_introspection_cpp
[3.457s] -- Found rosidl_adapter: 4.6.5 (/opt/ros/jazzy/share/rosidl_adapter/cmake)
[5.436s] -- Found ament_cmake_ros: 0.12.0 (/opt/ros/jazzy/share/ament_cmake_ros/cmake)
[5.935s] -- Using all available rosidl_typesupport_c: rosidl_typesupport_fastrtps_c;rosidl_typesupport_introspection_c
[6.405s] -- Using all available rosidl_typesupport_cpp: rosidl_typesupport_fastrtps_cpp;rosidl_typesupport_introspection_cpp
[6.422s] -- Found python_cmake_module: 0.11.1 (/opt/ros/jazzy/share/python_cmake_module/cmake)
[8.647s] -- Found Python3: /usr/bin/python3 (found version "3.12.3") found components: Interpreter Development NumPy Development.Module Development.Embed 
[8.757s] -- Found ament_lint_auto: 0.17.2 (/opt/ros/jazzy/share/ament_lint_auto/cmake)
[9.009s] -- Configuring done (8.0s)
[9.602s] -- Generating done (0.5s)
[9.697s] -- Build files have been written to: /home/lihaoting/ROS2/ws01_plumbing/src/build/base_interfaces_demo
[9.925s] [  1%] [34m[1mGenerating type hashes for ROS interfaces[0m
[10.034s] [  1%] Built target ament_cmake_python_copy_base_interfaces_demo
[12.098s] [  1%] Built target base_interfaces_demo__rosidl_generator_type_description
[12.217s] [  3%] [34m[1mGenerating C++ code for ROS interfaces[0m
[13.220s] running egg_info
[13.373s] writing base_interfaces_demo.egg-info/PKG-INFO
[13.375s] writing dependency_links to base_interfaces_demo.egg-info/dependency_links.txt
[13.375s] writing top-level names to base_interfaces_demo.egg-info/top_level.txt
[13.943s] reading manifest file 'base_interfaces_demo.egg-info/SOURCES.txt'
[13.943s] writing manifest file 'base_interfaces_demo.egg-info/SOURCES.txt'
[14.114s] [  3%] Built target ament_cmake_python_build_base_interfaces_demo_egg
[14.188s] [  5%] [34m[1mGenerating C code for ROS interfaces[0m
[17.166s] [  5%] Built target base_interfaces_demo__cpp
[17.984s] [  7%] [32mBuilding C object CMakeFiles/base_interfaces_demo__rosidl_generator_c.dir/rosidl_generator_c/base_interfaces_demo/msg/detail/student__description.c.o[0m
[18.034s] [  9%] [32mBuilding C object CMakeFiles/base_interfaces_demo__rosidl_generator_c.dir/rosidl_generator_c/base_interfaces_demo/msg/detail/student__functions.c.o[0m
[18.304s] [ 11%] [32mBuilding C object CMakeFiles/base_interfaces_demo__rosidl_generator_c.dir/rosidl_generator_c/base_interfaces_demo/msg/detail/student__type_support.c.o[0m
[18.461s] [ 12%] [32mBuilding C object CMakeFiles/base_interfaces_demo__rosidl_generator_c.dir/rosidl_generator_c/base_interfaces_demo/srv/detail/add_ints__description.c.o[0m
[18.573s] [ 14%] [32mBuilding C object CMakeFiles/base_interfaces_demo__rosidl_generator_c.dir/rosidl_generator_c/base_interfaces_demo/srv/detail/add_ints__functions.c.o[0m
[19.004s] [ 16%] [32mBuilding C object CMakeFiles/base_interfaces_demo__rosidl_generator_c.dir/rosidl_generator_c/base_interfaces_demo/srv/detail/add_ints__type_support.c.o[0m
[19.249s] [ 18%] [32mBuilding C object CMakeFiles/base_interfaces_demo__rosidl_generator_c.dir/rosidl_generator_c/base_interfaces_demo/action/detail/progress__description.c.o[0m
[19.338s] [ 20%] [32mBuilding C object CMakeFiles/base_interfaces_demo__rosidl_generator_c.dir/rosidl_generator_c/base_interfaces_demo/action/detail/progress__functions.c.o[0m
[19.910s] [ 22%] [32mBuilding C object CMakeFiles/base_interfaces_demo__rosidl_generator_c.dir/rosidl_generator_c/base_interfaces_demo/action/detail/progress__type_support.c.o[0m
[20.460s] [ 24%] [32m[1mLinking C shared library libbase_interfaces_demo__rosidl_generator_c.so[0m
[20.904s] [ 24%] Built target base_interfaces_demo__rosidl_generator_c
[20.969s] [ 25%] [34m[1mGenerating C++ type support for eProsima Fast-RTPS[0m
[20.982s] [ 27%] [34m[1mGenerating C++ introspection for ROS interfaces[0m
[24.524s] [ 29%] [32mBuilding CXX object CMakeFiles/base_interfaces_demo__rosidl_typesupport_introspection_cpp.dir/rosidl_typesupport_introspection_cpp/base_interfaces_demo/msg/detail/student__type_support.cpp.o[0m
[25.142s] [ 31%] [32mBuilding CXX object CMakeFiles/base_interfaces_demo__rosidl_typesupport_fastrtps_cpp.dir/rosidl_typesupport_fastrtps_cpp/base_interfaces_demo/msg/detail/dds_fastrtps/student__type_support.cpp.o[0m
[26.746s] [ 33%] [32mBuilding CXX object CMakeFiles/base_interfaces_demo__rosidl_typesupport_introspection_cpp.dir/rosidl_typesupport_introspection_cpp/base_interfaces_demo/srv/detail/add_ints__type_support.cpp.o[0m
[27.940s] [ 35%] [32mBuilding CXX object CMakeFiles/base_interfaces_demo__rosidl_typesupport_fastrtps_cpp.dir/rosidl_typesupport_fastrtps_cpp/base_interfaces_demo/srv/detail/dds_fastrtps/add_ints__type_support.cpp.o[0m
[29.539s] [ 37%] [32mBuilding CXX object CMakeFiles/base_interfaces_demo__rosidl_typesupport_introspection_cpp.dir/rosidl_typesupport_introspection_cpp/base_interfaces_demo/action/detail/progress__type_support.cpp.o[0m
[32.195s] [ 38%] [32mBuilding CXX object CMakeFiles/base_interfaces_demo__rosidl_typesupport_fastrtps_cpp.dir/rosidl_typesupport_fastrtps_cpp/base_interfaces_demo/action/detail/dds_fastrtps/progress__type_support.cpp.o[0m
[34.654s] [ 40%] [32m[1mLinking CXX shared library libbase_interfaces_demo__rosidl_typesupport_introspection_cpp.so[0m
[35.179s] [ 40%] Built target base_interfaces_demo__rosidl_typesupport_introspection_cpp
[37.374s] [ 42%] [32m[1mLinking CXX shared library libbase_interfaces_demo__rosidl_typesupport_fastrtps_cpp.so[0m
[37.600s] [ 42%] Built target base_interfaces_demo__rosidl_typesupport_fastrtps_cpp
[37.642s] [ 44%] [34m[1mGenerating C++ type support dispatch for ROS interfaces[0m
[39.113s] [ 46%] [32mBuilding CXX object CMakeFiles/base_interfaces_demo__rosidl_typesupport_cpp.dir/rosidl_typesupport_cpp/base_interfaces_demo/msg/student__type_support.cpp.o[0m
[39.976s] [ 48%] [32mBuilding CXX object CMakeFiles/base_interfaces_demo__rosidl_typesupport_cpp.dir/rosidl_typesupport_cpp/base_interfaces_demo/srv/add_ints__type_support.cpp.o[0m
[41.286s] [ 50%] [32mBuilding CXX object CMakeFiles/base_interfaces_demo__rosidl_typesupport_cpp.dir/rosidl_typesupport_cpp/base_interfaces_demo/action/progress__type_support.cpp.o[0m
[44.723s] [ 51%] [32m[1mLinking CXX shared library libbase_interfaces_demo__rosidl_typesupport_cpp.so[0m
[45.020s] [ 51%] Built target base_interfaces_demo__rosidl_typesupport_cpp
[45.043s] [ 53%] [34m[1mGenerating C type support for eProsima Fast-RTPS[0m
[47.541s] [ 55%] [32mBuilding CXX object CMakeFiles/base_interfaces_demo__rosidl_typesupport_fastrtps_c.dir/rosidl_typesupport_fastrtps_c/base_interfaces_demo/msg/detail/student__type_support_c.cpp.o[0m
[49.076s] [ 57%] [32mBuilding CXX object CMakeFiles/base_interfaces_demo__rosidl_typesupport_fastrtps_c.dir/rosidl_typesupport_fastrtps_c/base_interfaces_demo/srv/detail/add_ints__type_support_c.cpp.o[0m
[50.537s] [ 59%] [32mBuilding CXX object CMakeFiles/base_interfaces_demo__rosidl_typesupport_fastrtps_c.dir/rosidl_typesupport_fastrtps_c/base_interfaces_demo/action/detail/progress__type_support_c.cpp.o[0m
[52.511s] [ 61%] [32m[1mLinking CXX shared library libbase_interfaces_demo__rosidl_typesupport_fastrtps_c.so[0m
[52.785s] [ 61%] Built target base_interfaces_demo__rosidl_typesupport_fastrtps_c
[52.812s] [ 62%] [34m[1mGenerating C introspection for ROS interfaces[0m
[54.788s] [ 64%] [32mBuilding C object CMakeFiles/base_interfaces_demo__rosidl_typesupport_introspection_c.dir/rosidl_typesupport_introspection_c/base_interfaces_demo/msg/detail/student__type_support.c.o[0m
[54.987s] [ 66%] [32mBuilding C object CMakeFiles/base_interfaces_demo__rosidl_typesupport_introspection_c.dir/rosidl_typesupport_introspection_c/base_interfaces_demo/srv/detail/add_ints__type_support.c.o[0m
[55.103s] [ 68%] [32mBuilding C object CMakeFiles/base_interfaces_demo__rosidl_typesupport_introspection_c.dir/rosidl_typesupport_introspection_c/base_interfaces_demo/action/detail/progress__type_support.c.o[0m
[55.381s] [ 70%] [32m[1mLinking C shared library libbase_interfaces_demo__rosidl_typesupport_introspection_c.so[0m
[55.490s] [ 70%] Built target base_interfaces_demo__rosidl_typesupport_introspection_c
[55.522s] [ 72%] [34m[1mGenerating C type support dispatch for ROS interfaces[0m
[56.641s] [ 74%] [32mBuilding CXX object CMakeFiles/base_interfaces_demo__rosidl_typesupport_c.dir/rosidl_typesupport_c/base_interfaces_demo/msg/student__type_support.cpp.o[0m
[56.780s] [ 75%] [32mBuilding CXX object CMakeFiles/base_interfaces_demo__rosidl_typesupport_c.dir/rosidl_typesupport_c/base_interfaces_demo/srv/add_ints__type_support.cpp.o[0m
[56.857s] [ 77%] [32mBuilding CXX object CMakeFiles/base_interfaces_demo__rosidl_typesupport_c.dir/rosidl_typesupport_c/base_interfaces_demo/action/progress__type_support.cpp.o[0m
[57.000s] [ 79%] [32m[1mLinking CXX shared library libbase_interfaces_demo__rosidl_typesupport_c.so[0m
[57.174s] [ 79%] Built target base_interfaces_demo__rosidl_typesupport_c
[57.288s] [ 79%] Built target base_interfaces_demo
[57.324s] [ 81%] [34m[1mGenerating Python code for ROS interfaces[0m
[60.221s] [ 81%] Built target base_interfaces_demo__py
[60.422s] [ 83%] [32mBuilding C object CMakeFiles/base_interfaces_demo__rosidl_generator_py.dir/rosidl_generator_py/base_interfaces_demo/msg/_student_s.c.o[0m
[61.519s] [ 85%] [32mBuilding C object CMakeFiles/base_interfaces_demo__rosidl_generator_py.dir/rosidl_generator_py/base_interfaces_demo/srv/_add_ints_s.c.o[0m
[62.202s] [ 87%] [32mBuilding C object CMakeFiles/base_interfaces_demo__rosidl_generator_py.dir/rosidl_generator_py/base_interfaces_demo/action/_progress_s.c.o[0m
[63.274s] [ 88%] [32m[1mLinking C shared library libbase_interfaces_demo__rosidl_generator_py.so[0m
[63.585s] [ 88%] Built target base_interfaces_demo__rosidl_generator_py
[63.704s] [ 90%] [32mBuilding C object CMakeFiles/base_interfaces_demo_s__rosidl_typesupport_fastrtps_c.dir/rosidl_generator_py/base_interfaces_demo/_base_interfaces_demo_s.ep.rosidl_typesupport_fastrtps_c.c.o[0m
[64.225s] [ 92%] [32m[1mLinking C shared module rosidl_generator_py/base_interfaces_demo/base_interfaces_demo_s__rosidl_typesupport_fastrtps_c.so[0m
[64.321s] [ 92%] Built target base_interfaces_demo_s__rosidl_typesupport_fastrtps_c
[64.382s] [ 94%] [32mBuilding C object CMakeFiles/base_interfaces_demo_s__rosidl_typesupport_introspection_c.dir/rosidl_generator_py/base_interfaces_demo/_base_interfaces_demo_s.ep.rosidl_typesupport_introspection_c.c.o[0m
[64.779s] [ 96%] [32m[1mLinking C shared module rosidl_generator_py/base_interfaces_demo/base_interfaces_demo_s__rosidl_typesupport_introspection_c.so[0m
[64.886s] [ 96%] Built target base_interfaces_demo_s__rosidl_typesupport_introspection_c
[64.960s] [ 98%] [32mBuilding C object CMakeFiles/base_interfaces_demo_s__rosidl_typesupport_c.dir/rosidl_generator_py/base_interfaces_demo/_base_interfaces_demo_s.ep.rosidl_typesupport_c.c.o[0m
[65.619s] [100%] [32m[1mLinking C shared module rosidl_generator_py/base_interfaces_demo/base_interfaces_demo_s__rosidl_typesupport_c.so[0m
[65.743s] [100%] Built target base_interfaces_demo_s__rosidl_typesupport_c
[65.801s] Invoked command in '/home/lihaoting/ROS2/ws01_plumbing/src/build/base_interfaces_demo' returned '0': CMAKE_PREFIX_PATH=${CMAKE_PREFIX_PATH}:/home/lihaoting/ROS2/ws01_plumbing/src/install/py01_topic:/opt/ros/jazzy DEBUGINFOD_URLS=https://debuginfod.ubuntu.com /usr/bin/cmake --build /home/lihaoting/ROS2/ws01_plumbing/src/build/base_interfaces_demo -- -j2 -l2
[65.803s] Invoking command in '/home/lihaoting/ROS2/ws01_plumbing/src/build/base_interfaces_demo': CMAKE_PREFIX_PATH=${CMAKE_PREFIX_PATH}:/home/lihaoting/ROS2/ws01_plumbing/src/install/py01_topic:/opt/ros/jazzy DEBUGINFOD_URLS=https://debuginfod.ubuntu.com /usr/bin/cmake --install /home/lihaoting/ROS2/ws01_plumbing/src/build/base_interfaces_demo
[65.843s] -- Install configuration: ""
[65.843s] -- Up-to-date: /home/lihaoting/ROS2/ws01_plumbing/src/install/base_interfaces_demo/share/ament_index/resource_index/rosidl_interfaces/base_interfaces_demo
[65.852s] -- Installing: /home/lihaoting/ROS2/ws01_plumbing/src/install/base_interfaces_demo/share/base_interfaces_demo/msg/Student.json
[65.852s] -- Installing: /home/lihaoting/ROS2/ws01_plumbing/src/install/base_interfaces_demo/share/base_interfaces_demo/srv/AddInts.json
[65.852s] -- Installing: /home/lihaoting/ROS2/ws01_plumbing/src/install/base_interfaces_demo/share/base_interfaces_demo/action/Progress.json
[65.852s] -- Up-to-date: /home/lihaoting/ROS2/ws01_plumbing/src/install/base_interfaces_demo/include/base_interfaces_demo/base_interfaces_demo
[65.852s] -- Up-to-date: /home/lihaoting/ROS2/ws01_plumbing/src/install/base_interfaces_demo/include/base_interfaces_demo/base_interfaces_demo/srv
[65.852s] -- Installing: /home/lihaoting/ROS2/ws01_plumbing/src/install/base_interfaces_demo/include/base_interfaces_demo/base_interfaces_demo/srv/add_ints.h
[65.852s] -- Up-to-date: /home/lihaoting/ROS2/ws01_plumbing/src/install/base_interfaces_demo/include/base_interfaces_demo/base_interfaces_demo/srv/detail
[65.852s] -- Installing: /home/lihaoting/ROS2/ws01_plumbing/src/install/base_interfaces_demo/include/base_interfaces_demo/base_interfaces_demo/srv/detail/add_ints__functions.c
[65.852s] -- Installing: /home/lihaoting/ROS2/ws01_plumbing/src/install/base_interfaces_demo/include/base_interfaces_demo/base_interfaces_demo/srv/detail/add_ints__description.c
[65.853s] -- Installing: /home/lihaoting/ROS2/ws01_plumbing/src/install/base_interfaces_demo/include/base_interfaces_demo/base_interfaces_demo/srv/detail/add_ints__type_support.c
[65.853s] -- Installing: /home/lihaoting/ROS2/ws01_plumbing/src/install/base_interfaces_demo/include/base_interfaces_demo/base_interfaces_demo/srv/detail/add_ints__functions.h
[65.853s] -- Installing: /home/lihaoting/ROS2/ws01_plumbing/src/install/base_interfaces_demo/include/base_interfaces_demo/base_interfaces_demo/srv/detail/add_ints__type_support.h
[65.854s] -- Installing: /home/lihaoting/ROS2/ws01_plumbing/src/install/base_interfaces_demo/include/base_interfaces_demo/base_interfaces_demo/srv/detail/add_ints__struct.h
[65.854s] -- Up-to-date: /home/lihaoting/ROS2/ws01_plumbing/src/install/base_interfaces_demo/include/base_interfaces_demo/base_interfaces_demo/action
[65.854s] -- Installing: /home/lihaoting/ROS2/ws01_plumbing/src/install/base_interfaces_demo/include/base_interfaces_demo/base_interfaces_demo/action/progress.h
[65.854s] -- Up-to-date: /home/lihaoting/ROS2/ws01_plumbing/src/install/base_interfaces_demo/include/base_interfaces_demo/base_interfaces_demo/action/detail
[65.854s] -- Installing: /home/lihaoting/ROS2/ws01_plumbing/src/install/base_interfaces_demo/include/base_interfaces_demo/base_interfaces_demo/action/detail/progress__functions.h
[65.859s] -- Installing: /home/lihaoting/ROS2/ws01_plumbing/src/install/base_interfaces_demo/include/base_interfaces_demo/base_interfaces_demo/action/detail/progress__functions.c
[65.859s] -- Installing: /home/lihaoting/ROS2/ws01_plumbing/src/install/base_interfaces_demo/include/base_interfaces_demo/base_interfaces_demo/action/detail/progress__struct.h
[65.859s] -- Installing: /home/lihaoting/ROS2/ws01_plumbing/src/install/base_interfaces_demo/include/base_interfaces_demo/base_interfaces_demo/action/detail/progress__type_support.c
[65.859s] -- Installing: /home/lihaoting/ROS2/ws01_plumbing/src/install/base_interfaces_demo/include/base_interfaces_demo/base_interfaces_demo/action/detail/progress__description.c
[65.859s] -- Installing: /home/lihaoting/ROS2/ws01_plumbing/src/install/base_interfaces_demo/include/base_interfaces_demo/base_interfaces_demo/action/detail/progress__type_support.h
[65.867s] -- Up-to-date: /home/lihaoting/ROS2/ws01_plumbing/src/install/base_interfaces_demo/include/base_interfaces_demo/base_interfaces_demo/msg
[65.867s] -- Up-to-date: /home/lihaoting/ROS2/ws01_plumbing/src/install/base_interfaces_demo/include/base_interfaces_demo/base_interfaces_demo/msg/rosidl_generator_c__visibility_control.h
[65.868s] -- Up-to-date: /home/lihaoting/ROS2/ws01_plumbing/src/install/base_interfaces_demo/include/base_interfaces_demo/base_interfaces_demo/msg/detail
[65.868s] -- Installing: /home/lihaoting/ROS2/ws01_plumbing/src/install/base_interfaces_demo/include/base_interfaces_demo/base_interfaces_demo/msg/detail/student__description.c
[65.868s] -- Installing: /home/lihaoting/ROS2/ws01_plumbing/src/install/base_interfaces_demo/include/base_interfaces_demo/base_interfaces_demo/msg/detail/student__struct.h
[65.873s] -- Installing: /home/lihaoting/ROS2/ws01_plumbing/src/install/base_interfaces_demo/include/base_interfaces_demo/base_interfaces_demo/msg/detail/student__type_support.h
[65.873s] -- Installing: /home/lihaoting/ROS2/ws01_plumbing/src/install/base_interfaces_demo/include/base_interfaces_demo/base_interfaces_demo/msg/detail/student__functions.h
[65.874s] -- Installing: /home/lihaoting/ROS2/ws01_plumbing/src/install/base_interfaces_demo/include/base_interfaces_demo/base_interfaces_demo/msg/detail/student__functions.c
[65.874s] -- Installing: /home/lihaoting/ROS2/ws01_plumbing/src/install/base_interfaces_demo/include/base_interfaces_demo/base_interfaces_demo/msg/detail/student__type_support.c
[65.874s] -- Installing: /home/lihaoting/ROS2/ws01_plumbing/src/install/base_interfaces_demo/include/base_interfaces_demo/base_interfaces_demo/msg/student.h
[65.874s] -- Up-to-date: /home/lihaoting/ROS2/ws01_plumbing/src/install/base_interfaces_demo/share/base_interfaces_demo/environment/library_path.sh
[65.883s] -- Up-to-date: /home/lihaoting/ROS2/ws01_plumbing/src/install/base_interfaces_demo/share/base_interfaces_demo/environment/library_path.dsv
[65.883s] -- Installing: /home/lihaoting/ROS2/ws01_plumbing/src/install/base_interfaces_demo/lib/libbase_interfaces_demo__rosidl_generator_c.so
[65.887s] -- Set non-toolchain portion of runtime path of "/home/lihaoting/ROS2/ws01_plumbing/src/install/base_interfaces_demo/lib/libbase_interfaces_demo__rosidl_generator_c.so" to ""
[65.889s] -- Up-to-date: /home/lihaoting/ROS2/ws01_plumbing/src/install/base_interfaces_demo/include/base_interfaces_demo/base_interfaces_demo
[65.889s] -- Up-to-date: /home/lihaoting/ROS2/ws01_plumbing/src/install/base_interfaces_demo/include/base_interfaces_demo/base_interfaces_demo/srv
[65.889s] -- Up-to-date: /home/lihaoting/ROS2/ws01_plumbing/src/install/base_interfaces_demo/include/base_interfaces_demo/base_interfaces_demo/srv/detail
[65.889s] -- Installing: /home/lihaoting/ROS2/ws01_plumbing/src/install/base_interfaces_demo/include/base_interfaces_demo/base_interfaces_demo/srv/detail/add_ints__rosidl_typesupport_fastrtps_c.h
[65.891s] -- Up-to-date: /home/lihaoting/ROS2/ws01_plumbing/src/install/base_interfaces_demo/include/base_interfaces_demo/base_interfaces_demo/action
[65.891s] -- Up-to-date: /home/lihaoting/ROS2/ws01_plumbing/src/install/base_interfaces_demo/include/base_interfaces_demo/base_interfaces_demo/action/detail
[65.892s] -- Installing: /home/lihaoting/ROS2/ws01_plumbing/src/install/base_interfaces_demo/include/base_interfaces_demo/base_interfaces_demo/action/detail/progress__rosidl_typesupport_fastrtps_c.h
[65.892s] -- Up-to-date: /home/lihaoting/ROS2/ws01_plumbing/src/install/base_interfaces_demo/include/base_interfaces_demo/base_interfaces_demo/msg
[65.893s] -- Up-to-date: /home/lihaoting/ROS2/ws01_plumbing/src/install/base_interfaces_demo/include/base_interfaces_demo/base_interfaces_demo/msg/detail
[65.899s] -- Installing: /home/lihaoting/ROS2/ws01_plumbing/src/install/base_interfaces_demo/include/base_interfaces_demo/base_interfaces_demo/msg/detail/student__rosidl_typesupport_fastrtps_c.h
[65.900s] -- Up-to-date: /home/lihaoting/ROS2/ws01_plumbing/src/install/base_interfaces_demo/include/base_interfaces_demo/base_interfaces_demo/msg/rosidl_typesupport_fastrtps_c__visibility_control.h
[65.950s] -- Installing: /home/lihaoting/ROS2/ws01_plumbing/src/install/base_interfaces_demo/lib/libbase_interfaces_demo__rosidl_typesupport_fastrtps_c.so
[65.955s] -- Set non-toolchain portion of runtime path of "/home/lihaoting/ROS2/ws01_plumbing/src/install/base_interfaces_demo/lib/libbase_interfaces_demo__rosidl_typesupport_fastrtps_c.so" to ""
[65.955s] -- Up-to-date: /home/lihaoting/ROS2/ws01_plumbing/src/install/base_interfaces_demo/include/base_interfaces_demo/base_interfaces_demo
[65.955s] -- Up-to-date: /home/lihaoting/ROS2/ws01_plumbing/src/install/base_interfaces_demo/include/base_interfaces_demo/base_interfaces_demo/srv
[65.957s] -- Up-to-date: /home/lihaoting/ROS2/ws01_plumbing/src/install/base_interfaces_demo/include/base_interfaces_demo/base_interfaces_demo/srv/detail
[65.957s] -- Installing: /home/lihaoting/ROS2/ws01_plumbing/src/install/base_interfaces_demo/include/base_interfaces_demo/base_interfaces_demo/srv/detail/add_ints__type_support.c
[65.957s] -- Installing: /home/lihaoting/ROS2/ws01_plumbing/src/install/base_interfaces_demo/include/base_interfaces_demo/base_interfaces_demo/srv/detail/add_ints__rosidl_typesupport_introspection_c.h
[65.957s] -- Up-to-date: /home/lihaoting/ROS2/ws01_plumbing/src/install/base_interfaces_demo/include/base_interfaces_demo/base_interfaces_demo/action
[65.957s] -- Up-to-date: /home/lihaoting/ROS2/ws01_plumbing/src/install/base_interfaces_demo/include/base_interfaces_demo/base_interfaces_demo/action/detail
[65.958s] -- Installing: /home/lihaoting/ROS2/ws01_plumbing/src/install/base_interfaces_demo/include/base_interfaces_demo/base_interfaces_demo/action/detail/progress__rosidl_typesupport_introspection_c.h
[65.959s] -- Installing: /home/lihaoting/ROS2/ws01_plumbing/src/install/base_interfaces_demo/include/base_interfaces_demo/base_interfaces_demo/action/detail/progress__type_support.c
[65.959s] -- Up-to-date: /home/lihaoting/ROS2/ws01_plumbing/src/install/base_interfaces_demo/include/base_interfaces_demo/base_interfaces_demo/msg
[65.959s] -- Up-to-date: /home/lihaoting/ROS2/ws01_plumbing/src/install/base_interfaces_demo/include/base_interfaces_demo/base_interfaces_demo/msg/rosidl_typesupport_introspection_c__visibility_control.h
[65.959s] -- Up-to-date: /home/lihaoting/ROS2/ws01_plumbing/src/install/base_interfaces_demo/include/base_interfaces_demo/base_interfaces_demo/msg/detail
[65.960s] -- Installing: /home/lihaoting/ROS2/ws01_plumbing/src/install/base_interfaces_demo/include/base_interfaces_demo/base_interfaces_demo/msg/detail/student__rosidl_typesupport_introspection_c.h
[65.960s] -- Installing: /home/lihaoting/ROS2/ws01_plumbing/src/install/base_interfaces_demo/include/base_interfaces_demo/base_interfaces_demo/msg/detail/student__type_support.c
[65.991s] -- Installing: /home/lihaoting/ROS2/ws01_plumbing/src/install/base_interfaces_demo/lib/libbase_interfaces_demo__rosidl_typesupport_introspection_c.so
[65.991s] -- Set non-toolchain portion of runtime path of "/home/lihaoting/ROS2/ws01_plumbing/src/install/base_interfaces_demo/lib/libbase_interfaces_demo__rosidl_typesupport_introspection_c.so" to ""
[65.993s] -- Installing: /home/lihaoting/ROS2/ws01_plumbing/src/install/base_interfaces_demo/lib/libbase_interfaces_demo__rosidl_typesupport_c.so
[65.994s] -- Set non-toolchain portion of runtime path of "/home/lihaoting/ROS2/ws01_plumbing/src/install/base_interfaces_demo/lib/libbase_interfaces_demo__rosidl_typesupport_c.so" to ""
[65.994s] -- Up-to-date: /home/lihaoting/ROS2/ws01_plumbing/src/install/base_interfaces_demo/include/base_interfaces_demo/base_interfaces_demo
[65.997s] -- Up-to-date: /home/lihaoting/ROS2/ws01_plumbing/src/install/base_interfaces_demo/include/base_interfaces_demo/base_interfaces_demo/srv
[65.998s] -- Installing: /home/lihaoting/ROS2/ws01_plumbing/src/install/base_interfaces_demo/include/base_interfaces_demo/base_interfaces_demo/srv/add_ints.hpp
[65.998s] -- Up-to-date: /home/lihaoting/ROS2/ws01_plumbing/src/install/base_interfaces_demo/include/base_interfaces_demo/base_interfaces_demo/srv/detail
[65.998s] -- Installing: /home/lihaoting/ROS2/ws01_plumbing/src/install/base_interfaces_demo/include/base_interfaces_demo/base_interfaces_demo/srv/detail/add_ints__type_support.hpp
[65.998s] -- Installing: /home/lihaoting/ROS2/ws01_plumbing/src/install/base_interfaces_demo/include/base_interfaces_demo/base_interfaces_demo/srv/detail/add_ints__struct.hpp
[66.003s] -- Installing: /home/lihaoting/ROS2/ws01_plumbing/src/install/base_interfaces_demo/include/base_interfaces_demo/base_interfaces_demo/srv/detail/add_ints__traits.hpp
[66.003s] -- Installing: /home/lihaoting/ROS2/ws01_plumbing/src/install/base_interfaces_demo/include/base_interfaces_demo/base_interfaces_demo/srv/detail/add_ints__builder.hpp
[66.003s] -- Up-to-date: /home/lihaoting/ROS2/ws01_plumbing/src/install/base_interfaces_demo/include/base_interfaces_demo/base_interfaces_demo/action
[66.003s] -- Installing: /home/lihaoting/ROS2/ws01_plumbing/src/install/base_interfaces_demo/include/base_interfaces_demo/base_interfaces_demo/action/progress.hpp
[66.003s] -- Up-to-date: /home/lihaoting/ROS2/ws01_plumbing/src/install/base_interfaces_demo/include/base_interfaces_demo/base_interfaces_demo/action/detail
[66.003s] -- Installing: /home/lihaoting/ROS2/ws01_plumbing/src/install/base_interfaces_demo/include/base_interfaces_demo/base_interfaces_demo/action/detail/progress__builder.hpp
[66.003s] -- Installing: /home/lihaoting/ROS2/ws01_plumbing/src/install/base_interfaces_demo/include/base_interfaces_demo/base_interfaces_demo/action/detail/progress__type_support.hpp
[66.003s] -- Installing: /home/lihaoting/ROS2/ws01_plumbing/src/install/base_interfaces_demo/include/base_interfaces_demo/base_interfaces_demo/action/detail/progress__traits.hpp
[66.003s] -- Installing: /home/lihaoting/ROS2/ws01_plumbing/src/install/base_interfaces_demo/include/base_interfaces_demo/base_interfaces_demo/action/detail/progress__struct.hpp
[66.008s] -- Up-to-date: /home/lihaoting/ROS2/ws01_plumbing/src/install/base_interfaces_demo/include/base_interfaces_demo/base_interfaces_demo/msg
[66.008s] -- Installing: /home/lihaoting/ROS2/ws01_plumbing/src/install/base_interfaces_demo/include/base_interfaces_demo/base_interfaces_demo/msg/student.hpp
[66.008s] -- Installing: /home/lihaoting/ROS2/ws01_plumbing/src/install/base_interfaces_demo/include/base_interfaces_demo/base_interfaces_demo/msg/rosidl_generator_cpp__visibility_control.hpp
[66.011s] -- Up-to-date: /home/lihaoting/ROS2/ws01_plumbing/src/install/base_interfaces_demo/include/base_interfaces_demo/base_interfaces_demo/msg/detail
[66.011s] -- Installing: /home/lihaoting/ROS2/ws01_plumbing/src/install/base_interfaces_demo/include/base_interfaces_demo/base_interfaces_demo/msg/detail/student__builder.hpp
[66.011s] -- Installing: /home/lihaoting/ROS2/ws01_plumbing/src/install/base_interfaces_demo/include/base_interfaces_demo/base_interfaces_demo/msg/detail/student__traits.hpp
[66.012s] -- Installing: /home/lihaoting/ROS2/ws01_plumbing/src/install/base_interfaces_demo/include/base_interfaces_demo/base_interfaces_demo/msg/detail/student__struct.hpp
[66.013s] -- Installing: /home/lihaoting/ROS2/ws01_plumbing/src/install/base_interfaces_demo/include/base_interfaces_demo/base_interfaces_demo/msg/detail/student__type_support.hpp
[66.014s] -- Up-to-date: /home/lihaoting/ROS2/ws01_plumbing/src/install/base_interfaces_demo/include/base_interfaces_demo/base_interfaces_demo
[66.014s] -- Up-to-date: /home/lihaoting/ROS2/ws01_plumbing/src/install/base_interfaces_demo/include/base_interfaces_demo/base_interfaces_demo/srv
[66.014s] -- Up-to-date: /home/lihaoting/ROS2/ws01_plumbing/src/install/base_interfaces_demo/include/base_interfaces_demo/base_interfaces_demo/srv/detail
[66.015s] -- Up-to-date: /home/lihaoting/ROS2/ws01_plumbing/src/install/base_interfaces_demo/include/base_interfaces_demo/base_interfaces_demo/srv/detail/dds_fastrtps
[66.017s] -- Installing: /home/lihaoting/ROS2/ws01_plumbing/src/install/base_interfaces_demo/include/base_interfaces_demo/base_interfaces_demo/srv/detail/add_ints__rosidl_typesupport_fastrtps_cpp.hpp
[66.022s] -- Up-to-date: /home/lihaoting/ROS2/ws01_plumbing/src/install/base_interfaces_demo/include/base_interfaces_demo/base_interfaces_demo/action
[66.022s] -- Up-to-date: /home/lihaoting/ROS2/ws01_plumbing/src/install/base_interfaces_demo/include/base_interfaces_demo/base_interfaces_demo/action/detail
[66.022s] -- Up-to-date: /home/lihaoting/ROS2/ws01_plumbing/src/install/base_interfaces_demo/include/base_interfaces_demo/base_interfaces_demo/action/detail/dds_fastrtps
[66.023s] -- Installing: /home/lihaoting/ROS2/ws01_plumbing/src/install/base_interfaces_demo/include/base_interfaces_demo/base_interfaces_demo/action/detail/progress__rosidl_typesupport_fastrtps_cpp.hpp
[66.023s] -- Up-to-date: /home/lihaoting/ROS2/ws01_plumbing/src/install/base_interfaces_demo/include/base_interfaces_demo/base_interfaces_demo/msg
[66.023s] -- Up-to-date: /home/lihaoting/ROS2/ws01_plumbing/src/install/base_interfaces_demo/include/base_interfaces_demo/base_interfaces_demo/msg/rosidl_typesupport_fastrtps_cpp__visibility_control.h
[66.023s] -- Up-to-date: /home/lihaoting/ROS2/ws01_plumbing/src/install/base_interfaces_demo/include/base_interfaces_demo/base_interfaces_demo/msg/detail
[66.023s] -- Up-to-date: /home/lihaoting/ROS2/ws01_plumbing/src/install/base_interfaces_demo/include/base_interfaces_demo/base_interfaces_demo/msg/detail/dds_fastrtps
[66.023s] -- Installing: /home/lihaoting/ROS2/ws01_plumbing/src/install/base_interfaces_demo/include/base_interfaces_demo/base_interfaces_demo/msg/detail/student__rosidl_typesupport_fastrtps_cpp.hpp
[66.059s] -- Installing: /home/lihaoting/ROS2/ws01_plumbing/src/install/base_interfaces_demo/lib/libbase_interfaces_demo__rosidl_typesupport_fastrtps_cpp.so
[66.061s] -- Set non-toolchain portion of runtime path of "/home/lihaoting/ROS2/ws01_plumbing/src/install/base_interfaces_demo/lib/libbase_interfaces_demo__rosidl_typesupport_fastrtps_cpp.so" to ""
[66.061s] -- Up-to-date: /home/lihaoting/ROS2/ws01_plumbing/src/install/base_interfaces_demo/include/base_interfaces_demo/base_interfaces_demo
[66.061s] -- Up-to-date: /home/lihaoting/ROS2/ws01_plumbing/src/install/base_interfaces_demo/include/base_interfaces_demo/base_interfaces_demo/srv
[66.061s] -- Up-to-date: /home/lihaoting/ROS2/ws01_plumbing/src/install/base_interfaces_demo/include/base_interfaces_demo/base_interfaces_demo/srv/detail
[66.066s] -- Installing: /home/lihaoting/ROS2/ws01_plumbing/src/install/base_interfaces_demo/include/base_interfaces_demo/base_interfaces_demo/srv/detail/add_ints__rosidl_typesupport_introspection_cpp.hpp
[66.066s] -- Installing: /home/lihaoting/ROS2/ws01_plumbing/src/install/base_interfaces_demo/include/base_interfaces_demo/base_interfaces_demo/srv/detail/add_ints__type_support.cpp
[66.066s] -- Up-to-date: /home/lihaoting/ROS2/ws01_plumbing/src/install/base_interfaces_demo/include/base_interfaces_demo/base_interfaces_demo/action
[66.069s] -- Up-to-date: /home/lihaoting/ROS2/ws01_plumbing/src/install/base_interfaces_demo/include/base_interfaces_demo/base_interfaces_demo/action/detail
[66.069s] -- Installing: /home/lihaoting/ROS2/ws01_plumbing/src/install/base_interfaces_demo/include/base_interfaces_demo/base_interfaces_demo/action/detail/progress__type_support.cpp
[66.071s] -- Installing: /home/lihaoting/ROS2/ws01_plumbing/src/install/base_interfaces_demo/include/base_interfaces_demo/base_interfaces_demo/action/detail/progress__rosidl_typesupport_introspection_cpp.hpp
[66.074s] -- Up-to-date: /home/lihaoting/ROS2/ws01_plumbing/src/install/base_interfaces_demo/include/base_interfaces_demo/base_interfaces_demo/msg
[66.075s] -- Up-to-date: /home/lihaoting/ROS2/ws01_plumbing/src/install/base_interfaces_demo/include/base_interfaces_demo/base_interfaces_demo/msg/detail
[66.075s] -- Installing: /home/lihaoting/ROS2/ws01_plumbing/src/install/base_interfaces_demo/include/base_interfaces_demo/base_interfaces_demo/msg/detail/student__rosidl_typesupport_introspection_cpp.hpp
[66.075s] -- Installing: /home/lihaoting/ROS2/ws01_plumbing/src/install/base_interfaces_demo/include/base_interfaces_demo/base_interfaces_demo/msg/detail/student__type_support.cpp
[66.097s] -- Installing: /home/lihaoting/ROS2/ws01_plumbing/src/install/base_interfaces_demo/lib/libbase_interfaces_demo__rosidl_typesupport_introspection_cpp.so
[66.104s] -- Set non-toolchain portion of runtime path of "/home/lihaoting/ROS2/ws01_plumbing/src/install/base_interfaces_demo/lib/libbase_interfaces_demo__rosidl_typesupport_introspection_cpp.so" to ""
[66.109s] -- Installing: /home/lihaoting/ROS2/ws01_plumbing/src/install/base_interfaces_demo/lib/libbase_interfaces_demo__rosidl_typesupport_cpp.so
[66.116s] -- Set non-toolchain portion of runtime path of "/home/lihaoting/ROS2/ws01_plumbing/src/install/base_interfaces_demo/lib/libbase_interfaces_demo__rosidl_typesupport_cpp.so" to ""
[66.118s] -- Up-to-date: /home/lihaoting/ROS2/ws01_plumbing/src/install/base_interfaces_demo/share/base_interfaces_demo/environment/pythonpath.sh
[66.118s] -- Up-to-date: /home/lihaoting/ROS2/ws01_plumbing/src/install/base_interfaces_demo/share/base_interfaces_demo/environment/pythonpath.dsv
[66.118s] -- Up-to-date: /home/lihaoting/ROS2/ws01_plumbing/src/install/base_interfaces_demo/lib/python3.12/site-packages/base_interfaces_demo-0.0.0-py3.12.egg-info
[66.119s] -- Installing: /home/lihaoting/ROS2/ws01_plumbing/src/install/base_interfaces_demo/lib/python3.12/site-packages/base_interfaces_demo-0.0.0-py3.12.egg-info/PKG-INFO
[66.122s] -- Installing: /home/lihaoting/ROS2/ws01_plumbing/src/install/base_interfaces_demo/lib/python3.12/site-packages/base_interfaces_demo-0.0.0-py3.12.egg-info/dependency_links.txt
[66.122s] -- Installing: /home/lihaoting/ROS2/ws01_plumbing/src/install/base_interfaces_demo/lib/python3.12/site-packages/base_interfaces_demo-0.0.0-py3.12.egg-info/SOURCES.txt
[66.122s] -- Installing: /home/lihaoting/ROS2/ws01_plumbing/src/install/base_interfaces_demo/lib/python3.12/site-packages/base_interfaces_demo-0.0.0-py3.12.egg-info/top_level.txt
[66.122s] -- Up-to-date: /home/lihaoting/ROS2/ws01_plumbing/src/install/base_interfaces_demo/lib/python3.12/site-packages/base_interfaces_demo
[66.122s] -- Installing: /home/lihaoting/ROS2/ws01_plumbing/src/install/base_interfaces_demo/lib/python3.12/site-packages/base_interfaces_demo/_base_interfaces_demo_s.ep.rosidl_typesupport_c.c
[66.126s] -- Installing: /home/lihaoting/ROS2/ws01_plumbing/src/install/base_interfaces_demo/lib/python3.12/site-packages/base_interfaces_demo/__init__.py
[66.127s] -- Installing: /home/lihaoting/ROS2/ws01_plumbing/src/install/base_interfaces_demo/lib/python3.12/site-packages/base_interfaces_demo/base_interfaces_demo_s__rosidl_typesupport_introspection_c.so
[66.127s] -- Up-to-date: /home/lihaoting/ROS2/ws01_plumbing/src/install/base_interfaces_demo/lib/python3.12/site-packages/base_interfaces_demo/srv
[66.127s] -- Installing: /home/lihaoting/ROS2/ws01_plumbing/src/install/base_interfaces_demo/lib/python3.12/site-packages/base_interfaces_demo/srv/_add_ints_s.c
[66.130s] -- Installing: /home/lihaoting/ROS2/ws01_plumbing/src/install/base_interfaces_demo/lib/python3.12/site-packages/base_interfaces_demo/srv/__init__.py
[66.133s] -- Installing: /home/lihaoting/ROS2/ws01_plumbing/src/install/base_interfaces_demo/lib/python3.12/site-packages/base_interfaces_demo/srv/_add_ints.py
[66.134s] -- Up-to-date: /home/lihaoting/ROS2/ws01_plumbing/src/install/base_interfaces_demo/lib/python3.12/site-packages/base_interfaces_demo/action
[66.134s] -- Installing: /home/lihaoting/ROS2/ws01_plumbing/src/install/base_interfaces_demo/lib/python3.12/site-packages/base_interfaces_demo/action/__init__.py
[66.134s] -- Installing: /home/lihaoting/ROS2/ws01_plumbing/src/install/base_interfaces_demo/lib/python3.12/site-packages/base_interfaces_demo/action/_progress_s.c
[66.134s] -- Installing: /home/lihaoting/ROS2/ws01_plumbing/src/install/base_interfaces_demo/lib/python3.12/site-packages/base_interfaces_demo/action/_progress.py
[66.134s] -- Installing: /home/lihaoting/ROS2/ws01_plumbing/src/install/base_interfaces_demo/lib/python3.12/site-packages/base_interfaces_demo/base_interfaces_demo_s__rosidl_typesupport_fastrtps_c.so
[66.140s] -- Installing: /home/lihaoting/ROS2/ws01_plumbing/src/install/base_interfaces_demo/lib/python3.12/site-packages/base_interfaces_demo/_base_interfaces_demo_s.ep.rosidl_typesupport_introspection_c.c
[66.141s] -- Installing: /home/lihaoting/ROS2/ws01_plumbing/src/install/base_interfaces_demo/lib/python3.12/site-packages/base_interfaces_demo/_base_interfaces_demo_s.ep.rosidl_typesupport_fastrtps_c.c
[66.141s] -- Installing: /home/lihaoting/ROS2/ws01_plumbing/src/install/base_interfaces_demo/lib/python3.12/site-packages/base_interfaces_demo/base_interfaces_demo_s__rosidl_typesupport_c.so
[66.141s] -- Up-to-date: /home/lihaoting/ROS2/ws01_plumbing/src/install/base_interfaces_demo/lib/python3.12/site-packages/base_interfaces_demo/msg
[66.141s] -- Installing: /home/lihaoting/ROS2/ws01_plumbing/src/install/base_interfaces_demo/lib/python3.12/site-packages/base_interfaces_demo/msg/__init__.py
[66.141s] -- Installing: /home/lihaoting/ROS2/ws01_plumbing/src/install/base_interfaces_demo/lib/python3.12/site-packages/base_interfaces_demo/msg/_student_s.c
[66.146s] -- Installing: /home/lihaoting/ROS2/ws01_plumbing/src/install/base_interfaces_demo/lib/python3.12/site-packages/base_interfaces_demo/msg/_student.py
[66.507s] Listing '/home/lihaoting/ROS2/ws01_plumbing/src/install/base_interfaces_demo/lib/python3.12/site-packages/base_interfaces_demo'...
[66.507s] Compiling '/home/lihaoting/ROS2/ws01_plumbing/src/install/base_interfaces_demo/lib/python3.12/site-packages/base_interfaces_demo/__init__.py'...
[66.507s] Listing '/home/lihaoting/ROS2/ws01_plumbing/src/install/base_interfaces_demo/lib/python3.12/site-packages/base_interfaces_demo/action'...
[66.507s] Compiling '/home/lihaoting/ROS2/ws01_plumbing/src/install/base_interfaces_demo/lib/python3.12/site-packages/base_interfaces_demo/action/__init__.py'...
[66.507s] Compiling '/home/lihaoting/ROS2/ws01_plumbing/src/install/base_interfaces_demo/lib/python3.12/site-packages/base_interfaces_demo/action/_progress.py'...
[66.507s] Listing '/home/lihaoting/ROS2/ws01_plumbing/src/install/base_interfaces_demo/lib/python3.12/site-packages/base_interfaces_demo/msg'...
[66.507s] Compiling '/home/lihaoting/ROS2/ws01_plumbing/src/install/base_interfaces_demo/lib/python3.12/site-packages/base_interfaces_demo/msg/__init__.py'...
[66.507s] Compiling '/home/lihaoting/ROS2/ws01_plumbing/src/install/base_interfaces_demo/lib/python3.12/site-packages/base_interfaces_demo/msg/_student.py'...
[66.507s] Listing '/home/lihaoting/ROS2/ws01_plumbing/src/install/base_interfaces_demo/lib/python3.12/site-packages/base_interfaces_demo/srv'...
[66.508s] Compiling '/home/lihaoting/ROS2/ws01_plumbing/src/install/base_interfaces_demo/lib/python3.12/site-packages/base_interfaces_demo/srv/__init__.py'...
[66.508s] Compiling '/home/lihaoting/ROS2/ws01_plumbing/src/install/base_interfaces_demo/lib/python3.12/site-packages/base_interfaces_demo/srv/_add_ints.py'...
[66.546s] -- Installing: /home/lihaoting/ROS2/ws01_plumbing/src/install/base_interfaces_demo/lib/python3.12/site-packages/base_interfaces_demo/base_interfaces_demo_s__rosidl_typesupport_fastrtps_c.so
[66.547s] -- Set non-toolchain portion of runtime path of "/home/lihaoting/ROS2/ws01_plumbing/src/install/base_interfaces_demo/lib/python3.12/site-packages/base_interfaces_demo/base_interfaces_demo_s__rosidl_typesupport_fastrtps_c.so" to ""
[66.551s] -- Installing: /home/lihaoting/ROS2/ws01_plumbing/src/install/base_interfaces_demo/lib/python3.12/site-packages/base_interfaces_demo/base_interfaces_demo_s__rosidl_typesupport_introspection_c.so
[66.551s] -- Set non-toolchain portion of runtime path of "/home/lihaoting/ROS2/ws01_plumbing/src/install/base_interfaces_demo/lib/python3.12/site-packages/base_interfaces_demo/base_interfaces_demo_s__rosidl_typesupport_introspection_c.so" to ""
[66.552s] -- Installing: /home/lihaoting/ROS2/ws01_plumbing/src/install/base_interfaces_demo/lib/python3.12/site-packages/base_interfaces_demo/base_interfaces_demo_s__rosidl_typesupport_c.so
[66.553s] -- Set non-toolchain portion of runtime path of "/home/lihaoting/ROS2/ws01_plumbing/src/install/base_interfaces_demo/lib/python3.12/site-packages/base_interfaces_demo/base_interfaces_demo_s__rosidl_typesupport_c.so" to ""
[66.558s] -- Installing: /home/lihaoting/ROS2/ws01_plumbing/src/install/base_interfaces_demo/lib/libbase_interfaces_demo__rosidl_generator_py.so
[66.558s] -- Set non-toolchain portion of runtime path of "/home/lihaoting/ROS2/ws01_plumbing/src/install/base_interfaces_demo/lib/libbase_interfaces_demo__rosidl_generator_py.so" to ""
[66.559s] -- Up-to-date: /home/lihaoting/ROS2/ws01_plumbing/src/install/base_interfaces_demo/share/base_interfaces_demo/msg/Student.idl
[66.565s] -- Up-to-date: /home/lihaoting/ROS2/ws01_plumbing/src/install/base_interfaces_demo/share/base_interfaces_demo/srv/AddInts.idl
[66.565s] -- Installing: /home/lihaoting/ROS2/ws01_plumbing/src/install/base_interfaces_demo/share/base_interfaces_demo/action/Progress.idl
[66.565s] -- Up-to-date: /home/lihaoting/ROS2/ws01_plumbing/src/install/base_interfaces_demo/share/base_interfaces_demo/msg/Student.msg
[66.565s] -- Up-to-date: /home/lihaoting/ROS2/ws01_plumbing/src/install/base_interfaces_demo/share/base_interfaces_demo/srv/AddInts.srv
[66.565s] -- Installing: /home/lihaoting/ROS2/ws01_plumbing/src/install/base_interfaces_demo/share/base_interfaces_demo/action/Progress.action
[66.565s] -- Up-to-date: /home/lihaoting/ROS2/ws01_plumbing/src/install/base_interfaces_demo/share/ament_index/resource_index/package_run_dependencies/base_interfaces_demo
[66.565s] -- Installing: /home/lihaoting/ROS2/ws01_plumbing/src/install/base_interfaces_demo/share/ament_index/resource_index/parent_prefix_path/base_interfaces_demo
[66.565s] -- Up-to-date: /home/lihaoting/ROS2/ws01_plumbing/src/install/base_interfaces_demo/share/base_interfaces_demo/environment/ament_prefix_path.sh
[66.566s] -- Up-to-date: /home/lihaoting/ROS2/ws01_plumbing/src/install/base_interfaces_demo/share/base_interfaces_demo/environment/ament_prefix_path.dsv
[66.566s] -- Up-to-date: /home/lihaoting/ROS2/ws01_plumbing/src/install/base_interfaces_demo/share/base_interfaces_demo/environment/path.sh
[66.566s] -- Up-to-date: /home/lihaoting/ROS2/ws01_plumbing/src/install/base_interfaces_demo/share/base_interfaces_demo/environment/path.dsv
[66.566s] -- Up-to-date: /home/lihaoting/ROS2/ws01_plumbing/src/install/base_interfaces_demo/share/base_interfaces_demo/local_setup.bash
[66.566s] -- Up-to-date: /home/lihaoting/ROS2/ws01_plumbing/src/install/base_interfaces_demo/share/base_interfaces_demo/local_setup.sh
[66.572s] -- Up-to-date: /home/lihaoting/ROS2/ws01_plumbing/src/install/base_interfaces_demo/share/base_interfaces_demo/local_setup.zsh
[66.572s] -- Up-to-date: /home/lihaoting/ROS2/ws01_plumbing/src/install/base_interfaces_demo/share/base_interfaces_demo/local_setup.dsv
[66.572s] -- Installing: /home/lihaoting/ROS2/ws01_plumbing/src/install/base_interfaces_demo/share/base_interfaces_demo/package.dsv
[66.572s] -- Up-to-date: /home/lihaoting/ROS2/ws01_plumbing/src/install/base_interfaces_demo/share/ament_index/resource_index/packages/base_interfaces_demo
[66.574s] -- Up-to-date: /home/lihaoting/ROS2/ws01_plumbing/src/install/base_interfaces_demo/share/base_interfaces_demo/cmake/export_base_interfaces_demo__rosidl_generator_cExport.cmake
[66.578s] -- Up-to-date: /home/lihaoting/ROS2/ws01_plumbing/src/install/base_interfaces_demo/share/base_interfaces_demo/cmake/export_base_interfaces_demo__rosidl_generator_cExport-noconfig.cmake
[66.578s] -- Up-to-date: /home/lihaoting/ROS2/ws01_plumbing/src/install/base_interfaces_demo/share/base_interfaces_demo/cmake/export_base_interfaces_demo__rosidl_typesupport_fastrtps_cExport.cmake
[66.581s] -- Up-to-date: /home/lihaoting/ROS2/ws01_plumbing/src/install/base_interfaces_demo/share/base_interfaces_demo/cmake/export_base_interfaces_demo__rosidl_typesupport_fastrtps_cExport-noconfig.cmake
[66.582s] -- Up-to-date: /home/lihaoting/ROS2/ws01_plumbing/src/install/base_interfaces_demo/share/base_interfaces_demo/cmake/base_interfaces_demo__rosidl_typesupport_introspection_cExport.cmake
[66.582s] -- Up-to-date: /home/lihaoting/ROS2/ws01_plumbing/src/install/base_interfaces_demo/share/base_interfaces_demo/cmake/base_interfaces_demo__rosidl_typesupport_introspection_cExport-noconfig.cmake
[66.590s] -- Up-to-date: /home/lihaoting/ROS2/ws01_plumbing/src/install/base_interfaces_demo/share/base_interfaces_demo/cmake/base_interfaces_demo__rosidl_typesupport_cExport.cmake
[66.590s] -- Up-to-date: /home/lihaoting/ROS2/ws01_plumbing/src/install/base_interfaces_demo/share/base_interfaces_demo/cmake/base_interfaces_demo__rosidl_typesupport_cExport-noconfig.cmake
[66.590s] -- Up-to-date: /home/lihaoting/ROS2/ws01_plumbing/src/install/base_interfaces_demo/share/base_interfaces_demo/cmake/export_base_interfaces_demo__rosidl_generator_cppExport.cmake
[66.595s] -- Up-to-date: /home/lihaoting/ROS2/ws01_plumbing/src/install/base_interfaces_demo/share/base_interfaces_demo/cmake/export_base_interfaces_demo__rosidl_typesupport_fastrtps_cppExport.cmake
[66.595s] -- Up-to-date: /home/lihaoting/ROS2/ws01_plumbing/src/install/base_interfaces_demo/share/base_interfaces_demo/cmake/export_base_interfaces_demo__rosidl_typesupport_fastrtps_cppExport-noconfig.cmake
[66.595s] -- Up-to-date: /home/lihaoting/ROS2/ws01_plumbing/src/install/base_interfaces_demo/share/base_interfaces_demo/cmake/base_interfaces_demo__rosidl_typesupport_introspection_cppExport.cmake
[66.595s] -- Up-to-date: /home/lihaoting/ROS2/ws01_plumbing/src/install/base_interfaces_demo/share/base_interfaces_demo/cmake/base_interfaces_demo__rosidl_typesupport_introspection_cppExport-noconfig.cmake
[66.596s] -- Up-to-date: /home/lihaoting/ROS2/ws01_plumbing/src/install/base_interfaces_demo/share/base_interfaces_demo/cmake/base_interfaces_demo__rosidl_typesupport_cppExport.cmake
[66.596s] -- Up-to-date: /home/lihaoting/ROS2/ws01_plumbing/src/install/base_interfaces_demo/share/base_interfaces_demo/cmake/base_interfaces_demo__rosidl_typesupport_cppExport-noconfig.cmake
[66.604s] -- Up-to-date: /home/lihaoting/ROS2/ws01_plumbing/src/install/base_interfaces_demo/share/base_interfaces_demo/cmake/export_base_interfaces_demo__rosidl_generator_pyExport.cmake
[66.606s] -- Up-to-date: /home/lihaoting/ROS2/ws01_plumbing/src/install/base_interfaces_demo/share/base_interfaces_demo/cmake/export_base_interfaces_demo__rosidl_generator_pyExport-noconfig.cmake
[66.606s] -- Up-to-date: /home/lihaoting/ROS2/ws01_plumbing/src/install/base_interfaces_demo/share/base_interfaces_demo/cmake/rosidl_cmake-extras.cmake
[66.606s] -- Up-to-date: /home/lihaoting/ROS2/ws01_plumbing/src/install/base_interfaces_demo/share/base_interfaces_demo/cmake/ament_cmake_export_dependencies-extras.cmake
[66.606s] -- Up-to-date: /home/lihaoting/ROS2/ws01_plumbing/src/install/base_interfaces_demo/share/base_interfaces_demo/cmake/ament_cmake_export_include_directories-extras.cmake
[66.606s] -- Up-to-date: /home/lihaoting/ROS2/ws01_plumbing/src/install/base_interfaces_demo/share/base_interfaces_demo/cmake/ament_cmake_export_libraries-extras.cmake
[66.607s] -- Up-to-date: /home/lihaoting/ROS2/ws01_plumbing/src/install/base_interfaces_demo/share/base_interfaces_demo/cmake/ament_cmake_export_targets-extras.cmake
[66.607s] -- Up-to-date: /home/lihaoting/ROS2/ws01_plumbing/src/install/base_interfaces_demo/share/base_interfaces_demo/cmake/rosidl_cmake_export_typesupport_targets-extras.cmake
[66.607s] -- Up-to-date: /home/lihaoting/ROS2/ws01_plumbing/src/install/base_interfaces_demo/share/base_interfaces_demo/cmake/rosidl_cmake_export_typesupport_libraries-extras.cmake
[66.607s] -- Up-to-date: /home/lihaoting/ROS2/ws01_plumbing/src/install/base_interfaces_demo/share/base_interfaces_demo/cmake/base_interfaces_demoConfig.cmake
[66.609s] -- Up-to-date: /home/lihaoting/ROS2/ws01_plumbing/src/install/base_interfaces_demo/share/base_interfaces_demo/cmake/base_interfaces_demoConfig-version.cmake
[66.609s] -- Up-to-date: /home/lihaoting/ROS2/ws01_plumbing/src/install/base_interfaces_demo/share/base_interfaces_demo/package.xml
[66.616s] Invoked command in '/home/lihaoting/ROS2/ws01_plumbing/src/build/base_interfaces_demo' returned '0': CMAKE_PREFIX_PATH=${CMAKE_PREFIX_PATH}:/home/lihaoting/ROS2/ws01_plumbing/src/install/py01_topic:/opt/ros/jazzy DEBUGINFOD_URLS=https://debuginfod.ubuntu.com /usr/bin/cmake --install /home/lihaoting/ROS2/ws01_plumbing/src/build/base_interfaces_demo
