[0.033s] Invoking command in '/home/lihaoting/ROS2/ws01_plumbing/build/cpp01_topic': AMENT_PREFIX_PATH=/home/lihaoting/ROS2/ws01_plumbing/install/base_interfaces_demo:${AMENT_PREFIX_PATH} CMAKE_PREFIX_PATH=/home/lihaoting/ROS2/ws01_plumbing/install/base_interfaces_demo:/home/lihaoting/.local/share/Trash/files/install:/home/lihaoting/.local/share/Trash/files/install:/opt/ros/jazzy/opt/gz_math_vendor:/opt/ros/jazzy/opt/gz_utils_vendor:/opt/ros/jazzy/opt/gz_cmake_vendor:/opt/ros/jazzy DEBUGINFOD_URLS=https://debuginfod.ubuntu.com LD_LIBRARY_PATH=/home/lihaoting/ROS2/ws01_plumbing/install/base_interfaces_demo/lib:${LD_LIBRARY_PATH} PYTHONPATH=/home/lihaoting/ROS2/ws01_plumbing/install/base_interfaces_demo/lib/python3.12/site-packages:${PYTHONPATH} /usr/bin/cmake --build /home/lihaoting/ROS2/ws01_plumbing/build/cpp01_topic -- -j2 -l2
[0.262s] [ 25%] Built target demo01_talker_str
[0.408s] [ 50%] Built target demo02_listener_str
[0.459s] [ 62%] [32mBuilding CXX object CMakeFiles/demo03_talker_stu.dir/src/demo03_talker_stu.cpp.o[0m
[0.572s] [ 87%] Built target demo04_listener_stu
[8.473s] [100%] [32m[1mLinking CXX executable demo03_talker_stu[0m
[8.755s] [100%] Built target demo03_talker_stu
[8.780s] Invoked command in '/home/lihaoting/ROS2/ws01_plumbing/build/cpp01_topic' returned '0': AMENT_PREFIX_PATH=/home/lihaoting/ROS2/ws01_plumbing/install/base_interfaces_demo:${AMENT_PREFIX_PATH} CMAKE_PREFIX_PATH=/home/lihaoting/ROS2/ws01_plumbing/install/base_interfaces_demo:/home/lihaoting/.local/share/Trash/files/install:/home/lihaoting/.local/share/Trash/files/install:/opt/ros/jazzy/opt/gz_math_vendor:/opt/ros/jazzy/opt/gz_utils_vendor:/opt/ros/jazzy/opt/gz_cmake_vendor:/opt/ros/jazzy DEBUGINFOD_URLS=https://debuginfod.ubuntu.com LD_LIBRARY_PATH=/home/lihaoting/ROS2/ws01_plumbing/install/base_interfaces_demo/lib:${LD_LIBRARY_PATH} PYTHONPATH=/home/lihaoting/ROS2/ws01_plumbing/install/base_interfaces_demo/lib/python3.12/site-packages:${PYTHONPATH} /usr/bin/cmake --build /home/lihaoting/ROS2/ws01_plumbing/build/cpp01_topic -- -j2 -l2
[8.785s] Invoking command in '/home/lihaoting/ROS2/ws01_plumbing/build/cpp01_topic': AMENT_PREFIX_PATH=/home/lihaoting/ROS2/ws01_plumbing/install/base_interfaces_demo:${AMENT_PREFIX_PATH} CMAKE_PREFIX_PATH=/home/lihaoting/ROS2/ws01_plumbing/install/base_interfaces_demo:/home/lihaoting/.local/share/Trash/files/install:/home/lihaoting/.local/share/Trash/files/install:/opt/ros/jazzy/opt/gz_math_vendor:/opt/ros/jazzy/opt/gz_utils_vendor:/opt/ros/jazzy/opt/gz_cmake_vendor:/opt/ros/jazzy DEBUGINFOD_URLS=https://debuginfod.ubuntu.com LD_LIBRARY_PATH=/home/lihaoting/ROS2/ws01_plumbing/install/base_interfaces_demo/lib:${LD_LIBRARY_PATH} PYTHONPATH=/home/lihaoting/ROS2/ws01_plumbing/install/base_interfaces_demo/lib/python3.12/site-packages:${PYTHONPATH} /usr/bin/cmake --install /home/lihaoting/ROS2/ws01_plumbing/build/cpp01_topic
[8.802s] -- Install configuration: ""
[8.803s] -- Up-to-date: /home/lihaoting/ROS2/ws01_plumbing/install/cpp01_topic/lib/cpp01_topic/demo01_talker_str
[8.805s] -- Up-to-date: /home/lihaoting/ROS2/ws01_plumbing/install/cpp01_topic/lib/cpp01_topic/demo02_listener_str
[8.805s] -- Installing: /home/lihaoting/ROS2/ws01_plumbing/install/cpp01_topic/lib/cpp01_topic/demo03_talker_stu
[8.808s] -- Set non-toolchain portion of runtime path of "/home/lihaoting/ROS2/ws01_plumbing/install/cpp01_topic/lib/cpp01_topic/demo03_talker_stu" to ""
[8.809s] -- Up-to-date: /home/lihaoting/ROS2/ws01_plumbing/install/cpp01_topic/lib/cpp01_topic/demo04_listener_stu
[8.810s] -- Up-to-date: /home/lihaoting/ROS2/ws01_plumbing/install/cpp01_topic/share/ament_index/resource_index/package_run_dependencies/cpp01_topic
[8.811s] -- Up-to-date: /home/lihaoting/ROS2/ws01_plumbing/install/cpp01_topic/share/ament_index/resource_index/parent_prefix_path/cpp01_topic
[8.811s] -- Up-to-date: /home/lihaoting/ROS2/ws01_plumbing/install/cpp01_topic/share/cpp01_topic/environment/ament_prefix_path.sh
[8.812s] -- Up-to-date: /home/lihaoting/ROS2/ws01_plumbing/install/cpp01_topic/share/cpp01_topic/environment/ament_prefix_path.dsv
[8.813s] -- Up-to-date: /home/lihaoting/ROS2/ws01_plumbing/install/cpp01_topic/share/cpp01_topic/environment/path.sh
[8.813s] -- Up-to-date: /home/lihaoting/ROS2/ws01_plumbing/install/cpp01_topic/share/cpp01_topic/environment/path.dsv
[8.813s] -- Up-to-date: /home/lihaoting/ROS2/ws01_plumbing/install/cpp01_topic/share/cpp01_topic/local_setup.bash
[8.813s] -- Up-to-date: /home/lihaoting/ROS2/ws01_plumbing/install/cpp01_topic/share/cpp01_topic/local_setup.sh
[8.814s] -- Up-to-date: /home/lihaoting/ROS2/ws01_plumbing/install/cpp01_topic/share/cpp01_topic/local_setup.zsh
[8.814s] -- Up-to-date: /home/lihaoting/ROS2/ws01_plumbing/install/cpp01_topic/share/cpp01_topic/local_setup.dsv
[8.814s] -- Installing: /home/lihaoting/ROS2/ws01_plumbing/install/cpp01_topic/share/cpp01_topic/package.dsv
[8.815s] -- Up-to-date: /home/lihaoting/ROS2/ws01_plumbing/install/cpp01_topic/share/ament_index/resource_index/packages/cpp01_topic
[8.816s] -- Up-to-date: /home/lihaoting/ROS2/ws01_plumbing/install/cpp01_topic/share/cpp01_topic/cmake/cpp01_topicConfig.cmake
[8.816s] -- Up-to-date: /home/lihaoting/ROS2/ws01_plumbing/install/cpp01_topic/share/cpp01_topic/cmake/cpp01_topicConfig-version.cmake
[8.817s] -- Up-to-date: /home/lihaoting/ROS2/ws01_plumbing/install/cpp01_topic/share/cpp01_topic/package.xml
[8.821s] Invoked command in '/home/lihaoting/ROS2/ws01_plumbing/build/cpp01_topic' returned '0': AMENT_PREFIX_PATH=/home/lihaoting/ROS2/ws01_plumbing/install/base_interfaces_demo:${AMENT_PREFIX_PATH} CMAKE_PREFIX_PATH=/home/lihaoting/ROS2/ws01_plumbing/install/base_interfaces_demo:/home/lihaoting/.local/share/Trash/files/install:/home/lihaoting/.local/share/Trash/files/install:/opt/ros/jazzy/opt/gz_math_vendor:/opt/ros/jazzy/opt/gz_utils_vendor:/opt/ros/jazzy/opt/gz_cmake_vendor:/opt/ros/jazzy DEBUGINFOD_URLS=https://debuginfod.ubuntu.com LD_LIBRARY_PATH=/home/lihaoting/ROS2/ws01_plumbing/install/base_interfaces_demo/lib:${LD_LIBRARY_PATH} PYTHONPATH=/home/lihaoting/ROS2/ws01_plumbing/install/base_interfaces_demo/lib/python3.12/site-packages:${PYTHONPATH} /usr/bin/cmake --install /home/lihaoting/ROS2/ws01_plumbing/build/cpp01_topic
