-- Found ament_cmake: 2.5.4 (/opt/ros/jazzy/share/ament_cmake/cmake)
-- Found rclcpp: 28.1.9 (/opt/ros/jazzy/share/rclcpp/cmake)
-- Found rosidl_generator_c: 4.6.5 (/opt/ros/jazzy/share/rosidl_generator_c/cmake)
-- Found rosidl_generator_cpp: 4.6.5 (/opt/ros/jazzy/share/rosidl_generator_cpp/cmake)
-- Using all available rosidl_typesupport_c: rosidl_typesupport_fastrtps_c;rosidl_typesupport_introspection_c
-- Using all available rosidl_typesupport_cpp: rosidl_typesupport_fastrtps_cpp;rosidl_typesupport_introspection_cpp
-- Found rmw_implementation_cmake: 7.3.2 (/opt/ros/jazzy/share/rmw_implementation_cmake/cmake)
-- Found rmw_fastrtps_cpp: 8.4.2 (/opt/ros/jazzy/share/rmw_fastrtps_cpp/cmake)
-- Using RMW implementation 'rmw_fastrtps_cpp' as default
-- Found ament_lint_auto: 0.17.2 (/opt/ros/jazzy/share/ament_lint_auto/cmake)
-- Added test 'cppcheck' to perform static code analysis on C / C++ code
-- Configured cppcheck include dirs: $<BUILD_INTERFACE:/home/lihaoting/ROS2/ws01_plumbing/src/cpp04_param/include>
-- Configured cppcheck exclude dirs and/or files: 
-- Added test 'lint_cmake' to check CMake code style
-- Added test 'uncrustify' to check C / C++ code style
-- Configured uncrustify additional arguments: 
-- Added test 'xmllint' to check XML markup files
-- Configuring done (2.6s)
-- Generating done (0.1s)
-- Build files have been written to: /home/lihaoting/ROS2/ws01_plumbing/src/build/cpp04_param
[ 50%] Built target demo01_param_server
[ 75%] [32m[1mLinking CXX executable demo02_param_client[0m
[100%] Built target demo02_param_client
-- Install configuration: ""
-- Up-to-date: /home/lihaoting/ROS2/ws01_plumbing/src/install/cpp04_param/lib/cpp04_param/demo01_param_server
-- Installing: /home/lihaoting/ROS2/ws01_plumbing/src/install/cpp04_param/lib/cpp04_param/demo02_param_client
-- Set non-toolchain portion of runtime path of "/home/lihaoting/ROS2/ws01_plumbing/src/install/cpp04_param/lib/cpp04_param/demo02_param_client" to ""
-- Up-to-date: /home/lihaoting/ROS2/ws01_plumbing/src/install/cpp04_param/share/ament_index/resource_index/package_run_dependencies/cpp04_param
-- Installing: /home/lihaoting/ROS2/ws01_plumbing/src/install/cpp04_param/share/ament_index/resource_index/parent_prefix_path/cpp04_param
-- Up-to-date: /home/lihaoting/ROS2/ws01_plumbing/src/install/cpp04_param/share/cpp04_param/environment/ament_prefix_path.sh
-- Up-to-date: /home/lihaoting/ROS2/ws01_plumbing/src/install/cpp04_param/share/cpp04_param/environment/ament_prefix_path.dsv
-- Up-to-date: /home/lihaoting/ROS2/ws01_plumbing/src/install/cpp04_param/share/cpp04_param/environment/path.sh
-- Up-to-date: /home/lihaoting/ROS2/ws01_plumbing/src/install/cpp04_param/share/cpp04_param/environment/path.dsv
-- Up-to-date: /home/lihaoting/ROS2/ws01_plumbing/src/install/cpp04_param/share/cpp04_param/local_setup.bash
-- Up-to-date: /home/lihaoting/ROS2/ws01_plumbing/src/install/cpp04_param/share/cpp04_param/local_setup.sh
-- Up-to-date: /home/lihaoting/ROS2/ws01_plumbing/src/install/cpp04_param/share/cpp04_param/local_setup.zsh
-- Up-to-date: /home/lihaoting/ROS2/ws01_plumbing/src/install/cpp04_param/share/cpp04_param/local_setup.dsv
-- Installing: /home/lihaoting/ROS2/ws01_plumbing/src/install/cpp04_param/share/cpp04_param/package.dsv
-- Up-to-date: /home/lihaoting/ROS2/ws01_plumbing/src/install/cpp04_param/share/ament_index/resource_index/packages/cpp04_param
-- Up-to-date: /home/lihaoting/ROS2/ws01_plumbing/src/install/cpp04_param/share/cpp04_param/cmake/cpp04_paramConfig.cmake
-- Up-to-date: /home/lihaoting/ROS2/ws01_plumbing/src/install/cpp04_param/share/cpp04_param/cmake/cpp04_paramConfig-version.cmake
-- Up-to-date: /home/lihaoting/ROS2/ws01_plumbing/src/install/cpp04_param/share/cpp04_param/package.xml
