[0.025s] Invoking command in '/home/lihaoting/ROS2/ws01_plumbing/src/build/cpp04_param': CMAKE_PREFIX_PATH=${CMAKE_PREFIX_PATH}:/home/lihaoting/ROS2/ws01_plumbing/src/install/py01_topic:/opt/ros/jazzy DEBUGINFOD_URLS=https://debuginfod.ubuntu.com /usr/bin/cmake --build /home/lihaoting/ROS2/ws01_plumbing/src/build/cpp04_param -- -j2 -l2
[0.135s] -- Found ament_cmake: 2.5.4 (/opt/ros/jazzy/share/ament_cmake/cmake)
[1.278s] -- Found rclcpp: 28.1.9 (/opt/ros/jazzy/share/rclcpp/cmake)
[1.465s] -- Found rosidl_generator_c: 4.6.5 (/opt/ros/jazzy/share/rosidl_generator_c/cmake)
[1.479s] -- Found rosidl_generator_cpp: 4.6.5 (/opt/ros/jazzy/share/rosidl_generator_cpp/cmake)
[1.495s] -- Using all available rosidl_typesupport_c: rosidl_typesupport_fastrtps_c;rosidl_typesupport_introspection_c
[1.595s] -- Using all available rosidl_typesupport_cpp: rosidl_typesupport_fastrtps_cpp;rosidl_typesupport_introspection_cpp
[1.826s] -- Found rmw_implementation_cmake: 7.3.2 (/opt/ros/jazzy/share/rmw_implementation_cmake/cmake)
[1.828s] -- Found rmw_fastrtps_cpp: 8.4.2 (/opt/ros/jazzy/share/rmw_fastrtps_cpp/cmake)
[2.132s] -- Using RMW implementation 'rmw_fastrtps_cpp' as default
[2.405s] -- Found ament_lint_auto: 0.17.2 (/opt/ros/jazzy/share/ament_lint_auto/cmake)
[2.707s] -- Added test 'cppcheck' to perform static code analysis on C / C++ code
[2.707s] -- Configured cppcheck include dirs: $<BUILD_INTERFACE:/home/lihaoting/ROS2/ws01_plumbing/src/cpp04_param/include>
[2.707s] -- Configured cppcheck exclude dirs and/or files: 
[2.709s] -- Added test 'lint_cmake' to check CMake code style
[2.716s] -- Added test 'uncrustify' to check C / C++ code style
[2.716s] -- Configured uncrustify additional arguments: 
[2.716s] -- Added test 'xmllint' to check XML markup files
[2.727s] -- Configuring done (2.6s)
[2.804s] -- Generating done (0.1s)
[2.832s] -- Build files have been written to: /home/lihaoting/ROS2/ws01_plumbing/src/build/cpp04_param
[3.022s] [ 50%] Built target demo01_param_server
[3.060s] [ 75%] [32m[1mLinking CXX executable demo02_param_client[0m
[3.313s] [100%] Built target demo02_param_client
[3.350s] Invoked command in '/home/lihaoting/ROS2/ws01_plumbing/src/build/cpp04_param' returned '0': CMAKE_PREFIX_PATH=${CMAKE_PREFIX_PATH}:/home/lihaoting/ROS2/ws01_plumbing/src/install/py01_topic:/opt/ros/jazzy DEBUGINFOD_URLS=https://debuginfod.ubuntu.com /usr/bin/cmake --build /home/lihaoting/ROS2/ws01_plumbing/src/build/cpp04_param -- -j2 -l2
[3.352s] Invoking command in '/home/lihaoting/ROS2/ws01_plumbing/src/build/cpp04_param': CMAKE_PREFIX_PATH=${CMAKE_PREFIX_PATH}:/home/lihaoting/ROS2/ws01_plumbing/src/install/py01_topic:/opt/ros/jazzy DEBUGINFOD_URLS=https://debuginfod.ubuntu.com /usr/bin/cmake --install /home/lihaoting/ROS2/ws01_plumbing/src/build/cpp04_param
[3.384s] -- Install configuration: ""
[3.384s] -- Up-to-date: /home/lihaoting/ROS2/ws01_plumbing/src/install/cpp04_param/lib/cpp04_param/demo01_param_server
[3.384s] -- Installing: /home/lihaoting/ROS2/ws01_plumbing/src/install/cpp04_param/lib/cpp04_param/demo02_param_client
[3.384s] -- Set non-toolchain portion of runtime path of "/home/lihaoting/ROS2/ws01_plumbing/src/install/cpp04_param/lib/cpp04_param/demo02_param_client" to ""
[3.384s] -- Up-to-date: /home/lihaoting/ROS2/ws01_plumbing/src/install/cpp04_param/share/ament_index/resource_index/package_run_dependencies/cpp04_param
[3.384s] -- Installing: /home/lihaoting/ROS2/ws01_plumbing/src/install/cpp04_param/share/ament_index/resource_index/parent_prefix_path/cpp04_param
[3.393s] -- Up-to-date: /home/lihaoting/ROS2/ws01_plumbing/src/install/cpp04_param/share/cpp04_param/environment/ament_prefix_path.sh
[3.393s] -- Up-to-date: /home/lihaoting/ROS2/ws01_plumbing/src/install/cpp04_param/share/cpp04_param/environment/ament_prefix_path.dsv
[3.393s] -- Up-to-date: /home/lihaoting/ROS2/ws01_plumbing/src/install/cpp04_param/share/cpp04_param/environment/path.sh
[3.393s] -- Up-to-date: /home/lihaoting/ROS2/ws01_plumbing/src/install/cpp04_param/share/cpp04_param/environment/path.dsv
[3.393s] -- Up-to-date: /home/lihaoting/ROS2/ws01_plumbing/src/install/cpp04_param/share/cpp04_param/local_setup.bash
[3.393s] -- Up-to-date: /home/lihaoting/ROS2/ws01_plumbing/src/install/cpp04_param/share/cpp04_param/local_setup.sh
[3.393s] -- Up-to-date: /home/lihaoting/ROS2/ws01_plumbing/src/install/cpp04_param/share/cpp04_param/local_setup.zsh
[3.394s] -- Up-to-date: /home/lihaoting/ROS2/ws01_plumbing/src/install/cpp04_param/share/cpp04_param/local_setup.dsv
[3.394s] -- Installing: /home/lihaoting/ROS2/ws01_plumbing/src/install/cpp04_param/share/cpp04_param/package.dsv
[3.394s] -- Up-to-date: /home/lihaoting/ROS2/ws01_plumbing/src/install/cpp04_param/share/ament_index/resource_index/packages/cpp04_param
[3.396s] -- Up-to-date: /home/lihaoting/ROS2/ws01_plumbing/src/install/cpp04_param/share/cpp04_param/cmake/cpp04_paramConfig.cmake
[3.396s] -- Up-to-date: /home/lihaoting/ROS2/ws01_plumbing/src/install/cpp04_param/share/cpp04_param/cmake/cpp04_paramConfig-version.cmake
[3.396s] -- Up-to-date: /home/lihaoting/ROS2/ws01_plumbing/src/install/cpp04_param/share/cpp04_param/package.xml
[3.401s] Invoked command in '/home/lihaoting/ROS2/ws01_plumbing/src/build/cpp04_param' returned '0': CMAKE_PREFIX_PATH=${CMAKE_PREFIX_PATH}:/home/lihaoting/ROS2/ws01_plumbing/src/install/py01_topic:/opt/ros/jazzy DEBUGINFOD_URLS=https://debuginfod.ubuntu.com /usr/bin/cmake --install /home/lihaoting/ROS2/ws01_plumbing/src/build/cpp04_param
