[0.035s] Invoking command in '/home/lihaoting/ROS2/ws01_plumbing/src/build/cpp01_topic': AMENT_PREFIX_PATH=/home/lihaoting/ROS2/ws01_plumbing/src/install/base_interfaces_demo:${AMENT_PREFIX_PATH} CMAKE_PREFIX_PATH=/home/lihaoting/ROS2/ws01_plumbing/src/install/base_interfaces_demo:/home/lihaoting/.local/share/Trash/files/install:/home/lihaoting/.local/share/Trash/files/install:/opt/ros/jazzy/opt/gz_math_vendor:/opt/ros/jazzy/opt/gz_utils_vendor:/opt/ros/jazzy/opt/gz_cmake_vendor:/opt/ros/jazzy DEBUGINFOD_URLS=https://debuginfod.ubuntu.com LD_LIBRARY_PATH=/home/lihaoting/ROS2/ws01_plumbing/src/install/base_interfaces_demo/lib:${LD_LIBRARY_PATH} PYTHONPATH=/home/lihaoting/ROS2/ws01_plumbing/src/install/base_interfaces_demo/lib/python3.12/site-packages:${PYTHONPATH} /usr/bin/cmake --build /home/lihaoting/ROS2/ws01_plumbing/src/build/cpp01_topic -- -j2 -l2
[0.324s] [ 25%] Built target demo01_talker_str
[0.394s] [ 50%] Built target demo02_listener_str
[0.536s] [ 75%] Built target demo03_talker_stu
[0.669s] [100%] Built target demo04_listener_stu
[0.705s] Invoked command in '/home/lihaoting/ROS2/ws01_plumbing/src/build/cpp01_topic' returned '0': AMENT_PREFIX_PATH=/home/lihaoting/ROS2/ws01_plumbing/src/install/base_interfaces_demo:${AMENT_PREFIX_PATH} CMAKE_PREFIX_PATH=/home/lihaoting/ROS2/ws01_plumbing/src/install/base_interfaces_demo:/home/lihaoting/.local/share/Trash/files/install:/home/lihaoting/.local/share/Trash/files/install:/opt/ros/jazzy/opt/gz_math_vendor:/opt/ros/jazzy/opt/gz_utils_vendor:/opt/ros/jazzy/opt/gz_cmake_vendor:/opt/ros/jazzy DEBUGINFOD_URLS=https://debuginfod.ubuntu.com LD_LIBRARY_PATH=/home/lihaoting/ROS2/ws01_plumbing/src/install/base_interfaces_demo/lib:${LD_LIBRARY_PATH} PYTHONPATH=/home/lihaoting/ROS2/ws01_plumbing/src/install/base_interfaces_demo/lib/python3.12/site-packages:${PYTHONPATH} /usr/bin/cmake --build /home/lihaoting/ROS2/ws01_plumbing/src/build/cpp01_topic -- -j2 -l2
[0.707s] Invoking command in '/home/lihaoting/ROS2/ws01_plumbing/src/build/cpp01_topic': AMENT_PREFIX_PATH=/home/lihaoting/ROS2/ws01_plumbing/src/install/base_interfaces_demo:${AMENT_PREFIX_PATH} CMAKE_PREFIX_PATH=/home/lihaoting/ROS2/ws01_plumbing/src/install/base_interfaces_demo:/home/lihaoting/.local/share/Trash/files/install:/home/lihaoting/.local/share/Trash/files/install:/opt/ros/jazzy/opt/gz_math_vendor:/opt/ros/jazzy/opt/gz_utils_vendor:/opt/ros/jazzy/opt/gz_cmake_vendor:/opt/ros/jazzy DEBUGINFOD_URLS=https://debuginfod.ubuntu.com LD_LIBRARY_PATH=/home/lihaoting/ROS2/ws01_plumbing/src/install/base_interfaces_demo/lib:${LD_LIBRARY_PATH} PYTHONPATH=/home/lihaoting/ROS2/ws01_plumbing/src/install/base_interfaces_demo/lib/python3.12/site-packages:${PYTHONPATH} /usr/bin/cmake --install /home/lihaoting/ROS2/ws01_plumbing/src/build/cpp01_topic
[0.746s] -- Install configuration: ""
[0.746s] -- Up-to-date: /home/lihaoting/ROS2/ws01_plumbing/src/install/cpp01_topic/lib/cpp01_topic/demo01_talker_str
[0.747s] -- Up-to-date: /home/lihaoting/ROS2/ws01_plumbing/src/install/cpp01_topic/lib/cpp01_topic/demo02_listener_str
[0.751s] -- Up-to-date: /home/lihaoting/ROS2/ws01_plumbing/src/install/cpp01_topic/lib/cpp01_topic/demo03_talker_stu
[0.751s] -- Up-to-date: /home/lihaoting/ROS2/ws01_plumbing/src/install/cpp01_topic/lib/cpp01_topic/demo04_listener_stu
[0.751s] -- Up-to-date: /home/lihaoting/ROS2/ws01_plumbing/src/install/cpp01_topic/share/ament_index/resource_index/package_run_dependencies/cpp01_topic
[0.751s] -- Up-to-date: /home/lihaoting/ROS2/ws01_plumbing/src/install/cpp01_topic/share/ament_index/resource_index/parent_prefix_path/cpp01_topic
[0.751s] -- Up-to-date: /home/lihaoting/ROS2/ws01_plumbing/src/install/cpp01_topic/share/cpp01_topic/environment/ament_prefix_path.sh
[0.752s] -- Up-to-date: /home/lihaoting/ROS2/ws01_plumbing/src/install/cpp01_topic/share/cpp01_topic/environment/ament_prefix_path.dsv
[0.753s] -- Up-to-date: /home/lihaoting/ROS2/ws01_plumbing/src/install/cpp01_topic/share/cpp01_topic/environment/path.sh
[0.758s] -- Up-to-date: /home/lihaoting/ROS2/ws01_plumbing/src/install/cpp01_topic/share/cpp01_topic/environment/path.dsv
[0.758s] -- Up-to-date: /home/lihaoting/ROS2/ws01_plumbing/src/install/cpp01_topic/share/cpp01_topic/local_setup.bash
[0.758s] -- Up-to-date: /home/lihaoting/ROS2/ws01_plumbing/src/install/cpp01_topic/share/cpp01_topic/local_setup.sh
[0.758s] -- Up-to-date: /home/lihaoting/ROS2/ws01_plumbing/src/install/cpp01_topic/share/cpp01_topic/local_setup.zsh
[0.758s] -- Up-to-date: /home/lihaoting/ROS2/ws01_plumbing/src/install/cpp01_topic/share/cpp01_topic/local_setup.dsv
[0.758s] -- Installing: /home/lihaoting/ROS2/ws01_plumbing/src/install/cpp01_topic/share/cpp01_topic/package.dsv
[0.759s] -- Up-to-date: /home/lihaoting/ROS2/ws01_plumbing/src/install/cpp01_topic/share/ament_index/resource_index/packages/cpp01_topic
[0.759s] -- Up-to-date: /home/lihaoting/ROS2/ws01_plumbing/src/install/cpp01_topic/share/cpp01_topic/cmake/cpp01_topicConfig.cmake
[0.759s] -- Up-to-date: /home/lihaoting/ROS2/ws01_plumbing/src/install/cpp01_topic/share/cpp01_topic/cmake/cpp01_topicConfig-version.cmake
[0.759s] -- Up-to-date: /home/lihaoting/ROS2/ws01_plumbing/src/install/cpp01_topic/share/cpp01_topic/package.xml
[0.768s] Invoked command in '/home/lihaoting/ROS2/ws01_plumbing/src/build/cpp01_topic' returned '0': AMENT_PREFIX_PATH=/home/lihaoting/ROS2/ws01_plumbing/src/install/base_interfaces_demo:${AMENT_PREFIX_PATH} CMAKE_PREFIX_PATH=/home/lihaoting/ROS2/ws01_plumbing/src/install/base_interfaces_demo:/home/lihaoting/.local/share/Trash/files/install:/home/lihaoting/.local/share/Trash/files/install:/opt/ros/jazzy/opt/gz_math_vendor:/opt/ros/jazzy/opt/gz_utils_vendor:/opt/ros/jazzy/opt/gz_cmake_vendor:/opt/ros/jazzy DEBUGINFOD_URLS=https://debuginfod.ubuntu.com LD_LIBRARY_PATH=/home/lihaoting/ROS2/ws01_plumbing/src/install/base_interfaces_demo/lib:${LD_LIBRARY_PATH} PYTHONPATH=/home/lihaoting/ROS2/ws01_plumbing/src/install/base_interfaces_demo/lib/python3.12/site-packages:${PYTHONPATH} /usr/bin/cmake --install /home/lihaoting/ROS2/ws01_plumbing/src/build/cpp01_topic
