[0.123s] Invoking command in '/home/lihaoting/ROS2/ws01_plumbing/src/build/cpp02_service': CMAKE_PREFIX_PATH=/home/lihaoting/ROS2/ws01_plumbing/src/install/base_interfaces_demo:/home/lihaoting/ROS2/ws01_plumbing/src/install/cpp01_topic:/home/lihaoting/.local/share/Trash/files/install:/opt/ros/jazzy/opt/gz_math_vendor:/opt/ros/jazzy/opt/gz_utils_vendor:/opt/ros/jazzy/opt/gz_cmake_vendor:/home/lihaoting/ROS2/ws01_plumbing/src/install/py01_topic:/opt/ros/jazzy DEBUGINFOD_URLS=https://debuginfod.ubuntu.com PYTHONPATH=/home/lihaoting/ROS2/ws01_plumbing/src/install/base_interfaces_demo/lib/python3.12/site-packages:/home/lihaoting/ROS2/ws01_plumbing/src/install/py01_topic/lib/python3.12/site-packages:/opt/ros/jazzy/lib/python3.12/site-packages /usr/bin/cmake /home/lihaoting/ROS2/ws01_plumbing/src/cpp02_service -DCMAKE_INSTALL_PREFIX=/home/lihaoting/ROS2/ws01_plumbing/src/install/cpp02_service
[0.421s] -- The C compiler identification is GNU 13.3.0
[0.544s] -- The CXX compiler identification is GNU 13.3.0
[0.593s] -- Detecting C compiler ABI info
[0.761s] -- Detecting C compiler ABI info - done
[0.767s] -- Check for working C compiler: /usr/bin/cc - skipped
[0.770s] -- Detecting C compile features
[0.786s] -- Detecting C compile features - done
[0.802s] -- Detecting CXX compiler ABI info
[0.939s] -- Detecting CXX compiler ABI info - done
[0.956s] -- Check for working CXX compiler: /usr/bin/c++ - skipped
[0.956s] -- Detecting CXX compile features
[0.958s] -- Detecting CXX compile features - done
[0.979s] -- Found ament_cmake: 2.5.4 (/opt/ros/jazzy/share/ament_cmake/cmake)
[1.156s] -- Found Python3: /usr/bin/python3 (found version "3.12.3") found components: Interpreter 
[1.339s] -- Found rclcpp: 28.1.9 (/opt/ros/jazzy/share/rclcpp/cmake)
[1.392s] -- Found rosidl_generator_c: 4.6.5 (/opt/ros/jazzy/share/rosidl_generator_c/cmake)
[1.408s] -- Found rosidl_generator_cpp: 4.6.5 (/opt/ros/jazzy/share/rosidl_generator_cpp/cmake)
[1.428s] -- Using all available rosidl_typesupport_c: rosidl_typesupport_fastrtps_c;rosidl_typesupport_introspection_c
[1.449s] -- Using all available rosidl_typesupport_cpp: rosidl_typesupport_fastrtps_cpp;rosidl_typesupport_introspection_cpp
[1.725s] -- Found rmw_implementation_cmake: 7.3.2 (/opt/ros/jazzy/share/rmw_implementation_cmake/cmake)
[1.755s] -- Found rmw_fastrtps_cpp: 8.4.2 (/opt/ros/jazzy/share/rmw_fastrtps_cpp/cmake)
[2.173s] -- Found OpenSSL: /usr/lib/x86_64-linux-gnu/libcrypto.so (found version "3.0.13")  
[2.231s] -- Found FastRTPS: /opt/ros/jazzy/include (Required is at least version "2.13") 
[2.260s] -- Using RMW implementation 'rmw_fastrtps_cpp' as default
[2.504s] -- Found base_interfaces_demo: 0.0.0 (/home/lihaoting/ROS2/ws01_plumbing/src/install/base_interfaces_demo/share/base_interfaces_demo/cmake)
[2.531s] -- Found ament_lint_auto: 0.17.2 (/opt/ros/jazzy/share/ament_lint_auto/cmake)
[2.790s] -- Added test 'cppcheck' to perform static code analysis on C / C++ code
[2.790s] -- Configured cppcheck include dirs: $<BUILD_INTERFACE:/home/lihaoting/ROS2/ws01_plumbing/src/cpp02_service/include>
[2.790s] -- Configured cppcheck exclude dirs and/or files: 
[2.792s] -- Added test 'lint_cmake' to check CMake code style
[2.795s] -- Added test 'uncrustify' to check C / C++ code style
[2.796s] -- Configured uncrustify additional arguments: 
[2.797s] -- Added test 'xmllint' to check XML markup files
[2.800s] -- Configuring done (2.7s)
[2.815s] -- Generating done (0.0s)
[2.824s] -- Build files have been written to: /home/lihaoting/ROS2/ws01_plumbing/src/build/cpp02_service
[2.837s] Invoked command in '/home/lihaoting/ROS2/ws01_plumbing/src/build/cpp02_service' returned '0': CMAKE_PREFIX_PATH=/home/lihaoting/ROS2/ws01_plumbing/src/install/base_interfaces_demo:/home/lihaoting/ROS2/ws01_plumbing/src/install/cpp01_topic:/home/lihaoting/.local/share/Trash/files/install:/opt/ros/jazzy/opt/gz_math_vendor:/opt/ros/jazzy/opt/gz_utils_vendor:/opt/ros/jazzy/opt/gz_cmake_vendor:/home/lihaoting/ROS2/ws01_plumbing/src/install/py01_topic:/opt/ros/jazzy DEBUGINFOD_URLS=https://debuginfod.ubuntu.com PYTHONPATH=/home/lihaoting/ROS2/ws01_plumbing/src/install/base_interfaces_demo/lib/python3.12/site-packages:/home/lihaoting/ROS2/ws01_plumbing/src/install/py01_topic/lib/python3.12/site-packages:/opt/ros/jazzy/lib/python3.12/site-packages /usr/bin/cmake /home/lihaoting/ROS2/ws01_plumbing/src/cpp02_service -DCMAKE_INSTALL_PREFIX=/home/lihaoting/ROS2/ws01_plumbing/src/install/cpp02_service
[2.838s] Invoking command in '/home/lihaoting/ROS2/ws01_plumbing/src/build/cpp02_service': CMAKE_PREFIX_PATH=/home/lihaoting/ROS2/ws01_plumbing/src/install/base_interfaces_demo:/home/lihaoting/ROS2/ws01_plumbing/src/install/cpp01_topic:/home/lihaoting/.local/share/Trash/files/install:/opt/ros/jazzy/opt/gz_math_vendor:/opt/ros/jazzy/opt/gz_utils_vendor:/opt/ros/jazzy/opt/gz_cmake_vendor:/home/lihaoting/ROS2/ws01_plumbing/src/install/py01_topic:/opt/ros/jazzy DEBUGINFOD_URLS=https://debuginfod.ubuntu.com PYTHONPATH=/home/lihaoting/ROS2/ws01_plumbing/src/install/base_interfaces_demo/lib/python3.12/site-packages:/home/lihaoting/ROS2/ws01_plumbing/src/install/py01_topic/lib/python3.12/site-packages:/opt/ros/jazzy/lib/python3.12/site-packages /usr/bin/cmake --build /home/lihaoting/ROS2/ws01_plumbing/src/build/cpp02_service -- -j2 -l2
[2.904s] [ 25%] [32mBuilding CXX object CMakeFiles/demo01_server.dir/src/demo01_server.cpp.o[0m
[2.905s] [ 50%] [32mBuilding CXX object CMakeFiles/demo02_client.dir/src/demo02_client.cpp.o[0m
[13.953s] [ 75%] [32m[1mLinking CXX executable demo01_server[0m
[14.122s] [100%] [32m[1mLinking CXX executable demo02_client[0m
[14.432s] [100%] Built target demo01_server
[14.467s] [100%] Built target demo02_client
[14.487s] Invoked command in '/home/lihaoting/ROS2/ws01_plumbing/src/build/cpp02_service' returned '0': CMAKE_PREFIX_PATH=/home/lihaoting/ROS2/ws01_plumbing/src/install/base_interfaces_demo:/home/lihaoting/ROS2/ws01_plumbing/src/install/cpp01_topic:/home/lihaoting/.local/share/Trash/files/install:/opt/ros/jazzy/opt/gz_math_vendor:/opt/ros/jazzy/opt/gz_utils_vendor:/opt/ros/jazzy/opt/gz_cmake_vendor:/home/lihaoting/ROS2/ws01_plumbing/src/install/py01_topic:/opt/ros/jazzy DEBUGINFOD_URLS=https://debuginfod.ubuntu.com PYTHONPATH=/home/lihaoting/ROS2/ws01_plumbing/src/install/base_interfaces_demo/lib/python3.12/site-packages:/home/lihaoting/ROS2/ws01_plumbing/src/install/py01_topic/lib/python3.12/site-packages:/opt/ros/jazzy/lib/python3.12/site-packages /usr/bin/cmake --build /home/lihaoting/ROS2/ws01_plumbing/src/build/cpp02_service -- -j2 -l2
[14.499s] Invoking command in '/home/lihaoting/ROS2/ws01_plumbing/src/build/cpp02_service': CMAKE_PREFIX_PATH=/home/lihaoting/ROS2/ws01_plumbing/src/install/base_interfaces_demo:/home/lihaoting/ROS2/ws01_plumbing/src/install/cpp01_topic:/home/lihaoting/.local/share/Trash/files/install:/opt/ros/jazzy/opt/gz_math_vendor:/opt/ros/jazzy/opt/gz_utils_vendor:/opt/ros/jazzy/opt/gz_cmake_vendor:/home/lihaoting/ROS2/ws01_plumbing/src/install/py01_topic:/opt/ros/jazzy DEBUGINFOD_URLS=https://debuginfod.ubuntu.com PYTHONPATH=/home/lihaoting/ROS2/ws01_plumbing/src/install/base_interfaces_demo/lib/python3.12/site-packages:/home/lihaoting/ROS2/ws01_plumbing/src/install/py01_topic/lib/python3.12/site-packages:/opt/ros/jazzy/lib/python3.12/site-packages /usr/bin/cmake --install /home/lihaoting/ROS2/ws01_plumbing/src/build/cpp02_service
[14.508s] -- Install configuration: ""
[14.509s] -- Installing: /home/lihaoting/ROS2/ws01_plumbing/src/install/cpp02_service/lib/cpp02_service/demo01_server
[14.510s] -- Set non-toolchain portion of runtime path of "/home/lihaoting/ROS2/ws01_plumbing/src/install/cpp02_service/lib/cpp02_service/demo01_server" to ""
[14.510s] -- Installing: /home/lihaoting/ROS2/ws01_plumbing/src/install/cpp02_service/lib/cpp02_service/demo02_client
[14.511s] -- Set non-toolchain portion of runtime path of "/home/lihaoting/ROS2/ws01_plumbing/src/install/cpp02_service/lib/cpp02_service/demo02_client" to ""
[14.511s] -- Installing: /home/lihaoting/ROS2/ws01_plumbing/src/install/cpp02_service/share/ament_index/resource_index/package_run_dependencies/cpp02_service
[14.511s] -- Installing: /home/lihaoting/ROS2/ws01_plumbing/src/install/cpp02_service/share/ament_index/resource_index/parent_prefix_path/cpp02_service
[14.513s] -- Installing: /home/lihaoting/ROS2/ws01_plumbing/src/install/cpp02_service/share/cpp02_service/environment/ament_prefix_path.sh
[14.513s] -- Installing: /home/lihaoting/ROS2/ws01_plumbing/src/install/cpp02_service/share/cpp02_service/environment/ament_prefix_path.dsv
[14.513s] -- Installing: /home/lihaoting/ROS2/ws01_plumbing/src/install/cpp02_service/share/cpp02_service/environment/path.sh
[14.513s] -- Installing: /home/lihaoting/ROS2/ws01_plumbing/src/install/cpp02_service/share/cpp02_service/environment/path.dsv
[14.513s] -- Installing: /home/lihaoting/ROS2/ws01_plumbing/src/install/cpp02_service/share/cpp02_service/local_setup.bash
[14.514s] -- Installing: /home/lihaoting/ROS2/ws01_plumbing/src/install/cpp02_service/share/cpp02_service/local_setup.sh
[14.515s] -- Installing: /home/lihaoting/ROS2/ws01_plumbing/src/install/cpp02_service/share/cpp02_service/local_setup.zsh
[14.515s] -- Installing: /home/lihaoting/ROS2/ws01_plumbing/src/install/cpp02_service/share/cpp02_service/local_setup.dsv
[14.516s] -- Installing: /home/lihaoting/ROS2/ws01_plumbing/src/install/cpp02_service/share/cpp02_service/package.dsv
[14.516s] -- Installing: /home/lihaoting/ROS2/ws01_plumbing/src/install/cpp02_service/share/ament_index/resource_index/packages/cpp02_service
[14.516s] -- Installing: /home/lihaoting/ROS2/ws01_plumbing/src/install/cpp02_service/share/cpp02_service/cmake/cpp02_serviceConfig.cmake
[14.516s] -- Installing: /home/lihaoting/ROS2/ws01_plumbing/src/install/cpp02_service/share/cpp02_service/cmake/cpp02_serviceConfig-version.cmake
[14.517s] -- Installing: /home/lihaoting/ROS2/ws01_plumbing/src/install/cpp02_service/share/cpp02_service/package.xml
[14.519s] Invoked command in '/home/lihaoting/ROS2/ws01_plumbing/src/build/cpp02_service' returned '0': CMAKE_PREFIX_PATH=/home/lihaoting/ROS2/ws01_plumbing/src/install/base_interfaces_demo:/home/lihaoting/ROS2/ws01_plumbing/src/install/cpp01_topic:/home/lihaoting/.local/share/Trash/files/install:/opt/ros/jazzy/opt/gz_math_vendor:/opt/ros/jazzy/opt/gz_utils_vendor:/opt/ros/jazzy/opt/gz_cmake_vendor:/home/lihaoting/ROS2/ws01_plumbing/src/install/py01_topic:/opt/ros/jazzy DEBUGINFOD_URLS=https://debuginfod.ubuntu.com PYTHONPATH=/home/lihaoting/ROS2/ws01_plumbing/src/install/base_interfaces_demo/lib/python3.12/site-packages:/home/lihaoting/ROS2/ws01_plumbing/src/install/py01_topic/lib/python3.12/site-packages:/opt/ros/jazzy/lib/python3.12/site-packages /usr/bin/cmake --install /home/lihaoting/ROS2/ws01_plumbing/src/build/cpp02_service
