[0.165s] DEBUG:colcon:Command line arguments: ['/usr/bin/colcon', 'build', '--packages-select', 'cpp01_topic']
[0.165s] DEBUG:colcon:Parsed command line arguments: Namespace(log_base=None, log_level=None, verb_name='build', build_base='build', install_base='install', merge_install=False, symlink_install=False, test_result_base=None, continue_on_error=False, executor='parallel', parallel_workers=2, event_handlers=None, ignore_user_meta=False, metas=['./colcon.meta'], base_paths=['.'], packages_ignore=None, packages_ignore_regex=None, paths=None, packages_up_to=None, packages_up_to_regex=None, packages_above=None, packages_above_and_dependencies=None, packages_above_depth=None, packages_select_by_dep=None, packages_skip_by_dep=None, packages_skip_up_to=None, packages_select_build_failed=False, packages_skip_build_finished=False, packages_select_test_failures=False, packages_skip_test_passed=False, packages_select=['cpp01_topic'], packages_skip=None, packages_select_regex=None, packages_skip_regex=None, packages_start=None, packages_end=None, allow_overriding=[], cmake_args=None, cmake_target=None, cmake_target_skip_unavailable=False, cmake_clean_cache=False, cmake_clean_first=False, cmake_force_configure=False, ament_cmake_args=None, catkin_cmake_args=None, catkin_skip_building_tests=False, verb_parser=<colcon_defaults.argument_parser.defaults.DefaultArgumentsDecorator object at 0x72ba65d79190>, verb_extension=<colcon_core.verb.build.BuildVerb object at 0x72ba65d790a0>, main=<bound method BuildVerb.main of <colcon_core.verb.build.BuildVerb object at 0x72ba65d790a0>>)
[0.226s] Level 1:colcon.colcon_core.package_discovery:discover_packages(colcon_meta) check parameters
[0.227s] Level 1:colcon.colcon_core.package_discovery:discover_packages(recursive) check parameters
[0.227s] Level 1:colcon.colcon_core.package_discovery:discover_packages(ignore) check parameters
[0.227s] Level 1:colcon.colcon_core.package_discovery:discover_packages(path) check parameters
[0.227s] Level 1:colcon.colcon_core.package_discovery:discover_packages(colcon_meta) discover
[0.228s] Level 1:colcon.colcon_core.package_discovery:discover_packages(recursive) discover
[0.228s] INFO:colcon.colcon_core.package_discovery:Crawling recursively for packages in '/home/lihaoting/ROS2/ws01_plumbing/src'
[0.228s] Level 1:colcon.colcon_core.package_identification:_identify(.) by extensions ['ignore', 'ignore_ament_install']
[0.228s] Level 1:colcon.colcon_core.package_identification:_identify(.) by extension 'ignore'
[0.228s] Level 1:colcon.colcon_core.package_identification:_identify(.) by extension 'ignore_ament_install'
[0.228s] Level 1:colcon.colcon_core.package_identification:_identify(.) by extensions ['colcon_pkg']
[0.228s] Level 1:colcon.colcon_core.package_identification:_identify(.) by extension 'colcon_pkg'
[0.229s] Level 1:colcon.colcon_core.package_identification:_identify(.) by extensions ['colcon_meta']
[0.229s] Level 1:colcon.colcon_core.package_identification:_identify(.) by extension 'colcon_meta'
[0.229s] Level 1:colcon.colcon_core.package_identification:_identify(.) by extensions ['ros']
[0.230s] Level 1:colcon.colcon_core.package_identification:_identify(.) by extension 'ros'
[0.268s] Level 1:colcon.colcon_core.package_identification:_identify(.) by extensions ['cmake', 'python']
[0.268s] Level 1:colcon.colcon_core.package_identification:_identify(.) by extension 'cmake'
[0.268s] Level 1:colcon.colcon_core.package_identification:_identify(.) by extension 'python'
[0.268s] Level 1:colcon.colcon_core.package_identification:_identify(.) by extensions ['python_setup_py']
[0.268s] Level 1:colcon.colcon_core.package_identification:_identify(.) by extension 'python_setup_py'
[0.269s] Level 1:colcon.colcon_core.package_identification:_identify(base_interfaces_demo) by extensions ['ignore', 'ignore_ament_install']
[0.269s] Level 1:colcon.colcon_core.package_identification:_identify(base_interfaces_demo) by extension 'ignore'
[0.269s] Level 1:colcon.colcon_core.package_identification:_identify(base_interfaces_demo) by extension 'ignore_ament_install'
[0.269s] Level 1:colcon.colcon_core.package_identification:_identify(base_interfaces_demo) by extensions ['colcon_pkg']
[0.269s] Level 1:colcon.colcon_core.package_identification:_identify(base_interfaces_demo) by extension 'colcon_pkg'
[0.269s] Level 1:colcon.colcon_core.package_identification:_identify(base_interfaces_demo) by extensions ['colcon_meta']
[0.269s] Level 1:colcon.colcon_core.package_identification:_identify(base_interfaces_demo) by extension 'colcon_meta'
[0.269s] Level 1:colcon.colcon_core.package_identification:_identify(base_interfaces_demo) by extensions ['ros']
[0.269s] Level 1:colcon.colcon_core.package_identification:_identify(base_interfaces_demo) by extension 'ros'
[0.274s] DEBUG:colcon.colcon_core.package_identification:Package 'base_interfaces_demo' with type 'ros.ament_cmake' and name 'base_interfaces_demo'
[0.275s] Level 1:colcon.colcon_core.package_identification:_identify(build) by extensions ['ignore', 'ignore_ament_install']
[0.275s] Level 1:colcon.colcon_core.package_identification:_identify(build) by extension 'ignore'
[0.275s] Level 1:colcon.colcon_core.package_identification:_identify(build) ignored
[0.276s] Level 1:colcon.colcon_core.package_identification:_identify(cpp01_topic) by extensions ['ignore', 'ignore_ament_install']
[0.276s] Level 1:colcon.colcon_core.package_identification:_identify(cpp01_topic) by extension 'ignore'
[0.276s] Level 1:colcon.colcon_core.package_identification:_identify(cpp01_topic) by extension 'ignore_ament_install'
[0.276s] Level 1:colcon.colcon_core.package_identification:_identify(cpp01_topic) by extensions ['colcon_pkg']
[0.276s] Level 1:colcon.colcon_core.package_identification:_identify(cpp01_topic) by extension 'colcon_pkg'
[0.276s] Level 1:colcon.colcon_core.package_identification:_identify(cpp01_topic) by extensions ['colcon_meta']
[0.276s] Level 1:colcon.colcon_core.package_identification:_identify(cpp01_topic) by extension 'colcon_meta'
[0.276s] Level 1:colcon.colcon_core.package_identification:_identify(cpp01_topic) by extensions ['ros']
[0.276s] Level 1:colcon.colcon_core.package_identification:_identify(cpp01_topic) by extension 'ros'
[0.278s] DEBUG:colcon.colcon_core.package_identification:Package 'cpp01_topic' with type 'ros.ament_cmake' and name 'cpp01_topic'
[0.278s] Level 1:colcon.colcon_core.package_identification:_identify(install) by extensions ['ignore', 'ignore_ament_install']
[0.278s] Level 1:colcon.colcon_core.package_identification:_identify(install) by extension 'ignore'
[0.279s] Level 1:colcon.colcon_core.package_identification:_identify(install) ignored
[0.279s] Level 1:colcon.colcon_core.package_identification:_identify(log) by extensions ['ignore', 'ignore_ament_install']
[0.279s] Level 1:colcon.colcon_core.package_identification:_identify(log) by extension 'ignore'
[0.279s] Level 1:colcon.colcon_core.package_identification:_identify(log) ignored
[0.279s] Level 1:colcon.colcon_core.package_identification:_identify(py01_topic) by extensions ['ignore', 'ignore_ament_install']
[0.282s] Level 1:colcon.colcon_core.package_identification:_identify(py01_topic) by extension 'ignore'
[0.282s] Level 1:colcon.colcon_core.package_identification:_identify(py01_topic) by extension 'ignore_ament_install'
[0.282s] Level 1:colcon.colcon_core.package_identification:_identify(py01_topic) by extensions ['colcon_pkg']
[0.283s] Level 1:colcon.colcon_core.package_identification:_identify(py01_topic) by extension 'colcon_pkg'
[0.283s] Level 1:colcon.colcon_core.package_identification:_identify(py01_topic) by extensions ['colcon_meta']
[0.283s] Level 1:colcon.colcon_core.package_identification:_identify(py01_topic) by extension 'colcon_meta'
[0.283s] Level 1:colcon.colcon_core.package_identification:_identify(py01_topic) by extensions ['ros']
[0.283s] Level 1:colcon.colcon_core.package_identification:_identify(py01_topic) by extension 'ros'
[0.284s] DEBUG:colcon.colcon_core.package_identification:Package 'py01_topic' with type 'ros.ament_python' and name 'py01_topic'
[0.284s] Level 1:colcon.colcon_core.package_discovery:discover_packages(recursive) using defaults
[0.284s] Level 1:colcon.colcon_core.package_discovery:discover_packages(ignore) discover
[0.284s] Level 1:colcon.colcon_core.package_discovery:discover_packages(ignore) using defaults
[0.285s] Level 1:colcon.colcon_core.package_discovery:discover_packages(path) discover
[0.285s] Level 1:colcon.colcon_core.package_discovery:discover_packages(path) using defaults
[0.309s] INFO:colcon.colcon_core.package_selection:Skipping not selected package 'base_interfaces_demo' in 'base_interfaces_demo'
[0.309s] INFO:colcon.colcon_core.package_selection:Skipping not selected package 'py01_topic' in 'py01_topic'
[0.309s] Level 1:colcon.colcon_core.package_discovery:discover_packages(prefix_path) check parameters
[0.310s] Level 1:colcon.colcon_core.package_discovery:discover_packages(prefix_path) discover
[0.311s] WARNING:colcon.colcon_ros.prefix_path.catkin:The path '/home/lihaoting/.local/share/Trash/files/install' in the environment variable CMAKE_PREFIX_PATH doesn't exist
[0.315s] DEBUG:colcon.colcon_installed_package_information.package_discovery:Found 3 installed packages in /home/lihaoting/ROS2/ws01_plumbing/src/install
[0.320s] DEBUG:colcon.colcon_installed_package_information.package_discovery:Found 285 installed packages in /opt/ros/jazzy
[0.322s] Level 1:colcon.colcon_core.package_discovery:discover_packages(prefix_path) using defaults
[0.462s] Level 5:colcon.colcon_core.verb:set package 'cpp01_topic' build argument 'cmake_args' from command line to 'None'
[0.466s] Level 5:colcon.colcon_core.verb:set package 'cpp01_topic' build argument 'cmake_target' from command line to 'None'
[0.466s] Level 5:colcon.colcon_core.verb:set package 'cpp01_topic' build argument 'cmake_target_skip_unavailable' from command line to 'False'
[0.466s] Level 5:colcon.colcon_core.verb:set package 'cpp01_topic' build argument 'cmake_clean_cache' from command line to 'False'
[0.466s] Level 5:colcon.colcon_core.verb:set package 'cpp01_topic' build argument 'cmake_clean_first' from command line to 'False'
[0.466s] Level 5:colcon.colcon_core.verb:set package 'cpp01_topic' build argument 'cmake_force_configure' from command line to 'False'
[0.466s] Level 5:colcon.colcon_core.verb:set package 'cpp01_topic' build argument 'ament_cmake_args' from command line to 'None'
[0.466s] Level 5:colcon.colcon_core.verb:set package 'cpp01_topic' build argument 'catkin_cmake_args' from command line to 'None'
[0.466s] Level 5:colcon.colcon_core.verb:set package 'cpp01_topic' build argument 'catkin_skip_building_tests' from command line to 'False'
[0.466s] DEBUG:colcon.colcon_core.verb:Building package 'cpp01_topic' with the following arguments: {'ament_cmake_args': None, 'build_base': '/home/lihaoting/ROS2/ws01_plumbing/src/build/cpp01_topic', 'catkin_cmake_args': None, 'catkin_skip_building_tests': False, 'cmake_args': None, 'cmake_clean_cache': False, 'cmake_clean_first': False, 'cmake_force_configure': False, 'cmake_target': None, 'cmake_target_skip_unavailable': False, 'install_base': '/home/lihaoting/ROS2/ws01_plumbing/src/install/cpp01_topic', 'merge_install': False, 'path': '/home/lihaoting/ROS2/ws01_plumbing/src/cpp01_topic', 'symlink_install': False, 'test_result_base': None}
[0.466s] INFO:colcon.colcon_core.executor:Executing jobs using 'parallel' executor
[0.468s] DEBUG:colcon.colcon_parallel_executor.executor.parallel:run_until_complete
[0.472s] INFO:colcon.colcon_ros.task.ament_cmake.build:Building ROS package in '/home/lihaoting/ROS2/ws01_plumbing/src/cpp01_topic' with build type 'ament_cmake'
[0.473s] INFO:colcon.colcon_cmake.task.cmake.build:Building CMake package in '/home/lihaoting/ROS2/ws01_plumbing/src/cpp01_topic'
[0.480s] INFO:colcon.colcon_core.plugin_system:Skipping extension 'colcon_core.shell.bat': Not used on non-Windows systems
[0.480s] INFO:colcon.colcon_core.shell:Skip shell extension 'powershell' for command environment: Not usable outside of PowerShell
[0.480s] DEBUG:colcon.colcon_core.shell:Skip shell extension 'dsv' for command environment
[0.536s] DEBUG:colcon.colcon_core.event_handler.log_command:Invoking command in '/home/lihaoting/ROS2/ws01_plumbing/src/build/cpp01_topic': CMAKE_PREFIX_PATH=/home/lihaoting/ROS2/ws01_plumbing/src/install/base_interfaces_demo:/home/lihaoting/ROS2/ws01_plumbing/src/install/cpp01_topic:/home/lihaoting/.local/share/Trash/files/install:/opt/ros/jazzy/opt/gz_math_vendor:/opt/ros/jazzy/opt/gz_utils_vendor:/opt/ros/jazzy/opt/gz_cmake_vendor:/home/lihaoting/ROS2/ws01_plumbing/src/install/py01_topic:/opt/ros/jazzy DEBUGINFOD_URLS=https://debuginfod.ubuntu.com PYTHONPATH=/home/lihaoting/ROS2/ws01_plumbing/src/install/base_interfaces_demo/lib/python3.12/site-packages:/home/lihaoting/ROS2/ws01_plumbing/src/install/py01_topic/lib/python3.12/site-packages:/opt/ros/jazzy/lib/python3.12/site-packages /usr/bin/cmake --build /home/lihaoting/ROS2/ws01_plumbing/src/build/cpp01_topic -- -j2 -l2
[16.789s] DEBUG:colcon.colcon_core.event_handler.log_command:Invoked command in '/home/lihaoting/ROS2/ws01_plumbing/src/build/cpp01_topic' returned '0': CMAKE_PREFIX_PATH=/home/lihaoting/ROS2/ws01_plumbing/src/install/base_interfaces_demo:/home/lihaoting/ROS2/ws01_plumbing/src/install/cpp01_topic:/home/lihaoting/.local/share/Trash/files/install:/opt/ros/jazzy/opt/gz_math_vendor:/opt/ros/jazzy/opt/gz_utils_vendor:/opt/ros/jazzy/opt/gz_cmake_vendor:/home/lihaoting/ROS2/ws01_plumbing/src/install/py01_topic:/opt/ros/jazzy DEBUGINFOD_URLS=https://debuginfod.ubuntu.com PYTHONPATH=/home/lihaoting/ROS2/ws01_plumbing/src/install/base_interfaces_demo/lib/python3.12/site-packages:/home/lihaoting/ROS2/ws01_plumbing/src/install/py01_topic/lib/python3.12/site-packages:/opt/ros/jazzy/lib/python3.12/site-packages /usr/bin/cmake --build /home/lihaoting/ROS2/ws01_plumbing/src/build/cpp01_topic -- -j2 -l2
[16.803s] DEBUG:colcon.colcon_core.event_handler.log_command:Invoking command in '/home/lihaoting/ROS2/ws01_plumbing/src/build/cpp01_topic': CMAKE_PREFIX_PATH=/home/lihaoting/ROS2/ws01_plumbing/src/install/base_interfaces_demo:/home/lihaoting/ROS2/ws01_plumbing/src/install/cpp01_topic:/home/lihaoting/.local/share/Trash/files/install:/opt/ros/jazzy/opt/gz_math_vendor:/opt/ros/jazzy/opt/gz_utils_vendor:/opt/ros/jazzy/opt/gz_cmake_vendor:/home/lihaoting/ROS2/ws01_plumbing/src/install/py01_topic:/opt/ros/jazzy DEBUGINFOD_URLS=https://debuginfod.ubuntu.com PYTHONPATH=/home/lihaoting/ROS2/ws01_plumbing/src/install/base_interfaces_demo/lib/python3.12/site-packages:/home/lihaoting/ROS2/ws01_plumbing/src/install/py01_topic/lib/python3.12/site-packages:/opt/ros/jazzy/lib/python3.12/site-packages /usr/bin/cmake --install /home/lihaoting/ROS2/ws01_plumbing/src/build/cpp01_topic
[16.932s] Level 1:colcon.colcon_core.environment:create_environment_scripts_only(cpp01_topic)
[16.940s] Level 1:colcon.colcon_core.environment:checking '/home/lihaoting/ROS2/ws01_plumbing/src/install/cpp01_topic' for CMake module files
[16.942s] DEBUG:colcon.colcon_core.event_handler.log_command:Invoked command in '/home/lihaoting/ROS2/ws01_plumbing/src/build/cpp01_topic' returned '0': CMAKE_PREFIX_PATH=/home/lihaoting/ROS2/ws01_plumbing/src/install/base_interfaces_demo:/home/lihaoting/ROS2/ws01_plumbing/src/install/cpp01_topic:/home/lihaoting/.local/share/Trash/files/install:/opt/ros/jazzy/opt/gz_math_vendor:/opt/ros/jazzy/opt/gz_utils_vendor:/opt/ros/jazzy/opt/gz_cmake_vendor:/home/lihaoting/ROS2/ws01_plumbing/src/install/py01_topic:/opt/ros/jazzy DEBUGINFOD_URLS=https://debuginfod.ubuntu.com PYTHONPATH=/home/lihaoting/ROS2/ws01_plumbing/src/install/base_interfaces_demo/lib/python3.12/site-packages:/home/lihaoting/ROS2/ws01_plumbing/src/install/py01_topic/lib/python3.12/site-packages:/opt/ros/jazzy/lib/python3.12/site-packages /usr/bin/cmake --install /home/lihaoting/ROS2/ws01_plumbing/src/build/cpp01_topic
[16.944s] Level 1:colcon.colcon_core.environment:checking '/home/lihaoting/ROS2/ws01_plumbing/src/install/cpp01_topic' for CMake config files
[16.945s] Level 1:colcon.colcon_core.shell:create_environment_hook('cpp01_topic', 'cmake_prefix_path')
[16.945s] INFO:colcon.colcon_core.shell:Creating environment hook '/home/lihaoting/ROS2/ws01_plumbing/src/install/cpp01_topic/share/cpp01_topic/hook/cmake_prefix_path.ps1'
[16.947s] INFO:colcon.colcon_core.shell:Creating environment descriptor '/home/lihaoting/ROS2/ws01_plumbing/src/install/cpp01_topic/share/cpp01_topic/hook/cmake_prefix_path.dsv'
[16.949s] INFO:colcon.colcon_core.shell:Creating environment hook '/home/lihaoting/ROS2/ws01_plumbing/src/install/cpp01_topic/share/cpp01_topic/hook/cmake_prefix_path.sh'
[16.952s] Level 1:colcon.colcon_core.environment:checking '/home/lihaoting/ROS2/ws01_plumbing/src/install/cpp01_topic/lib'
[16.953s] Level 1:colcon.colcon_core.environment:checking '/home/lihaoting/ROS2/ws01_plumbing/src/install/cpp01_topic/bin'
[16.953s] Level 1:colcon.colcon_core.environment:checking '/home/lihaoting/ROS2/ws01_plumbing/src/install/cpp01_topic/lib/pkgconfig/cpp01_topic.pc'
[16.953s] Level 1:colcon.colcon_core.environment:checking '/home/lihaoting/ROS2/ws01_plumbing/src/install/cpp01_topic/lib/python3.12/site-packages'
[16.956s] Level 1:colcon.colcon_core.environment:checking '/home/lihaoting/ROS2/ws01_plumbing/src/install/cpp01_topic/bin'
[16.956s] INFO:colcon.colcon_core.shell:Creating package script '/home/lihaoting/ROS2/ws01_plumbing/src/install/cpp01_topic/share/cpp01_topic/package.ps1'
[16.959s] INFO:colcon.colcon_core.shell:Creating package descriptor '/home/lihaoting/ROS2/ws01_plumbing/src/install/cpp01_topic/share/cpp01_topic/package.dsv'
[16.962s] INFO:colcon.colcon_core.shell:Creating package script '/home/lihaoting/ROS2/ws01_plumbing/src/install/cpp01_topic/share/cpp01_topic/package.sh'
[16.966s] INFO:colcon.colcon_core.shell:Creating package script '/home/lihaoting/ROS2/ws01_plumbing/src/install/cpp01_topic/share/cpp01_topic/package.bash'
[16.968s] INFO:colcon.colcon_core.shell:Creating package script '/home/lihaoting/ROS2/ws01_plumbing/src/install/cpp01_topic/share/cpp01_topic/package.zsh'
[16.974s] Level 1:colcon.colcon_core.environment:create_file_with_runtime_dependencies(/home/lihaoting/ROS2/ws01_plumbing/src/install/cpp01_topic/share/colcon-core/packages/cpp01_topic)
[16.977s] Level 1:colcon.colcon_core.environment:create_environment_scripts_only(cpp01_topic)
[16.977s] Level 1:colcon.colcon_core.environment:checking '/home/lihaoting/ROS2/ws01_plumbing/src/install/cpp01_topic' for CMake module files
[16.978s] Level 1:colcon.colcon_core.environment:checking '/home/lihaoting/ROS2/ws01_plumbing/src/install/cpp01_topic' for CMake config files
[16.978s] Level 1:colcon.colcon_core.shell:create_environment_hook('cpp01_topic', 'cmake_prefix_path')
[16.978s] INFO:colcon.colcon_core.shell:Creating environment hook '/home/lihaoting/ROS2/ws01_plumbing/src/install/cpp01_topic/share/cpp01_topic/hook/cmake_prefix_path.ps1'
[16.981s] INFO:colcon.colcon_core.shell:Creating environment descriptor '/home/lihaoting/ROS2/ws01_plumbing/src/install/cpp01_topic/share/cpp01_topic/hook/cmake_prefix_path.dsv'
[16.981s] INFO:colcon.colcon_core.shell:Creating environment hook '/home/lihaoting/ROS2/ws01_plumbing/src/install/cpp01_topic/share/cpp01_topic/hook/cmake_prefix_path.sh'
[16.982s] Level 1:colcon.colcon_core.environment:checking '/home/lihaoting/ROS2/ws01_plumbing/src/install/cpp01_topic/lib'
[16.982s] Level 1:colcon.colcon_core.environment:checking '/home/lihaoting/ROS2/ws01_plumbing/src/install/cpp01_topic/bin'
[16.982s] Level 1:colcon.colcon_core.environment:checking '/home/lihaoting/ROS2/ws01_plumbing/src/install/cpp01_topic/lib/pkgconfig/cpp01_topic.pc'
[16.982s] Level 1:colcon.colcon_core.environment:checking '/home/lihaoting/ROS2/ws01_plumbing/src/install/cpp01_topic/lib/python3.12/site-packages'
[16.982s] Level 1:colcon.colcon_core.environment:checking '/home/lihaoting/ROS2/ws01_plumbing/src/install/cpp01_topic/bin'
[16.983s] INFO:colcon.colcon_core.shell:Creating package script '/home/lihaoting/ROS2/ws01_plumbing/src/install/cpp01_topic/share/cpp01_topic/package.ps1'
[16.983s] INFO:colcon.colcon_core.shell:Creating package descriptor '/home/lihaoting/ROS2/ws01_plumbing/src/install/cpp01_topic/share/cpp01_topic/package.dsv'
[16.984s] INFO:colcon.colcon_core.shell:Creating package script '/home/lihaoting/ROS2/ws01_plumbing/src/install/cpp01_topic/share/cpp01_topic/package.sh'
[16.985s] INFO:colcon.colcon_core.shell:Creating package script '/home/lihaoting/ROS2/ws01_plumbing/src/install/cpp01_topic/share/cpp01_topic/package.bash'
[16.985s] INFO:colcon.colcon_core.shell:Creating package script '/home/lihaoting/ROS2/ws01_plumbing/src/install/cpp01_topic/share/cpp01_topic/package.zsh'
[16.986s] Level 1:colcon.colcon_core.environment:create_file_with_runtime_dependencies(/home/lihaoting/ROS2/ws01_plumbing/src/install/cpp01_topic/share/colcon-core/packages/cpp01_topic)
[16.986s] DEBUG:colcon.colcon_parallel_executor.executor.parallel:closing loop
[16.987s] DEBUG:colcon.colcon_parallel_executor.executor.parallel:loop closed
[16.987s] DEBUG:colcon.colcon_parallel_executor.executor.parallel:run_until_complete finished with '0'
[16.987s] DEBUG:colcon.colcon_core.event_reactor:joining thread
[16.998s] INFO:colcon.colcon_core.plugin_system:Skipping extension 'colcon_notification.desktop_notification.terminal_notifier': Not used on non-Darwin systems
[16.998s] INFO:colcon.colcon_core.plugin_system:Skipping extension 'colcon_notification.desktop_notification.win32': Not used on non-Windows systems
[16.998s] INFO:colcon.colcon_notification.desktop_notification:Sending desktop notification using 'notify2'
[17.026s] DEBUG:colcon.colcon_core.event_reactor:joined thread
[17.027s] INFO:colcon.colcon_core.shell:Creating prefix script '/home/lihaoting/ROS2/ws01_plumbing/src/install/local_setup.ps1'
[17.028s] INFO:colcon.colcon_core.shell:Creating prefix util module '/home/lihaoting/ROS2/ws01_plumbing/src/install/_local_setup_util_ps1.py'
[17.029s] INFO:colcon.colcon_core.shell:Creating prefix chain script '/home/lihaoting/ROS2/ws01_plumbing/src/install/setup.ps1'
[17.031s] INFO:colcon.colcon_core.shell:Creating prefix script '/home/lihaoting/ROS2/ws01_plumbing/src/install/local_setup.sh'
[17.031s] INFO:colcon.colcon_core.shell:Creating prefix util module '/home/lihaoting/ROS2/ws01_plumbing/src/install/_local_setup_util_sh.py'
[17.033s] INFO:colcon.colcon_core.shell:Creating prefix chain script '/home/lihaoting/ROS2/ws01_plumbing/src/install/setup.sh'
[17.034s] INFO:colcon.colcon_core.shell:Creating prefix script '/home/lihaoting/ROS2/ws01_plumbing/src/install/local_setup.bash'
[17.035s] INFO:colcon.colcon_core.shell:Creating prefix chain script '/home/lihaoting/ROS2/ws01_plumbing/src/install/setup.bash'
[17.036s] INFO:colcon.colcon_core.shell:Creating prefix script '/home/lihaoting/ROS2/ws01_plumbing/src/install/local_setup.zsh'
[17.039s] INFO:colcon.colcon_core.shell:Creating prefix chain script '/home/lihaoting/ROS2/ws01_plumbing/src/install/setup.zsh'
