[0.186s] DEBUG:colcon:Command line arguments: ['/usr/bin/colcon', 'build']
[0.186s] DEBUG:colcon:Parsed command line arguments: Namespace(log_base=None, log_level=None, verb_name='build', build_base='build', install_base='install', merge_install=False, symlink_install=False, test_result_base=None, continue_on_error=False, executor='parallel', parallel_workers=2, event_handlers=None, ignore_user_meta=False, metas=['./colcon.meta'], base_paths=['.'], packages_ignore=None, packages_ignore_regex=None, paths=None, packages_up_to=None, packages_up_to_regex=None, packages_above=None, packages_above_and_dependencies=None, packages_above_depth=None, packages_select_by_dep=None, packages_skip_by_dep=None, packages_skip_up_to=None, packages_select_build_failed=False, packages_skip_build_finished=False, packages_select_test_failures=False, packages_skip_test_passed=False, packages_select=None, packages_skip=None, packages_select_regex=None, packages_skip_regex=None, packages_start=None, packages_end=None, allow_overriding=[], cmake_args=None, cmake_target=None, cmake_target_skip_unavailable=False, cmake_clean_cache=False, cmake_clean_first=False, cmake_force_configure=False, ament_cmake_args=None, catkin_cmake_args=None, catkin_skip_building_tests=False, verb_parser=<colcon_defaults.argument_parser.defaults.DefaultArgumentsDecorator object at 0x79d58f078d10>, verb_extension=<colcon_core.verb.build.BuildVerb object at 0x79d58f078c50>, main=<bound method BuildVerb.main of <colcon_core.verb.build.BuildVerb object at 0x79d58f078c50>>)
[0.252s] Level 1:colcon.colcon_core.package_discovery:discover_packages(colcon_meta) check parameters
[0.252s] Level 1:colcon.colcon_core.package_discovery:discover_packages(recursive) check parameters
[0.252s] Level 1:colcon.colcon_core.package_discovery:discover_packages(ignore) check parameters
[0.252s] Level 1:colcon.colcon_core.package_discovery:discover_packages(path) check parameters
[0.252s] Level 1:colcon.colcon_core.package_discovery:discover_packages(colcon_meta) discover
[0.253s] Level 1:colcon.colcon_core.package_discovery:discover_packages(recursive) discover
[0.253s] INFO:colcon.colcon_core.package_discovery:Crawling recursively for packages in '/home/lihaoting/ROS2/ws01_plumbing/src'
[0.253s] Level 1:colcon.colcon_core.package_identification:_identify(.) by extensions ['ignore', 'ignore_ament_install']
[0.253s] Level 1:colcon.colcon_core.package_identification:_identify(.) by extension 'ignore'
[0.253s] Level 1:colcon.colcon_core.package_identification:_identify(.) by extension 'ignore_ament_install'
[0.253s] Level 1:colcon.colcon_core.package_identification:_identify(.) by extensions ['colcon_pkg']
[0.253s] Level 1:colcon.colcon_core.package_identification:_identify(.) by extension 'colcon_pkg'
[0.253s] Level 1:colcon.colcon_core.package_identification:_identify(.) by extensions ['colcon_meta']
[0.253s] Level 1:colcon.colcon_core.package_identification:_identify(.) by extension 'colcon_meta'
[0.253s] Level 1:colcon.colcon_core.package_identification:_identify(.) by extensions ['ros']
[0.253s] Level 1:colcon.colcon_core.package_identification:_identify(.) by extension 'ros'
[0.301s] Level 1:colcon.colcon_core.package_identification:_identify(.) by extensions ['cmake', 'python']
[0.301s] Level 1:colcon.colcon_core.package_identification:_identify(.) by extension 'cmake'
[0.302s] Level 1:colcon.colcon_core.package_identification:_identify(.) by extension 'python'
[0.302s] Level 1:colcon.colcon_core.package_identification:_identify(.) by extensions ['python_setup_py']
[0.302s] Level 1:colcon.colcon_core.package_identification:_identify(.) by extension 'python_setup_py'
[0.302s] Level 1:colcon.colcon_core.package_identification:_identify(base_interfaces_demo) by extensions ['ignore', 'ignore_ament_install']
[0.302s] Level 1:colcon.colcon_core.package_identification:_identify(base_interfaces_demo) by extension 'ignore'
[0.302s] Level 1:colcon.colcon_core.package_identification:_identify(base_interfaces_demo) by extension 'ignore_ament_install'
[0.303s] Level 1:colcon.colcon_core.package_identification:_identify(base_interfaces_demo) by extensions ['colcon_pkg']
[0.303s] Level 1:colcon.colcon_core.package_identification:_identify(base_interfaces_demo) by extension 'colcon_pkg'
[0.303s] Level 1:colcon.colcon_core.package_identification:_identify(base_interfaces_demo) by extensions ['colcon_meta']
[0.303s] Level 1:colcon.colcon_core.package_identification:_identify(base_interfaces_demo) by extension 'colcon_meta'
[0.303s] Level 1:colcon.colcon_core.package_identification:_identify(base_interfaces_demo) by extensions ['ros']
[0.303s] Level 1:colcon.colcon_core.package_identification:_identify(base_interfaces_demo) by extension 'ros'
[0.311s] DEBUG:colcon.colcon_core.package_identification:Package 'base_interfaces_demo' with type 'ros.ament_cmake' and name 'base_interfaces_demo'
[0.312s] Level 1:colcon.colcon_core.package_identification:_identify(build) by extensions ['ignore', 'ignore_ament_install']
[0.312s] Level 1:colcon.colcon_core.package_identification:_identify(build) by extension 'ignore'
[0.312s] Level 1:colcon.colcon_core.package_identification:_identify(build) ignored
[0.312s] Level 1:colcon.colcon_core.package_identification:_identify(cpp01_topic) by extensions ['ignore', 'ignore_ament_install']
[0.313s] Level 1:colcon.colcon_core.package_identification:_identify(cpp01_topic) by extension 'ignore'
[0.313s] Level 1:colcon.colcon_core.package_identification:_identify(cpp01_topic) by extension 'ignore_ament_install'
[0.313s] Level 1:colcon.colcon_core.package_identification:_identify(cpp01_topic) by extensions ['colcon_pkg']
[0.313s] Level 1:colcon.colcon_core.package_identification:_identify(cpp01_topic) by extension 'colcon_pkg'
[0.313s] Level 1:colcon.colcon_core.package_identification:_identify(cpp01_topic) by extensions ['colcon_meta']
[0.313s] Level 1:colcon.colcon_core.package_identification:_identify(cpp01_topic) by extension 'colcon_meta'
[0.313s] Level 1:colcon.colcon_core.package_identification:_identify(cpp01_topic) by extensions ['ros']
[0.314s] Level 1:colcon.colcon_core.package_identification:_identify(cpp01_topic) by extension 'ros'
[0.314s] DEBUG:colcon.colcon_core.package_identification:Package 'cpp01_topic' with type 'ros.ament_cmake' and name 'cpp01_topic'
[0.315s] Level 1:colcon.colcon_core.package_identification:_identify(cpp02_service) by extensions ['ignore', 'ignore_ament_install']
[0.315s] Level 1:colcon.colcon_core.package_identification:_identify(cpp02_service) by extension 'ignore'
[0.315s] Level 1:colcon.colcon_core.package_identification:_identify(cpp02_service) by extension 'ignore_ament_install'
[0.315s] Level 1:colcon.colcon_core.package_identification:_identify(cpp02_service) by extensions ['colcon_pkg']
[0.315s] Level 1:colcon.colcon_core.package_identification:_identify(cpp02_service) by extension 'colcon_pkg'
[0.315s] Level 1:colcon.colcon_core.package_identification:_identify(cpp02_service) by extensions ['colcon_meta']
[0.315s] Level 1:colcon.colcon_core.package_identification:_identify(cpp02_service) by extension 'colcon_meta'
[0.315s] Level 1:colcon.colcon_core.package_identification:_identify(cpp02_service) by extensions ['ros']
[0.316s] Level 1:colcon.colcon_core.package_identification:_identify(cpp02_service) by extension 'ros'
[0.317s] DEBUG:colcon.colcon_core.package_identification:Package 'cpp02_service' with type 'ros.ament_cmake' and name 'cpp02_service'
[0.317s] Level 1:colcon.colcon_core.package_identification:_identify(cpp03_action) by extensions ['ignore', 'ignore_ament_install']
[0.318s] Level 1:colcon.colcon_core.package_identification:_identify(cpp03_action) by extension 'ignore'
[0.318s] Level 1:colcon.colcon_core.package_identification:_identify(cpp03_action) by extension 'ignore_ament_install'
[0.318s] Level 1:colcon.colcon_core.package_identification:_identify(cpp03_action) by extensions ['colcon_pkg']
[0.318s] Level 1:colcon.colcon_core.package_identification:_identify(cpp03_action) by extension 'colcon_pkg'
[0.318s] Level 1:colcon.colcon_core.package_identification:_identify(cpp03_action) by extensions ['colcon_meta']
[0.318s] Level 1:colcon.colcon_core.package_identification:_identify(cpp03_action) by extension 'colcon_meta'
[0.318s] Level 1:colcon.colcon_core.package_identification:_identify(cpp03_action) by extensions ['ros']
[0.318s] Level 1:colcon.colcon_core.package_identification:_identify(cpp03_action) by extension 'ros'
[0.319s] DEBUG:colcon.colcon_core.package_identification:Package 'cpp03_action' with type 'ros.ament_cmake' and name 'cpp03_action'
[0.319s] Level 1:colcon.colcon_core.package_identification:_identify(install) by extensions ['ignore', 'ignore_ament_install']
[0.320s] Level 1:colcon.colcon_core.package_identification:_identify(install) by extension 'ignore'
[0.320s] Level 1:colcon.colcon_core.package_identification:_identify(install) ignored
[0.320s] Level 1:colcon.colcon_core.package_identification:_identify(log) by extensions ['ignore', 'ignore_ament_install']
[0.320s] Level 1:colcon.colcon_core.package_identification:_identify(log) by extension 'ignore'
[0.321s] Level 1:colcon.colcon_core.package_identification:_identify(log) ignored
[0.321s] Level 1:colcon.colcon_core.package_discovery:discover_packages(recursive) using defaults
[0.321s] Level 1:colcon.colcon_core.package_discovery:discover_packages(ignore) discover
[0.321s] Level 1:colcon.colcon_core.package_discovery:discover_packages(ignore) using defaults
[0.321s] Level 1:colcon.colcon_core.package_discovery:discover_packages(path) discover
[0.321s] Level 1:colcon.colcon_core.package_discovery:discover_packages(path) using defaults
[0.342s] Level 1:colcon.colcon_core.package_discovery:discover_packages(prefix_path) check parameters
[0.343s] Level 1:colcon.colcon_core.package_discovery:discover_packages(prefix_path) discover
[0.346s] WARNING:colcon.colcon_ros.prefix_path.catkin:The path '/home/lihaoting/.local/share/Trash/files/install' in the environment variable CMAKE_PREFIX_PATH doesn't exist
[0.349s] DEBUG:colcon.colcon_installed_package_information.package_discovery:Found 285 installed packages in /opt/ros/jazzy
[0.350s] Level 1:colcon.colcon_core.package_discovery:discover_packages(prefix_path) using defaults
[0.509s] Level 5:colcon.colcon_core.verb:set package 'base_interfaces_demo' build argument 'cmake_args' from command line to 'None'
[0.509s] Level 5:colcon.colcon_core.verb:set package 'base_interfaces_demo' build argument 'cmake_target' from command line to 'None'
[0.509s] Level 5:colcon.colcon_core.verb:set package 'base_interfaces_demo' build argument 'cmake_target_skip_unavailable' from command line to 'False'
[0.509s] Level 5:colcon.colcon_core.verb:set package 'base_interfaces_demo' build argument 'cmake_clean_cache' from command line to 'False'
[0.509s] Level 5:colcon.colcon_core.verb:set package 'base_interfaces_demo' build argument 'cmake_clean_first' from command line to 'False'
[0.509s] Level 5:colcon.colcon_core.verb:set package 'base_interfaces_demo' build argument 'cmake_force_configure' from command line to 'False'
[0.509s] Level 5:colcon.colcon_core.verb:set package 'base_interfaces_demo' build argument 'ament_cmake_args' from command line to 'None'
[0.509s] Level 5:colcon.colcon_core.verb:set package 'base_interfaces_demo' build argument 'catkin_cmake_args' from command line to 'None'
[0.509s] Level 5:colcon.colcon_core.verb:set package 'base_interfaces_demo' build argument 'catkin_skip_building_tests' from command line to 'False'
[0.510s] DEBUG:colcon.colcon_core.verb:Building package 'base_interfaces_demo' with the following arguments: {'ament_cmake_args': None, 'build_base': '/home/lihaoting/ROS2/ws01_plumbing/src/build/base_interfaces_demo', 'catkin_cmake_args': None, 'catkin_skip_building_tests': False, 'cmake_args': None, 'cmake_clean_cache': False, 'cmake_clean_first': False, 'cmake_force_configure': False, 'cmake_target': None, 'cmake_target_skip_unavailable': False, 'install_base': '/home/lihaoting/ROS2/ws01_plumbing/src/install/base_interfaces_demo', 'merge_install': False, 'path': '/home/lihaoting/ROS2/ws01_plumbing/src/base_interfaces_demo', 'symlink_install': False, 'test_result_base': None}
[0.510s] Level 5:colcon.colcon_core.verb:set package 'cpp01_topic' build argument 'cmake_args' from command line to 'None'
[0.510s] Level 5:colcon.colcon_core.verb:set package 'cpp01_topic' build argument 'cmake_target' from command line to 'None'
[0.510s] Level 5:colcon.colcon_core.verb:set package 'cpp01_topic' build argument 'cmake_target_skip_unavailable' from command line to 'False'
[0.510s] Level 5:colcon.colcon_core.verb:set package 'cpp01_topic' build argument 'cmake_clean_cache' from command line to 'False'
[0.510s] Level 5:colcon.colcon_core.verb:set package 'cpp01_topic' build argument 'cmake_clean_first' from command line to 'False'
[0.510s] Level 5:colcon.colcon_core.verb:set package 'cpp01_topic' build argument 'cmake_force_configure' from command line to 'False'
[0.510s] Level 5:colcon.colcon_core.verb:set package 'cpp01_topic' build argument 'ament_cmake_args' from command line to 'None'
[0.510s] Level 5:colcon.colcon_core.verb:set package 'cpp01_topic' build argument 'catkin_cmake_args' from command line to 'None'
[0.510s] Level 5:colcon.colcon_core.verb:set package 'cpp01_topic' build argument 'catkin_skip_building_tests' from command line to 'False'
[0.510s] DEBUG:colcon.colcon_core.verb:Building package 'cpp01_topic' with the following arguments: {'ament_cmake_args': None, 'build_base': '/home/lihaoting/ROS2/ws01_plumbing/src/build/cpp01_topic', 'catkin_cmake_args': None, 'catkin_skip_building_tests': False, 'cmake_args': None, 'cmake_clean_cache': False, 'cmake_clean_first': False, 'cmake_force_configure': False, 'cmake_target': None, 'cmake_target_skip_unavailable': False, 'install_base': '/home/lihaoting/ROS2/ws01_plumbing/src/install/cpp01_topic', 'merge_install': False, 'path': '/home/lihaoting/ROS2/ws01_plumbing/src/cpp01_topic', 'symlink_install': False, 'test_result_base': None}
[0.510s] Level 5:colcon.colcon_core.verb:set package 'cpp02_service' build argument 'cmake_args' from command line to 'None'
[0.510s] Level 5:colcon.colcon_core.verb:set package 'cpp02_service' build argument 'cmake_target' from command line to 'None'
[0.510s] Level 5:colcon.colcon_core.verb:set package 'cpp02_service' build argument 'cmake_target_skip_unavailable' from command line to 'False'
[0.510s] Level 5:colcon.colcon_core.verb:set package 'cpp02_service' build argument 'cmake_clean_cache' from command line to 'False'
[0.510s] Level 5:colcon.colcon_core.verb:set package 'cpp02_service' build argument 'cmake_clean_first' from command line to 'False'
[0.510s] Level 5:colcon.colcon_core.verb:set package 'cpp02_service' build argument 'cmake_force_configure' from command line to 'False'
[0.510s] Level 5:colcon.colcon_core.verb:set package 'cpp02_service' build argument 'ament_cmake_args' from command line to 'None'
[0.511s] Level 5:colcon.colcon_core.verb:set package 'cpp02_service' build argument 'catkin_cmake_args' from command line to 'None'
[0.511s] Level 5:colcon.colcon_core.verb:set package 'cpp02_service' build argument 'catkin_skip_building_tests' from command line to 'False'
[0.511s] DEBUG:colcon.colcon_core.verb:Building package 'cpp02_service' with the following arguments: {'ament_cmake_args': None, 'build_base': '/home/lihaoting/ROS2/ws01_plumbing/src/build/cpp02_service', 'catkin_cmake_args': None, 'catkin_skip_building_tests': False, 'cmake_args': None, 'cmake_clean_cache': False, 'cmake_clean_first': False, 'cmake_force_configure': False, 'cmake_target': None, 'cmake_target_skip_unavailable': False, 'install_base': '/home/lihaoting/ROS2/ws01_plumbing/src/install/cpp02_service', 'merge_install': False, 'path': '/home/lihaoting/ROS2/ws01_plumbing/src/cpp02_service', 'symlink_install': False, 'test_result_base': None}
[0.511s] Level 5:colcon.colcon_core.verb:set package 'cpp03_action' build argument 'cmake_args' from command line to 'None'
[0.511s] Level 5:colcon.colcon_core.verb:set package 'cpp03_action' build argument 'cmake_target' from command line to 'None'
[0.511s] Level 5:colcon.colcon_core.verb:set package 'cpp03_action' build argument 'cmake_target_skip_unavailable' from command line to 'False'
[0.511s] Level 5:colcon.colcon_core.verb:set package 'cpp03_action' build argument 'cmake_clean_cache' from command line to 'False'
[0.511s] Level 5:colcon.colcon_core.verb:set package 'cpp03_action' build argument 'cmake_clean_first' from command line to 'False'
[0.511s] Level 5:colcon.colcon_core.verb:set package 'cpp03_action' build argument 'cmake_force_configure' from command line to 'False'
[0.511s] Level 5:colcon.colcon_core.verb:set package 'cpp03_action' build argument 'ament_cmake_args' from command line to 'None'
[0.511s] Level 5:colcon.colcon_core.verb:set package 'cpp03_action' build argument 'catkin_cmake_args' from command line to 'None'
[0.511s] Level 5:colcon.colcon_core.verb:set package 'cpp03_action' build argument 'catkin_skip_building_tests' from command line to 'False'
[0.511s] DEBUG:colcon.colcon_core.verb:Building package 'cpp03_action' with the following arguments: {'ament_cmake_args': None, 'build_base': '/home/lihaoting/ROS2/ws01_plumbing/src/build/cpp03_action', 'catkin_cmake_args': None, 'catkin_skip_building_tests': False, 'cmake_args': None, 'cmake_clean_cache': False, 'cmake_clean_first': False, 'cmake_force_configure': False, 'cmake_target': None, 'cmake_target_skip_unavailable': False, 'install_base': '/home/lihaoting/ROS2/ws01_plumbing/src/install/cpp03_action', 'merge_install': False, 'path': '/home/lihaoting/ROS2/ws01_plumbing/src/cpp03_action', 'symlink_install': False, 'test_result_base': None}
[0.511s] INFO:colcon.colcon_core.executor:Executing jobs using 'parallel' executor
[0.516s] DEBUG:colcon.colcon_parallel_executor.executor.parallel:run_until_complete
[0.516s] INFO:colcon.colcon_ros.task.ament_cmake.build:Building ROS package in '/home/lihaoting/ROS2/ws01_plumbing/src/base_interfaces_demo' with build type 'ament_cmake'
[0.516s] INFO:colcon.colcon_cmake.task.cmake.build:Building CMake package in '/home/lihaoting/ROS2/ws01_plumbing/src/base_interfaces_demo'
[0.518s] INFO:colcon.colcon_core.plugin_system:Skipping extension 'colcon_core.shell.bat': Not used on non-Windows systems
[0.519s] INFO:colcon.colcon_core.shell:Skip shell extension 'powershell' for command environment: Not usable outside of PowerShell
[0.519s] DEBUG:colcon.colcon_core.shell:Skip shell extension 'dsv' for command environment
[0.557s] DEBUG:colcon.colcon_core.event_handler.log_command:Invoking command in '/home/lihaoting/ROS2/ws01_plumbing/src/build/base_interfaces_demo': CMAKE_PREFIX_PATH=${CMAKE_PREFIX_PATH}:/opt/ros/jazzy DEBUGINFOD_URLS=https://debuginfod.ubuntu.com /usr/bin/cmake --build /home/lihaoting/ROS2/ws01_plumbing/src/build/base_interfaces_demo -- -j2 -l2
[2.839s] DEBUG:colcon.colcon_core.event_handler.log_command:Invoked command in '/home/lihaoting/ROS2/ws01_plumbing/src/build/base_interfaces_demo' returned '0': CMAKE_PREFIX_PATH=${CMAKE_PREFIX_PATH}:/opt/ros/jazzy DEBUGINFOD_URLS=https://debuginfod.ubuntu.com /usr/bin/cmake --build /home/lihaoting/ROS2/ws01_plumbing/src/build/base_interfaces_demo -- -j2 -l2
[2.876s] DEBUG:colcon.colcon_core.event_handler.log_command:Invoking command in '/home/lihaoting/ROS2/ws01_plumbing/src/build/base_interfaces_demo': CMAKE_PREFIX_PATH=${CMAKE_PREFIX_PATH}:/opt/ros/jazzy DEBUGINFOD_URLS=https://debuginfod.ubuntu.com /usr/bin/cmake --install /home/lihaoting/ROS2/ws01_plumbing/src/build/base_interfaces_demo
[3.055s] Level 1:colcon.colcon_core.environment:create_environment_scripts_only(base_interfaces_demo)
[3.061s] DEBUG:colcon.colcon_core.event_handler.log_command:Invoked command in '/home/lihaoting/ROS2/ws01_plumbing/src/build/base_interfaces_demo' returned '0': CMAKE_PREFIX_PATH=${CMAKE_PREFIX_PATH}:/opt/ros/jazzy DEBUGINFOD_URLS=https://debuginfod.ubuntu.com /usr/bin/cmake --install /home/lihaoting/ROS2/ws01_plumbing/src/build/base_interfaces_demo
[3.064s] Level 1:colcon.colcon_core.environment:checking '/home/lihaoting/ROS2/ws01_plumbing/src/install/base_interfaces_demo' for CMake module files
[3.068s] Level 1:colcon.colcon_core.environment:checking '/home/lihaoting/ROS2/ws01_plumbing/src/install/base_interfaces_demo' for CMake config files
[3.069s] Level 1:colcon.colcon_core.shell:create_environment_hook('base_interfaces_demo', 'cmake_prefix_path')
[3.069s] INFO:colcon.colcon_core.shell:Creating environment hook '/home/lihaoting/ROS2/ws01_plumbing/src/install/base_interfaces_demo/share/base_interfaces_demo/hook/cmake_prefix_path.ps1'
[3.072s] INFO:colcon.colcon_core.shell:Creating environment descriptor '/home/lihaoting/ROS2/ws01_plumbing/src/install/base_interfaces_demo/share/base_interfaces_demo/hook/cmake_prefix_path.dsv'
[3.074s] INFO:colcon.colcon_core.shell:Creating environment hook '/home/lihaoting/ROS2/ws01_plumbing/src/install/base_interfaces_demo/share/base_interfaces_demo/hook/cmake_prefix_path.sh'
[3.082s] Level 1:colcon.colcon_core.environment:checking '/home/lihaoting/ROS2/ws01_plumbing/src/install/base_interfaces_demo/lib'
[3.082s] Level 1:colcon.colcon_core.shell:create_environment_hook('base_interfaces_demo', 'ld_library_path_lib')
[3.082s] INFO:colcon.colcon_core.shell:Creating environment hook '/home/lihaoting/ROS2/ws01_plumbing/src/install/base_interfaces_demo/share/base_interfaces_demo/hook/ld_library_path_lib.ps1'
[3.085s] INFO:colcon.colcon_core.shell:Creating environment descriptor '/home/lihaoting/ROS2/ws01_plumbing/src/install/base_interfaces_demo/share/base_interfaces_demo/hook/ld_library_path_lib.dsv'
[3.086s] INFO:colcon.colcon_core.shell:Creating environment hook '/home/lihaoting/ROS2/ws01_plumbing/src/install/base_interfaces_demo/share/base_interfaces_demo/hook/ld_library_path_lib.sh'
[3.094s] Level 1:colcon.colcon_core.environment:checking '/home/lihaoting/ROS2/ws01_plumbing/src/install/base_interfaces_demo/bin'
[3.094s] Level 1:colcon.colcon_core.environment:checking '/home/lihaoting/ROS2/ws01_plumbing/src/install/base_interfaces_demo/lib/pkgconfig/base_interfaces_demo.pc'
[3.095s] Level 1:colcon.colcon_core.environment:checking '/home/lihaoting/ROS2/ws01_plumbing/src/install/base_interfaces_demo/lib/python3.12/site-packages'
[3.095s] Level 1:colcon.colcon_core.shell:create_environment_hook('base_interfaces_demo', 'pythonpath')
[3.095s] INFO:colcon.colcon_core.shell:Creating environment hook '/home/lihaoting/ROS2/ws01_plumbing/src/install/base_interfaces_demo/share/base_interfaces_demo/hook/pythonpath.ps1'
[3.106s] INFO:colcon.colcon_core.shell:Creating environment descriptor '/home/lihaoting/ROS2/ws01_plumbing/src/install/base_interfaces_demo/share/base_interfaces_demo/hook/pythonpath.dsv'
[3.106s] INFO:colcon.colcon_core.shell:Creating environment hook '/home/lihaoting/ROS2/ws01_plumbing/src/install/base_interfaces_demo/share/base_interfaces_demo/hook/pythonpath.sh'
[3.109s] Level 1:colcon.colcon_core.environment:checking '/home/lihaoting/ROS2/ws01_plumbing/src/install/base_interfaces_demo/bin'
[3.110s] INFO:colcon.colcon_core.shell:Creating package script '/home/lihaoting/ROS2/ws01_plumbing/src/install/base_interfaces_demo/share/base_interfaces_demo/package.ps1'
[3.115s] INFO:colcon.colcon_core.shell:Creating package descriptor '/home/lihaoting/ROS2/ws01_plumbing/src/install/base_interfaces_demo/share/base_interfaces_demo/package.dsv'
[3.116s] INFO:colcon.colcon_core.shell:Creating package script '/home/lihaoting/ROS2/ws01_plumbing/src/install/base_interfaces_demo/share/base_interfaces_demo/package.sh'
[3.118s] INFO:colcon.colcon_core.shell:Creating package script '/home/lihaoting/ROS2/ws01_plumbing/src/install/base_interfaces_demo/share/base_interfaces_demo/package.bash'
[3.120s] INFO:colcon.colcon_core.shell:Creating package script '/home/lihaoting/ROS2/ws01_plumbing/src/install/base_interfaces_demo/share/base_interfaces_demo/package.zsh'
[3.122s] Level 1:colcon.colcon_core.environment:create_file_with_runtime_dependencies(/home/lihaoting/ROS2/ws01_plumbing/src/install/base_interfaces_demo/share/colcon-core/packages/base_interfaces_demo)
[3.125s] Level 1:colcon.colcon_core.environment:create_environment_scripts_only(base_interfaces_demo)
[3.126s] Level 1:colcon.colcon_core.environment:checking '/home/lihaoting/ROS2/ws01_plumbing/src/install/base_interfaces_demo' for CMake module files
[3.133s] Level 1:colcon.colcon_core.environment:checking '/home/lihaoting/ROS2/ws01_plumbing/src/install/base_interfaces_demo' for CMake config files
[3.133s] Level 1:colcon.colcon_core.shell:create_environment_hook('base_interfaces_demo', 'cmake_prefix_path')
[3.134s] INFO:colcon.colcon_core.shell:Creating environment hook '/home/lihaoting/ROS2/ws01_plumbing/src/install/base_interfaces_demo/share/base_interfaces_demo/hook/cmake_prefix_path.ps1'
[3.145s] INFO:colcon.colcon_core.shell:Creating environment descriptor '/home/lihaoting/ROS2/ws01_plumbing/src/install/base_interfaces_demo/share/base_interfaces_demo/hook/cmake_prefix_path.dsv'
[3.149s] INFO:colcon.colcon_core.shell:Creating environment hook '/home/lihaoting/ROS2/ws01_plumbing/src/install/base_interfaces_demo/share/base_interfaces_demo/hook/cmake_prefix_path.sh'
[3.154s] Level 1:colcon.colcon_core.environment:checking '/home/lihaoting/ROS2/ws01_plumbing/src/install/base_interfaces_demo/lib'
[3.155s] Level 1:colcon.colcon_core.shell:create_environment_hook('base_interfaces_demo', 'ld_library_path_lib')
[3.155s] INFO:colcon.colcon_core.shell:Creating environment hook '/home/lihaoting/ROS2/ws01_plumbing/src/install/base_interfaces_demo/share/base_interfaces_demo/hook/ld_library_path_lib.ps1'
[3.155s] INFO:colcon.colcon_core.shell:Creating environment descriptor '/home/lihaoting/ROS2/ws01_plumbing/src/install/base_interfaces_demo/share/base_interfaces_demo/hook/ld_library_path_lib.dsv'
[3.159s] INFO:colcon.colcon_core.shell:Creating environment hook '/home/lihaoting/ROS2/ws01_plumbing/src/install/base_interfaces_demo/share/base_interfaces_demo/hook/ld_library_path_lib.sh'
[3.162s] Level 1:colcon.colcon_core.environment:checking '/home/lihaoting/ROS2/ws01_plumbing/src/install/base_interfaces_demo/bin'
[3.165s] Level 1:colcon.colcon_core.environment:checking '/home/lihaoting/ROS2/ws01_plumbing/src/install/base_interfaces_demo/lib/pkgconfig/base_interfaces_demo.pc'
[3.165s] Level 1:colcon.colcon_core.environment:checking '/home/lihaoting/ROS2/ws01_plumbing/src/install/base_interfaces_demo/lib/python3.12/site-packages'
[3.165s] Level 1:colcon.colcon_core.shell:create_environment_hook('base_interfaces_demo', 'pythonpath')
[3.166s] INFO:colcon.colcon_core.shell:Creating environment hook '/home/lihaoting/ROS2/ws01_plumbing/src/install/base_interfaces_demo/share/base_interfaces_demo/hook/pythonpath.ps1'
[3.166s] INFO:colcon.colcon_core.shell:Creating environment descriptor '/home/lihaoting/ROS2/ws01_plumbing/src/install/base_interfaces_demo/share/base_interfaces_demo/hook/pythonpath.dsv'
[3.170s] INFO:colcon.colcon_core.shell:Creating environment hook '/home/lihaoting/ROS2/ws01_plumbing/src/install/base_interfaces_demo/share/base_interfaces_demo/hook/pythonpath.sh'
[3.173s] Level 1:colcon.colcon_core.environment:checking '/home/lihaoting/ROS2/ws01_plumbing/src/install/base_interfaces_demo/bin'
[3.175s] INFO:colcon.colcon_core.shell:Creating package script '/home/lihaoting/ROS2/ws01_plumbing/src/install/base_interfaces_demo/share/base_interfaces_demo/package.ps1'
[3.179s] INFO:colcon.colcon_core.shell:Creating package descriptor '/home/lihaoting/ROS2/ws01_plumbing/src/install/base_interfaces_demo/share/base_interfaces_demo/package.dsv'
[3.183s] INFO:colcon.colcon_core.shell:Creating package script '/home/lihaoting/ROS2/ws01_plumbing/src/install/base_interfaces_demo/share/base_interfaces_demo/package.sh'
[3.184s] INFO:colcon.colcon_core.shell:Creating package script '/home/lihaoting/ROS2/ws01_plumbing/src/install/base_interfaces_demo/share/base_interfaces_demo/package.bash'
[3.187s] INFO:colcon.colcon_core.shell:Creating package script '/home/lihaoting/ROS2/ws01_plumbing/src/install/base_interfaces_demo/share/base_interfaces_demo/package.zsh'
[3.187s] Level 1:colcon.colcon_core.environment:create_file_with_runtime_dependencies(/home/lihaoting/ROS2/ws01_plumbing/src/install/base_interfaces_demo/share/colcon-core/packages/base_interfaces_demo)
[3.189s] INFO:colcon.colcon_ros.task.ament_cmake.build:Building ROS package in '/home/lihaoting/ROS2/ws01_plumbing/src/cpp01_topic' with build type 'ament_cmake'
[3.189s] INFO:colcon.colcon_cmake.task.cmake.build:Building CMake package in '/home/lihaoting/ROS2/ws01_plumbing/src/cpp01_topic'
[3.190s] INFO:colcon.colcon_core.shell:Skip shell extension 'powershell' for command environment: Not usable outside of PowerShell
[3.191s] DEBUG:colcon.colcon_core.shell:Skip shell extension 'dsv' for command environment
[3.201s] INFO:colcon.colcon_ros.task.ament_cmake.build:Building ROS package in '/home/lihaoting/ROS2/ws01_plumbing/src/cpp02_service' with build type 'ament_cmake'
[3.202s] INFO:colcon.colcon_cmake.task.cmake.build:Building CMake package in '/home/lihaoting/ROS2/ws01_plumbing/src/cpp02_service'
[3.202s] INFO:colcon.colcon_core.shell:Skip shell extension 'powershell' for command environment: Not usable outside of PowerShell
[3.202s] DEBUG:colcon.colcon_core.shell:Skip shell extension 'dsv' for command environment
[3.225s] DEBUG:colcon.colcon_core.event_handler.log_command:Invoking command in '/home/lihaoting/ROS2/ws01_plumbing/src/build/cpp01_topic': AMENT_PREFIX_PATH=/home/lihaoting/ROS2/ws01_plumbing/src/install/base_interfaces_demo:${AMENT_PREFIX_PATH} CMAKE_PREFIX_PATH=/home/lihaoting/ROS2/ws01_plumbing/src/install/base_interfaces_demo:/home/lihaoting/.local/share/Trash/files/install:/home/lihaoting/.local/share/Trash/files/install:/opt/ros/jazzy/opt/gz_math_vendor:/opt/ros/jazzy/opt/gz_utils_vendor:/opt/ros/jazzy/opt/gz_cmake_vendor:/opt/ros/jazzy DEBUGINFOD_URLS=https://debuginfod.ubuntu.com LD_LIBRARY_PATH=/home/lihaoting/ROS2/ws01_plumbing/src/install/base_interfaces_demo/lib:${LD_LIBRARY_PATH} PYTHONPATH=/home/lihaoting/ROS2/ws01_plumbing/src/install/base_interfaces_demo/lib/python3.12/site-packages:${PYTHONPATH} /usr/bin/cmake --build /home/lihaoting/ROS2/ws01_plumbing/src/build/cpp01_topic -- -j2 -l2
[3.245s] DEBUG:colcon.colcon_core.event_handler.log_command:Invoking command in '/home/lihaoting/ROS2/ws01_plumbing/src/build/cpp02_service': AMENT_PREFIX_PATH=/home/lihaoting/ROS2/ws01_plumbing/src/install/base_interfaces_demo:${AMENT_PREFIX_PATH} CMAKE_PREFIX_PATH=/home/lihaoting/ROS2/ws01_plumbing/src/install/base_interfaces_demo:/home/lihaoting/.local/share/Trash/files/install:/home/lihaoting/.local/share/Trash/files/install:/opt/ros/jazzy/opt/gz_math_vendor:/opt/ros/jazzy/opt/gz_utils_vendor:/opt/ros/jazzy/opt/gz_cmake_vendor:/opt/ros/jazzy DEBUGINFOD_URLS=https://debuginfod.ubuntu.com LD_LIBRARY_PATH=/home/lihaoting/ROS2/ws01_plumbing/src/install/base_interfaces_demo/lib:${LD_LIBRARY_PATH} PYTHONPATH=/home/lihaoting/ROS2/ws01_plumbing/src/install/base_interfaces_demo/lib/python3.12/site-packages:${PYTHONPATH} /usr/bin/cmake --build /home/lihaoting/ROS2/ws01_plumbing/src/build/cpp02_service -- -j2 -l2
[3.624s] DEBUG:colcon.colcon_core.event_handler.log_command:Invoked command in '/home/lihaoting/ROS2/ws01_plumbing/src/build/cpp02_service' returned '0': AMENT_PREFIX_PATH=/home/lihaoting/ROS2/ws01_plumbing/src/install/base_interfaces_demo:${AMENT_PREFIX_PATH} CMAKE_PREFIX_PATH=/home/lihaoting/ROS2/ws01_plumbing/src/install/base_interfaces_demo:/home/lihaoting/.local/share/Trash/files/install:/home/lihaoting/.local/share/Trash/files/install:/opt/ros/jazzy/opt/gz_math_vendor:/opt/ros/jazzy/opt/gz_utils_vendor:/opt/ros/jazzy/opt/gz_cmake_vendor:/opt/ros/jazzy DEBUGINFOD_URLS=https://debuginfod.ubuntu.com LD_LIBRARY_PATH=/home/lihaoting/ROS2/ws01_plumbing/src/install/base_interfaces_demo/lib:${LD_LIBRARY_PATH} PYTHONPATH=/home/lihaoting/ROS2/ws01_plumbing/src/install/base_interfaces_demo/lib/python3.12/site-packages:${PYTHONPATH} /usr/bin/cmake --build /home/lihaoting/ROS2/ws01_plumbing/src/build/cpp02_service -- -j2 -l2
[3.625s] DEBUG:colcon.colcon_core.event_handler.log_command:Invoking command in '/home/lihaoting/ROS2/ws01_plumbing/src/build/cpp02_service': AMENT_PREFIX_PATH=/home/lihaoting/ROS2/ws01_plumbing/src/install/base_interfaces_demo:${AMENT_PREFIX_PATH} CMAKE_PREFIX_PATH=/home/lihaoting/ROS2/ws01_plumbing/src/install/base_interfaces_demo:/home/lihaoting/.local/share/Trash/files/install:/home/lihaoting/.local/share/Trash/files/install:/opt/ros/jazzy/opt/gz_math_vendor:/opt/ros/jazzy/opt/gz_utils_vendor:/opt/ros/jazzy/opt/gz_cmake_vendor:/opt/ros/jazzy DEBUGINFOD_URLS=https://debuginfod.ubuntu.com LD_LIBRARY_PATH=/home/lihaoting/ROS2/ws01_plumbing/src/install/base_interfaces_demo/lib:${LD_LIBRARY_PATH} PYTHONPATH=/home/lihaoting/ROS2/ws01_plumbing/src/install/base_interfaces_demo/lib/python3.12/site-packages:${PYTHONPATH} /usr/bin/cmake --install /home/lihaoting/ROS2/ws01_plumbing/src/build/cpp02_service
[3.689s] Level 1:colcon.colcon_core.environment:create_environment_scripts_only(cpp02_service)
[3.689s] Level 1:colcon.colcon_core.environment:checking '/home/lihaoting/ROS2/ws01_plumbing/src/install/cpp02_service' for CMake module files
[3.691s] Level 1:colcon.colcon_core.environment:checking '/home/lihaoting/ROS2/ws01_plumbing/src/install/cpp02_service' for CMake config files
[3.691s] Level 1:colcon.colcon_core.shell:create_environment_hook('cpp02_service', 'cmake_prefix_path')
[3.691s] INFO:colcon.colcon_core.shell:Creating environment hook '/home/lihaoting/ROS2/ws01_plumbing/src/install/cpp02_service/share/cpp02_service/hook/cmake_prefix_path.ps1'
[3.698s] DEBUG:colcon.colcon_core.event_handler.log_command:Invoked command in '/home/lihaoting/ROS2/ws01_plumbing/src/build/cpp02_service' returned '0': AMENT_PREFIX_PATH=/home/lihaoting/ROS2/ws01_plumbing/src/install/base_interfaces_demo:${AMENT_PREFIX_PATH} CMAKE_PREFIX_PATH=/home/lihaoting/ROS2/ws01_plumbing/src/install/base_interfaces_demo:/home/lihaoting/.local/share/Trash/files/install:/home/lihaoting/.local/share/Trash/files/install:/opt/ros/jazzy/opt/gz_math_vendor:/opt/ros/jazzy/opt/gz_utils_vendor:/opt/ros/jazzy/opt/gz_cmake_vendor:/opt/ros/jazzy DEBUGINFOD_URLS=https://debuginfod.ubuntu.com LD_LIBRARY_PATH=/home/lihaoting/ROS2/ws01_plumbing/src/install/base_interfaces_demo/lib:${LD_LIBRARY_PATH} PYTHONPATH=/home/lihaoting/ROS2/ws01_plumbing/src/install/base_interfaces_demo/lib/python3.12/site-packages:${PYTHONPATH} /usr/bin/cmake --install /home/lihaoting/ROS2/ws01_plumbing/src/build/cpp02_service
[3.700s] INFO:colcon.colcon_core.shell:Creating environment descriptor '/home/lihaoting/ROS2/ws01_plumbing/src/install/cpp02_service/share/cpp02_service/hook/cmake_prefix_path.dsv'
[3.701s] INFO:colcon.colcon_core.shell:Creating environment hook '/home/lihaoting/ROS2/ws01_plumbing/src/install/cpp02_service/share/cpp02_service/hook/cmake_prefix_path.sh'
[3.705s] Level 1:colcon.colcon_core.environment:checking '/home/lihaoting/ROS2/ws01_plumbing/src/install/cpp02_service/lib'
[3.705s] Level 1:colcon.colcon_core.environment:checking '/home/lihaoting/ROS2/ws01_plumbing/src/install/cpp02_service/bin'
[3.705s] Level 1:colcon.colcon_core.environment:checking '/home/lihaoting/ROS2/ws01_plumbing/src/install/cpp02_service/lib/pkgconfig/cpp02_service.pc'
[3.705s] Level 1:colcon.colcon_core.environment:checking '/home/lihaoting/ROS2/ws01_plumbing/src/install/cpp02_service/lib/python3.12/site-packages'
[3.709s] Level 1:colcon.colcon_core.environment:checking '/home/lihaoting/ROS2/ws01_plumbing/src/install/cpp02_service/bin'
[3.709s] INFO:colcon.colcon_core.shell:Creating package script '/home/lihaoting/ROS2/ws01_plumbing/src/install/cpp02_service/share/cpp02_service/package.ps1'
[3.716s] INFO:colcon.colcon_core.shell:Creating package descriptor '/home/lihaoting/ROS2/ws01_plumbing/src/install/cpp02_service/share/cpp02_service/package.dsv'
[3.716s] INFO:colcon.colcon_core.shell:Creating package script '/home/lihaoting/ROS2/ws01_plumbing/src/install/cpp02_service/share/cpp02_service/package.sh'
[3.719s] INFO:colcon.colcon_core.shell:Creating package script '/home/lihaoting/ROS2/ws01_plumbing/src/install/cpp02_service/share/cpp02_service/package.bash'
[3.721s] INFO:colcon.colcon_core.shell:Creating package script '/home/lihaoting/ROS2/ws01_plumbing/src/install/cpp02_service/share/cpp02_service/package.zsh'
[3.726s] Level 1:colcon.colcon_core.environment:create_file_with_runtime_dependencies(/home/lihaoting/ROS2/ws01_plumbing/src/install/cpp02_service/share/colcon-core/packages/cpp02_service)
[3.729s] Level 1:colcon.colcon_core.environment:create_environment_scripts_only(cpp02_service)
[3.729s] Level 1:colcon.colcon_core.environment:checking '/home/lihaoting/ROS2/ws01_plumbing/src/install/cpp02_service' for CMake module files
[3.730s] Level 1:colcon.colcon_core.environment:checking '/home/lihaoting/ROS2/ws01_plumbing/src/install/cpp02_service' for CMake config files
[3.734s] Level 1:colcon.colcon_core.shell:create_environment_hook('cpp02_service', 'cmake_prefix_path')
[3.735s] INFO:colcon.colcon_core.shell:Creating environment hook '/home/lihaoting/ROS2/ws01_plumbing/src/install/cpp02_service/share/cpp02_service/hook/cmake_prefix_path.ps1'
[3.735s] INFO:colcon.colcon_core.shell:Creating environment descriptor '/home/lihaoting/ROS2/ws01_plumbing/src/install/cpp02_service/share/cpp02_service/hook/cmake_prefix_path.dsv'
[3.738s] INFO:colcon.colcon_core.shell:Creating environment hook '/home/lihaoting/ROS2/ws01_plumbing/src/install/cpp02_service/share/cpp02_service/hook/cmake_prefix_path.sh'
[3.739s] Level 1:colcon.colcon_core.environment:checking '/home/lihaoting/ROS2/ws01_plumbing/src/install/cpp02_service/lib'
[3.739s] Level 1:colcon.colcon_core.environment:checking '/home/lihaoting/ROS2/ws01_plumbing/src/install/cpp02_service/bin'
[3.739s] Level 1:colcon.colcon_core.environment:checking '/home/lihaoting/ROS2/ws01_plumbing/src/install/cpp02_service/lib/pkgconfig/cpp02_service.pc'
[3.739s] Level 1:colcon.colcon_core.environment:checking '/home/lihaoting/ROS2/ws01_plumbing/src/install/cpp02_service/lib/python3.12/site-packages'
[3.746s] Level 1:colcon.colcon_core.environment:checking '/home/lihaoting/ROS2/ws01_plumbing/src/install/cpp02_service/bin'
[3.746s] INFO:colcon.colcon_core.shell:Creating package script '/home/lihaoting/ROS2/ws01_plumbing/src/install/cpp02_service/share/cpp02_service/package.ps1'
[3.747s] INFO:colcon.colcon_core.shell:Creating package descriptor '/home/lihaoting/ROS2/ws01_plumbing/src/install/cpp02_service/share/cpp02_service/package.dsv'
[3.751s] INFO:colcon.colcon_core.shell:Creating package script '/home/lihaoting/ROS2/ws01_plumbing/src/install/cpp02_service/share/cpp02_service/package.sh'
[3.751s] INFO:colcon.colcon_core.shell:Creating package script '/home/lihaoting/ROS2/ws01_plumbing/src/install/cpp02_service/share/cpp02_service/package.bash'
[3.755s] INFO:colcon.colcon_core.shell:Creating package script '/home/lihaoting/ROS2/ws01_plumbing/src/install/cpp02_service/share/cpp02_service/package.zsh'
[3.765s] Level 1:colcon.colcon_core.environment:create_file_with_runtime_dependencies(/home/lihaoting/ROS2/ws01_plumbing/src/install/cpp02_service/share/colcon-core/packages/cpp02_service)
[3.767s] INFO:colcon.colcon_ros.task.ament_cmake.build:Building ROS package in '/home/lihaoting/ROS2/ws01_plumbing/src/cpp03_action' with build type 'ament_cmake'
[3.767s] INFO:colcon.colcon_cmake.task.cmake.build:Building CMake package in '/home/lihaoting/ROS2/ws01_plumbing/src/cpp03_action'
[3.767s] INFO:colcon.colcon_core.shell:Skip shell extension 'powershell' for command environment: Not usable outside of PowerShell
[3.767s] DEBUG:colcon.colcon_core.shell:Skip shell extension 'dsv' for command environment
[3.831s] DEBUG:colcon.colcon_core.event_handler.log_command:Invoking command in '/home/lihaoting/ROS2/ws01_plumbing/src/build/cpp03_action': AMENT_PREFIX_PATH=/home/lihaoting/ROS2/ws01_plumbing/src/install/base_interfaces_demo:${AMENT_PREFIX_PATH} CMAKE_PREFIX_PATH=/home/lihaoting/ROS2/ws01_plumbing/src/install/base_interfaces_demo:/home/lihaoting/.local/share/Trash/files/install:/home/lihaoting/.local/share/Trash/files/install:/opt/ros/jazzy/opt/gz_math_vendor:/opt/ros/jazzy/opt/gz_utils_vendor:/opt/ros/jazzy/opt/gz_cmake_vendor:/opt/ros/jazzy DEBUGINFOD_URLS=https://debuginfod.ubuntu.com LD_LIBRARY_PATH=/home/lihaoting/ROS2/ws01_plumbing/src/install/base_interfaces_demo/lib:${LD_LIBRARY_PATH} PYTHONPATH=/home/lihaoting/ROS2/ws01_plumbing/src/install/base_interfaces_demo/lib/python3.12/site-packages:${PYTHONPATH} /usr/bin/cmake --build /home/lihaoting/ROS2/ws01_plumbing/src/build/cpp03_action -- -j2 -l2
[3.895s] DEBUG:colcon.colcon_core.event_handler.log_command:Invoked command in '/home/lihaoting/ROS2/ws01_plumbing/src/build/cpp01_topic' returned '0': AMENT_PREFIX_PATH=/home/lihaoting/ROS2/ws01_plumbing/src/install/base_interfaces_demo:${AMENT_PREFIX_PATH} CMAKE_PREFIX_PATH=/home/lihaoting/ROS2/ws01_plumbing/src/install/base_interfaces_demo:/home/lihaoting/.local/share/Trash/files/install:/home/lihaoting/.local/share/Trash/files/install:/opt/ros/jazzy/opt/gz_math_vendor:/opt/ros/jazzy/opt/gz_utils_vendor:/opt/ros/jazzy/opt/gz_cmake_vendor:/opt/ros/jazzy DEBUGINFOD_URLS=https://debuginfod.ubuntu.com LD_LIBRARY_PATH=/home/lihaoting/ROS2/ws01_plumbing/src/install/base_interfaces_demo/lib:${LD_LIBRARY_PATH} PYTHONPATH=/home/lihaoting/ROS2/ws01_plumbing/src/install/base_interfaces_demo/lib/python3.12/site-packages:${PYTHONPATH} /usr/bin/cmake --build /home/lihaoting/ROS2/ws01_plumbing/src/build/cpp01_topic -- -j2 -l2
[3.897s] DEBUG:colcon.colcon_core.event_handler.log_command:Invoking command in '/home/lihaoting/ROS2/ws01_plumbing/src/build/cpp01_topic': AMENT_PREFIX_PATH=/home/lihaoting/ROS2/ws01_plumbing/src/install/base_interfaces_demo:${AMENT_PREFIX_PATH} CMAKE_PREFIX_PATH=/home/lihaoting/ROS2/ws01_plumbing/src/install/base_interfaces_demo:/home/lihaoting/.local/share/Trash/files/install:/home/lihaoting/.local/share/Trash/files/install:/opt/ros/jazzy/opt/gz_math_vendor:/opt/ros/jazzy/opt/gz_utils_vendor:/opt/ros/jazzy/opt/gz_cmake_vendor:/opt/ros/jazzy DEBUGINFOD_URLS=https://debuginfod.ubuntu.com LD_LIBRARY_PATH=/home/lihaoting/ROS2/ws01_plumbing/src/install/base_interfaces_demo/lib:${LD_LIBRARY_PATH} PYTHONPATH=/home/lihaoting/ROS2/ws01_plumbing/src/install/base_interfaces_demo/lib/python3.12/site-packages:${PYTHONPATH} /usr/bin/cmake --install /home/lihaoting/ROS2/ws01_plumbing/src/build/cpp01_topic
[3.954s] Level 1:colcon.colcon_core.environment:create_environment_scripts_only(cpp01_topic)
[3.955s] Level 1:colcon.colcon_core.environment:checking '/home/lihaoting/ROS2/ws01_plumbing/src/install/cpp01_topic' for CMake module files
[3.958s] DEBUG:colcon.colcon_core.event_handler.log_command:Invoked command in '/home/lihaoting/ROS2/ws01_plumbing/src/build/cpp01_topic' returned '0': AMENT_PREFIX_PATH=/home/lihaoting/ROS2/ws01_plumbing/src/install/base_interfaces_demo:${AMENT_PREFIX_PATH} CMAKE_PREFIX_PATH=/home/lihaoting/ROS2/ws01_plumbing/src/install/base_interfaces_demo:/home/lihaoting/.local/share/Trash/files/install:/home/lihaoting/.local/share/Trash/files/install:/opt/ros/jazzy/opt/gz_math_vendor:/opt/ros/jazzy/opt/gz_utils_vendor:/opt/ros/jazzy/opt/gz_cmake_vendor:/opt/ros/jazzy DEBUGINFOD_URLS=https://debuginfod.ubuntu.com LD_LIBRARY_PATH=/home/lihaoting/ROS2/ws01_plumbing/src/install/base_interfaces_demo/lib:${LD_LIBRARY_PATH} PYTHONPATH=/home/lihaoting/ROS2/ws01_plumbing/src/install/base_interfaces_demo/lib/python3.12/site-packages:${PYTHONPATH} /usr/bin/cmake --install /home/lihaoting/ROS2/ws01_plumbing/src/build/cpp01_topic
[3.963s] Level 1:colcon.colcon_core.environment:checking '/home/lihaoting/ROS2/ws01_plumbing/src/install/cpp01_topic' for CMake config files
[3.963s] Level 1:colcon.colcon_core.shell:create_environment_hook('cpp01_topic', 'cmake_prefix_path')
[3.963s] INFO:colcon.colcon_core.shell:Creating environment hook '/home/lihaoting/ROS2/ws01_plumbing/src/install/cpp01_topic/share/cpp01_topic/hook/cmake_prefix_path.ps1'
[3.969s] INFO:colcon.colcon_core.shell:Creating environment descriptor '/home/lihaoting/ROS2/ws01_plumbing/src/install/cpp01_topic/share/cpp01_topic/hook/cmake_prefix_path.dsv'
[3.971s] INFO:colcon.colcon_core.shell:Creating environment hook '/home/lihaoting/ROS2/ws01_plumbing/src/install/cpp01_topic/share/cpp01_topic/hook/cmake_prefix_path.sh'
[3.978s] Level 1:colcon.colcon_core.environment:checking '/home/lihaoting/ROS2/ws01_plumbing/src/install/cpp01_topic/lib'
[3.978s] Level 1:colcon.colcon_core.environment:checking '/home/lihaoting/ROS2/ws01_plumbing/src/install/cpp01_topic/bin'
[3.978s] Level 1:colcon.colcon_core.environment:checking '/home/lihaoting/ROS2/ws01_plumbing/src/install/cpp01_topic/lib/pkgconfig/cpp01_topic.pc'
[3.979s] Level 1:colcon.colcon_core.environment:checking '/home/lihaoting/ROS2/ws01_plumbing/src/install/cpp01_topic/lib/python3.12/site-packages'
[3.979s] Level 1:colcon.colcon_core.environment:checking '/home/lihaoting/ROS2/ws01_plumbing/src/install/cpp01_topic/bin'
[3.979s] INFO:colcon.colcon_core.shell:Creating package script '/home/lihaoting/ROS2/ws01_plumbing/src/install/cpp01_topic/share/cpp01_topic/package.ps1'
[3.986s] INFO:colcon.colcon_core.shell:Creating package descriptor '/home/lihaoting/ROS2/ws01_plumbing/src/install/cpp01_topic/share/cpp01_topic/package.dsv'
[3.986s] INFO:colcon.colcon_core.shell:Creating package script '/home/lihaoting/ROS2/ws01_plumbing/src/install/cpp01_topic/share/cpp01_topic/package.sh'
[3.993s] INFO:colcon.colcon_core.shell:Creating package script '/home/lihaoting/ROS2/ws01_plumbing/src/install/cpp01_topic/share/cpp01_topic/package.bash'
[3.998s] INFO:colcon.colcon_core.shell:Creating package script '/home/lihaoting/ROS2/ws01_plumbing/src/install/cpp01_topic/share/cpp01_topic/package.zsh'
[4.001s] Level 1:colcon.colcon_core.environment:create_file_with_runtime_dependencies(/home/lihaoting/ROS2/ws01_plumbing/src/install/cpp01_topic/share/colcon-core/packages/cpp01_topic)
[4.003s] Level 1:colcon.colcon_core.environment:create_environment_scripts_only(cpp01_topic)
[4.003s] Level 1:colcon.colcon_core.environment:checking '/home/lihaoting/ROS2/ws01_plumbing/src/install/cpp01_topic' for CMake module files
[4.004s] Level 1:colcon.colcon_core.environment:checking '/home/lihaoting/ROS2/ws01_plumbing/src/install/cpp01_topic' for CMake config files
[4.004s] Level 1:colcon.colcon_core.shell:create_environment_hook('cpp01_topic', 'cmake_prefix_path')
[4.005s] INFO:colcon.colcon_core.shell:Creating environment hook '/home/lihaoting/ROS2/ws01_plumbing/src/install/cpp01_topic/share/cpp01_topic/hook/cmake_prefix_path.ps1'
[4.006s] INFO:colcon.colcon_core.shell:Creating environment descriptor '/home/lihaoting/ROS2/ws01_plumbing/src/install/cpp01_topic/share/cpp01_topic/hook/cmake_prefix_path.dsv'
[4.006s] INFO:colcon.colcon_core.shell:Creating environment hook '/home/lihaoting/ROS2/ws01_plumbing/src/install/cpp01_topic/share/cpp01_topic/hook/cmake_prefix_path.sh'
[4.007s] Level 1:colcon.colcon_core.environment:checking '/home/lihaoting/ROS2/ws01_plumbing/src/install/cpp01_topic/lib'
[4.008s] Level 1:colcon.colcon_core.environment:checking '/home/lihaoting/ROS2/ws01_plumbing/src/install/cpp01_topic/bin'
[4.008s] Level 1:colcon.colcon_core.environment:checking '/home/lihaoting/ROS2/ws01_plumbing/src/install/cpp01_topic/lib/pkgconfig/cpp01_topic.pc'
[4.008s] Level 1:colcon.colcon_core.environment:checking '/home/lihaoting/ROS2/ws01_plumbing/src/install/cpp01_topic/lib/python3.12/site-packages'
[4.008s] Level 1:colcon.colcon_core.environment:checking '/home/lihaoting/ROS2/ws01_plumbing/src/install/cpp01_topic/bin'
[4.008s] INFO:colcon.colcon_core.shell:Creating package script '/home/lihaoting/ROS2/ws01_plumbing/src/install/cpp01_topic/share/cpp01_topic/package.ps1'
[4.016s] INFO:colcon.colcon_core.shell:Creating package descriptor '/home/lihaoting/ROS2/ws01_plumbing/src/install/cpp01_topic/share/cpp01_topic/package.dsv'
[4.017s] INFO:colcon.colcon_core.shell:Creating package script '/home/lihaoting/ROS2/ws01_plumbing/src/install/cpp01_topic/share/cpp01_topic/package.sh'
[4.017s] INFO:colcon.colcon_core.shell:Creating package script '/home/lihaoting/ROS2/ws01_plumbing/src/install/cpp01_topic/share/cpp01_topic/package.bash'
[4.019s] INFO:colcon.colcon_core.shell:Creating package script '/home/lihaoting/ROS2/ws01_plumbing/src/install/cpp01_topic/share/cpp01_topic/package.zsh'
[4.020s] Level 1:colcon.colcon_core.environment:create_file_with_runtime_dependencies(/home/lihaoting/ROS2/ws01_plumbing/src/install/cpp01_topic/share/colcon-core/packages/cpp01_topic)
[15.802s] DEBUG:colcon.colcon_core.event_handler.log_command:Invoked command in '/home/lihaoting/ROS2/ws01_plumbing/src/build/cpp03_action' returned '0': AMENT_PREFIX_PATH=/home/lihaoting/ROS2/ws01_plumbing/src/install/base_interfaces_demo:${AMENT_PREFIX_PATH} CMAKE_PREFIX_PATH=/home/lihaoting/ROS2/ws01_plumbing/src/install/base_interfaces_demo:/home/lihaoting/.local/share/Trash/files/install:/home/lihaoting/.local/share/Trash/files/install:/opt/ros/jazzy/opt/gz_math_vendor:/opt/ros/jazzy/opt/gz_utils_vendor:/opt/ros/jazzy/opt/gz_cmake_vendor:/opt/ros/jazzy DEBUGINFOD_URLS=https://debuginfod.ubuntu.com LD_LIBRARY_PATH=/home/lihaoting/ROS2/ws01_plumbing/src/install/base_interfaces_demo/lib:${LD_LIBRARY_PATH} PYTHONPATH=/home/lihaoting/ROS2/ws01_plumbing/src/install/base_interfaces_demo/lib/python3.12/site-packages:${PYTHONPATH} /usr/bin/cmake --build /home/lihaoting/ROS2/ws01_plumbing/src/build/cpp03_action -- -j2 -l2
[15.804s] DEBUG:colcon.colcon_core.event_handler.log_command:Invoking command in '/home/lihaoting/ROS2/ws01_plumbing/src/build/cpp03_action': AMENT_PREFIX_PATH=/home/lihaoting/ROS2/ws01_plumbing/src/install/base_interfaces_demo:${AMENT_PREFIX_PATH} CMAKE_PREFIX_PATH=/home/lihaoting/ROS2/ws01_plumbing/src/install/base_interfaces_demo:/home/lihaoting/.local/share/Trash/files/install:/home/lihaoting/.local/share/Trash/files/install:/opt/ros/jazzy/opt/gz_math_vendor:/opt/ros/jazzy/opt/gz_utils_vendor:/opt/ros/jazzy/opt/gz_cmake_vendor:/opt/ros/jazzy DEBUGINFOD_URLS=https://debuginfod.ubuntu.com LD_LIBRARY_PATH=/home/lihaoting/ROS2/ws01_plumbing/src/install/base_interfaces_demo/lib:${LD_LIBRARY_PATH} PYTHONPATH=/home/lihaoting/ROS2/ws01_plumbing/src/install/base_interfaces_demo/lib/python3.12/site-packages:${PYTHONPATH} /usr/bin/cmake --install /home/lihaoting/ROS2/ws01_plumbing/src/build/cpp03_action
[15.855s] Level 1:colcon.colcon_core.environment:create_environment_scripts_only(cpp03_action)
[15.855s] Level 1:colcon.colcon_core.environment:checking '/home/lihaoting/ROS2/ws01_plumbing/src/install/cpp03_action' for CMake module files
[15.856s] Level 1:colcon.colcon_core.environment:checking '/home/lihaoting/ROS2/ws01_plumbing/src/install/cpp03_action' for CMake config files
[15.856s] Level 1:colcon.colcon_core.shell:create_environment_hook('cpp03_action', 'cmake_prefix_path')
[15.856s] INFO:colcon.colcon_core.shell:Creating environment hook '/home/lihaoting/ROS2/ws01_plumbing/src/install/cpp03_action/share/cpp03_action/hook/cmake_prefix_path.ps1'
[15.856s] INFO:colcon.colcon_core.shell:Creating environment descriptor '/home/lihaoting/ROS2/ws01_plumbing/src/install/cpp03_action/share/cpp03_action/hook/cmake_prefix_path.dsv'
[15.858s] DEBUG:colcon.colcon_core.event_handler.log_command:Invoked command in '/home/lihaoting/ROS2/ws01_plumbing/src/build/cpp03_action' returned '0': AMENT_PREFIX_PATH=/home/lihaoting/ROS2/ws01_plumbing/src/install/base_interfaces_demo:${AMENT_PREFIX_PATH} CMAKE_PREFIX_PATH=/home/lihaoting/ROS2/ws01_plumbing/src/install/base_interfaces_demo:/home/lihaoting/.local/share/Trash/files/install:/home/lihaoting/.local/share/Trash/files/install:/opt/ros/jazzy/opt/gz_math_vendor:/opt/ros/jazzy/opt/gz_utils_vendor:/opt/ros/jazzy/opt/gz_cmake_vendor:/opt/ros/jazzy DEBUGINFOD_URLS=https://debuginfod.ubuntu.com LD_LIBRARY_PATH=/home/lihaoting/ROS2/ws01_plumbing/src/install/base_interfaces_demo/lib:${LD_LIBRARY_PATH} PYTHONPATH=/home/lihaoting/ROS2/ws01_plumbing/src/install/base_interfaces_demo/lib/python3.12/site-packages:${PYTHONPATH} /usr/bin/cmake --install /home/lihaoting/ROS2/ws01_plumbing/src/build/cpp03_action
[15.859s] INFO:colcon.colcon_core.shell:Creating environment hook '/home/lihaoting/ROS2/ws01_plumbing/src/install/cpp03_action/share/cpp03_action/hook/cmake_prefix_path.sh'
[15.862s] Level 1:colcon.colcon_core.environment:checking '/home/lihaoting/ROS2/ws01_plumbing/src/install/cpp03_action/lib'
[15.862s] Level 1:colcon.colcon_core.environment:checking '/home/lihaoting/ROS2/ws01_plumbing/src/install/cpp03_action/bin'
[15.862s] Level 1:colcon.colcon_core.environment:checking '/home/lihaoting/ROS2/ws01_plumbing/src/install/cpp03_action/lib/pkgconfig/cpp03_action.pc'
[15.863s] Level 1:colcon.colcon_core.environment:checking '/home/lihaoting/ROS2/ws01_plumbing/src/install/cpp03_action/lib/python3.12/site-packages'
[15.863s] Level 1:colcon.colcon_core.environment:checking '/home/lihaoting/ROS2/ws01_plumbing/src/install/cpp03_action/bin'
[15.863s] INFO:colcon.colcon_core.shell:Creating package script '/home/lihaoting/ROS2/ws01_plumbing/src/install/cpp03_action/share/cpp03_action/package.ps1'
[15.864s] INFO:colcon.colcon_core.shell:Creating package descriptor '/home/lihaoting/ROS2/ws01_plumbing/src/install/cpp03_action/share/cpp03_action/package.dsv'
[15.864s] INFO:colcon.colcon_core.shell:Creating package script '/home/lihaoting/ROS2/ws01_plumbing/src/install/cpp03_action/share/cpp03_action/package.sh'
[15.865s] INFO:colcon.colcon_core.shell:Creating package script '/home/lihaoting/ROS2/ws01_plumbing/src/install/cpp03_action/share/cpp03_action/package.bash'
[15.865s] INFO:colcon.colcon_core.shell:Creating package script '/home/lihaoting/ROS2/ws01_plumbing/src/install/cpp03_action/share/cpp03_action/package.zsh'
[15.866s] Level 1:colcon.colcon_core.environment:create_file_with_runtime_dependencies(/home/lihaoting/ROS2/ws01_plumbing/src/install/cpp03_action/share/colcon-core/packages/cpp03_action)
[15.868s] Level 1:colcon.colcon_core.environment:create_environment_scripts_only(cpp03_action)
[15.869s] Level 1:colcon.colcon_core.environment:checking '/home/lihaoting/ROS2/ws01_plumbing/src/install/cpp03_action' for CMake module files
[15.869s] Level 1:colcon.colcon_core.environment:checking '/home/lihaoting/ROS2/ws01_plumbing/src/install/cpp03_action' for CMake config files
[15.872s] Level 1:colcon.colcon_core.shell:create_environment_hook('cpp03_action', 'cmake_prefix_path')
[15.872s] INFO:colcon.colcon_core.shell:Creating environment hook '/home/lihaoting/ROS2/ws01_plumbing/src/install/cpp03_action/share/cpp03_action/hook/cmake_prefix_path.ps1'
[15.873s] INFO:colcon.colcon_core.shell:Creating environment descriptor '/home/lihaoting/ROS2/ws01_plumbing/src/install/cpp03_action/share/cpp03_action/hook/cmake_prefix_path.dsv'
[15.874s] INFO:colcon.colcon_core.shell:Creating environment hook '/home/lihaoting/ROS2/ws01_plumbing/src/install/cpp03_action/share/cpp03_action/hook/cmake_prefix_path.sh'
[15.875s] Level 1:colcon.colcon_core.environment:checking '/home/lihaoting/ROS2/ws01_plumbing/src/install/cpp03_action/lib'
[15.875s] Level 1:colcon.colcon_core.environment:checking '/home/lihaoting/ROS2/ws01_plumbing/src/install/cpp03_action/bin'
[15.876s] Level 1:colcon.colcon_core.environment:checking '/home/lihaoting/ROS2/ws01_plumbing/src/install/cpp03_action/lib/pkgconfig/cpp03_action.pc'
[15.876s] Level 1:colcon.colcon_core.environment:checking '/home/lihaoting/ROS2/ws01_plumbing/src/install/cpp03_action/lib/python3.12/site-packages'
[15.876s] Level 1:colcon.colcon_core.environment:checking '/home/lihaoting/ROS2/ws01_plumbing/src/install/cpp03_action/bin'
[15.877s] INFO:colcon.colcon_core.shell:Creating package script '/home/lihaoting/ROS2/ws01_plumbing/src/install/cpp03_action/share/cpp03_action/package.ps1'
[15.878s] INFO:colcon.colcon_core.shell:Creating package descriptor '/home/lihaoting/ROS2/ws01_plumbing/src/install/cpp03_action/share/cpp03_action/package.dsv'
[15.878s] INFO:colcon.colcon_core.shell:Creating package script '/home/lihaoting/ROS2/ws01_plumbing/src/install/cpp03_action/share/cpp03_action/package.sh'
[15.879s] INFO:colcon.colcon_core.shell:Creating package script '/home/lihaoting/ROS2/ws01_plumbing/src/install/cpp03_action/share/cpp03_action/package.bash'
[15.880s] INFO:colcon.colcon_core.shell:Creating package script '/home/lihaoting/ROS2/ws01_plumbing/src/install/cpp03_action/share/cpp03_action/package.zsh'
[15.881s] Level 1:colcon.colcon_core.environment:create_file_with_runtime_dependencies(/home/lihaoting/ROS2/ws01_plumbing/src/install/cpp03_action/share/colcon-core/packages/cpp03_action)
[15.882s] DEBUG:colcon.colcon_parallel_executor.executor.parallel:closing loop
[15.882s] DEBUG:colcon.colcon_parallel_executor.executor.parallel:loop closed
[15.884s] DEBUG:colcon.colcon_parallel_executor.executor.parallel:run_until_complete finished with '0'
[15.884s] DEBUG:colcon.colcon_core.event_reactor:joining thread
[15.904s] INFO:colcon.colcon_core.plugin_system:Skipping extension 'colcon_notification.desktop_notification.terminal_notifier': Not used on non-Darwin systems
[15.904s] INFO:colcon.colcon_core.plugin_system:Skipping extension 'colcon_notification.desktop_notification.win32': Not used on non-Windows systems
[15.904s] INFO:colcon.colcon_notification.desktop_notification:Sending desktop notification using 'notify2'
[15.945s] DEBUG:colcon.colcon_core.event_reactor:joined thread
[15.946s] INFO:colcon.colcon_core.shell:Creating prefix script '/home/lihaoting/ROS2/ws01_plumbing/src/install/local_setup.ps1'
[15.947s] INFO:colcon.colcon_core.shell:Creating prefix util module '/home/lihaoting/ROS2/ws01_plumbing/src/install/_local_setup_util_ps1.py'
[15.954s] INFO:colcon.colcon_core.shell:Creating prefix chain script '/home/lihaoting/ROS2/ws01_plumbing/src/install/setup.ps1'
[15.959s] INFO:colcon.colcon_core.shell:Creating prefix script '/home/lihaoting/ROS2/ws01_plumbing/src/install/local_setup.sh'
[15.965s] INFO:colcon.colcon_core.shell:Creating prefix util module '/home/lihaoting/ROS2/ws01_plumbing/src/install/_local_setup_util_sh.py'
[15.973s] INFO:colcon.colcon_core.shell:Creating prefix chain script '/home/lihaoting/ROS2/ws01_plumbing/src/install/setup.sh'
[15.980s] INFO:colcon.colcon_core.shell:Creating prefix script '/home/lihaoting/ROS2/ws01_plumbing/src/install/local_setup.bash'
[15.983s] INFO:colcon.colcon_core.shell:Creating prefix chain script '/home/lihaoting/ROS2/ws01_plumbing/src/install/setup.bash'
[15.998s] INFO:colcon.colcon_core.shell:Creating prefix script '/home/lihaoting/ROS2/ws01_plumbing/src/install/local_setup.zsh'
[15.998s] INFO:colcon.colcon_core.shell:Creating prefix chain script '/home/lihaoting/ROS2/ws01_plumbing/src/install/setup.zsh'
