[0.145s] Invoking command in '/home/lihaoting/ROS2/ws01_plumbing/src/build/cpp02_service': CMAKE_PREFIX_PATH=/home/lihaoting/ROS2/ws01_plumbing/src/install/base_interfaces_demo:/home/lihaoting/ROS2/ws01_plumbing/src/install/cpp02_service:/home/lihaoting/ROS2/ws01_plumbing/src/install/cpp01_topic:/home/lihaoting/.local/share/Trash/files/install:/home/lihaoting/.local/share/Trash/files/install:/opt/ros/jazzy/opt/gz_math_vendor:/opt/ros/jazzy/opt/gz_utils_vendor:/opt/ros/jazzy/opt/gz_cmake_vendor:/home/lihaoting/ROS2/ws01_plumbing/src/install/py01_topic:/opt/ros/jazzy DEBUGINFOD_URLS=https://debuginfod.ubuntu.com PYTHONPATH=/home/lihaoting/ROS2/ws01_plumbing/src/install/base_interfaces_demo/lib/python3.12/site-packages:/home/lihaoting/ROS2/ws01_plumbing/src/install/py01_topic/lib/python3.12/site-packages:/opt/ros/jazzy/lib/python3.12/site-packages /usr/bin/cmake --build /home/lihaoting/ROS2/ws01_plumbing/src/build/cpp02_service -- -j2 -l2
[0.828s] [ 25%] [32mBuilding CXX object CMakeFiles/demo01_server.dir/src/demo01_server.cpp.o[0m
[0.852s] [ 50%] [32mBuilding CXX object CMakeFiles/demo02_client.dir/src/demo02_client.cpp.o[0m
[26.073s] [ 75%] [32m[1mLinking CXX executable demo01_server[0m
[26.078s] [100%] [32m[1mLinking CXX executable demo02_client[0m
[26.951s] [100%] Built target demo01_server
[26.990s] [100%] Built target demo02_client
[27.026s] Invoked command in '/home/lihaoting/ROS2/ws01_plumbing/src/build/cpp02_service' returned '0': CMAKE_PREFIX_PATH=/home/lihaoting/ROS2/ws01_plumbing/src/install/base_interfaces_demo:/home/lihaoting/ROS2/ws01_plumbing/src/install/cpp02_service:/home/lihaoting/ROS2/ws01_plumbing/src/install/cpp01_topic:/home/lihaoting/.local/share/Trash/files/install:/home/lihaoting/.local/share/Trash/files/install:/opt/ros/jazzy/opt/gz_math_vendor:/opt/ros/jazzy/opt/gz_utils_vendor:/opt/ros/jazzy/opt/gz_cmake_vendor:/home/lihaoting/ROS2/ws01_plumbing/src/install/py01_topic:/opt/ros/jazzy DEBUGINFOD_URLS=https://debuginfod.ubuntu.com PYTHONPATH=/home/lihaoting/ROS2/ws01_plumbing/src/install/base_interfaces_demo/lib/python3.12/site-packages:/home/lihaoting/ROS2/ws01_plumbing/src/install/py01_topic/lib/python3.12/site-packages:/opt/ros/jazzy/lib/python3.12/site-packages /usr/bin/cmake --build /home/lihaoting/ROS2/ws01_plumbing/src/build/cpp02_service -- -j2 -l2
[27.068s] Invoking command in '/home/lihaoting/ROS2/ws01_plumbing/src/build/cpp02_service': CMAKE_PREFIX_PATH=/home/lihaoting/ROS2/ws01_plumbing/src/install/base_interfaces_demo:/home/lihaoting/ROS2/ws01_plumbing/src/install/cpp02_service:/home/lihaoting/ROS2/ws01_plumbing/src/install/cpp01_topic:/home/lihaoting/.local/share/Trash/files/install:/home/lihaoting/.local/share/Trash/files/install:/opt/ros/jazzy/opt/gz_math_vendor:/opt/ros/jazzy/opt/gz_utils_vendor:/opt/ros/jazzy/opt/gz_cmake_vendor:/home/lihaoting/ROS2/ws01_plumbing/src/install/py01_topic:/opt/ros/jazzy DEBUGINFOD_URLS=https://debuginfod.ubuntu.com PYTHONPATH=/home/lihaoting/ROS2/ws01_plumbing/src/install/base_interfaces_demo/lib/python3.12/site-packages:/home/lihaoting/ROS2/ws01_plumbing/src/install/py01_topic/lib/python3.12/site-packages:/opt/ros/jazzy/lib/python3.12/site-packages /usr/bin/cmake --install /home/lihaoting/ROS2/ws01_plumbing/src/build/cpp02_service
[27.100s] -- Install configuration: ""
[27.109s] -- Installing: /home/lihaoting/ROS2/ws01_plumbing/src/install/cpp02_service/lib/cpp02_service/demo01_server
[27.112s] -- Set non-toolchain portion of runtime path of "/home/lihaoting/ROS2/ws01_plumbing/src/install/cpp02_service/lib/cpp02_service/demo01_server" to ""
[27.145s] -- Installing: /home/lihaoting/ROS2/ws01_plumbing/src/install/cpp02_service/lib/cpp02_service/demo02_client
[27.149s] -- Set non-toolchain portion of runtime path of "/home/lihaoting/ROS2/ws01_plumbing/src/install/cpp02_service/lib/cpp02_service/demo02_client" to ""
[27.150s] -- Up-to-date: /home/lihaoting/ROS2/ws01_plumbing/src/install/cpp02_service/share/ament_index/resource_index/package_run_dependencies/cpp02_service
[27.150s] -- Up-to-date: /home/lihaoting/ROS2/ws01_plumbing/src/install/cpp02_service/share/ament_index/resource_index/parent_prefix_path/cpp02_service
[27.150s] -- Up-to-date: /home/lihaoting/ROS2/ws01_plumbing/src/install/cpp02_service/share/cpp02_service/environment/ament_prefix_path.sh
[27.150s] -- Up-to-date: /home/lihaoting/ROS2/ws01_plumbing/src/install/cpp02_service/share/cpp02_service/environment/ament_prefix_path.dsv
[27.150s] -- Up-to-date: /home/lihaoting/ROS2/ws01_plumbing/src/install/cpp02_service/share/cpp02_service/environment/path.sh
[27.151s] -- Up-to-date: /home/lihaoting/ROS2/ws01_plumbing/src/install/cpp02_service/share/cpp02_service/environment/path.dsv
[27.151s] -- Up-to-date: /home/lihaoting/ROS2/ws01_plumbing/src/install/cpp02_service/share/cpp02_service/local_setup.bash
[27.152s] -- Up-to-date: /home/lihaoting/ROS2/ws01_plumbing/src/install/cpp02_service/share/cpp02_service/local_setup.sh
[27.152s] -- Up-to-date: /home/lihaoting/ROS2/ws01_plumbing/src/install/cpp02_service/share/cpp02_service/local_setup.zsh
[27.152s] -- Up-to-date: /home/lihaoting/ROS2/ws01_plumbing/src/install/cpp02_service/share/cpp02_service/local_setup.dsv
[27.152s] -- Installing: /home/lihaoting/ROS2/ws01_plumbing/src/install/cpp02_service/share/cpp02_service/package.dsv
[27.173s] -- Up-to-date: /home/lihaoting/ROS2/ws01_plumbing/src/install/cpp02_service/share/ament_index/resource_index/packages/cpp02_service
[27.174s] -- Up-to-date: /home/lihaoting/ROS2/ws01_plumbing/src/install/cpp02_service/share/cpp02_service/cmake/cpp02_serviceConfig.cmake
[27.174s] -- Up-to-date: /home/lihaoting/ROS2/ws01_plumbing/src/install/cpp02_service/share/cpp02_service/cmake/cpp02_serviceConfig-version.cmake
[27.174s] -- Up-to-date: /home/lihaoting/ROS2/ws01_plumbing/src/install/cpp02_service/share/cpp02_service/package.xml
[27.177s] Invoked command in '/home/lihaoting/ROS2/ws01_plumbing/src/build/cpp02_service' returned '0': CMAKE_PREFIX_PATH=/home/lihaoting/ROS2/ws01_plumbing/src/install/base_interfaces_demo:/home/lihaoting/ROS2/ws01_plumbing/src/install/cpp02_service:/home/lihaoting/ROS2/ws01_plumbing/src/install/cpp01_topic:/home/lihaoting/.local/share/Trash/files/install:/home/lihaoting/.local/share/Trash/files/install:/opt/ros/jazzy/opt/gz_math_vendor:/opt/ros/jazzy/opt/gz_utils_vendor:/opt/ros/jazzy/opt/gz_cmake_vendor:/home/lihaoting/ROS2/ws01_plumbing/src/install/py01_topic:/opt/ros/jazzy DEBUGINFOD_URLS=https://debuginfod.ubuntu.com PYTHONPATH=/home/lihaoting/ROS2/ws01_plumbing/src/install/base_interfaces_demo/lib/python3.12/site-packages:/home/lihaoting/ROS2/ws01_plumbing/src/install/py01_topic/lib/python3.12/site-packages:/opt/ros/jazzy/lib/python3.12/site-packages /usr/bin/cmake --install /home/lihaoting/ROS2/ws01_plumbing/src/build/cpp02_service
