[0.102s] Invoking command in '/home/lihaoting/ROS2/ws01_plumbing/src/build/cpp03_action': AMENT_PREFIX_PATH=/home/lihaoting/ROS2/ws01_plumbing/src/install/base_interfaces_demo:${AMENT_PREFIX_PATH} CMAKE_PREFIX_PATH=/home/lihaoting/ROS2/ws01_plumbing/src/install/base_interfaces_demo:/home/lihaoting/.local/share/Trash/files/install:/home/lihaoting/.local/share/Trash/files/install:/opt/ros/jazzy/opt/gz_math_vendor:/opt/ros/jazzy/opt/gz_utils_vendor:/opt/ros/jazzy/opt/gz_cmake_vendor:/opt/ros/jazzy DEBUGINFOD_URLS=https://debuginfod.ubuntu.com LD_LIBRARY_PATH=/home/lihaoting/ROS2/ws01_plumbing/src/install/base_interfaces_demo/lib:${LD_LIBRARY_PATH} PYTHONPATH=/home/lihaoting/ROS2/ws01_plumbing/src/install/base_interfaces_demo/lib/python3.12/site-packages:${PYTHONPATH} /usr/bin/cmake /home/lihaoting/ROS2/ws01_plumbing/src/cpp03_action -DCMAKE_INSTALL_PREFIX=/home/lihaoting/ROS2/ws01_plumbing/src/install/cpp03_action
[1.760s] -- The C compiler identification is GNU 13.3.0
[2.431s] -- The CXX compiler identification is GNU 13.3.0
[2.509s] -- Detecting C compiler ABI info
[2.720s] -- Detecting C compiler ABI info - done
[2.744s] -- Check for working C compiler: /usr/bin/cc - skipped
[2.747s] -- Detecting C compile features
[2.758s] -- Detecting C compile features - done
[2.785s] -- Detecting CXX compiler ABI info
[2.949s] -- Detecting CXX compiler ABI info - done
[2.964s] -- Check for working CXX compiler: /usr/bin/c++ - skipped
[2.965s] -- Detecting CXX compile features
[2.966s] -- Detecting CXX compile features - done
[3.063s] -- Found ament_cmake: 2.5.4 (/opt/ros/jazzy/share/ament_cmake/cmake)
[3.340s] -- Found Python3: /usr/bin/python3 (found version "3.12.3") found components: Interpreter 
[3.682s] -- Found rclcpp: 28.1.9 (/opt/ros/jazzy/share/rclcpp/cmake)
[3.953s] -- Found rosidl_generator_c: 4.6.5 (/opt/ros/jazzy/share/rosidl_generator_c/cmake)
[4.007s] -- Found rosidl_generator_cpp: 4.6.5 (/opt/ros/jazzy/share/rosidl_generator_cpp/cmake)
[4.115s] -- Using all available rosidl_typesupport_c: rosidl_typesupport_fastrtps_c;rosidl_typesupport_introspection_c
[4.198s] -- Using all available rosidl_typesupport_cpp: rosidl_typesupport_fastrtps_cpp;rosidl_typesupport_introspection_cpp
[4.499s] -- Found rmw_implementation_cmake: 7.3.2 (/opt/ros/jazzy/share/rmw_implementation_cmake/cmake)
[4.516s] -- Found rmw_fastrtps_cpp: 8.4.2 (/opt/ros/jazzy/share/rmw_fastrtps_cpp/cmake)
[5.074s] -- Found OpenSSL: /usr/lib/x86_64-linux-gnu/libcrypto.so (found version "3.0.13")  
[5.168s] -- Found FastRTPS: /opt/ros/jazzy/include (Required is at least version "2.13") 
[5.204s] -- Using RMW implementation 'rmw_fastrtps_cpp' as default
[5.502s] -- Found rclcpp_action: 28.1.9 (/opt/ros/jazzy/share/rclcpp_action/cmake)
[5.766s] -- Found base_interfaces_demo: 0.0.0 (/home/lihaoting/ROS2/ws01_plumbing/src/install/base_interfaces_demo/share/base_interfaces_demo/cmake)
[5.896s] -- Found ament_lint_auto: 0.17.2 (/opt/ros/jazzy/share/ament_lint_auto/cmake)
[6.179s] -- Added test 'cppcheck' to perform static code analysis on C / C++ code
[6.179s] -- Configured cppcheck include dirs: 
[6.179s] -- Configured cppcheck exclude dirs and/or files: 
[6.181s] -- Added test 'lint_cmake' to check CMake code style
[6.187s] -- Added test 'uncrustify' to check C / C++ code style
[6.187s] -- Configured uncrustify additional arguments: 
[6.192s] -- Added test 'xmllint' to check XML markup files
[6.203s] -- Configuring done (6.0s)
[6.222s] -- Generating done (0.0s)
[6.259s] -- Build files have been written to: /home/lihaoting/ROS2/ws01_plumbing/src/build/cpp03_action
[6.277s] Invoked command in '/home/lihaoting/ROS2/ws01_plumbing/src/build/cpp03_action' returned '0': AMENT_PREFIX_PATH=/home/lihaoting/ROS2/ws01_plumbing/src/install/base_interfaces_demo:${AMENT_PREFIX_PATH} CMAKE_PREFIX_PATH=/home/lihaoting/ROS2/ws01_plumbing/src/install/base_interfaces_demo:/home/lihaoting/.local/share/Trash/files/install:/home/lihaoting/.local/share/Trash/files/install:/opt/ros/jazzy/opt/gz_math_vendor:/opt/ros/jazzy/opt/gz_utils_vendor:/opt/ros/jazzy/opt/gz_cmake_vendor:/opt/ros/jazzy DEBUGINFOD_URLS=https://debuginfod.ubuntu.com LD_LIBRARY_PATH=/home/lihaoting/ROS2/ws01_plumbing/src/install/base_interfaces_demo/lib:${LD_LIBRARY_PATH} PYTHONPATH=/home/lihaoting/ROS2/ws01_plumbing/src/install/base_interfaces_demo/lib/python3.12/site-packages:${PYTHONPATH} /usr/bin/cmake /home/lihaoting/ROS2/ws01_plumbing/src/cpp03_action -DCMAKE_INSTALL_PREFIX=/home/lihaoting/ROS2/ws01_plumbing/src/install/cpp03_action
[6.278s] Invoking command in '/home/lihaoting/ROS2/ws01_plumbing/src/build/cpp03_action': AMENT_PREFIX_PATH=/home/lihaoting/ROS2/ws01_plumbing/src/install/base_interfaces_demo:${AMENT_PREFIX_PATH} CMAKE_PREFIX_PATH=/home/lihaoting/ROS2/ws01_plumbing/src/install/base_interfaces_demo:/home/lihaoting/.local/share/Trash/files/install:/home/lihaoting/.local/share/Trash/files/install:/opt/ros/jazzy/opt/gz_math_vendor:/opt/ros/jazzy/opt/gz_utils_vendor:/opt/ros/jazzy/opt/gz_cmake_vendor:/opt/ros/jazzy DEBUGINFOD_URLS=https://debuginfod.ubuntu.com LD_LIBRARY_PATH=/home/lihaoting/ROS2/ws01_plumbing/src/install/base_interfaces_demo/lib:${LD_LIBRARY_PATH} PYTHONPATH=/home/lihaoting/ROS2/ws01_plumbing/src/install/base_interfaces_demo/lib/python3.12/site-packages:${PYTHONPATH} /usr/bin/cmake --build /home/lihaoting/ROS2/ws01_plumbing/src/build/cpp03_action -- -j2 -l2
[6.379s] [ 12%] [32mBuilding CXX object CMakeFiles/demo01_action_server.dir/src/demo01_action_server.cpp.o[0m
[6.381s] [ 25%] [32mBuilding CXX object CMakeFiles/demo02_action_client.dir/src/demo02_action_client.cpp.o[0m
[6.426s] [01m[K/home/lihaoting/ROS2/ws01_plumbing/src/cpp03_action/src/demo01_action_server.cpp:18:10:[m[K [01;31m[Kfatal error: [m[Krclcpp/rclcpp.hpp: 没有那个文件或目录
[6.427s]    18 | #include [01;31m[K"rclcpp/rclcpp.hpp"[m[K
[6.427s]       |          [01;31m[K^~~~~~~~~~~~~~~~~~~[m[K
[6.427s] compilation terminated.
[6.441s] [ 37%] [32m[1mLinking CXX executable demo02_action_client[0m
[6.442s] gmake[2]: *** [CMakeFiles/demo01_action_server.dir/build.make:76：CMakeFiles/demo01_action_server.dir/src/demo01_action_server.cpp.o] 错误 1
[6.443s] gmake[1]: *** [CMakeFiles/Makefile2:143：CMakeFiles/demo01_action_server.dir/all] 错误 2
[6.443s] gmake[1]: *** 正在等待未完成的任务....
[6.499s] /usr/bin/ld: /usr/lib/gcc/x86_64-linux-gnu/13/../../../x86_64-linux-gnu/Scrt1.o: in function `_start':
[6.499s] (.text+0x1b): undefined reference to `main'
[6.502s] collect2: error: ld returned 1 exit status
[6.503s] gmake[2]: *** [CMakeFiles/demo02_action_client.dir/build.make:97：demo02_action_client] 错误 1
[6.505s] gmake[1]: *** [CMakeFiles/Makefile2:169：CMakeFiles/demo02_action_client.dir/all] 错误 2
[6.505s] gmake: *** [Makefile:146：all] 错误 2
[6.507s] Invoked command in '/home/lihaoting/ROS2/ws01_plumbing/src/build/cpp03_action' returned '2': AMENT_PREFIX_PATH=/home/lihaoting/ROS2/ws01_plumbing/src/install/base_interfaces_demo:${AMENT_PREFIX_PATH} CMAKE_PREFIX_PATH=/home/lihaoting/ROS2/ws01_plumbing/src/install/base_interfaces_demo:/home/lihaoting/.local/share/Trash/files/install:/home/lihaoting/.local/share/Trash/files/install:/opt/ros/jazzy/opt/gz_math_vendor:/opt/ros/jazzy/opt/gz_utils_vendor:/opt/ros/jazzy/opt/gz_cmake_vendor:/opt/ros/jazzy DEBUGINFOD_URLS=https://debuginfod.ubuntu.com LD_LIBRARY_PATH=/home/lihaoting/ROS2/ws01_plumbing/src/install/base_interfaces_demo/lib:${LD_LIBRARY_PATH} PYTHONPATH=/home/lihaoting/ROS2/ws01_plumbing/src/install/base_interfaces_demo/lib/python3.12/site-packages:${PYTHONPATH} /usr/bin/cmake --build /home/lihaoting/ROS2/ws01_plumbing/src/build/cpp03_action -- -j2 -l2
