[0.060s] Invoking command in '/home/lihaoting/ROS2/ws01_plumbing/build/cpp03_action': AMENT_PREFIX_PATH=/home/lihaoting/ROS2/ws01_plumbing/install/base_interfaces_demo:${AMENT_PREFIX_PATH} CMAKE_PREFIX_PATH=/home/lihaoting/ROS2/ws01_plumbing/install/base_interfaces_demo:/home/lihaoting/.local/share/Trash/files/install:/home/lihaoting/.local/share/Trash/files/install:/opt/ros/jazzy/opt/gz_math_vendor:/opt/ros/jazzy/opt/gz_utils_vendor:/opt/ros/jazzy/opt/gz_cmake_vendor:/opt/ros/jazzy DEBUGINFOD_URLS=https://debuginfod.ubuntu.com LD_LIBRARY_PATH=/home/lihaoting/ROS2/ws01_plumbing/install/base_interfaces_demo/lib:${LD_LIBRARY_PATH} PYTHONPATH=/home/lihaoting/ROS2/ws01_plumbing/install/base_interfaces_demo/lib/python3.12/site-packages:${PYTHONPATH} /usr/bin/cmake --build /home/lihaoting/ROS2/ws01_plumbing/build/cpp03_action -- -j2 -l2
[0.377s] [ 25%] [32mBuilding CXX object CMakeFiles/demo02_action_client.dir/src/demo02_action_client.cpp.o[0m
[0.421s] [ 50%] [32mBuilding CXX object CMakeFiles/demo01_action_server.dir/src/demo01_action_server.cpp.o[0m
[22.729s] [ 75%] [32m[1mLinking CXX executable demo01_action_server[0m
[23.035s] [100%] [32m[1mLinking CXX executable demo02_action_client[0m
[25.100s] [100%] Built target demo01_action_server
[25.118s] [100%] Built target demo02_action_client
[25.141s] Invoked command in '/home/lihaoting/ROS2/ws01_plumbing/build/cpp03_action' returned '0': AMENT_PREFIX_PATH=/home/lihaoting/ROS2/ws01_plumbing/install/base_interfaces_demo:${AMENT_PREFIX_PATH} CMAKE_PREFIX_PATH=/home/lihaoting/ROS2/ws01_plumbing/install/base_interfaces_demo:/home/lihaoting/.local/share/Trash/files/install:/home/lihaoting/.local/share/Trash/files/install:/opt/ros/jazzy/opt/gz_math_vendor:/opt/ros/jazzy/opt/gz_utils_vendor:/opt/ros/jazzy/opt/gz_cmake_vendor:/opt/ros/jazzy DEBUGINFOD_URLS=https://debuginfod.ubuntu.com LD_LIBRARY_PATH=/home/lihaoting/ROS2/ws01_plumbing/install/base_interfaces_demo/lib:${LD_LIBRARY_PATH} PYTHONPATH=/home/lihaoting/ROS2/ws01_plumbing/install/base_interfaces_demo/lib/python3.12/site-packages:${PYTHONPATH} /usr/bin/cmake --build /home/lihaoting/ROS2/ws01_plumbing/build/cpp03_action -- -j2 -l2
[25.171s] Invoking command in '/home/lihaoting/ROS2/ws01_plumbing/build/cpp03_action': AMENT_PREFIX_PATH=/home/lihaoting/ROS2/ws01_plumbing/install/base_interfaces_demo:${AMENT_PREFIX_PATH} CMAKE_PREFIX_PATH=/home/lihaoting/ROS2/ws01_plumbing/install/base_interfaces_demo:/home/lihaoting/.local/share/Trash/files/install:/home/lihaoting/.local/share/Trash/files/install:/opt/ros/jazzy/opt/gz_math_vendor:/opt/ros/jazzy/opt/gz_utils_vendor:/opt/ros/jazzy/opt/gz_cmake_vendor:/opt/ros/jazzy DEBUGINFOD_URLS=https://debuginfod.ubuntu.com LD_LIBRARY_PATH=/home/lihaoting/ROS2/ws01_plumbing/install/base_interfaces_demo/lib:${LD_LIBRARY_PATH} PYTHONPATH=/home/lihaoting/ROS2/ws01_plumbing/install/base_interfaces_demo/lib/python3.12/site-packages:${PYTHONPATH} /usr/bin/cmake --install /home/lihaoting/ROS2/ws01_plumbing/build/cpp03_action
[25.197s] -- Install configuration: ""
[25.271s] -- Installing: /home/lihaoting/ROS2/ws01_plumbing/install/cpp03_action/lib/cpp03_action/demo01_action_server
[25.273s] -- Set non-toolchain portion of runtime path of "/home/lihaoting/ROS2/ws01_plumbing/install/cpp03_action/lib/cpp03_action/demo01_action_server" to ""
[25.336s] -- Installing: /home/lihaoting/ROS2/ws01_plumbing/install/cpp03_action/lib/cpp03_action/demo02_action_client
[25.338s] -- Set non-toolchain portion of runtime path of "/home/lihaoting/ROS2/ws01_plumbing/install/cpp03_action/lib/cpp03_action/demo02_action_client" to ""
[25.339s] -- Up-to-date: /home/lihaoting/ROS2/ws01_plumbing/install/cpp03_action/share/ament_index/resource_index/package_run_dependencies/cpp03_action
[25.340s] -- Up-to-date: /home/lihaoting/ROS2/ws01_plumbing/install/cpp03_action/share/ament_index/resource_index/parent_prefix_path/cpp03_action
[25.340s] -- Up-to-date: /home/lihaoting/ROS2/ws01_plumbing/install/cpp03_action/share/cpp03_action/environment/ament_prefix_path.sh
[25.340s] -- Up-to-date: /home/lihaoting/ROS2/ws01_plumbing/install/cpp03_action/share/cpp03_action/environment/ament_prefix_path.dsv
[25.340s] -- Up-to-date: /home/lihaoting/ROS2/ws01_plumbing/install/cpp03_action/share/cpp03_action/environment/path.sh
[25.340s] -- Up-to-date: /home/lihaoting/ROS2/ws01_plumbing/install/cpp03_action/share/cpp03_action/environment/path.dsv
[25.341s] -- Up-to-date: /home/lihaoting/ROS2/ws01_plumbing/install/cpp03_action/share/cpp03_action/local_setup.bash
[25.341s] -- Up-to-date: /home/lihaoting/ROS2/ws01_plumbing/install/cpp03_action/share/cpp03_action/local_setup.sh
[25.341s] -- Up-to-date: /home/lihaoting/ROS2/ws01_plumbing/install/cpp03_action/share/cpp03_action/local_setup.zsh
[25.341s] -- Up-to-date: /home/lihaoting/ROS2/ws01_plumbing/install/cpp03_action/share/cpp03_action/local_setup.dsv
[25.341s] -- Installing: /home/lihaoting/ROS2/ws01_plumbing/install/cpp03_action/share/cpp03_action/package.dsv
[25.341s] -- Up-to-date: /home/lihaoting/ROS2/ws01_plumbing/install/cpp03_action/share/ament_index/resource_index/packages/cpp03_action
[25.342s] -- Up-to-date: /home/lihaoting/ROS2/ws01_plumbing/install/cpp03_action/share/cpp03_action/cmake/cpp03_actionConfig.cmake
[25.342s] -- Up-to-date: /home/lihaoting/ROS2/ws01_plumbing/install/cpp03_action/share/cpp03_action/cmake/cpp03_actionConfig-version.cmake
[25.342s] -- Up-to-date: /home/lihaoting/ROS2/ws01_plumbing/install/cpp03_action/share/cpp03_action/package.xml
[25.345s] Invoked command in '/home/lihaoting/ROS2/ws01_plumbing/build/cpp03_action' returned '0': AMENT_PREFIX_PATH=/home/lihaoting/ROS2/ws01_plumbing/install/base_interfaces_demo:${AMENT_PREFIX_PATH} CMAKE_PREFIX_PATH=/home/lihaoting/ROS2/ws01_plumbing/install/base_interfaces_demo:/home/lihaoting/.local/share/Trash/files/install:/home/lihaoting/.local/share/Trash/files/install:/opt/ros/jazzy/opt/gz_math_vendor:/opt/ros/jazzy/opt/gz_utils_vendor:/opt/ros/jazzy/opt/gz_cmake_vendor:/opt/ros/jazzy DEBUGINFOD_URLS=https://debuginfod.ubuntu.com LD_LIBRARY_PATH=/home/lihaoting/ROS2/ws01_plumbing/install/base_interfaces_demo/lib:${LD_LIBRARY_PATH} PYTHONPATH=/home/lihaoting/ROS2/ws01_plumbing/install/base_interfaces_demo/lib/python3.12/site-packages:${PYTHONPATH} /usr/bin/cmake --install /home/lihaoting/ROS2/ws01_plumbing/build/cpp03_action
