[0.084s] Invoking command in '/home/lihaoting/ROS2/ws01_plumbing/src/build/cpp03_action': CMAKE_PREFIX_PATH=/home/lihaoting/ROS2/ws01_plumbing/src/install/base_interfaces_demo:/home/lihaoting/ROS2/ws01_plumbing/src/install/cpp03_action:/home/lihaoting/ROS2/ws01_plumbing/src/install/cpp02_service:/home/lihaoting/ROS2/ws01_plumbing/src/install/cpp01_topic:/opt/ros/jazzy/opt/gz_math_vendor:/opt/ros/jazzy/opt/gz_utils_vendor:/opt/ros/jazzy/opt/gz_cmake_vendor:/home/lihaoting/ROS2/ws01_plumbing/src/install/py01_topic:/opt/ros/jazzy DEBUGINFOD_URLS=https://debuginfod.ubuntu.com PYTHONPATH=/home/lihaoting/ROS2/ws01_plumbing/src/install/base_interfaces_demo/lib/python3.12/site-packages:/home/lihaoting/ROS2/ws01_plumbing/src/install/py01_topic/lib/python3.12/site-packages:/opt/ros/jazzy/lib/python3.12/site-packages /usr/bin/cmake --build /home/lihaoting/ROS2/ws01_plumbing/src/build/cpp03_action -- -j2 -l2
[0.263s] -- Found ament_cmake: 2.5.4 (/opt/ros/jazzy/share/ament_cmake/cmake)
[1.507s] -- Found rclcpp: 28.1.9 (/opt/ros/jazzy/share/rclcpp/cmake)
[1.622s] -- Found rosidl_generator_c: 4.6.5 (/opt/ros/jazzy/share/rosidl_generator_c/cmake)
[1.672s] -- Found rosidl_generator_cpp: 4.6.5 (/opt/ros/jazzy/share/rosidl_generator_cpp/cmake)
[1.754s] -- Using all available rosidl_typesupport_c: rosidl_typesupport_fastrtps_c;rosidl_typesupport_introspection_c
[1.868s] -- Using all available rosidl_typesupport_cpp: rosidl_typesupport_fastrtps_cpp;rosidl_typesupport_introspection_cpp
[2.229s] -- Found rmw_implementation_cmake: 7.3.2 (/opt/ros/jazzy/share/rmw_implementation_cmake/cmake)
[2.237s] -- Found rmw_fastrtps_cpp: 8.4.2 (/opt/ros/jazzy/share/rmw_fastrtps_cpp/cmake)
[2.582s] -- Using RMW implementation 'rmw_fastrtps_cpp' as default
[3.002s] -- Found rclcpp_action: 28.1.9 (/opt/ros/jazzy/share/rclcpp_action/cmake)
[3.329s] -- Found base_interfaces_demo: 0.0.0 (/home/lihaoting/ROS2/ws01_plumbing/src/install/base_interfaces_demo/share/base_interfaces_demo/cmake)
[3.483s] -- Found ament_lint_auto: 0.17.2 (/opt/ros/jazzy/share/ament_lint_auto/cmake)
[3.956s] -- Added test 'cppcheck' to perform static code analysis on C / C++ code
[3.956s] -- Configured cppcheck include dirs: 
[3.956s] -- Configured cppcheck exclude dirs and/or files: 
[3.962s] -- Added test 'lint_cmake' to check CMake code style
[3.965s] -- Added test 'uncrustify' to check C / C++ code style
[3.968s] -- Configured uncrustify additional arguments: 
[3.972s] -- Added test 'xmllint' to check XML markup files
[4.081s] -- Configuring done (3.9s)
[4.404s] -- Generating done (0.3s)
[4.741s] -- Build files have been written to: /home/lihaoting/ROS2/ws01_plumbing/src/build/cpp03_action
[5.032s] [ 25%] [32mBuilding CXX object CMakeFiles/demo01_action_server.dir/src/demo01_action_server.cpp.o[0m
[22.289s] [ 50%] [32m[1mLinking CXX executable demo01_action_server[0m
[22.839s] [ 50%] Built target demo01_action_server
[22.928s] [ 75%] [32mBuilding CXX object CMakeFiles/demo02_action_client.dir/src/demo02_action_client.cpp.o[0m
[33.109s] [100%] [32m[1mLinking CXX executable demo02_action_client[0m
[33.526s] [100%] Built target demo02_action_client
[33.547s] Invoked command in '/home/lihaoting/ROS2/ws01_plumbing/src/build/cpp03_action' returned '0': CMAKE_PREFIX_PATH=/home/lihaoting/ROS2/ws01_plumbing/src/install/base_interfaces_demo:/home/lihaoting/ROS2/ws01_plumbing/src/install/cpp03_action:/home/lihaoting/ROS2/ws01_plumbing/src/install/cpp02_service:/home/lihaoting/ROS2/ws01_plumbing/src/install/cpp01_topic:/opt/ros/jazzy/opt/gz_math_vendor:/opt/ros/jazzy/opt/gz_utils_vendor:/opt/ros/jazzy/opt/gz_cmake_vendor:/home/lihaoting/ROS2/ws01_plumbing/src/install/py01_topic:/opt/ros/jazzy DEBUGINFOD_URLS=https://debuginfod.ubuntu.com PYTHONPATH=/home/lihaoting/ROS2/ws01_plumbing/src/install/base_interfaces_demo/lib/python3.12/site-packages:/home/lihaoting/ROS2/ws01_plumbing/src/install/py01_topic/lib/python3.12/site-packages:/opt/ros/jazzy/lib/python3.12/site-packages /usr/bin/cmake --build /home/lihaoting/ROS2/ws01_plumbing/src/build/cpp03_action -- -j2 -l2
[33.548s] Invoking command in '/home/lihaoting/ROS2/ws01_plumbing/src/build/cpp03_action': CMAKE_PREFIX_PATH=/home/lihaoting/ROS2/ws01_plumbing/src/install/base_interfaces_demo:/home/lihaoting/ROS2/ws01_plumbing/src/install/cpp03_action:/home/lihaoting/ROS2/ws01_plumbing/src/install/cpp02_service:/home/lihaoting/ROS2/ws01_plumbing/src/install/cpp01_topic:/opt/ros/jazzy/opt/gz_math_vendor:/opt/ros/jazzy/opt/gz_utils_vendor:/opt/ros/jazzy/opt/gz_cmake_vendor:/home/lihaoting/ROS2/ws01_plumbing/src/install/py01_topic:/opt/ros/jazzy DEBUGINFOD_URLS=https://debuginfod.ubuntu.com PYTHONPATH=/home/lihaoting/ROS2/ws01_plumbing/src/install/base_interfaces_demo/lib/python3.12/site-packages:/home/lihaoting/ROS2/ws01_plumbing/src/install/py01_topic/lib/python3.12/site-packages:/opt/ros/jazzy/lib/python3.12/site-packages /usr/bin/cmake --install /home/lihaoting/ROS2/ws01_plumbing/src/build/cpp03_action
[33.562s] -- Install configuration: ""
[33.658s] -- Installing: /home/lihaoting/ROS2/ws01_plumbing/src/install/cpp03_action/lib/cpp03_action/demo01_action_server
[33.663s] -- Set non-toolchain portion of runtime path of "/home/lihaoting/ROS2/ws01_plumbing/src/install/cpp03_action/lib/cpp03_action/demo01_action_server" to ""
[33.714s] -- Installing: /home/lihaoting/ROS2/ws01_plumbing/src/install/cpp03_action/lib/cpp03_action/demo02_action_client
[33.717s] -- Set non-toolchain portion of runtime path of "/home/lihaoting/ROS2/ws01_plumbing/src/install/cpp03_action/lib/cpp03_action/demo02_action_client" to ""
[33.717s] -- Up-to-date: /home/lihaoting/ROS2/ws01_plumbing/src/install/cpp03_action/share/ament_index/resource_index/package_run_dependencies/cpp03_action
[33.717s] -- Installing: /home/lihaoting/ROS2/ws01_plumbing/src/install/cpp03_action/share/ament_index/resource_index/parent_prefix_path/cpp03_action
[33.720s] -- Up-to-date: /home/lihaoting/ROS2/ws01_plumbing/src/install/cpp03_action/share/cpp03_action/environment/ament_prefix_path.sh
[33.720s] -- Up-to-date: /home/lihaoting/ROS2/ws01_plumbing/src/install/cpp03_action/share/cpp03_action/environment/ament_prefix_path.dsv
[33.720s] -- Up-to-date: /home/lihaoting/ROS2/ws01_plumbing/src/install/cpp03_action/share/cpp03_action/environment/path.sh
[33.720s] -- Up-to-date: /home/lihaoting/ROS2/ws01_plumbing/src/install/cpp03_action/share/cpp03_action/environment/path.dsv
[33.720s] -- Up-to-date: /home/lihaoting/ROS2/ws01_plumbing/src/install/cpp03_action/share/cpp03_action/local_setup.bash
[33.721s] -- Up-to-date: /home/lihaoting/ROS2/ws01_plumbing/src/install/cpp03_action/share/cpp03_action/local_setup.sh
[33.721s] -- Up-to-date: /home/lihaoting/ROS2/ws01_plumbing/src/install/cpp03_action/share/cpp03_action/local_setup.zsh
[33.721s] -- Up-to-date: /home/lihaoting/ROS2/ws01_plumbing/src/install/cpp03_action/share/cpp03_action/local_setup.dsv
[33.721s] -- Installing: /home/lihaoting/ROS2/ws01_plumbing/src/install/cpp03_action/share/cpp03_action/package.dsv
[33.721s] -- Up-to-date: /home/lihaoting/ROS2/ws01_plumbing/src/install/cpp03_action/share/ament_index/resource_index/packages/cpp03_action
[33.721s] -- Up-to-date: /home/lihaoting/ROS2/ws01_plumbing/src/install/cpp03_action/share/cpp03_action/cmake/cpp03_actionConfig.cmake
[33.721s] -- Up-to-date: /home/lihaoting/ROS2/ws01_plumbing/src/install/cpp03_action/share/cpp03_action/cmake/cpp03_actionConfig-version.cmake
[33.721s] -- Up-to-date: /home/lihaoting/ROS2/ws01_plumbing/src/install/cpp03_action/share/cpp03_action/package.xml
[33.730s] Invoked command in '/home/lihaoting/ROS2/ws01_plumbing/src/build/cpp03_action' returned '0': CMAKE_PREFIX_PATH=/home/lihaoting/ROS2/ws01_plumbing/src/install/base_interfaces_demo:/home/lihaoting/ROS2/ws01_plumbing/src/install/cpp03_action:/home/lihaoting/ROS2/ws01_plumbing/src/install/cpp02_service:/home/lihaoting/ROS2/ws01_plumbing/src/install/cpp01_topic:/opt/ros/jazzy/opt/gz_math_vendor:/opt/ros/jazzy/opt/gz_utils_vendor:/opt/ros/jazzy/opt/gz_cmake_vendor:/home/lihaoting/ROS2/ws01_plumbing/src/install/py01_topic:/opt/ros/jazzy DEBUGINFOD_URLS=https://debuginfod.ubuntu.com PYTHONPATH=/home/lihaoting/ROS2/ws01_plumbing/src/install/base_interfaces_demo/lib/python3.12/site-packages:/home/lihaoting/ROS2/ws01_plumbing/src/install/py01_topic/lib/python3.12/site-packages:/opt/ros/jazzy/lib/python3.12/site-packages /usr/bin/cmake --install /home/lihaoting/ROS2/ws01_plumbing/src/build/cpp03_action
