[0.130s] Invoking command in '/home/lihaoting/ROS2/ws01_plumbing/src/build/base_interfaces_demo': CMAKE_PREFIX_PATH=${CMAKE_PREFIX_PATH}:/opt/ros/jazzy DEBUGINFOD_URLS=https://debuginfod.ubuntu.com /usr/bin/cmake --build /home/lihaoting/ROS2/ws01_plumbing/src/build/base_interfaces_demo -- -j2 -l2
[0.926s] -- Found ament_cmake: 2.5.3 (/opt/ros/jazzy/share/ament_cmake/cmake)
[1.494s] -- Found rosidl_default_generators: 1.6.0 (/opt/ros/jazzy/share/rosidl_default_generators/cmake)
[1.587s] -- Using all available rosidl_typesupport_c: rosidl_typesupport_fastrtps_c;rosidl_typesupport_introspection_c
[1.976s] -- Using all available rosidl_typesupport_cpp: rosidl_typesupport_fastrtps_cpp;rosidl_typesupport_introspection_cpp
[2.157s] -- Found rosidl_adapter: 4.6.5 (/opt/ros/jazzy/share/rosidl_adapter/cmake)
[2.919s] [31mCMake Error at /opt/ros/jazzy/share/rosidl_adapter/cmake/rosidl_adapt_interfaces.cmake:57 (message):
[2.919s]   execute_process(/usr/bin/python3 -m rosidl_adapter --package-name
[2.919s]   base_interfaces_demo --arguments-file
[2.920s]   /home/lihaoting/ROS2/ws01_plumbing/src/build/base_interfaces_demo/rosidl_adapter__arguments__base_interfaces_demo.json
[2.920s]   --output-dir
[2.920s]   /home/lihaoting/ROS2/ws01_plumbing/src/build/base_interfaces_demo/rosidl_adapter/base_interfaces_demo
[2.920s]   --output-file
[2.920s]   /home/lihaoting/ROS2/ws01_plumbing/src/build/base_interfaces_demo/rosidl_adapter/base_interfaces_demo.idls)
[2.920s]   returned error code 1:
[2.920s] 
[2.920s]   Error processing 'string name;' of 'base_interfaces_demo/Student': ''name;'
[2.920s]   is an invalid field name.  It should have the pattern
[2.920s]   '^(?!.*__)(?!.*_$)[a-z][a-z0-9_]*$''
[2.920s] 
[2.920s]   Traceback (most recent call last):
[2.921s] 
[2.921s]     File "<frozen runpy>", line 198, in _run_module_as_main
[2.921s]     File "<frozen runpy>", line 88, in _run_code
[2.921s]     File "/opt/ros/jazzy/lib/python3.12/site-packages/rosidl_adapter/__main__.py", line 19, in <module>
[2.923s]       sys.exit(main())
[2.924s]                ^^^^^^
[2.924s]     File "/opt/ros/jazzy/lib/python3.12/site-packages/rosidl_adapter/main.py", line 53, in main
[2.924s]       abs_idl_file = convert_to_idl(
[2.924s]                      ^^^^^^^^^^^^^^^
[2.924s]     File "/opt/ros/jazzy/lib/python3.12/site-packages/rosidl_adapter/__init__.py", line 19, in convert_to_idl
[2.924s]       return convert_msg_to_idl(
[2.924s]              ^^^^^^^^^^^^^^^^^^^
[2.925s]     File "/opt/ros/jazzy/lib/python3.12/site-packages/rosidl_adapter/msg/__init__.py", line 28, in convert_msg_to_idl
[2.925s]       msg = parse_message_string(package_name, input_file.stem, content)
[2.925s]             ^^^^^^^^^^^^^^^^^^^^^^^^^^^^^^^^^^^^^^^^^^^^^^^^^^^^^^^^^^^^
[2.925s]     File "/opt/ros/jazzy/lib/python3.12/site-packages/rosidl_adapter/parser.py", line 520, in parse_message_string
[2.925s]       fields.append(Field(
[2.925s]                     ^^^^^^
[2.925s]     File "/opt/ros/jazzy/lib/python3.12/site-packages/rosidl_adapter/parser.py", line 355, in __init__
[2.925s]       raise NameError(
[2.925s] 
[2.925s]   NameError: 'name;' is an invalid field name.  It should have the pattern
[2.925s]   '^(?!.*__)(?!.*_$)[a-z][a-z0-9_]*$'
[2.927s] 
[2.927s] Call Stack (most recent call first):
[2.927s]   /opt/ros/jazzy/share/rosidl_cmake/cmake/rosidl_generate_interfaces.cmake:132 (rosidl_adapt_interfaces)
[2.927s]   CMakeLists.txt:18 (rosidl_generate_interfaces)
[2.927s] 
[2.927s] [0m
[2.927s] -- Configuring incomplete, errors occurred!
[2.973s] gmake: *** [Makefile:226：cmake_check_build_system] 错误 1
[2.977s] Invoked command in '/home/lihaoting/ROS2/ws01_plumbing/src/build/base_interfaces_demo' returned '2': CMAKE_PREFIX_PATH=${CMAKE_PREFIX_PATH}:/opt/ros/jazzy DEBUGINFOD_URLS=https://debuginfod.ubuntu.com /usr/bin/cmake --build /home/lihaoting/ROS2/ws01_plumbing/src/build/base_interfaces_demo -- -j2 -l2
