[0.019s] Invoking command in '/home/lihaoting/ROS2/ws01_plumbing/src/build/cpp01_topic': CMAKE_PREFIX_PATH=/home/lihaoting/ROS2/ws01_plumbing/src/install/base_interfaces_demo:/home/lihaoting/ROS2/ws01_plumbing/src/install/cpp01_topic:/home/lihaoting/.local/share/Trash/files/install:/opt/ros/jazzy/opt/gz_math_vendor:/opt/ros/jazzy/opt/gz_utils_vendor:/opt/ros/jazzy/opt/gz_cmake_vendor:/home/lihaoting/ROS2/ws01_plumbing/src/install/py01_topic:/opt/ros/jazzy DEBUGINFOD_URLS=https://debuginfod.ubuntu.com PYTHONPATH=/home/lihaoting/ROS2/ws01_plumbing/src/install/base_interfaces_demo/lib/python3.12/site-packages:/home/lihaoting/ROS2/ws01_plumbing/src/install/py01_topic/lib/python3.12/site-packages:/opt/ros/jazzy/lib/python3.12/site-packages /usr/bin/cmake --build /home/lihaoting/ROS2/ws01_plumbing/src/build/cpp01_topic -- -j2 -l2
[0.057s] -- Found ament_cmake: 2.5.4 (/opt/ros/jazzy/share/ament_cmake/cmake)
[0.569s] -- Found rclcpp: 28.1.9 (/opt/ros/jazzy/share/rclcpp/cmake)
[0.605s] -- Found rosidl_generator_c: 4.6.5 (/opt/ros/jazzy/share/rosidl_generator_c/cmake)
[0.631s] -- Found rosidl_generator_cpp: 4.6.5 (/opt/ros/jazzy/share/rosidl_generator_cpp/cmake)
[0.677s] -- Using all available rosidl_typesupport_c: rosidl_typesupport_fastrtps_c;rosidl_typesupport_introspection_c
[0.699s] -- Using all available rosidl_typesupport_cpp: rosidl_typesupport_fastrtps_cpp;rosidl_typesupport_introspection_cpp
[0.783s] -- Found rmw_implementation_cmake: 7.3.2 (/opt/ros/jazzy/share/rmw_implementation_cmake/cmake)
[0.786s] -- Found rmw_fastrtps_cpp: 8.4.2 (/opt/ros/jazzy/share/rmw_fastrtps_cpp/cmake)
[0.866s] -- Using RMW implementation 'rmw_fastrtps_cpp' as default
[0.951s] -- Found std_msgs: 5.3.6 (/opt/ros/jazzy/share/std_msgs/cmake)
[0.973s] -- Found base_interfaces_demo: 0.0.0 (/home/lihaoting/ROS2/ws01_plumbing/src/install/base_interfaces_demo/share/base_interfaces_demo/cmake)
[0.997s] -- Found ament_lint_auto: 0.17.2 (/opt/ros/jazzy/share/ament_lint_auto/cmake)
[1.130s] -- Added test 'cppcheck' to perform static code analysis on C / C++ code
[1.131s] -- Configured cppcheck include dirs: $<BUILD_INTERFACE:/home/lihaoting/ROS2/ws01_plumbing/src/cpp01_topic/include>
[1.131s] -- Configured cppcheck exclude dirs and/or files: 
[1.131s] -- Added test 'lint_cmake' to check CMake code style
[1.134s] -- Added test 'uncrustify' to check C / C++ code style
[1.134s] -- Configured uncrustify additional arguments: 
[1.136s] -- Added test 'xmllint' to check XML markup files
[1.136s] -- Configuring done (1.1s)
[1.140s] [31mCMake Error at CMakeLists.txt:25 (add_executable):
[1.140s]   Cannot find source file:
[1.140s] 
[1.140s]     src/demo04_listener_stu.cpp
[1.140s] 
[1.140s]   Tried extensions .c .C .c++ .cc .cpp .cxx .cu .mpp .m .M .mm .ixx .cppm
[1.140s]   .ccm .cxxm .c++m .h .hh .h++ .hm .hpp .hxx .in .txx .f .F .for .f77 .f90
[1.142s]   .f95 .f03 .hip .ispc
[1.142s] 
[1.142s] [0m
[1.142s] [31mCMake Error at CMakeLists.txt:25 (add_executable):
[1.142s]   No SOURCES given to target: demo04_listener_stu
[1.142s] 
[1.142s] [0m
[1.142s] [0mCMake Generate step failed.  Build files cannot be regenerated correctly.[0m
[1.156s] gmake: *** [Makefile:308：cmake_check_build_system] 错误 1
[1.156s] Invoked command in '/home/lihaoting/ROS2/ws01_plumbing/src/build/cpp01_topic' returned '2': CMAKE_PREFIX_PATH=/home/lihaoting/ROS2/ws01_plumbing/src/install/base_interfaces_demo:/home/lihaoting/ROS2/ws01_plumbing/src/install/cpp01_topic:/home/lihaoting/.local/share/Trash/files/install:/opt/ros/jazzy/opt/gz_math_vendor:/opt/ros/jazzy/opt/gz_utils_vendor:/opt/ros/jazzy/opt/gz_cmake_vendor:/home/lihaoting/ROS2/ws01_plumbing/src/install/py01_topic:/opt/ros/jazzy DEBUGINFOD_URLS=https://debuginfod.ubuntu.com PYTHONPATH=/home/lihaoting/ROS2/ws01_plumbing/src/install/base_interfaces_demo/lib/python3.12/site-packages:/home/lihaoting/ROS2/ws01_plumbing/src/install/py01_topic/lib/python3.12/site-packages:/opt/ros/jazzy/lib/python3.12/site-packages /usr/bin/cmake --build /home/lihaoting/ROS2/ws01_plumbing/src/build/cpp01_topic -- -j2 -l2
