[0.064s] Invoking command in '/home/lihaoting/ROS2/ws01_plumbing/src/build/cpp01_topic': CMAKE_PREFIX_PATH=/home/lihaoting/ROS2/ws01_plumbing/src/install/base_interfaces_demo:/home/lihaoting/ROS2/ws01_plumbing/src/install/cpp01_topic:/home/lihaoting/.local/share/Trash/files/install:/opt/ros/jazzy/opt/gz_math_vendor:/opt/ros/jazzy/opt/gz_utils_vendor:/opt/ros/jazzy/opt/gz_cmake_vendor:/home/lihaoting/ROS2/ws01_plumbing/src/install/py01_topic:/opt/ros/jazzy DEBUGINFOD_URLS=https://debuginfod.ubuntu.com PYTHONPATH=/home/lihaoting/ROS2/ws01_plumbing/src/install/base_interfaces_demo/lib/python3.12/site-packages:/home/lihaoting/ROS2/ws01_plumbing/src/install/py01_topic/lib/python3.12/site-packages:/opt/ros/jazzy/lib/python3.12/site-packages /usr/bin/cmake --build /home/lihaoting/ROS2/ws01_plumbing/src/build/cpp01_topic -- -j2 -l2
[0.262s] [ 25%] Built target demo01_talker_str
[0.369s] [ 50%] Built target demo03_talker_stu
[0.377s] [ 75%] Built target demo02_listener_str
[0.491s] [ 87%] [32mBuilding CXX object CMakeFiles/demo04_listener_stu.dir/src/demo04_listener_stu.cpp.o[0m
[15.795s] [100%] [32m[1mLinking CXX executable demo04_listener_stu[0m
[16.275s] [100%] Built target demo04_listener_stu
[16.316s] Invoked command in '/home/lihaoting/ROS2/ws01_plumbing/src/build/cpp01_topic' returned '0': CMAKE_PREFIX_PATH=/home/lihaoting/ROS2/ws01_plumbing/src/install/base_interfaces_demo:/home/lihaoting/ROS2/ws01_plumbing/src/install/cpp01_topic:/home/lihaoting/.local/share/Trash/files/install:/opt/ros/jazzy/opt/gz_math_vendor:/opt/ros/jazzy/opt/gz_utils_vendor:/opt/ros/jazzy/opt/gz_cmake_vendor:/home/lihaoting/ROS2/ws01_plumbing/src/install/py01_topic:/opt/ros/jazzy DEBUGINFOD_URLS=https://debuginfod.ubuntu.com PYTHONPATH=/home/lihaoting/ROS2/ws01_plumbing/src/install/base_interfaces_demo/lib/python3.12/site-packages:/home/lihaoting/ROS2/ws01_plumbing/src/install/py01_topic/lib/python3.12/site-packages:/opt/ros/jazzy/lib/python3.12/site-packages /usr/bin/cmake --build /home/lihaoting/ROS2/ws01_plumbing/src/build/cpp01_topic -- -j2 -l2
[16.331s] Invoking command in '/home/lihaoting/ROS2/ws01_plumbing/src/build/cpp01_topic': CMAKE_PREFIX_PATH=/home/lihaoting/ROS2/ws01_plumbing/src/install/base_interfaces_demo:/home/lihaoting/ROS2/ws01_plumbing/src/install/cpp01_topic:/home/lihaoting/.local/share/Trash/files/install:/opt/ros/jazzy/opt/gz_math_vendor:/opt/ros/jazzy/opt/gz_utils_vendor:/opt/ros/jazzy/opt/gz_cmake_vendor:/home/lihaoting/ROS2/ws01_plumbing/src/install/py01_topic:/opt/ros/jazzy DEBUGINFOD_URLS=https://debuginfod.ubuntu.com PYTHONPATH=/home/lihaoting/ROS2/ws01_plumbing/src/install/base_interfaces_demo/lib/python3.12/site-packages:/home/lihaoting/ROS2/ws01_plumbing/src/install/py01_topic/lib/python3.12/site-packages:/opt/ros/jazzy/lib/python3.12/site-packages /usr/bin/cmake --install /home/lihaoting/ROS2/ws01_plumbing/src/build/cpp01_topic
[16.345s] -- Install configuration: ""
[16.372s] -- Installing: /home/lihaoting/ROS2/ws01_plumbing/src/install/cpp01_topic/lib/cpp01_topic/demo01_talker_str
[16.376s] -- Set non-toolchain portion of runtime path of "/home/lihaoting/ROS2/ws01_plumbing/src/install/cpp01_topic/lib/cpp01_topic/demo01_talker_str" to ""
[16.437s] -- Installing: /home/lihaoting/ROS2/ws01_plumbing/src/install/cpp01_topic/lib/cpp01_topic/demo02_listener_str
[16.442s] -- Set non-toolchain portion of runtime path of "/home/lihaoting/ROS2/ws01_plumbing/src/install/cpp01_topic/lib/cpp01_topic/demo02_listener_str" to ""
[16.442s] -- Installing: /home/lihaoting/ROS2/ws01_plumbing/src/install/cpp01_topic/lib/cpp01_topic/demo03_talker_stu
[16.444s] -- Set non-toolchain portion of runtime path of "/home/lihaoting/ROS2/ws01_plumbing/src/install/cpp01_topic/lib/cpp01_topic/demo03_talker_stu" to ""
[16.444s] -- Installing: /home/lihaoting/ROS2/ws01_plumbing/src/install/cpp01_topic/lib/cpp01_topic/demo04_listener_stu
[16.451s] -- Set non-toolchain portion of runtime path of "/home/lihaoting/ROS2/ws01_plumbing/src/install/cpp01_topic/lib/cpp01_topic/demo04_listener_stu" to ""
[16.452s] -- Up-to-date: /home/lihaoting/ROS2/ws01_plumbing/src/install/cpp01_topic/share/ament_index/resource_index/package_run_dependencies/cpp01_topic
[16.452s] -- Installing: /home/lihaoting/ROS2/ws01_plumbing/src/install/cpp01_topic/share/ament_index/resource_index/parent_prefix_path/cpp01_topic
[16.453s] -- Installing: /home/lihaoting/ROS2/ws01_plumbing/src/install/cpp01_topic/share/cpp01_topic/environment/ament_prefix_path.sh
[16.454s] -- Up-to-date: /home/lihaoting/ROS2/ws01_plumbing/src/install/cpp01_topic/share/cpp01_topic/environment/ament_prefix_path.dsv
[16.454s] -- Installing: /home/lihaoting/ROS2/ws01_plumbing/src/install/cpp01_topic/share/cpp01_topic/environment/path.sh
[16.455s] -- Up-to-date: /home/lihaoting/ROS2/ws01_plumbing/src/install/cpp01_topic/share/cpp01_topic/environment/path.dsv
[16.455s] -- Up-to-date: /home/lihaoting/ROS2/ws01_plumbing/src/install/cpp01_topic/share/cpp01_topic/local_setup.bash
[16.455s] -- Up-to-date: /home/lihaoting/ROS2/ws01_plumbing/src/install/cpp01_topic/share/cpp01_topic/local_setup.sh
[16.455s] -- Up-to-date: /home/lihaoting/ROS2/ws01_plumbing/src/install/cpp01_topic/share/cpp01_topic/local_setup.zsh
[16.455s] -- Up-to-date: /home/lihaoting/ROS2/ws01_plumbing/src/install/cpp01_topic/share/cpp01_topic/local_setup.dsv
[16.455s] -- Installing: /home/lihaoting/ROS2/ws01_plumbing/src/install/cpp01_topic/share/cpp01_topic/package.dsv
[16.455s] -- Up-to-date: /home/lihaoting/ROS2/ws01_plumbing/src/install/cpp01_topic/share/ament_index/resource_index/packages/cpp01_topic
[16.455s] -- Up-to-date: /home/lihaoting/ROS2/ws01_plumbing/src/install/cpp01_topic/share/cpp01_topic/cmake/cpp01_topicConfig.cmake
[16.455s] -- Up-to-date: /home/lihaoting/ROS2/ws01_plumbing/src/install/cpp01_topic/share/cpp01_topic/cmake/cpp01_topicConfig-version.cmake
[16.455s] -- Up-to-date: /home/lihaoting/ROS2/ws01_plumbing/src/install/cpp01_topic/share/cpp01_topic/package.xml
[16.469s] Invoked command in '/home/lihaoting/ROS2/ws01_plumbing/src/build/cpp01_topic' returned '0': CMAKE_PREFIX_PATH=/home/lihaoting/ROS2/ws01_plumbing/src/install/base_interfaces_demo:/home/lihaoting/ROS2/ws01_plumbing/src/install/cpp01_topic:/home/lihaoting/.local/share/Trash/files/install:/opt/ros/jazzy/opt/gz_math_vendor:/opt/ros/jazzy/opt/gz_utils_vendor:/opt/ros/jazzy/opt/gz_cmake_vendor:/home/lihaoting/ROS2/ws01_plumbing/src/install/py01_topic:/opt/ros/jazzy DEBUGINFOD_URLS=https://debuginfod.ubuntu.com PYTHONPATH=/home/lihaoting/ROS2/ws01_plumbing/src/install/base_interfaces_demo/lib/python3.12/site-packages:/home/lihaoting/ROS2/ws01_plumbing/src/install/py01_topic/lib/python3.12/site-packages:/opt/ros/jazzy/lib/python3.12/site-packages /usr/bin/cmake --install /home/lihaoting/ROS2/ws01_plumbing/src/build/cpp01_topic
