[0.022s] Invoking command in '/home/lihaoting/ROS2/ws01_plumbing/src/build/cpp01_topic': CMAKE_PREFIX_PATH=/home/lihaoting/ROS2/ws01_plumbing/src/install/base_interfaces_demo:/home/lihaoting/ROS2/ws01_plumbing/src/install/cpp01_topic:/home/lihaoting/.local/share/Trash/files/install:/opt/ros/jazzy/opt/gz_math_vendor:/opt/ros/jazzy/opt/gz_utils_vendor:/opt/ros/jazzy/opt/gz_cmake_vendor:/home/lihaoting/ROS2/ws01_plumbing/src/install/py01_topic:/opt/ros/jazzy DEBUGINFOD_URLS=https://debuginfod.ubuntu.com PYTHONPATH=/home/lihaoting/ROS2/ws01_plumbing/src/install/base_interfaces_demo/lib/python3.12/site-packages:/home/lihaoting/ROS2/ws01_plumbing/src/install/py01_topic/lib/python3.12/site-packages:/opt/ros/jazzy/lib/python3.12/site-packages /usr/bin/cmake --build /home/lihaoting/ROS2/ws01_plumbing/src/build/cpp01_topic -- -j2 -l2
[0.105s] -- Found ament_cmake: 2.5.4 (/opt/ros/jazzy/share/ament_cmake/cmake)
[1.275s] -- Found rclcpp: 28.1.9 (/opt/ros/jazzy/share/rclcpp/cmake)
[1.379s] -- Found rosidl_generator_c: 4.6.5 (/opt/ros/jazzy/share/rosidl_generator_c/cmake)
[1.416s] -- Found rosidl_generator_cpp: 4.6.5 (/opt/ros/jazzy/share/rosidl_generator_cpp/cmake)
[1.461s] -- Using all available rosidl_typesupport_c: rosidl_typesupport_fastrtps_c;rosidl_typesupport_introspection_c
[1.517s] -- Using all available rosidl_typesupport_cpp: rosidl_typesupport_fastrtps_cpp;rosidl_typesupport_introspection_cpp
[1.751s] -- Found rmw_implementation_cmake: 7.3.2 (/opt/ros/jazzy/share/rmw_implementation_cmake/cmake)
[1.763s] -- Found rmw_fastrtps_cpp: 8.4.2 (/opt/ros/jazzy/share/rmw_fastrtps_cpp/cmake)
[1.981s] -- Using RMW implementation 'rmw_fastrtps_cpp' as default
[2.195s] -- Found std_msgs: 5.3.6 (/opt/ros/jazzy/share/std_msgs/cmake)
[2.241s] -- Found base_interfaces_demo: 0.0.0 (/home/lihaoting/ROS2/ws01_plumbing/src/install/base_interfaces_demo/share/base_interfaces_demo/cmake)
[2.288s] -- Found ament_lint_auto: 0.17.2 (/opt/ros/jazzy/share/ament_lint_auto/cmake)
[2.576s] -- Added test 'cppcheck' to perform static code analysis on C / C++ code
[2.580s] -- Configured cppcheck include dirs: $<BUILD_INTERFACE:/home/lihaoting/ROS2/ws01_plumbing/src/cpp01_topic/include>
[2.580s] -- Configured cppcheck exclude dirs and/or files: 
[2.585s] -- Added test 'lint_cmake' to check CMake code style
[2.591s] -- Added test 'uncrustify' to check C / C++ code style
[2.591s] -- Configured uncrustify additional arguments: 
[2.595s] -- Added test 'xmllint' to check XML markup files
[2.605s] -- Configuring done (2.5s)
[2.969s] -- Generating done (0.3s)
[3.009s] -- Build files have been written to: /home/lihaoting/ROS2/ws01_plumbing/src/build/cpp01_topic
[3.250s] [ 12%] [32mBuilding CXX object CMakeFiles/demo02_listener_str.dir/src/demo02_listener_str.cpp.o[0m
[3.286s] [ 25%] [32mBuilding CXX object CMakeFiles/demo01_talker_str.dir/src/demo01_talker_str.cpp.o[0m
[17.344s] [ 37%] [32m[1mLinking CXX executable demo01_talker_str[0m
[19.173s] [ 37%] Built target demo01_talker_str
[21.798s] [ 50%] [32m[1mLinking CXX executable demo02_listener_str[0m
[22.203s] [ 50%] Built target demo02_listener_str
[22.235s] [ 62%] [32mBuilding CXX object CMakeFiles/demo03_talker_stu.dir/src/demo03_talker_stu.cpp.o[0m
[26.325s] [01m[K/home/lihaoting/ROS2/ws01_plumbing/src/cpp01_topic/src/demo03_talker_stu.cpp:[m[K In function ‘[01m[Kint[01;32m[K main[m[K(int, char**)[m[K’:
[26.328s] [01m[K/home/lihaoting/ROS2/ws01_plumbing/src/cpp01_topic/src/demo03_talker_stu.cpp:53:13:[m[K [01;35m[Kwarning: [m[Kstatement is a reference, not call, to function ‘[01m[Krclcpp::shutdown[m[K’ [[01;35m[K]8;;https://gcc.gnu.org/onlinedocs/gcc/Warning-Options.html#index-Waddress-Waddress]8;;[m[K]
[26.328s]    53 |     [01;35m[Krclcpp::shutdown[m[K;
[26.328s]       |     [01;35m[K~~~~~~~~^~~~~~~~[m[K
[26.328s] [01m[K/home/lihaoting/ROS2/ws01_plumbing/src/cpp01_topic/src/demo03_talker_stu.cpp:53:13:[m[K [01;35m[Kwarning: [m[Kstatement has no effect [[01;35m[K]8;;https://gcc.gnu.org/onlinedocs/gcc/Warning-Options.html#index-Wunused-value-Wunused-value]8;;[m[K]
[29.590s] [ 75%] [32m[1mLinking CXX executable demo03_talker_stu[0m
[30.012s] [ 75%] Built target demo03_talker_stu
[30.067s] [ 87%] [32mBuilding CXX object CMakeFiles/demo04_listener_stu.dir/src/demo04_listener_stu.cpp.o[0m
[33.906s] In file included from [01m[K/opt/ros/jazzy/include/rclcpp/rclcpp/logging.hpp:24[m[K,
[33.906s]                  from [01m[K/opt/ros/jazzy/include/rclcpp/rclcpp/copy_all_parameter_values.hpp:27[m[K,
[33.906s]                  from [01m[K/opt/ros/jazzy/include/rclcpp/rclcpp/rclcpp.hpp:171[m[K,
[33.906s]                  from [01m[K/home/lihaoting/ROS2/ws01_plumbing/src/cpp01_topic/src/demo04_listener_stu.cpp:6[m[K:
[33.906s] [01m[K/home/lihaoting/ROS2/ws01_plumbing/src/cpp01_topic/src/demo04_listener_stu.cpp:[m[K In member function ‘[01m[Kvoid MiniSubscriber::[01;32m[Ktopic_callback[m[K(const base_interfaces_demo::msg::Student&) const[m[K’:
[33.906s] [01m[K/home/lihaoting/ROS2/ws01_plumbing/src/cpp01_topic/src/demo04_listener_stu.cpp:17:94:[m[K [01;31m[Kerror: [m[Kinvalid use of non-static member function ‘[01m[Kconst _CharT* std::__cxx11::basic_string<_CharT, _Traits, _Alloc>::[01;32m[Kc_str[m[K() const [35m[K[with _CharT = char; _Traits = std::char_traits<char>; _Alloc = std::allocator<char>][m[K[m[K’
[33.906s]    17 |  RCLCPP_INFO(this->get_logger(), "订阅的学生信息:姓名:%s,年龄:%d,身高:%.2f", [01;31m[Kmsg.name.c_str[m[K, msg.age, msg.height);
[33.906s]       |                                                                              [01;31m[K~~~~~~~~~^~~~~[m[K
[33.907s] 
[33.907s] In file included from [01m[K/usr/include/c++/13/string:54[m[K,
[33.907s]                  from [01m[K/opt/ros/jazzy/include/rclcpp/rclcpp/copy_all_parameter_values.hpp:18[m[K:
[33.907s] [01m[K/usr/include/c++/13/bits/basic_string.h:2595:7:[m[K [01;36m[Knote: [m[Kdeclared here
[33.907s]  2595 |       [01;36m[Kc_str[m[K() const _GLIBCXX_NOEXCEPT
[33.907s]       |       [01;36m[K^~~~~[m[K
[37.020s] gmake[2]: *** [CMakeFiles/demo04_listener_stu.dir/build.make:76：CMakeFiles/demo04_listener_stu.dir/src/demo04_listener_stu.cpp.o] 错误 1
[37.021s] gmake[1]: *** [CMakeFiles/Makefile2:221：CMakeFiles/demo04_listener_stu.dir/all] 错误 2
[37.024s] gmake: *** [Makefile:146：all] 错误 2
[37.025s] Invoked command in '/home/lihaoting/ROS2/ws01_plumbing/src/build/cpp01_topic' returned '2': CMAKE_PREFIX_PATH=/home/lihaoting/ROS2/ws01_plumbing/src/install/base_interfaces_demo:/home/lihaoting/ROS2/ws01_plumbing/src/install/cpp01_topic:/home/lihaoting/.local/share/Trash/files/install:/opt/ros/jazzy/opt/gz_math_vendor:/opt/ros/jazzy/opt/gz_utils_vendor:/opt/ros/jazzy/opt/gz_cmake_vendor:/home/lihaoting/ROS2/ws01_plumbing/src/install/py01_topic:/opt/ros/jazzy DEBUGINFOD_URLS=https://debuginfod.ubuntu.com PYTHONPATH=/home/lihaoting/ROS2/ws01_plumbing/src/install/base_interfaces_demo/lib/python3.12/site-packages:/home/lihaoting/ROS2/ws01_plumbing/src/install/py01_topic/lib/python3.12/site-packages:/opt/ros/jazzy/lib/python3.12/site-packages /usr/bin/cmake --build /home/lihaoting/ROS2/ws01_plumbing/src/build/cpp01_topic -- -j2 -l2
