[0.036s] Invoking command in '/home/lihaoting/ROS2/ws01_plumbing/build/cpp03_action': AMENT_PREFIX_PATH=/home/lihaoting/ROS2/ws01_plumbing/install/base_interfaces_demo:${AMENT_PREFIX_PATH} CMAKE_PREFIX_PATH=/home/lihaoting/ROS2/ws01_plumbing/install/base_interfaces_demo:/home/lihaoting/.local/share/Trash/files/install:/home/lihaoting/.local/share/Trash/files/install:/opt/ros/jazzy/opt/gz_math_vendor:/opt/ros/jazzy/opt/gz_utils_vendor:/opt/ros/jazzy/opt/gz_cmake_vendor:/opt/ros/jazzy DEBUGINFOD_URLS=https://debuginfod.ubuntu.com LD_LIBRARY_PATH=/home/lihaoting/ROS2/ws01_plumbing/install/base_interfaces_demo/lib:${LD_LIBRARY_PATH} PYTHONPATH=/home/lihaoting/ROS2/ws01_plumbing/install/base_interfaces_demo/lib/python3.12/site-packages:${PYTHONPATH} /usr/bin/cmake /home/lihaoting/ROS2/ws01_plumbing/src/cpp03_action -DCMAKE_INSTALL_PREFIX=/home/lihaoting/ROS2/ws01_plumbing/install/cpp03_action
[0.216s] -- The C compiler identification is GNU 13.3.0
[0.314s] -- The CXX compiler identification is GNU 13.3.0
[0.339s] -- Detecting C compiler ABI info
[0.572s] -- Detecting C compiler ABI info - done
[0.586s] -- Check for working C compiler: /usr/bin/cc - skipped
[0.588s] -- Detecting C compile features
[0.588s] -- Detecting C compile features - done
[0.604s] -- Detecting CXX compiler ABI info
[1.005s] -- Detecting CXX compiler ABI info - done
[1.030s] -- Check for working CXX compiler: /usr/bin/c++ - skipped
[1.030s] -- Detecting CXX compile features
[1.030s] -- Detecting CXX compile features - done
[1.044s] -- Found ament_cmake: 2.5.4 (/opt/ros/jazzy/share/ament_cmake/cmake)
[1.380s] -- Found Python3: /usr/bin/python3 (found version "3.12.3") found components: Interpreter 
[1.739s] -- Found rclcpp: 28.1.9 (/opt/ros/jazzy/share/rclcpp/cmake)
[1.906s] -- Found rosidl_generator_c: 4.6.5 (/opt/ros/jazzy/share/rosidl_generator_c/cmake)
[1.987s] -- Found rosidl_generator_cpp: 4.6.5 (/opt/ros/jazzy/share/rosidl_generator_cpp/cmake)
[2.019s] -- Using all available rosidl_typesupport_c: rosidl_typesupport_fastrtps_c;rosidl_typesupport_introspection_c
[2.079s] -- Using all available rosidl_typesupport_cpp: rosidl_typesupport_fastrtps_cpp;rosidl_typesupport_introspection_cpp
[2.281s] -- Found rmw_implementation_cmake: 7.3.2 (/opt/ros/jazzy/share/rmw_implementation_cmake/cmake)
[2.305s] -- Found rmw_fastrtps_cpp: 8.4.2 (/opt/ros/jazzy/share/rmw_fastrtps_cpp/cmake)
[2.457s] -- Found OpenSSL: /usr/lib/x86_64-linux-gnu/libcrypto.so (found version "3.0.13")  
[2.532s] -- Found FastRTPS: /opt/ros/jazzy/include (Required is at least version "2.13") 
[2.585s] -- Using RMW implementation 'rmw_fastrtps_cpp' as default
[2.831s] -- Found rclcpp_action: 28.1.9 (/opt/ros/jazzy/share/rclcpp_action/cmake)
[2.953s] -- Found base_interfaces_demo: 0.0.0 (/home/lihaoting/ROS2/ws01_plumbing/install/base_interfaces_demo/share/base_interfaces_demo/cmake)
[2.997s] -- Found ament_lint_auto: 0.17.2 (/opt/ros/jazzy/share/ament_lint_auto/cmake)
[3.162s] -- Added test 'cppcheck' to perform static code analysis on C / C++ code
[3.163s] -- Configured cppcheck include dirs: 
[3.163s] -- Configured cppcheck exclude dirs and/or files: 
[3.166s] -- Added test 'lint_cmake' to check CMake code style
[3.168s] -- Added test 'uncrustify' to check C / C++ code style
[3.169s] -- Configured uncrustify additional arguments: 
[3.172s] -- Added test 'xmllint' to check XML markup files
[3.186s] -- Configuring done (3.1s)
[3.226s] -- Generating done (0.0s)
[3.238s] -- Build files have been written to: /home/lihaoting/ROS2/ws01_plumbing/build/cpp03_action
[3.290s] Invoked command in '/home/lihaoting/ROS2/ws01_plumbing/build/cpp03_action' returned '0': AMENT_PREFIX_PATH=/home/lihaoting/ROS2/ws01_plumbing/install/base_interfaces_demo:${AMENT_PREFIX_PATH} CMAKE_PREFIX_PATH=/home/lihaoting/ROS2/ws01_plumbing/install/base_interfaces_demo:/home/lihaoting/.local/share/Trash/files/install:/home/lihaoting/.local/share/Trash/files/install:/opt/ros/jazzy/opt/gz_math_vendor:/opt/ros/jazzy/opt/gz_utils_vendor:/opt/ros/jazzy/opt/gz_cmake_vendor:/opt/ros/jazzy DEBUGINFOD_URLS=https://debuginfod.ubuntu.com LD_LIBRARY_PATH=/home/lihaoting/ROS2/ws01_plumbing/install/base_interfaces_demo/lib:${LD_LIBRARY_PATH} PYTHONPATH=/home/lihaoting/ROS2/ws01_plumbing/install/base_interfaces_demo/lib/python3.12/site-packages:${PYTHONPATH} /usr/bin/cmake /home/lihaoting/ROS2/ws01_plumbing/src/cpp03_action -DCMAKE_INSTALL_PREFIX=/home/lihaoting/ROS2/ws01_plumbing/install/cpp03_action
[3.290s] Invoking command in '/home/lihaoting/ROS2/ws01_plumbing/build/cpp03_action': AMENT_PREFIX_PATH=/home/lihaoting/ROS2/ws01_plumbing/install/base_interfaces_demo:${AMENT_PREFIX_PATH} CMAKE_PREFIX_PATH=/home/lihaoting/ROS2/ws01_plumbing/install/base_interfaces_demo:/home/lihaoting/.local/share/Trash/files/install:/home/lihaoting/.local/share/Trash/files/install:/opt/ros/jazzy/opt/gz_math_vendor:/opt/ros/jazzy/opt/gz_utils_vendor:/opt/ros/jazzy/opt/gz_cmake_vendor:/opt/ros/jazzy DEBUGINFOD_URLS=https://debuginfod.ubuntu.com LD_LIBRARY_PATH=/home/lihaoting/ROS2/ws01_plumbing/install/base_interfaces_demo/lib:${LD_LIBRARY_PATH} PYTHONPATH=/home/lihaoting/ROS2/ws01_plumbing/install/base_interfaces_demo/lib/python3.12/site-packages:${PYTHONPATH} /usr/bin/cmake --build /home/lihaoting/ROS2/ws01_plumbing/build/cpp03_action -- -j2 -l2
[3.479s] [ 25%] [32mBuilding CXX object CMakeFiles/demo01_action_server.dir/src/demo01_action_server.cpp.o[0m
[14.088s] [ 50%] [32m[1mLinking CXX executable demo01_action_server[0m
[14.482s] [ 50%] Built target demo01_action_server
[14.511s] [ 75%] [32mBuilding CXX object CMakeFiles/demo02_action_client.dir/src/demo02_action_client.cpp.o[0m
[25.183s] [100%] [32m[1mLinking CXX executable demo02_action_client[0m
[25.645s] [100%] Built target demo02_action_client
[25.686s] Invoked command in '/home/lihaoting/ROS2/ws01_plumbing/build/cpp03_action' returned '0': AMENT_PREFIX_PATH=/home/lihaoting/ROS2/ws01_plumbing/install/base_interfaces_demo:${AMENT_PREFIX_PATH} CMAKE_PREFIX_PATH=/home/lihaoting/ROS2/ws01_plumbing/install/base_interfaces_demo:/home/lihaoting/.local/share/Trash/files/install:/home/lihaoting/.local/share/Trash/files/install:/opt/ros/jazzy/opt/gz_math_vendor:/opt/ros/jazzy/opt/gz_utils_vendor:/opt/ros/jazzy/opt/gz_cmake_vendor:/opt/ros/jazzy DEBUGINFOD_URLS=https://debuginfod.ubuntu.com LD_LIBRARY_PATH=/home/lihaoting/ROS2/ws01_plumbing/install/base_interfaces_demo/lib:${LD_LIBRARY_PATH} PYTHONPATH=/home/lihaoting/ROS2/ws01_plumbing/install/base_interfaces_demo/lib/python3.12/site-packages:${PYTHONPATH} /usr/bin/cmake --build /home/lihaoting/ROS2/ws01_plumbing/build/cpp03_action -- -j2 -l2
[25.687s] Invoking command in '/home/lihaoting/ROS2/ws01_plumbing/build/cpp03_action': AMENT_PREFIX_PATH=/home/lihaoting/ROS2/ws01_plumbing/install/base_interfaces_demo:${AMENT_PREFIX_PATH} CMAKE_PREFIX_PATH=/home/lihaoting/ROS2/ws01_plumbing/install/base_interfaces_demo:/home/lihaoting/.local/share/Trash/files/install:/home/lihaoting/.local/share/Trash/files/install:/opt/ros/jazzy/opt/gz_math_vendor:/opt/ros/jazzy/opt/gz_utils_vendor:/opt/ros/jazzy/opt/gz_cmake_vendor:/opt/ros/jazzy DEBUGINFOD_URLS=https://debuginfod.ubuntu.com LD_LIBRARY_PATH=/home/lihaoting/ROS2/ws01_plumbing/install/base_interfaces_demo/lib:${LD_LIBRARY_PATH} PYTHONPATH=/home/lihaoting/ROS2/ws01_plumbing/install/base_interfaces_demo/lib/python3.12/site-packages:${PYTHONPATH} /usr/bin/cmake --install /home/lihaoting/ROS2/ws01_plumbing/build/cpp03_action
[25.706s] -- Install configuration: ""
[25.706s] -- Installing: /home/lihaoting/ROS2/ws01_plumbing/install/cpp03_action/lib/cpp03_action/demo01_action_server
[25.706s] -- Set non-toolchain portion of runtime path of "/home/lihaoting/ROS2/ws01_plumbing/install/cpp03_action/lib/cpp03_action/demo01_action_server" to ""
[25.707s] -- Installing: /home/lihaoting/ROS2/ws01_plumbing/install/cpp03_action/lib/cpp03_action/demo02_action_client
[25.707s] -- Set non-toolchain portion of runtime path of "/home/lihaoting/ROS2/ws01_plumbing/install/cpp03_action/lib/cpp03_action/demo02_action_client" to ""
[25.707s] -- Installing: /home/lihaoting/ROS2/ws01_plumbing/install/cpp03_action/share/ament_index/resource_index/package_run_dependencies/cpp03_action
[25.707s] -- Installing: /home/lihaoting/ROS2/ws01_plumbing/install/cpp03_action/share/ament_index/resource_index/parent_prefix_path/cpp03_action
[25.707s] -- Installing: /home/lihaoting/ROS2/ws01_plumbing/install/cpp03_action/share/cpp03_action/environment/ament_prefix_path.sh
[25.714s] -- Installing: /home/lihaoting/ROS2/ws01_plumbing/install/cpp03_action/share/cpp03_action/environment/ament_prefix_path.dsv
[25.715s] -- Installing: /home/lihaoting/ROS2/ws01_plumbing/install/cpp03_action/share/cpp03_action/environment/path.sh
[25.715s] -- Installing: /home/lihaoting/ROS2/ws01_plumbing/install/cpp03_action/share/cpp03_action/environment/path.dsv
[25.715s] -- Installing: /home/lihaoting/ROS2/ws01_plumbing/install/cpp03_action/share/cpp03_action/local_setup.bash
[25.715s] -- Installing: /home/lihaoting/ROS2/ws01_plumbing/install/cpp03_action/share/cpp03_action/local_setup.sh
[25.715s] -- Installing: /home/lihaoting/ROS2/ws01_plumbing/install/cpp03_action/share/cpp03_action/local_setup.zsh
[25.715s] -- Installing: /home/lihaoting/ROS2/ws01_plumbing/install/cpp03_action/share/cpp03_action/local_setup.dsv
[25.715s] -- Installing: /home/lihaoting/ROS2/ws01_plumbing/install/cpp03_action/share/cpp03_action/package.dsv
[25.715s] -- Installing: /home/lihaoting/ROS2/ws01_plumbing/install/cpp03_action/share/ament_index/resource_index/packages/cpp03_action
[25.715s] -- Installing: /home/lihaoting/ROS2/ws01_plumbing/install/cpp03_action/share/cpp03_action/cmake/cpp03_actionConfig.cmake
[25.715s] -- Installing: /home/lihaoting/ROS2/ws01_plumbing/install/cpp03_action/share/cpp03_action/cmake/cpp03_actionConfig-version.cmake
[25.715s] -- Installing: /home/lihaoting/ROS2/ws01_plumbing/install/cpp03_action/share/cpp03_action/package.xml
[25.737s] Invoked command in '/home/lihaoting/ROS2/ws01_plumbing/build/cpp03_action' returned '0': AMENT_PREFIX_PATH=/home/lihaoting/ROS2/ws01_plumbing/install/base_interfaces_demo:${AMENT_PREFIX_PATH} CMAKE_PREFIX_PATH=/home/lihaoting/ROS2/ws01_plumbing/install/base_interfaces_demo:/home/lihaoting/.local/share/Trash/files/install:/home/lihaoting/.local/share/Trash/files/install:/opt/ros/jazzy/opt/gz_math_vendor:/opt/ros/jazzy/opt/gz_utils_vendor:/opt/ros/jazzy/opt/gz_cmake_vendor:/opt/ros/jazzy DEBUGINFOD_URLS=https://debuginfod.ubuntu.com LD_LIBRARY_PATH=/home/lihaoting/ROS2/ws01_plumbing/install/base_interfaces_demo/lib:${LD_LIBRARY_PATH} PYTHONPATH=/home/lihaoting/ROS2/ws01_plumbing/install/base_interfaces_demo/lib/python3.12/site-packages:${PYTHONPATH} /usr/bin/cmake --install /home/lihaoting/ROS2/ws01_plumbing/build/cpp03_action
