[0.042s] Invoking command in '/home/lihaoting/ROS2/ws01_plumbing/src/build/cpp01_topic': CMAKE_PREFIX_PATH=/home/lihaoting/ROS2/ws01_plumbing/src/install/base_interfaces_demo:/home/lihaoting/ROS2/ws01_plumbing/src/install/cpp04_param:/home/lihaoting/ROS2/ws01_plumbing/src/install/cpp03_action:/home/lihaoting/ROS2/ws01_plumbing/src/install/cpp02_service:/home/lihaoting/ROS2/ws01_plumbing/src/install/cpp01_topic:/opt/ros/jazzy/opt/gz_math_vendor:/opt/ros/jazzy/opt/gz_utils_vendor:/opt/ros/jazzy/opt/gz_cmake_vendor:/home/lihaoting/ROS2/ws01_plumbing/src/install/py01_topic:/opt/ros/jazzy DEBUGINFOD_URLS=https://debuginfod.ubuntu.com PYTHONPATH=/home/lihaoting/ROS2/ws01_plumbing/src/install/base_interfaces_demo/lib/python3.12/site-packages:/home/lihaoting/ROS2/ws01_plumbing/src/install/py01_topic/lib/python3.12/site-packages:/opt/ros/jazzy/lib/python3.12/site-packages /usr/bin/cmake --build /home/lihaoting/ROS2/ws01_plumbing/src/build/cpp01_topic -- -j2 -l2
[0.235s] [ 25%] Built target demo02_listener_str
[0.241s] [ 50%] Built target demo01_talker_str
[0.361s] [ 75%] Built target demo03_talker_stu
[0.369s] [100%] Built target demo04_listener_stu
[0.418s] Invoked command in '/home/lihaoting/ROS2/ws01_plumbing/src/build/cpp01_topic' returned '0': CMAKE_PREFIX_PATH=/home/lihaoting/ROS2/ws01_plumbing/src/install/base_interfaces_demo:/home/lihaoting/ROS2/ws01_plumbing/src/install/cpp04_param:/home/lihaoting/ROS2/ws01_plumbing/src/install/cpp03_action:/home/lihaoting/ROS2/ws01_plumbing/src/install/cpp02_service:/home/lihaoting/ROS2/ws01_plumbing/src/install/cpp01_topic:/opt/ros/jazzy/opt/gz_math_vendor:/opt/ros/jazzy/opt/gz_utils_vendor:/opt/ros/jazzy/opt/gz_cmake_vendor:/home/lihaoting/ROS2/ws01_plumbing/src/install/py01_topic:/opt/ros/jazzy DEBUGINFOD_URLS=https://debuginfod.ubuntu.com PYTHONPATH=/home/lihaoting/ROS2/ws01_plumbing/src/install/base_interfaces_demo/lib/python3.12/site-packages:/home/lihaoting/ROS2/ws01_plumbing/src/install/py01_topic/lib/python3.12/site-packages:/opt/ros/jazzy/lib/python3.12/site-packages /usr/bin/cmake --build /home/lihaoting/ROS2/ws01_plumbing/src/build/cpp01_topic -- -j2 -l2
[0.421s] Invoking command in '/home/lihaoting/ROS2/ws01_plumbing/src/build/cpp01_topic': CMAKE_PREFIX_PATH=/home/lihaoting/ROS2/ws01_plumbing/src/install/base_interfaces_demo:/home/lihaoting/ROS2/ws01_plumbing/src/install/cpp04_param:/home/lihaoting/ROS2/ws01_plumbing/src/install/cpp03_action:/home/lihaoting/ROS2/ws01_plumbing/src/install/cpp02_service:/home/lihaoting/ROS2/ws01_plumbing/src/install/cpp01_topic:/opt/ros/jazzy/opt/gz_math_vendor:/opt/ros/jazzy/opt/gz_utils_vendor:/opt/ros/jazzy/opt/gz_cmake_vendor:/home/lihaoting/ROS2/ws01_plumbing/src/install/py01_topic:/opt/ros/jazzy DEBUGINFOD_URLS=https://debuginfod.ubuntu.com PYTHONPATH=/home/lihaoting/ROS2/ws01_plumbing/src/install/base_interfaces_demo/lib/python3.12/site-packages:/home/lihaoting/ROS2/ws01_plumbing/src/install/py01_topic/lib/python3.12/site-packages:/opt/ros/jazzy/lib/python3.12/site-packages /usr/bin/cmake --install /home/lihaoting/ROS2/ws01_plumbing/src/build/cpp01_topic
[0.471s] -- Install configuration: ""
[0.471s] -- Up-to-date: /home/lihaoting/ROS2/ws01_plumbing/src/install/cpp01_topic/lib/cpp01_topic/demo01_talker_str
[0.472s] -- Up-to-date: /home/lihaoting/ROS2/ws01_plumbing/src/install/cpp01_topic/lib/cpp01_topic/demo02_listener_str
[0.472s] -- Up-to-date: /home/lihaoting/ROS2/ws01_plumbing/src/install/cpp01_topic/lib/cpp01_topic/demo03_talker_stu
[0.481s] -- Up-to-date: /home/lihaoting/ROS2/ws01_plumbing/src/install/cpp01_topic/lib/cpp01_topic/demo04_listener_stu
[0.482s] -- Up-to-date: /home/lihaoting/ROS2/ws01_plumbing/src/install/cpp01_topic/share/ament_index/resource_index/package_run_dependencies/cpp01_topic
[0.483s] -- Up-to-date: /home/lihaoting/ROS2/ws01_plumbing/src/install/cpp01_topic/share/ament_index/resource_index/parent_prefix_path/cpp01_topic
[0.484s] -- Up-to-date: /home/lihaoting/ROS2/ws01_plumbing/src/install/cpp01_topic/share/cpp01_topic/environment/ament_prefix_path.sh
[0.484s] -- Up-to-date: /home/lihaoting/ROS2/ws01_plumbing/src/install/cpp01_topic/share/cpp01_topic/environment/ament_prefix_path.dsv
[0.484s] -- Up-to-date: /home/lihaoting/ROS2/ws01_plumbing/src/install/cpp01_topic/share/cpp01_topic/environment/path.sh
[0.484s] -- Up-to-date: /home/lihaoting/ROS2/ws01_plumbing/src/install/cpp01_topic/share/cpp01_topic/environment/path.dsv
[0.487s] -- Up-to-date: /home/lihaoting/ROS2/ws01_plumbing/src/install/cpp01_topic/share/cpp01_topic/local_setup.bash
[0.489s] -- Up-to-date: /home/lihaoting/ROS2/ws01_plumbing/src/install/cpp01_topic/share/cpp01_topic/local_setup.sh
[0.490s] -- Up-to-date: /home/lihaoting/ROS2/ws01_plumbing/src/install/cpp01_topic/share/cpp01_topic/local_setup.zsh
[0.490s] -- Up-to-date: /home/lihaoting/ROS2/ws01_plumbing/src/install/cpp01_topic/share/cpp01_topic/local_setup.dsv
[0.491s] -- Installing: /home/lihaoting/ROS2/ws01_plumbing/src/install/cpp01_topic/share/cpp01_topic/package.dsv
[0.491s] -- Up-to-date: /home/lihaoting/ROS2/ws01_plumbing/src/install/cpp01_topic/share/ament_index/resource_index/packages/cpp01_topic
[0.491s] -- Up-to-date: /home/lihaoting/ROS2/ws01_plumbing/src/install/cpp01_topic/share/cpp01_topic/cmake/cpp01_topicConfig.cmake
[0.491s] -- Up-to-date: /home/lihaoting/ROS2/ws01_plumbing/src/install/cpp01_topic/share/cpp01_topic/cmake/cpp01_topicConfig-version.cmake
[0.491s] -- Up-to-date: /home/lihaoting/ROS2/ws01_plumbing/src/install/cpp01_topic/share/cpp01_topic/package.xml
[0.511s] Invoked command in '/home/lihaoting/ROS2/ws01_plumbing/src/build/cpp01_topic' returned '0': CMAKE_PREFIX_PATH=/home/lihaoting/ROS2/ws01_plumbing/src/install/base_interfaces_demo:/home/lihaoting/ROS2/ws01_plumbing/src/install/cpp04_param:/home/lihaoting/ROS2/ws01_plumbing/src/install/cpp03_action:/home/lihaoting/ROS2/ws01_plumbing/src/install/cpp02_service:/home/lihaoting/ROS2/ws01_plumbing/src/install/cpp01_topic:/opt/ros/jazzy/opt/gz_math_vendor:/opt/ros/jazzy/opt/gz_utils_vendor:/opt/ros/jazzy/opt/gz_cmake_vendor:/home/lihaoting/ROS2/ws01_plumbing/src/install/py01_topic:/opt/ros/jazzy DEBUGINFOD_URLS=https://debuginfod.ubuntu.com PYTHONPATH=/home/lihaoting/ROS2/ws01_plumbing/src/install/base_interfaces_demo/lib/python3.12/site-packages:/home/lihaoting/ROS2/ws01_plumbing/src/install/py01_topic/lib/python3.12/site-packages:/opt/ros/jazzy/lib/python3.12/site-packages /usr/bin/cmake --install /home/lihaoting/ROS2/ws01_plumbing/src/build/cpp01_topic
