-- The C compiler identification is GNU 13.3.0
-- The CXX compiler identification is GNU 13.3.0
-- Detecting C compiler ABI info
-- Detecting C compiler ABI info - done
-- Check for working C compiler: /usr/bin/cc - skipped
-- Detecting C compile features
-- Detecting C compile features - done
-- Detecting CXX compiler ABI info
-- Detecting CXX compiler ABI info - done
-- Check for working CXX compiler: /usr/bin/c++ - skipped
-- Detecting CXX compile features
-- Detecting CXX compile features - done
-- Found ament_cmake: 2.5.4 (/opt/ros/jazzy/share/ament_cmake/cmake)
-- Found Python3: /usr/bin/python3 (found version "3.12.3") found components: Interpreter 
-- Found rclcpp: 28.1.9 (/opt/ros/jazzy/share/rclcpp/cmake)
-- Found rosidl_generator_c: 4.6.5 (/opt/ros/jazzy/share/rosidl_generator_c/cmake)
-- Found rosidl_generator_cpp: 4.6.5 (/opt/ros/jazzy/share/rosidl_generator_cpp/cmake)
-- Using all available rosidl_typesupport_c: rosidl_typesupport_fastrtps_c;rosidl_typesupport_introspection_c
-- Using all available rosidl_typesupport_cpp: rosidl_typesupport_fastrtps_cpp;rosidl_typesupport_introspection_cpp
-- Found rmw_implementation_cmake: 7.3.2 (/opt/ros/jazzy/share/rmw_implementation_cmake/cmake)
-- Found rmw_fastrtps_cpp: 8.4.2 (/opt/ros/jazzy/share/rmw_fastrtps_cpp/cmake)
-- Found OpenSSL: /usr/lib/x86_64-linux-gnu/libcrypto.so (found version "3.0.13")  
-- Found FastRTPS: /opt/ros/jazzy/include (Required is at least version "2.13") 
-- Using RMW implementation 'rmw_fastrtps_cpp' as default
-- Found std_msgs: 5.3.6 (/opt/ros/jazzy/share/std_msgs/cmake)
-- Found base_interfaces_demo: 0.0.0 (/home/lihaoting/ROS2/ws01_plumbing/install/base_interfaces_demo/share/base_interfaces_demo/cmake)
-- Found ament_lint_auto: 0.17.2 (/opt/ros/jazzy/share/ament_lint_auto/cmake)
-- Added test 'cppcheck' to perform static code analysis on C / C++ code
-- Configured cppcheck include dirs: $<BUILD_INTERFACE:/home/lihaoting/ROS2/ws01_plumbing/src/cpp01_topic/include>
-- Configured cppcheck exclude dirs and/or files: 
-- Added test 'lint_cmake' to check CMake code style
-- Added test 'uncrustify' to check C / C++ code style
-- Configured uncrustify additional arguments: 
-- Added test 'xmllint' to check XML markup files
-- Configuring done (5.4s)
-- Generating done (0.1s)
-- Build files have been written to: /home/lihaoting/ROS2/ws01_plumbing/build/cpp01_topic
[ 12%] [32mBuilding CXX object CMakeFiles/demo01_talker_str.dir/src/demo01_talker_str.cpp.o[0m
[ 25%] [32m[1mLinking CXX executable demo01_talker_str[0m
[ 25%] Built target demo01_talker_str
[ 37%] [32mBuilding CXX object CMakeFiles/demo02_listener_str.dir/src/demo02_listener_str.cpp.o[0m
[ 50%] [32m[1mLinking CXX executable demo02_listener_str[0m
[ 50%] Built target demo02_listener_str
[ 62%] [32mBuilding CXX object CMakeFiles/demo03_talker_stu.dir/src/demo03_talker_stu.cpp.o[0m
[01m[K/home/lihaoting/ROS2/ws01_plumbing/src/cpp01_topic/src/demo03_talker_stu.cpp:[m[K In function ‘[01m[Kint[01;32m[K main[m[K(int, char**)[m[K’:
[01m[K/home/lihaoting/ROS2/ws01_plumbing/src/cpp01_topic/src/demo03_talker_stu.cpp:53:13:[m[K [01;35m[Kwarning: [m[Kstatement is a reference, not call, to function ‘[01m[Krclcpp::shutdown[m[K’ [[01;35m[K]8;;https://gcc.gnu.org/onlinedocs/gcc/Warning-Options.html#index-Waddress-Waddress]8;;[m[K]
   53 |     [01;35m[Krclcpp::shutdown[m[K;
      |     [01;35m[K~~~~~~~~^~~~~~~~[m[K
[01m[K/home/lihaoting/ROS2/ws01_plumbing/src/cpp01_topic/src/demo03_talker_stu.cpp:53:13:[m[K [01;35m[Kwarning: [m[Kstatement has no effect [[01;35m[K]8;;https://gcc.gnu.org/onlinedocs/gcc/Warning-Options.html#index-Wunused-value-Wunused-value]8;;[m[K]
[ 75%] [32m[1mLinking CXX executable demo03_talker_stu[0m
[ 75%] Built target demo03_talker_stu
[ 87%] [32mBuilding CXX object CMakeFiles/demo04_listener_stu.dir/src/demo04_listener_stu.cpp.o[0m
[100%] [32m[1mLinking CXX executable demo04_listener_stu[0m
[100%] Built target demo04_listener_stu
-- Install configuration: ""
-- Installing: /home/lihaoting/ROS2/ws01_plumbing/install/cpp01_topic/lib/cpp01_topic/demo01_talker_str
-- Set non-toolchain portion of runtime path of "/home/lihaoting/ROS2/ws01_plumbing/install/cpp01_topic/lib/cpp01_topic/demo01_talker_str" to ""
-- Installing: /home/lihaoting/ROS2/ws01_plumbing/install/cpp01_topic/lib/cpp01_topic/demo02_listener_str
-- Set non-toolchain portion of runtime path of "/home/lihaoting/ROS2/ws01_plumbing/install/cpp01_topic/lib/cpp01_topic/demo02_listener_str" to ""
-- Installing: /home/lihaoting/ROS2/ws01_plumbing/install/cpp01_topic/lib/cpp01_topic/demo03_talker_stu
-- Set non-toolchain portion of runtime path of "/home/lihaoting/ROS2/ws01_plumbing/install/cpp01_topic/lib/cpp01_topic/demo03_talker_stu" to ""
-- Installing: /home/lihaoting/ROS2/ws01_plumbing/install/cpp01_topic/lib/cpp01_topic/demo04_listener_stu
-- Set non-toolchain portion of runtime path of "/home/lihaoting/ROS2/ws01_plumbing/install/cpp01_topic/lib/cpp01_topic/demo04_listener_stu" to ""
-- Installing: /home/lihaoting/ROS2/ws01_plumbing/install/cpp01_topic/share/ament_index/resource_index/package_run_dependencies/cpp01_topic
-- Installing: /home/lihaoting/ROS2/ws01_plumbing/install/cpp01_topic/share/ament_index/resource_index/parent_prefix_path/cpp01_topic
-- Installing: /home/lihaoting/ROS2/ws01_plumbing/install/cpp01_topic/share/cpp01_topic/environment/ament_prefix_path.sh
-- Installing: /home/lihaoting/ROS2/ws01_plumbing/install/cpp01_topic/share/cpp01_topic/environment/ament_prefix_path.dsv
-- Installing: /home/lihaoting/ROS2/ws01_plumbing/install/cpp01_topic/share/cpp01_topic/environment/path.sh
-- Installing: /home/lihaoting/ROS2/ws01_plumbing/install/cpp01_topic/share/cpp01_topic/environment/path.dsv
-- Installing: /home/lihaoting/ROS2/ws01_plumbing/install/cpp01_topic/share/cpp01_topic/local_setup.bash
-- Installing: /home/lihaoting/ROS2/ws01_plumbing/install/cpp01_topic/share/cpp01_topic/local_setup.sh
-- Installing: /home/lihaoting/ROS2/ws01_plumbing/install/cpp01_topic/share/cpp01_topic/local_setup.zsh
-- Installing: /home/lihaoting/ROS2/ws01_plumbing/install/cpp01_topic/share/cpp01_topic/local_setup.dsv
-- Installing: /home/lihaoting/ROS2/ws01_plumbing/install/cpp01_topic/share/cpp01_topic/package.dsv
-- Installing: /home/lihaoting/ROS2/ws01_plumbing/install/cpp01_topic/share/ament_index/resource_index/packages/cpp01_topic
-- Installing: /home/lihaoting/ROS2/ws01_plumbing/install/cpp01_topic/share/cpp01_topic/cmake/cpp01_topicConfig.cmake
-- Installing: /home/lihaoting/ROS2/ws01_plumbing/install/cpp01_topic/share/cpp01_topic/cmake/cpp01_topicConfig-version.cmake
-- Installing: /home/lihaoting/ROS2/ws01_plumbing/install/cpp01_topic/share/cpp01_topic/package.xml
