[0.086s] Invoking command in '/home/lihaoting/ROS2/ws01_plumbing/src/build/cpp04_param': CMAKE_PREFIX_PATH=${CMAKE_PREFIX_PATH}:/home/lihaoting/ROS2/ws01_plumbing/src/install/py01_topic:/opt/ros/jazzy DEBUGINFOD_URLS=https://debuginfod.ubuntu.com /usr/bin/cmake /home/lihaoting/ROS2/ws01_plumbing/src/cpp04_param -DCMAKE_INSTALL_PREFIX=/home/lihaoting/ROS2/ws01_plumbing/src/install/cpp04_param
[2.770s] -- The C compiler identification is GNU 13.3.0
[3.878s] -- The CXX compiler identification is GNU 13.3.0
[3.966s] -- Detecting C compiler ABI info
[4.557s] -- Detecting C compiler ABI info - done
[4.602s] -- Check for working C compiler: /usr/bin/cc - skipped
[4.615s] -- Detecting C compile features
[4.615s] -- Detecting C compile features - done
[4.651s] -- Detecting CXX compiler ABI info
[5.055s] -- Detecting CXX compiler ABI info - done
[5.097s] -- Check for working CXX compiler: /usr/bin/c++ - skipped
[5.097s] -- Detecting CXX compile features
[5.098s] -- Detecting CXX compile features - done
[5.147s] -- Found ament_cmake: 2.5.4 (/opt/ros/jazzy/share/ament_cmake/cmake)
[5.737s] -- Found Python3: /usr/bin/python3 (found version "3.12.3") found components: Interpreter 
[6.155s] -- Found rclcpp: 28.1.9 (/opt/ros/jazzy/share/rclcpp/cmake)
[6.334s] -- Found rosidl_generator_c: 4.6.5 (/opt/ros/jazzy/share/rosidl_generator_c/cmake)
[6.386s] -- Found rosidl_generator_cpp: 4.6.5 (/opt/ros/jazzy/share/rosidl_generator_cpp/cmake)
[6.416s] -- Using all available rosidl_typesupport_c: rosidl_typesupport_fastrtps_c;rosidl_typesupport_introspection_c
[6.499s] -- Using all available rosidl_typesupport_cpp: rosidl_typesupport_fastrtps_cpp;rosidl_typesupport_introspection_cpp
[7.119s] -- Found rmw_implementation_cmake: 7.3.2 (/opt/ros/jazzy/share/rmw_implementation_cmake/cmake)
[7.153s] -- Found rmw_fastrtps_cpp: 8.4.2 (/opt/ros/jazzy/share/rmw_fastrtps_cpp/cmake)
[8.020s] -- Found OpenSSL: /usr/lib/x86_64-linux-gnu/libcrypto.so (found version "3.0.13")  
[8.131s] -- Found FastRTPS: /opt/ros/jazzy/include (Required is at least version "2.13") 
[8.175s] -- Using RMW implementation 'rmw_fastrtps_cpp' as default
[8.743s] -- Found ament_lint_auto: 0.17.2 (/opt/ros/jazzy/share/ament_lint_auto/cmake)
[9.140s] -- Added test 'cppcheck' to perform static code analysis on C / C++ code
[9.141s] -- Configured cppcheck include dirs: $<BUILD_INTERFACE:/home/lihaoting/ROS2/ws01_plumbing/src/cpp04_param/include>
[9.141s] -- Configured cppcheck exclude dirs and/or files: 
[9.146s] -- Added test 'lint_cmake' to check CMake code style
[9.152s] -- Added test 'uncrustify' to check C / C++ code style
[9.153s] -- Configured uncrustify additional arguments: 
[9.168s] -- Added test 'xmllint' to check XML markup files
[9.168s] -- Configuring done (9.1s)
[9.216s] -- Generating done (0.0s)
[9.231s] -- Build files have been written to: /home/lihaoting/ROS2/ws01_plumbing/src/build/cpp04_param
[9.283s] Invoked command in '/home/lihaoting/ROS2/ws01_plumbing/src/build/cpp04_param' returned '0': CMAKE_PREFIX_PATH=${CMAKE_PREFIX_PATH}:/home/lihaoting/ROS2/ws01_plumbing/src/install/py01_topic:/opt/ros/jazzy DEBUGINFOD_URLS=https://debuginfod.ubuntu.com /usr/bin/cmake /home/lihaoting/ROS2/ws01_plumbing/src/cpp04_param -DCMAKE_INSTALL_PREFIX=/home/lihaoting/ROS2/ws01_plumbing/src/install/cpp04_param
[9.283s] Invoking command in '/home/lihaoting/ROS2/ws01_plumbing/src/build/cpp04_param': CMAKE_PREFIX_PATH=${CMAKE_PREFIX_PATH}:/home/lihaoting/ROS2/ws01_plumbing/src/install/py01_topic:/opt/ros/jazzy DEBUGINFOD_URLS=https://debuginfod.ubuntu.com /usr/bin/cmake --build /home/lihaoting/ROS2/ws01_plumbing/src/build/cpp04_param -- -j2 -l2
[9.645s] [ 25%] [32mBuilding CXX object CMakeFiles/demo01_param_server.dir/src/demo01_param_server.cpp.o[0m
[9.650s] [ 50%] [32mBuilding CXX object CMakeFiles/demo02_param_client.dir/src/demo02_param_client.cpp.o[0m
[32.318s] [ 75%] [32m[1mLinking CXX executable demo01_param_server[0m
[34.773s] [ 75%] Built target demo01_param_server
[35.158s] [100%] [32m[1mLinking CXX executable demo02_param_client[0m
[35.835s] [100%] Built target demo02_param_client
[35.866s] Invoked command in '/home/lihaoting/ROS2/ws01_plumbing/src/build/cpp04_param' returned '0': CMAKE_PREFIX_PATH=${CMAKE_PREFIX_PATH}:/home/lihaoting/ROS2/ws01_plumbing/src/install/py01_topic:/opt/ros/jazzy DEBUGINFOD_URLS=https://debuginfod.ubuntu.com /usr/bin/cmake --build /home/lihaoting/ROS2/ws01_plumbing/src/build/cpp04_param -- -j2 -l2
[35.908s] Invoking command in '/home/lihaoting/ROS2/ws01_plumbing/src/build/cpp04_param': CMAKE_PREFIX_PATH=${CMAKE_PREFIX_PATH}:/home/lihaoting/ROS2/ws01_plumbing/src/install/py01_topic:/opt/ros/jazzy DEBUGINFOD_URLS=https://debuginfod.ubuntu.com /usr/bin/cmake --install /home/lihaoting/ROS2/ws01_plumbing/src/build/cpp04_param
[35.959s] -- Install configuration: ""
[35.961s] -- Installing: /home/lihaoting/ROS2/ws01_plumbing/src/install/cpp04_param/lib/cpp04_param/demo01_param_server
[35.966s] -- Set non-toolchain portion of runtime path of "/home/lihaoting/ROS2/ws01_plumbing/src/install/cpp04_param/lib/cpp04_param/demo01_param_server" to ""
[35.974s] -- Installing: /home/lihaoting/ROS2/ws01_plumbing/src/install/cpp04_param/share/ament_index/resource_index/package_run_dependencies/cpp04_param
[35.974s] -- Installing: /home/lihaoting/ROS2/ws01_plumbing/src/install/cpp04_param/share/ament_index/resource_index/parent_prefix_path/cpp04_param
[35.976s] -- Installing: /home/lihaoting/ROS2/ws01_plumbing/src/install/cpp04_param/share/cpp04_param/environment/ament_prefix_path.sh
[35.976s] -- Installing: /home/lihaoting/ROS2/ws01_plumbing/src/install/cpp04_param/share/cpp04_param/environment/ament_prefix_path.dsv
[35.977s] -- Installing: /home/lihaoting/ROS2/ws01_plumbing/src/install/cpp04_param/share/cpp04_param/environment/path.sh
[35.977s] -- Installing: /home/lihaoting/ROS2/ws01_plumbing/src/install/cpp04_param/share/cpp04_param/environment/path.dsv
[35.977s] -- Installing: /home/lihaoting/ROS2/ws01_plumbing/src/install/cpp04_param/share/cpp04_param/local_setup.bash
[35.978s] -- Installing: /home/lihaoting/ROS2/ws01_plumbing/src/install/cpp04_param/share/cpp04_param/local_setup.sh
[35.983s] -- Installing: /home/lihaoting/ROS2/ws01_plumbing/src/install/cpp04_param/share/cpp04_param/local_setup.zsh
[35.983s] -- Installing: /home/lihaoting/ROS2/ws01_plumbing/src/install/cpp04_param/share/cpp04_param/local_setup.dsv
[35.984s] -- Installing: /home/lihaoting/ROS2/ws01_plumbing/src/install/cpp04_param/share/cpp04_param/package.dsv
[35.984s] -- Installing: /home/lihaoting/ROS2/ws01_plumbing/src/install/cpp04_param/share/ament_index/resource_index/packages/cpp04_param
[35.984s] -- Installing: /home/lihaoting/ROS2/ws01_plumbing/src/install/cpp04_param/share/cpp04_param/cmake/cpp04_paramConfig.cmake
[35.988s] -- Installing: /home/lihaoting/ROS2/ws01_plumbing/src/install/cpp04_param/share/cpp04_param/cmake/cpp04_paramConfig-version.cmake
[35.988s] -- Installing: /home/lihaoting/ROS2/ws01_plumbing/src/install/cpp04_param/share/cpp04_param/package.xml
[35.991s] Invoked command in '/home/lihaoting/ROS2/ws01_plumbing/src/build/cpp04_param' returned '0': CMAKE_PREFIX_PATH=${CMAKE_PREFIX_PATH}:/home/lihaoting/ROS2/ws01_plumbing/src/install/py01_topic:/opt/ros/jazzy DEBUGINFOD_URLS=https://debuginfod.ubuntu.com /usr/bin/cmake --install /home/lihaoting/ROS2/ws01_plumbing/src/build/cpp04_param
