[0.016s] Invoking command in '/home/lihaoting/ROS2/ws01_plumbing/src/build/base_interfaces_demo': CMAKE_PREFIX_PATH=${CMAKE_PREFIX_PATH}:/opt/ros/jazzy DEBUGINFOD_URLS=https://debuginfod.ubuntu.com /usr/bin/cmake --build /home/lihaoting/ROS2/ws01_plumbing/src/build/base_interfaces_demo -- -j2 -l2
[0.065s] -- Found ament_cmake: 2.5.3 (/opt/ros/jazzy/share/ament_cmake/cmake)
[0.413s] -- Found rosidl_default_generators: 1.6.0 (/opt/ros/jazzy/share/rosidl_default_generators/cmake)
[0.416s] -- Using all available rosidl_typesupport_c: rosidl_typesupport_fastrtps_c;rosidl_typesupport_introspection_c
[0.474s] -- Using all available rosidl_typesupport_cpp: rosidl_typesupport_fastrtps_cpp;rosidl_typesupport_introspection_cpp
[0.527s] -- Found rosidl_adapter: 4.6.5 (/opt/ros/jazzy/share/rosidl_adapter/cmake)
[1.721s] -- Found ament_cmake_ros: 0.12.0 (/opt/ros/jazzy/share/ament_cmake_ros/cmake)
[2.470s] -- Using all available rosidl_typesupport_c: rosidl_typesupport_fastrtps_c;rosidl_typesupport_introspection_c
[3.602s] -- Using all available rosidl_typesupport_cpp: rosidl_typesupport_fastrtps_cpp;rosidl_typesupport_introspection_cpp
[3.646s] -- Found python_cmake_module: 0.11.1 (/opt/ros/jazzy/share/python_cmake_module/cmake)
[3.873s] -- Found PythonExtra: /usr/bin/python3  
[5.661s] -- Found Python3: /usr/bin/python3 (found version "3.12.3") found components: Interpreter Development NumPy Development.Module Development.Embed 
[5.746s] -- Found ament_lint_auto: 0.17.2 (/opt/ros/jazzy/share/ament_lint_auto/cmake)
[5.793s] -- Configuring done (5.7s)
[5.974s] -- Generating done (0.1s)
[6.012s] -- Build files have been written to: /home/lihaoting/ROS2/ws01_plumbing/src/build/base_interfaces_demo
[6.074s] [  2%] [34m[1mGenerating type hashes for ROS interfaces[0m
[6.083s] [  2%] Built target ament_cmake_python_copy_base_interfaces_demo
[6.660s] running egg_info
[6.660s] creating base_interfaces_demo.egg-info
[6.689s] writing base_interfaces_demo.egg-info/PKG-INFO
[6.690s] writing dependency_links to base_interfaces_demo.egg-info/dependency_links.txt
[6.690s] writing top-level names to base_interfaces_demo.egg-info/top_level.txt
[6.690s] writing manifest file 'base_interfaces_demo.egg-info/SOURCES.txt'
[6.782s] [  2%] Built target base_interfaces_demo__rosidl_generator_type_description
[6.787s] reading manifest file 'base_interfaces_demo.egg-info/SOURCES.txt'
[6.787s] writing manifest file 'base_interfaces_demo.egg-info/SOURCES.txt'
[6.809s] [  5%] [34m[1mGenerating C code for ROS interfaces[0m
[6.875s] [  5%] Built target ament_cmake_python_build_base_interfaces_demo_egg
[6.916s] [  8%] [34m[1mGenerating C++ code for ROS interfaces[0m
[7.530s] [ 11%] [32mBuilding C object CMakeFiles/base_interfaces_demo__rosidl_generator_c.dir/rosidl_generator_c/base_interfaces_demo/msg/detail/student__description.c.o[0m
[7.535s] [ 11%] Built target base_interfaces_demo__cpp
[7.551s] [ 14%] [32mBuilding C object CMakeFiles/base_interfaces_demo__rosidl_generator_c.dir/rosidl_generator_c/base_interfaces_demo/msg/detail/student__functions.c.o[0m
[8.362s] [ 17%] [32mBuilding C object CMakeFiles/base_interfaces_demo__rosidl_generator_c.dir/rosidl_generator_c/base_interfaces_demo/msg/detail/student__type_support.c.o[0m
[8.416s] [ 20%] [32m[1mLinking C shared library libbase_interfaces_demo__rosidl_generator_c.so[0m
[8.673s] [ 20%] Built target base_interfaces_demo__rosidl_generator_c
[8.708s] [ 23%] [34m[1mGenerating C++ introspection for ROS interfaces[0m
[8.713s] [ 26%] [34m[1mGenerating C++ type support for eProsima Fast-RTPS[0m
[9.662s] [ 29%] [32mBuilding CXX object CMakeFiles/base_interfaces_demo__rosidl_typesupport_introspection_cpp.dir/rosidl_typesupport_introspection_cpp/base_interfaces_demo/msg/detail/student__type_support.cpp.o[0m
[9.666s] [ 32%] [32mBuilding CXX object CMakeFiles/base_interfaces_demo__rosidl_typesupport_fastrtps_cpp.dir/rosidl_typesupport_fastrtps_cpp/base_interfaces_demo/msg/detail/dds_fastrtps/student__type_support.cpp.o[0m
[11.344s] [ 35%] [32m[1mLinking CXX shared library libbase_interfaces_demo__rosidl_typesupport_introspection_cpp.so[0m
[11.671s] [ 35%] Built target base_interfaces_demo__rosidl_typesupport_introspection_cpp
[11.686s] [ 38%] [34m[1mGenerating C++ type support dispatch for ROS interfaces[0m
[11.940s] [ 41%] [32m[1mLinking CXX shared library libbase_interfaces_demo__rosidl_typesupport_fastrtps_cpp.so[0m
[12.315s] [ 41%] Built target base_interfaces_demo__rosidl_typesupport_fastrtps_cpp
[12.342s] [ 44%] [34m[1mGenerating C type support dispatch for ROS interfaces[0m
[12.430s] [ 47%] [32mBuilding CXX object CMakeFiles/base_interfaces_demo__rosidl_typesupport_cpp.dir/rosidl_typesupport_cpp/base_interfaces_demo/msg/student__type_support.cpp.o[0m
[13.313s] [ 50%] [32mBuilding CXX object CMakeFiles/base_interfaces_demo__rosidl_typesupport_c.dir/rosidl_typesupport_c/base_interfaces_demo/msg/student__type_support.cpp.o[0m
[13.465s] [ 52%] [32m[1mLinking CXX shared library libbase_interfaces_demo__rosidl_typesupport_c.so[0m
[13.621s] [ 52%] Built target base_interfaces_demo__rosidl_typesupport_c
[13.652s] [ 55%] [34m[1mGenerating C type support for eProsima Fast-RTPS[0m
[13.681s] [ 58%] [32m[1mLinking CXX shared library libbase_interfaces_demo__rosidl_typesupport_cpp.so[0m
[13.849s] [ 58%] Built target base_interfaces_demo__rosidl_typesupport_cpp
[13.887s] [ 61%] [34m[1mGenerating C introspection for ROS interfaces[0m
[14.486s] [ 64%] [32mBuilding CXX object CMakeFiles/base_interfaces_demo__rosidl_typesupport_fastrtps_c.dir/rosidl_typesupport_fastrtps_c/base_interfaces_demo/msg/detail/student__type_support_c.cpp.o[0m
[14.910s] [ 67%] [32mBuilding C object CMakeFiles/base_interfaces_demo__rosidl_typesupport_introspection_c.dir/rosidl_typesupport_introspection_c/base_interfaces_demo/msg/detail/student__type_support.c.o[0m
[15.077s] [ 70%] [32m[1mLinking C shared library libbase_interfaces_demo__rosidl_typesupport_introspection_c.so[0m
[15.189s] [ 70%] Built target base_interfaces_demo__rosidl_typesupport_introspection_c
[16.018s] [ 73%] [32m[1mLinking CXX shared library libbase_interfaces_demo__rosidl_typesupport_fastrtps_c.so[0m
[16.252s] [ 73%] Built target base_interfaces_demo__rosidl_typesupport_fastrtps_c
[16.301s] [ 73%] Built target base_interfaces_demo
[16.337s] [ 76%] [34m[1mGenerating Python code for ROS interfaces[0m
[17.058s] [ 76%] Built target base_interfaces_demo__py
[17.130s] [ 79%] [32mBuilding C object CMakeFiles/base_interfaces_demo__rosidl_generator_py.dir/rosidl_generator_py/base_interfaces_demo/msg/_student_s.c.o[0m
[17.582s] [ 82%] [32m[1mLinking C shared library libbase_interfaces_demo__rosidl_generator_py.so[0m
[17.794s] [ 82%] Built target base_interfaces_demo__rosidl_generator_py
[17.865s] [ 85%] [32mBuilding C object CMakeFiles/base_interfaces_demo_s__rosidl_typesupport_introspection_c.dir/rosidl_generator_py/base_interfaces_demo/_base_interfaces_demo_s.ep.rosidl_typesupport_introspection_c.c.o[0m
[17.885s] [ 88%] [32mBuilding C object CMakeFiles/base_interfaces_demo_s__rosidl_typesupport_fastrtps_c.dir/rosidl_generator_py/base_interfaces_demo/_base_interfaces_demo_s.ep.rosidl_typesupport_fastrtps_c.c.o[0m
[18.271s] [ 91%] [32m[1mLinking C shared module rosidl_generator_py/base_interfaces_demo/base_interfaces_demo_s__rosidl_typesupport_introspection_c.so[0m
[18.300s] [ 94%] [32m[1mLinking C shared module rosidl_generator_py/base_interfaces_demo/base_interfaces_demo_s__rosidl_typesupport_fastrtps_c.so[0m
[18.421s] [ 94%] Built target base_interfaces_demo_s__rosidl_typesupport_introspection_c
[18.422s] [ 94%] Built target base_interfaces_demo_s__rosidl_typesupport_fastrtps_c
[18.509s] [ 97%] [32mBuilding C object CMakeFiles/base_interfaces_demo_s__rosidl_typesupport_c.dir/rosidl_generator_py/base_interfaces_demo/_base_interfaces_demo_s.ep.rosidl_typesupport_c.c.o[0m
[18.982s] [100%] [32m[1mLinking C shared module rosidl_generator_py/base_interfaces_demo/base_interfaces_demo_s__rosidl_typesupport_c.so[0m
[19.141s] [100%] Built target base_interfaces_demo_s__rosidl_typesupport_c
[19.229s] Invoked command in '/home/lihaoting/ROS2/ws01_plumbing/src/build/base_interfaces_demo' returned '0': CMAKE_PREFIX_PATH=${CMAKE_PREFIX_PATH}:/opt/ros/jazzy DEBUGINFOD_URLS=https://debuginfod.ubuntu.com /usr/bin/cmake --build /home/lihaoting/ROS2/ws01_plumbing/src/build/base_interfaces_demo -- -j2 -l2
[19.267s] Invoking command in '/home/lihaoting/ROS2/ws01_plumbing/src/build/base_interfaces_demo': CMAKE_PREFIX_PATH=${CMAKE_PREFIX_PATH}:/opt/ros/jazzy DEBUGINFOD_URLS=https://debuginfod.ubuntu.com /usr/bin/cmake --install /home/lihaoting/ROS2/ws01_plumbing/src/build/base_interfaces_demo
[19.285s] -- Install configuration: ""
[19.287s] -- Installing: /home/lihaoting/ROS2/ws01_plumbing/src/install/base_interfaces_demo/share/ament_index/resource_index/rosidl_interfaces/base_interfaces_demo
[19.289s] -- Installing: /home/lihaoting/ROS2/ws01_plumbing/src/install/base_interfaces_demo/share/base_interfaces_demo/msg/Student.json
[19.295s] -- Installing: /home/lihaoting/ROS2/ws01_plumbing/src/install/base_interfaces_demo/include/base_interfaces_demo/base_interfaces_demo
[19.295s] -- Installing: /home/lihaoting/ROS2/ws01_plumbing/src/install/base_interfaces_demo/include/base_interfaces_demo/base_interfaces_demo/msg
[19.295s] -- Installing: /home/lihaoting/ROS2/ws01_plumbing/src/install/base_interfaces_demo/include/base_interfaces_demo/base_interfaces_demo/msg/rosidl_generator_c__visibility_control.h
[19.295s] -- Installing: /home/lihaoting/ROS2/ws01_plumbing/src/install/base_interfaces_demo/include/base_interfaces_demo/base_interfaces_demo/msg/detail
[19.295s] -- Installing: /home/lihaoting/ROS2/ws01_plumbing/src/install/base_interfaces_demo/include/base_interfaces_demo/base_interfaces_demo/msg/detail/student__description.c
[19.296s] -- Installing: /home/lihaoting/ROS2/ws01_plumbing/src/install/base_interfaces_demo/include/base_interfaces_demo/base_interfaces_demo/msg/detail/student__struct.h
[19.296s] -- Installing: /home/lihaoting/ROS2/ws01_plumbing/src/install/base_interfaces_demo/include/base_interfaces_demo/base_interfaces_demo/msg/detail/student__type_support.h
[19.296s] -- Installing: /home/lihaoting/ROS2/ws01_plumbing/src/install/base_interfaces_demo/include/base_interfaces_demo/base_interfaces_demo/msg/detail/student__functions.h
[19.296s] -- Installing: /home/lihaoting/ROS2/ws01_plumbing/src/install/base_interfaces_demo/include/base_interfaces_demo/base_interfaces_demo/msg/detail/student__functions.c
[19.296s] -- Installing: /home/lihaoting/ROS2/ws01_plumbing/src/install/base_interfaces_demo/include/base_interfaces_demo/base_interfaces_demo/msg/detail/student__type_support.c
[19.297s] -- Installing: /home/lihaoting/ROS2/ws01_plumbing/src/install/base_interfaces_demo/include/base_interfaces_demo/base_interfaces_demo/msg/student.h
[19.300s] -- Installing: /home/lihaoting/ROS2/ws01_plumbing/src/install/base_interfaces_demo/share/base_interfaces_demo/environment/library_path.sh
[19.300s] -- Installing: /home/lihaoting/ROS2/ws01_plumbing/src/install/base_interfaces_demo/share/base_interfaces_demo/environment/library_path.dsv
[19.300s] -- Installing: /home/lihaoting/ROS2/ws01_plumbing/src/install/base_interfaces_demo/lib/libbase_interfaces_demo__rosidl_generator_c.so
[19.303s] -- Set non-toolchain portion of runtime path of "/home/lihaoting/ROS2/ws01_plumbing/src/install/base_interfaces_demo/lib/libbase_interfaces_demo__rosidl_generator_c.so" to ""
[19.303s] -- Up-to-date: /home/lihaoting/ROS2/ws01_plumbing/src/install/base_interfaces_demo/include/base_interfaces_demo/base_interfaces_demo
[19.304s] -- Up-to-date: /home/lihaoting/ROS2/ws01_plumbing/src/install/base_interfaces_demo/include/base_interfaces_demo/base_interfaces_demo/msg
[19.305s] -- Up-to-date: /home/lihaoting/ROS2/ws01_plumbing/src/install/base_interfaces_demo/include/base_interfaces_demo/base_interfaces_demo/msg/detail
[19.305s] -- Installing: /home/lihaoting/ROS2/ws01_plumbing/src/install/base_interfaces_demo/include/base_interfaces_demo/base_interfaces_demo/msg/detail/student__rosidl_typesupport_fastrtps_c.h
[19.306s] -- Installing: /home/lihaoting/ROS2/ws01_plumbing/src/install/base_interfaces_demo/include/base_interfaces_demo/base_interfaces_demo/msg/rosidl_typesupport_fastrtps_c__visibility_control.h
[19.306s] -- Installing: /home/lihaoting/ROS2/ws01_plumbing/src/install/base_interfaces_demo/lib/libbase_interfaces_demo__rosidl_typesupport_fastrtps_c.so
[19.308s] -- Set non-toolchain portion of runtime path of "/home/lihaoting/ROS2/ws01_plumbing/src/install/base_interfaces_demo/lib/libbase_interfaces_demo__rosidl_typesupport_fastrtps_c.so" to ""
[19.308s] -- Up-to-date: /home/lihaoting/ROS2/ws01_plumbing/src/install/base_interfaces_demo/include/base_interfaces_demo/base_interfaces_demo
[19.309s] -- Up-to-date: /home/lihaoting/ROS2/ws01_plumbing/src/install/base_interfaces_demo/include/base_interfaces_demo/base_interfaces_demo/msg
[19.309s] -- Installing: /home/lihaoting/ROS2/ws01_plumbing/src/install/base_interfaces_demo/include/base_interfaces_demo/base_interfaces_demo/msg/rosidl_typesupport_introspection_c__visibility_control.h
[19.309s] -- Up-to-date: /home/lihaoting/ROS2/ws01_plumbing/src/install/base_interfaces_demo/include/base_interfaces_demo/base_interfaces_demo/msg/detail
[19.309s] -- Installing: /home/lihaoting/ROS2/ws01_plumbing/src/install/base_interfaces_demo/include/base_interfaces_demo/base_interfaces_demo/msg/detail/student__rosidl_typesupport_introspection_c.h
[19.312s] -- Installing: /home/lihaoting/ROS2/ws01_plumbing/src/install/base_interfaces_demo/include/base_interfaces_demo/base_interfaces_demo/msg/detail/student__type_support.c
[19.312s] -- Installing: /home/lihaoting/ROS2/ws01_plumbing/src/install/base_interfaces_demo/lib/libbase_interfaces_demo__rosidl_typesupport_introspection_c.so
[19.312s] -- Set non-toolchain portion of runtime path of "/home/lihaoting/ROS2/ws01_plumbing/src/install/base_interfaces_demo/lib/libbase_interfaces_demo__rosidl_typesupport_introspection_c.so" to ""
[19.312s] -- Installing: /home/lihaoting/ROS2/ws01_plumbing/src/install/base_interfaces_demo/lib/libbase_interfaces_demo__rosidl_typesupport_c.so
[19.314s] -- Set non-toolchain portion of runtime path of "/home/lihaoting/ROS2/ws01_plumbing/src/install/base_interfaces_demo/lib/libbase_interfaces_demo__rosidl_typesupport_c.so" to ""
[19.314s] -- Up-to-date: /home/lihaoting/ROS2/ws01_plumbing/src/install/base_interfaces_demo/include/base_interfaces_demo/base_interfaces_demo
[19.314s] -- Up-to-date: /home/lihaoting/ROS2/ws01_plumbing/src/install/base_interfaces_demo/include/base_interfaces_demo/base_interfaces_demo/msg
[19.314s] -- Installing: /home/lihaoting/ROS2/ws01_plumbing/src/install/base_interfaces_demo/include/base_interfaces_demo/base_interfaces_demo/msg/student.hpp
[19.315s] -- Installing: /home/lihaoting/ROS2/ws01_plumbing/src/install/base_interfaces_demo/include/base_interfaces_demo/base_interfaces_demo/msg/rosidl_generator_cpp__visibility_control.hpp
[19.315s] -- Up-to-date: /home/lihaoting/ROS2/ws01_plumbing/src/install/base_interfaces_demo/include/base_interfaces_demo/base_interfaces_demo/msg/detail
[19.315s] -- Installing: /home/lihaoting/ROS2/ws01_plumbing/src/install/base_interfaces_demo/include/base_interfaces_demo/base_interfaces_demo/msg/detail/student__builder.hpp
[19.321s] -- Installing: /home/lihaoting/ROS2/ws01_plumbing/src/install/base_interfaces_demo/include/base_interfaces_demo/base_interfaces_demo/msg/detail/student__traits.hpp
[19.321s] -- Installing: /home/lihaoting/ROS2/ws01_plumbing/src/install/base_interfaces_demo/include/base_interfaces_demo/base_interfaces_demo/msg/detail/student__struct.hpp
[19.321s] -- Installing: /home/lihaoting/ROS2/ws01_plumbing/src/install/base_interfaces_demo/include/base_interfaces_demo/base_interfaces_demo/msg/detail/student__type_support.hpp
[19.321s] -- Up-to-date: /home/lihaoting/ROS2/ws01_plumbing/src/install/base_interfaces_demo/include/base_interfaces_demo/base_interfaces_demo
[19.323s] -- Up-to-date: /home/lihaoting/ROS2/ws01_plumbing/src/install/base_interfaces_demo/include/base_interfaces_demo/base_interfaces_demo/msg
[19.323s] -- Installing: /home/lihaoting/ROS2/ws01_plumbing/src/install/base_interfaces_demo/include/base_interfaces_demo/base_interfaces_demo/msg/rosidl_typesupport_fastrtps_cpp__visibility_control.h
[19.323s] -- Up-to-date: /home/lihaoting/ROS2/ws01_plumbing/src/install/base_interfaces_demo/include/base_interfaces_demo/base_interfaces_demo/msg/detail
[19.323s] -- Installing: /home/lihaoting/ROS2/ws01_plumbing/src/install/base_interfaces_demo/include/base_interfaces_demo/base_interfaces_demo/msg/detail/dds_fastrtps
[19.323s] -- Installing: /home/lihaoting/ROS2/ws01_plumbing/src/install/base_interfaces_demo/include/base_interfaces_demo/base_interfaces_demo/msg/detail/student__rosidl_typesupport_fastrtps_cpp.hpp
[19.323s] -- Installing: /home/lihaoting/ROS2/ws01_plumbing/src/install/base_interfaces_demo/lib/libbase_interfaces_demo__rosidl_typesupport_fastrtps_cpp.so
[19.326s] -- Set non-toolchain portion of runtime path of "/home/lihaoting/ROS2/ws01_plumbing/src/install/base_interfaces_demo/lib/libbase_interfaces_demo__rosidl_typesupport_fastrtps_cpp.so" to ""
[19.327s] -- Up-to-date: /home/lihaoting/ROS2/ws01_plumbing/src/install/base_interfaces_demo/include/base_interfaces_demo/base_interfaces_demo
[19.327s] -- Up-to-date: /home/lihaoting/ROS2/ws01_plumbing/src/install/base_interfaces_demo/include/base_interfaces_demo/base_interfaces_demo/msg
[19.328s] -- Up-to-date: /home/lihaoting/ROS2/ws01_plumbing/src/install/base_interfaces_demo/include/base_interfaces_demo/base_interfaces_demo/msg/detail
[19.328s] -- Installing: /home/lihaoting/ROS2/ws01_plumbing/src/install/base_interfaces_demo/include/base_interfaces_demo/base_interfaces_demo/msg/detail/student__rosidl_typesupport_introspection_cpp.hpp
[19.328s] -- Installing: /home/lihaoting/ROS2/ws01_plumbing/src/install/base_interfaces_demo/include/base_interfaces_demo/base_interfaces_demo/msg/detail/student__type_support.cpp
[19.328s] -- Installing: /home/lihaoting/ROS2/ws01_plumbing/src/install/base_interfaces_demo/lib/libbase_interfaces_demo__rosidl_typesupport_introspection_cpp.so
[19.331s] -- Set non-toolchain portion of runtime path of "/home/lihaoting/ROS2/ws01_plumbing/src/install/base_interfaces_demo/lib/libbase_interfaces_demo__rosidl_typesupport_introspection_cpp.so" to ""
[19.331s] -- Installing: /home/lihaoting/ROS2/ws01_plumbing/src/install/base_interfaces_demo/lib/libbase_interfaces_demo__rosidl_typesupport_cpp.so
[19.331s] -- Set non-toolchain portion of runtime path of "/home/lihaoting/ROS2/ws01_plumbing/src/install/base_interfaces_demo/lib/libbase_interfaces_demo__rosidl_typesupport_cpp.so" to ""
[19.331s] -- Installing: /home/lihaoting/ROS2/ws01_plumbing/src/install/base_interfaces_demo/share/base_interfaces_demo/environment/pythonpath.sh
[19.331s] -- Installing: /home/lihaoting/ROS2/ws01_plumbing/src/install/base_interfaces_demo/share/base_interfaces_demo/environment/pythonpath.dsv
[19.332s] -- Installing: /home/lihaoting/ROS2/ws01_plumbing/src/install/base_interfaces_demo/lib/python3.12/site-packages/base_interfaces_demo-0.0.0-py3.12.egg-info
[19.333s] -- Installing: /home/lihaoting/ROS2/ws01_plumbing/src/install/base_interfaces_demo/lib/python3.12/site-packages/base_interfaces_demo-0.0.0-py3.12.egg-info/PKG-INFO
[19.333s] -- Installing: /home/lihaoting/ROS2/ws01_plumbing/src/install/base_interfaces_demo/lib/python3.12/site-packages/base_interfaces_demo-0.0.0-py3.12.egg-info/dependency_links.txt
[19.334s] -- Installing: /home/lihaoting/ROS2/ws01_plumbing/src/install/base_interfaces_demo/lib/python3.12/site-packages/base_interfaces_demo-0.0.0-py3.12.egg-info/SOURCES.txt
[19.335s] -- Installing: /home/lihaoting/ROS2/ws01_plumbing/src/install/base_interfaces_demo/lib/python3.12/site-packages/base_interfaces_demo-0.0.0-py3.12.egg-info/top_level.txt
[19.337s] -- Installing: /home/lihaoting/ROS2/ws01_plumbing/src/install/base_interfaces_demo/lib/python3.12/site-packages/base_interfaces_demo
[19.338s] -- Installing: /home/lihaoting/ROS2/ws01_plumbing/src/install/base_interfaces_demo/lib/python3.12/site-packages/base_interfaces_demo/_base_interfaces_demo_s.ep.rosidl_typesupport_c.c
[19.338s] -- Installing: /home/lihaoting/ROS2/ws01_plumbing/src/install/base_interfaces_demo/lib/python3.12/site-packages/base_interfaces_demo/__init__.py
[19.338s] -- Installing: /home/lihaoting/ROS2/ws01_plumbing/src/install/base_interfaces_demo/lib/python3.12/site-packages/base_interfaces_demo/base_interfaces_demo_s__rosidl_typesupport_introspection_c.so
[19.338s] -- Installing: /home/lihaoting/ROS2/ws01_plumbing/src/install/base_interfaces_demo/lib/python3.12/site-packages/base_interfaces_demo/base_interfaces_demo_s__rosidl_typesupport_fastrtps_c.so
[19.342s] -- Installing: /home/lihaoting/ROS2/ws01_plumbing/src/install/base_interfaces_demo/lib/python3.12/site-packages/base_interfaces_demo/_base_interfaces_demo_s.ep.rosidl_typesupport_introspection_c.c
[19.342s] -- Installing: /home/lihaoting/ROS2/ws01_plumbing/src/install/base_interfaces_demo/lib/python3.12/site-packages/base_interfaces_demo/_base_interfaces_demo_s.ep.rosidl_typesupport_fastrtps_c.c
[19.342s] -- Installing: /home/lihaoting/ROS2/ws01_plumbing/src/install/base_interfaces_demo/lib/python3.12/site-packages/base_interfaces_demo/base_interfaces_demo_s__rosidl_typesupport_c.so
[19.342s] -- Installing: /home/lihaoting/ROS2/ws01_plumbing/src/install/base_interfaces_demo/lib/python3.12/site-packages/base_interfaces_demo/msg
[19.342s] -- Installing: /home/lihaoting/ROS2/ws01_plumbing/src/install/base_interfaces_demo/lib/python3.12/site-packages/base_interfaces_demo/msg/__init__.py
[19.342s] -- Installing: /home/lihaoting/ROS2/ws01_plumbing/src/install/base_interfaces_demo/lib/python3.12/site-packages/base_interfaces_demo/msg/_student_s.c
[19.342s] -- Installing: /home/lihaoting/ROS2/ws01_plumbing/src/install/base_interfaces_demo/lib/python3.12/site-packages/base_interfaces_demo/msg/_student.py
[19.485s] Listing '/home/lihaoting/ROS2/ws01_plumbing/src/install/base_interfaces_demo/lib/python3.12/site-packages/base_interfaces_demo'...
[19.485s] Compiling '/home/lihaoting/ROS2/ws01_plumbing/src/install/base_interfaces_demo/lib/python3.12/site-packages/base_interfaces_demo/__init__.py'...
[19.485s] Listing '/home/lihaoting/ROS2/ws01_plumbing/src/install/base_interfaces_demo/lib/python3.12/site-packages/base_interfaces_demo/msg'...
[19.485s] Compiling '/home/lihaoting/ROS2/ws01_plumbing/src/install/base_interfaces_demo/lib/python3.12/site-packages/base_interfaces_demo/msg/__init__.py'...
[19.485s] Compiling '/home/lihaoting/ROS2/ws01_plumbing/src/install/base_interfaces_demo/lib/python3.12/site-packages/base_interfaces_demo/msg/_student.py'...
[19.493s] -- Installing: /home/lihaoting/ROS2/ws01_plumbing/src/install/base_interfaces_demo/lib/python3.12/site-packages/base_interfaces_demo/base_interfaces_demo_s__rosidl_typesupport_fastrtps_c.so
[19.494s] -- Set non-toolchain portion of runtime path of "/home/lihaoting/ROS2/ws01_plumbing/src/install/base_interfaces_demo/lib/python3.12/site-packages/base_interfaces_demo/base_interfaces_demo_s__rosidl_typesupport_fastrtps_c.so" to ""
[19.495s] -- Installing: /home/lihaoting/ROS2/ws01_plumbing/src/install/base_interfaces_demo/lib/python3.12/site-packages/base_interfaces_demo/base_interfaces_demo_s__rosidl_typesupport_introspection_c.so
[19.495s] -- Set non-toolchain portion of runtime path of "/home/lihaoting/ROS2/ws01_plumbing/src/install/base_interfaces_demo/lib/python3.12/site-packages/base_interfaces_demo/base_interfaces_demo_s__rosidl_typesupport_introspection_c.so" to ""
[19.497s] -- Installing: /home/lihaoting/ROS2/ws01_plumbing/src/install/base_interfaces_demo/lib/python3.12/site-packages/base_interfaces_demo/base_interfaces_demo_s__rosidl_typesupport_c.so
[19.497s] -- Set non-toolchain portion of runtime path of "/home/lihaoting/ROS2/ws01_plumbing/src/install/base_interfaces_demo/lib/python3.12/site-packages/base_interfaces_demo/base_interfaces_demo_s__rosidl_typesupport_c.so" to ""
[19.498s] -- Installing: /home/lihaoting/ROS2/ws01_plumbing/src/install/base_interfaces_demo/lib/libbase_interfaces_demo__rosidl_generator_py.so
[19.501s] -- Set non-toolchain portion of runtime path of "/home/lihaoting/ROS2/ws01_plumbing/src/install/base_interfaces_demo/lib/libbase_interfaces_demo__rosidl_generator_py.so" to ""
[19.506s] -- Installing: /home/lihaoting/ROS2/ws01_plumbing/src/install/base_interfaces_demo/share/base_interfaces_demo/msg/Student.idl
[19.506s] -- Installing: /home/lihaoting/ROS2/ws01_plumbing/src/install/base_interfaces_demo/share/base_interfaces_demo/msg/Student.msg
[19.506s] -- Installing: /home/lihaoting/ROS2/ws01_plumbing/src/install/base_interfaces_demo/share/ament_index/resource_index/package_run_dependencies/base_interfaces_demo
[19.506s] -- Installing: /home/lihaoting/ROS2/ws01_plumbing/src/install/base_interfaces_demo/share/ament_index/resource_index/parent_prefix_path/base_interfaces_demo
[19.506s] -- Up-to-date: /home/lihaoting/ROS2/ws01_plumbing/src/install/base_interfaces_demo/share/base_interfaces_demo/environment/ament_prefix_path.sh
[19.506s] -- Up-to-date: /home/lihaoting/ROS2/ws01_plumbing/src/install/base_interfaces_demo/share/base_interfaces_demo/environment/ament_prefix_path.dsv
[19.509s] -- Up-to-date: /home/lihaoting/ROS2/ws01_plumbing/src/install/base_interfaces_demo/share/base_interfaces_demo/environment/path.sh
[19.509s] -- Up-to-date: /home/lihaoting/ROS2/ws01_plumbing/src/install/base_interfaces_demo/share/base_interfaces_demo/environment/path.dsv
[19.509s] -- Up-to-date: /home/lihaoting/ROS2/ws01_plumbing/src/install/base_interfaces_demo/share/base_interfaces_demo/local_setup.bash
[19.509s] -- Installing: /home/lihaoting/ROS2/ws01_plumbing/src/install/base_interfaces_demo/share/base_interfaces_demo/local_setup.sh
[19.509s] -- Up-to-date: /home/lihaoting/ROS2/ws01_plumbing/src/install/base_interfaces_demo/share/base_interfaces_demo/local_setup.zsh
[19.509s] -- Installing: /home/lihaoting/ROS2/ws01_plumbing/src/install/base_interfaces_demo/share/base_interfaces_demo/local_setup.dsv
[19.509s] -- Installing: /home/lihaoting/ROS2/ws01_plumbing/src/install/base_interfaces_demo/share/base_interfaces_demo/package.dsv
[19.509s] -- Up-to-date: /home/lihaoting/ROS2/ws01_plumbing/src/install/base_interfaces_demo/share/ament_index/resource_index/packages/base_interfaces_demo
[19.509s] -- Installing: /home/lihaoting/ROS2/ws01_plumbing/src/install/base_interfaces_demo/share/base_interfaces_demo/cmake/export_base_interfaces_demo__rosidl_generator_cExport.cmake
[19.509s] -- Installing: /home/lihaoting/ROS2/ws01_plumbing/src/install/base_interfaces_demo/share/base_interfaces_demo/cmake/export_base_interfaces_demo__rosidl_generator_cExport-noconfig.cmake
[19.510s] -- Installing: /home/lihaoting/ROS2/ws01_plumbing/src/install/base_interfaces_demo/share/base_interfaces_demo/cmake/export_base_interfaces_demo__rosidl_typesupport_fastrtps_cExport.cmake
[19.510s] -- Installing: /home/lihaoting/ROS2/ws01_plumbing/src/install/base_interfaces_demo/share/base_interfaces_demo/cmake/export_base_interfaces_demo__rosidl_typesupport_fastrtps_cExport-noconfig.cmake
[19.510s] -- Installing: /home/lihaoting/ROS2/ws01_plumbing/src/install/base_interfaces_demo/share/base_interfaces_demo/cmake/base_interfaces_demo__rosidl_typesupport_introspection_cExport.cmake
[19.510s] -- Installing: /home/lihaoting/ROS2/ws01_plumbing/src/install/base_interfaces_demo/share/base_interfaces_demo/cmake/base_interfaces_demo__rosidl_typesupport_introspection_cExport-noconfig.cmake
[19.510s] -- Installing: /home/lihaoting/ROS2/ws01_plumbing/src/install/base_interfaces_demo/share/base_interfaces_demo/cmake/base_interfaces_demo__rosidl_typesupport_cExport.cmake
[19.510s] -- Installing: /home/lihaoting/ROS2/ws01_plumbing/src/install/base_interfaces_demo/share/base_interfaces_demo/cmake/base_interfaces_demo__rosidl_typesupport_cExport-noconfig.cmake
[19.510s] -- Installing: /home/lihaoting/ROS2/ws01_plumbing/src/install/base_interfaces_demo/share/base_interfaces_demo/cmake/export_base_interfaces_demo__rosidl_generator_cppExport.cmake
[19.510s] -- Installing: /home/lihaoting/ROS2/ws01_plumbing/src/install/base_interfaces_demo/share/base_interfaces_demo/cmake/export_base_interfaces_demo__rosidl_typesupport_fastrtps_cppExport.cmake
[19.510s] -- Installing: /home/lihaoting/ROS2/ws01_plumbing/src/install/base_interfaces_demo/share/base_interfaces_demo/cmake/export_base_interfaces_demo__rosidl_typesupport_fastrtps_cppExport-noconfig.cmake
[19.510s] -- Installing: /home/lihaoting/ROS2/ws01_plumbing/src/install/base_interfaces_demo/share/base_interfaces_demo/cmake/base_interfaces_demo__rosidl_typesupport_introspection_cppExport.cmake
[19.510s] -- Installing: /home/lihaoting/ROS2/ws01_plumbing/src/install/base_interfaces_demo/share/base_interfaces_demo/cmake/base_interfaces_demo__rosidl_typesupport_introspection_cppExport-noconfig.cmake
[19.523s] -- Installing: /home/lihaoting/ROS2/ws01_plumbing/src/install/base_interfaces_demo/share/base_interfaces_demo/cmake/base_interfaces_demo__rosidl_typesupport_cppExport.cmake
[19.523s] -- Installing: /home/lihaoting/ROS2/ws01_plumbing/src/install/base_interfaces_demo/share/base_interfaces_demo/cmake/base_interfaces_demo__rosidl_typesupport_cppExport-noconfig.cmake
[19.523s] -- Installing: /home/lihaoting/ROS2/ws01_plumbing/src/install/base_interfaces_demo/share/base_interfaces_demo/cmake/export_base_interfaces_demo__rosidl_generator_pyExport.cmake
[19.523s] -- Installing: /home/lihaoting/ROS2/ws01_plumbing/src/install/base_interfaces_demo/share/base_interfaces_demo/cmake/export_base_interfaces_demo__rosidl_generator_pyExport-noconfig.cmake
[19.523s] -- Installing: /home/lihaoting/ROS2/ws01_plumbing/src/install/base_interfaces_demo/share/base_interfaces_demo/cmake/rosidl_cmake-extras.cmake
[19.523s] -- Installing: /home/lihaoting/ROS2/ws01_plumbing/src/install/base_interfaces_demo/share/base_interfaces_demo/cmake/ament_cmake_export_include_directories-extras.cmake
[19.523s] -- Installing: /home/lihaoting/ROS2/ws01_plumbing/src/install/base_interfaces_demo/share/base_interfaces_demo/cmake/ament_cmake_export_libraries-extras.cmake
[19.523s] -- Installing: /home/lihaoting/ROS2/ws01_plumbing/src/install/base_interfaces_demo/share/base_interfaces_demo/cmake/ament_cmake_export_targets-extras.cmake
[19.523s] -- Installing: /home/lihaoting/ROS2/ws01_plumbing/src/install/base_interfaces_demo/share/base_interfaces_demo/cmake/rosidl_cmake_export_typesupport_targets-extras.cmake
[19.523s] -- Installing: /home/lihaoting/ROS2/ws01_plumbing/src/install/base_interfaces_demo/share/base_interfaces_demo/cmake/ament_cmake_export_dependencies-extras.cmake
[19.523s] -- Installing: /home/lihaoting/ROS2/ws01_plumbing/src/install/base_interfaces_demo/share/base_interfaces_demo/cmake/rosidl_cmake_export_typesupport_libraries-extras.cmake
[19.523s] -- Installing: /home/lihaoting/ROS2/ws01_plumbing/src/install/base_interfaces_demo/share/base_interfaces_demo/cmake/base_interfaces_demoConfig.cmake
[19.524s] -- Up-to-date: /home/lihaoting/ROS2/ws01_plumbing/src/install/base_interfaces_demo/share/base_interfaces_demo/cmake/base_interfaces_demoConfig-version.cmake
[19.524s] -- Installing: /home/lihaoting/ROS2/ws01_plumbing/src/install/base_interfaces_demo/share/base_interfaces_demo/package.xml
[19.524s] Invoked command in '/home/lihaoting/ROS2/ws01_plumbing/src/build/base_interfaces_demo' returned '0': CMAKE_PREFIX_PATH=${CMAKE_PREFIX_PATH}:/opt/ros/jazzy DEBUGINFOD_URLS=https://debuginfod.ubuntu.com /usr/bin/cmake --install /home/lihaoting/ROS2/ws01_plumbing/src/build/base_interfaces_demo
