[0.018s] Invoking command in '/home/lihaoting/ROS2/ws01_plumbing/src/build/base_interfaces_demo': CMAKE_PREFIX_PATH=${CMAKE_PREFIX_PATH}:/home/lihaoting/ROS2/ws01_plumbing/src/install/py01_topic:/opt/ros/jazzy DEBUGINFOD_URLS=https://debuginfod.ubuntu.com /usr/bin/cmake --build /home/lihaoting/ROS2/ws01_plumbing/src/build/base_interfaces_demo -- -j2 -l2
[0.116s] [  2%] Built target base_interfaces_demo__rosidl_generator_type_description
[0.156s] [ 17%] Built target base_interfaces_demo__rosidl_generator_c
[0.156s] [ 17%] Built target ament_cmake_python_copy_base_interfaces_demo
[0.200s] [ 20%] Built target base_interfaces_demo__cpp
[0.203s] [ 29%] Built target base_interfaces_demo__rosidl_typesupport_c
[0.263s] [ 38%] Built target base_interfaces_demo__rosidl_typesupport_fastrtps_c
[0.298s] [ 47%] Built target base_interfaces_demo__rosidl_typesupport_introspection_c
[0.327s] [ 55%] Built target base_interfaces_demo__rosidl_typesupport_introspection_cpp
[0.379s] [ 64%] Built target base_interfaces_demo__rosidl_typesupport_cpp
[0.429s] [ 73%] Built target base_interfaces_demo__rosidl_typesupport_fastrtps_cpp
[0.485s] [ 73%] Built target base_interfaces_demo
[0.537s] [ 76%] Built target base_interfaces_demo__py
[0.616s] [ 82%] Built target base_interfaces_demo__rosidl_generator_py
[0.699s] [ 88%] Built target base_interfaces_demo_s__rosidl_typesupport_fastrtps_c
[0.802s] [ 94%] Built target base_interfaces_demo_s__rosidl_typesupport_introspection_c
[0.982s] [100%] Built target base_interfaces_demo_s__rosidl_typesupport_c
[1.058s] running egg_info
[1.083s] writing base_interfaces_demo.egg-info/PKG-INFO
[1.084s] writing dependency_links to base_interfaces_demo.egg-info/dependency_links.txt
[1.084s] writing top-level names to base_interfaces_demo.egg-info/top_level.txt
[1.250s] reading manifest file 'base_interfaces_demo.egg-info/SOURCES.txt'
[1.253s] writing manifest file 'base_interfaces_demo.egg-info/SOURCES.txt'
[1.338s] [100%] Built target ament_cmake_python_build_base_interfaces_demo_egg
[1.400s] Invoked command in '/home/lihaoting/ROS2/ws01_plumbing/src/build/base_interfaces_demo' returned '0': CMAKE_PREFIX_PATH=${CMAKE_PREFIX_PATH}:/home/lihaoting/ROS2/ws01_plumbing/src/install/py01_topic:/opt/ros/jazzy DEBUGINFOD_URLS=https://debuginfod.ubuntu.com /usr/bin/cmake --build /home/lihaoting/ROS2/ws01_plumbing/src/build/base_interfaces_demo -- -j2 -l2
[1.458s] Invoking command in '/home/lihaoting/ROS2/ws01_plumbing/src/build/base_interfaces_demo': CMAKE_PREFIX_PATH=${CMAKE_PREFIX_PATH}:/home/lihaoting/ROS2/ws01_plumbing/src/install/py01_topic:/opt/ros/jazzy DEBUGINFOD_URLS=https://debuginfod.ubuntu.com /usr/bin/cmake --install /home/lihaoting/ROS2/ws01_plumbing/src/build/base_interfaces_demo
[1.498s] -- Install configuration: ""
[1.498s] -- Up-to-date: /home/lihaoting/ROS2/ws01_plumbing/src/install/base_interfaces_demo/share/ament_index/resource_index/rosidl_interfaces/base_interfaces_demo
[1.498s] -- Up-to-date: /home/lihaoting/ROS2/ws01_plumbing/src/install/base_interfaces_demo/share/base_interfaces_demo/msg/Student.json
[1.498s] -- Up-to-date: /home/lihaoting/ROS2/ws01_plumbing/src/install/base_interfaces_demo/include/base_interfaces_demo/base_interfaces_demo
[1.498s] -- Up-to-date: /home/lihaoting/ROS2/ws01_plumbing/src/install/base_interfaces_demo/include/base_interfaces_demo/base_interfaces_demo/msg
[1.499s] -- Up-to-date: /home/lihaoting/ROS2/ws01_plumbing/src/install/base_interfaces_demo/include/base_interfaces_demo/base_interfaces_demo/msg/rosidl_generator_c__visibility_control.h
[1.500s] -- Up-to-date: /home/lihaoting/ROS2/ws01_plumbing/src/install/base_interfaces_demo/include/base_interfaces_demo/base_interfaces_demo/msg/detail
[1.500s] -- Up-to-date: /home/lihaoting/ROS2/ws01_plumbing/src/install/base_interfaces_demo/include/base_interfaces_demo/base_interfaces_demo/msg/detail/student__description.c
[1.500s] -- Up-to-date: /home/lihaoting/ROS2/ws01_plumbing/src/install/base_interfaces_demo/include/base_interfaces_demo/base_interfaces_demo/msg/detail/student__struct.h
[1.500s] -- Up-to-date: /home/lihaoting/ROS2/ws01_plumbing/src/install/base_interfaces_demo/include/base_interfaces_demo/base_interfaces_demo/msg/detail/student__type_support.h
[1.500s] -- Up-to-date: /home/lihaoting/ROS2/ws01_plumbing/src/install/base_interfaces_demo/include/base_interfaces_demo/base_interfaces_demo/msg/detail/student__functions.h
[1.500s] -- Up-to-date: /home/lihaoting/ROS2/ws01_plumbing/src/install/base_interfaces_demo/include/base_interfaces_demo/base_interfaces_demo/msg/detail/student__functions.c
[1.500s] -- Installing: /home/lihaoting/ROS2/ws01_plumbing/src/install/base_interfaces_demo/include/base_interfaces_demo/base_interfaces_demo/msg/detail/student__type_support.c
[1.500s] -- Up-to-date: /home/lihaoting/ROS2/ws01_plumbing/src/install/base_interfaces_demo/include/base_interfaces_demo/base_interfaces_demo/msg/student.h
[1.500s] -- Up-to-date: /home/lihaoting/ROS2/ws01_plumbing/src/install/base_interfaces_demo/share/base_interfaces_demo/environment/library_path.sh
[1.500s] -- Up-to-date: /home/lihaoting/ROS2/ws01_plumbing/src/install/base_interfaces_demo/share/base_interfaces_demo/environment/library_path.dsv
[1.503s] -- Up-to-date: /home/lihaoting/ROS2/ws01_plumbing/src/install/base_interfaces_demo/lib/libbase_interfaces_demo__rosidl_generator_c.so
[1.503s] -- Up-to-date: /home/lihaoting/ROS2/ws01_plumbing/src/install/base_interfaces_demo/include/base_interfaces_demo/base_interfaces_demo
[1.503s] -- Up-to-date: /home/lihaoting/ROS2/ws01_plumbing/src/install/base_interfaces_demo/include/base_interfaces_demo/base_interfaces_demo/msg
[1.503s] -- Up-to-date: /home/lihaoting/ROS2/ws01_plumbing/src/install/base_interfaces_demo/include/base_interfaces_demo/base_interfaces_demo/msg/detail
[1.504s] -- Up-to-date: /home/lihaoting/ROS2/ws01_plumbing/src/install/base_interfaces_demo/include/base_interfaces_demo/base_interfaces_demo/msg/detail/student__rosidl_typesupport_fastrtps_c.h
[1.504s] -- Up-to-date: /home/lihaoting/ROS2/ws01_plumbing/src/install/base_interfaces_demo/include/base_interfaces_demo/base_interfaces_demo/msg/rosidl_typesupport_fastrtps_c__visibility_control.h
[1.504s] -- Up-to-date: /home/lihaoting/ROS2/ws01_plumbing/src/install/base_interfaces_demo/lib/libbase_interfaces_demo__rosidl_typesupport_fastrtps_c.so
[1.508s] -- Up-to-date: /home/lihaoting/ROS2/ws01_plumbing/src/install/base_interfaces_demo/include/base_interfaces_demo/base_interfaces_demo
[1.508s] -- Up-to-date: /home/lihaoting/ROS2/ws01_plumbing/src/install/base_interfaces_demo/include/base_interfaces_demo/base_interfaces_demo/msg
[1.509s] -- Up-to-date: /home/lihaoting/ROS2/ws01_plumbing/src/install/base_interfaces_demo/include/base_interfaces_demo/base_interfaces_demo/msg/rosidl_typesupport_introspection_c__visibility_control.h
[1.509s] -- Up-to-date: /home/lihaoting/ROS2/ws01_plumbing/src/install/base_interfaces_demo/include/base_interfaces_demo/base_interfaces_demo/msg/detail
[1.509s] -- Up-to-date: /home/lihaoting/ROS2/ws01_plumbing/src/install/base_interfaces_demo/include/base_interfaces_demo/base_interfaces_demo/msg/detail/student__rosidl_typesupport_introspection_c.h
[1.509s] -- Installing: /home/lihaoting/ROS2/ws01_plumbing/src/install/base_interfaces_demo/include/base_interfaces_demo/base_interfaces_demo/msg/detail/student__type_support.c
[1.509s] -- Up-to-date: /home/lihaoting/ROS2/ws01_plumbing/src/install/base_interfaces_demo/lib/libbase_interfaces_demo__rosidl_typesupport_introspection_c.so
[1.516s] -- Up-to-date: /home/lihaoting/ROS2/ws01_plumbing/src/install/base_interfaces_demo/lib/libbase_interfaces_demo__rosidl_typesupport_c.so
[1.516s] -- Up-to-date: /home/lihaoting/ROS2/ws01_plumbing/src/install/base_interfaces_demo/include/base_interfaces_demo/base_interfaces_demo
[1.516s] -- Up-to-date: /home/lihaoting/ROS2/ws01_plumbing/src/install/base_interfaces_demo/include/base_interfaces_demo/base_interfaces_demo/msg
[1.516s] -- Up-to-date: /home/lihaoting/ROS2/ws01_plumbing/src/install/base_interfaces_demo/include/base_interfaces_demo/base_interfaces_demo/msg/student.hpp
[1.516s] -- Up-to-date: /home/lihaoting/ROS2/ws01_plumbing/src/install/base_interfaces_demo/include/base_interfaces_demo/base_interfaces_demo/msg/rosidl_generator_cpp__visibility_control.hpp
[1.516s] -- Up-to-date: /home/lihaoting/ROS2/ws01_plumbing/src/install/base_interfaces_demo/include/base_interfaces_demo/base_interfaces_demo/msg/detail
[1.516s] -- Up-to-date: /home/lihaoting/ROS2/ws01_plumbing/src/install/base_interfaces_demo/include/base_interfaces_demo/base_interfaces_demo/msg/detail/student__builder.hpp
[1.516s] -- Up-to-date: /home/lihaoting/ROS2/ws01_plumbing/src/install/base_interfaces_demo/include/base_interfaces_demo/base_interfaces_demo/msg/detail/student__traits.hpp
[1.516s] -- Up-to-date: /home/lihaoting/ROS2/ws01_plumbing/src/install/base_interfaces_demo/include/base_interfaces_demo/base_interfaces_demo/msg/detail/student__struct.hpp
[1.521s] -- Up-to-date: /home/lihaoting/ROS2/ws01_plumbing/src/install/base_interfaces_demo/include/base_interfaces_demo/base_interfaces_demo/msg/detail/student__type_support.hpp
[1.521s] -- Up-to-date: /home/lihaoting/ROS2/ws01_plumbing/src/install/base_interfaces_demo/include/base_interfaces_demo/base_interfaces_demo
[1.521s] -- Up-to-date: /home/lihaoting/ROS2/ws01_plumbing/src/install/base_interfaces_demo/include/base_interfaces_demo/base_interfaces_demo/msg
[1.521s] -- Up-to-date: /home/lihaoting/ROS2/ws01_plumbing/src/install/base_interfaces_demo/include/base_interfaces_demo/base_interfaces_demo/msg/rosidl_typesupport_fastrtps_cpp__visibility_control.h
[1.521s] -- Up-to-date: /home/lihaoting/ROS2/ws01_plumbing/src/install/base_interfaces_demo/include/base_interfaces_demo/base_interfaces_demo/msg/detail
[1.522s] -- Up-to-date: /home/lihaoting/ROS2/ws01_plumbing/src/install/base_interfaces_demo/include/base_interfaces_demo/base_interfaces_demo/msg/detail/dds_fastrtps
[1.522s] -- Up-to-date: /home/lihaoting/ROS2/ws01_plumbing/src/install/base_interfaces_demo/include/base_interfaces_demo/base_interfaces_demo/msg/detail/student__rosidl_typesupport_fastrtps_cpp.hpp
[1.522s] -- Up-to-date: /home/lihaoting/ROS2/ws01_plumbing/src/install/base_interfaces_demo/lib/libbase_interfaces_demo__rosidl_typesupport_fastrtps_cpp.so
[1.522s] -- Up-to-date: /home/lihaoting/ROS2/ws01_plumbing/src/install/base_interfaces_demo/include/base_interfaces_demo/base_interfaces_demo
[1.522s] -- Up-to-date: /home/lihaoting/ROS2/ws01_plumbing/src/install/base_interfaces_demo/include/base_interfaces_demo/base_interfaces_demo/msg
[1.523s] -- Up-to-date: /home/lihaoting/ROS2/ws01_plumbing/src/install/base_interfaces_demo/include/base_interfaces_demo/base_interfaces_demo/msg/detail
[1.526s] -- Up-to-date: /home/lihaoting/ROS2/ws01_plumbing/src/install/base_interfaces_demo/include/base_interfaces_demo/base_interfaces_demo/msg/detail/student__rosidl_typesupport_introspection_cpp.hpp
[1.526s] -- Up-to-date: /home/lihaoting/ROS2/ws01_plumbing/src/install/base_interfaces_demo/include/base_interfaces_demo/base_interfaces_demo/msg/detail/student__type_support.cpp
[1.526s] -- Up-to-date: /home/lihaoting/ROS2/ws01_plumbing/src/install/base_interfaces_demo/lib/libbase_interfaces_demo__rosidl_typesupport_introspection_cpp.so
[1.528s] -- Up-to-date: /home/lihaoting/ROS2/ws01_plumbing/src/install/base_interfaces_demo/lib/libbase_interfaces_demo__rosidl_typesupport_cpp.so
[1.528s] -- Up-to-date: /home/lihaoting/ROS2/ws01_plumbing/src/install/base_interfaces_demo/share/base_interfaces_demo/environment/pythonpath.sh
[1.528s] -- Up-to-date: /home/lihaoting/ROS2/ws01_plumbing/src/install/base_interfaces_demo/share/base_interfaces_demo/environment/pythonpath.dsv
[1.528s] -- Up-to-date: /home/lihaoting/ROS2/ws01_plumbing/src/install/base_interfaces_demo/lib/python3.12/site-packages/base_interfaces_demo-0.0.0-py3.12.egg-info
[1.528s] -- Installing: /home/lihaoting/ROS2/ws01_plumbing/src/install/base_interfaces_demo/lib/python3.12/site-packages/base_interfaces_demo-0.0.0-py3.12.egg-info/PKG-INFO
[1.529s] -- Installing: /home/lihaoting/ROS2/ws01_plumbing/src/install/base_interfaces_demo/lib/python3.12/site-packages/base_interfaces_demo-0.0.0-py3.12.egg-info/dependency_links.txt
[1.531s] -- Installing: /home/lihaoting/ROS2/ws01_plumbing/src/install/base_interfaces_demo/lib/python3.12/site-packages/base_interfaces_demo-0.0.0-py3.12.egg-info/SOURCES.txt
[1.540s] -- Installing: /home/lihaoting/ROS2/ws01_plumbing/src/install/base_interfaces_demo/lib/python3.12/site-packages/base_interfaces_demo-0.0.0-py3.12.egg-info/top_level.txt
[1.540s] -- Up-to-date: /home/lihaoting/ROS2/ws01_plumbing/src/install/base_interfaces_demo/lib/python3.12/site-packages/base_interfaces_demo
[1.540s] -- Up-to-date: /home/lihaoting/ROS2/ws01_plumbing/src/install/base_interfaces_demo/lib/python3.12/site-packages/base_interfaces_demo/_base_interfaces_demo_s.ep.rosidl_typesupport_c.c
[1.540s] -- Up-to-date: /home/lihaoting/ROS2/ws01_plumbing/src/install/base_interfaces_demo/lib/python3.12/site-packages/base_interfaces_demo/__init__.py
[1.540s] -- Up-to-date: /home/lihaoting/ROS2/ws01_plumbing/src/install/base_interfaces_demo/lib/python3.12/site-packages/base_interfaces_demo/base_interfaces_demo_s__rosidl_typesupport_introspection_c.so
[1.540s] -- Up-to-date: /home/lihaoting/ROS2/ws01_plumbing/src/install/base_interfaces_demo/lib/python3.12/site-packages/base_interfaces_demo/base_interfaces_demo_s__rosidl_typesupport_fastrtps_c.so
[1.540s] -- Up-to-date: /home/lihaoting/ROS2/ws01_plumbing/src/install/base_interfaces_demo/lib/python3.12/site-packages/base_interfaces_demo/_base_interfaces_demo_s.ep.rosidl_typesupport_introspection_c.c
[1.540s] -- Up-to-date: /home/lihaoting/ROS2/ws01_plumbing/src/install/base_interfaces_demo/lib/python3.12/site-packages/base_interfaces_demo/_base_interfaces_demo_s.ep.rosidl_typesupport_fastrtps_c.c
[1.540s] -- Up-to-date: /home/lihaoting/ROS2/ws01_plumbing/src/install/base_interfaces_demo/lib/python3.12/site-packages/base_interfaces_demo/base_interfaces_demo_s__rosidl_typesupport_c.so
[1.540s] -- Up-to-date: /home/lihaoting/ROS2/ws01_plumbing/src/install/base_interfaces_demo/lib/python3.12/site-packages/base_interfaces_demo/msg
[1.540s] -- Up-to-date: /home/lihaoting/ROS2/ws01_plumbing/src/install/base_interfaces_demo/lib/python3.12/site-packages/base_interfaces_demo/msg/__init__.py
[1.544s] -- Up-to-date: /home/lihaoting/ROS2/ws01_plumbing/src/install/base_interfaces_demo/lib/python3.12/site-packages/base_interfaces_demo/msg/_student_s.c
[1.544s] -- Up-to-date: /home/lihaoting/ROS2/ws01_plumbing/src/install/base_interfaces_demo/lib/python3.12/site-packages/base_interfaces_demo/msg/_student.py
[1.674s] Listing '/home/lihaoting/ROS2/ws01_plumbing/src/install/base_interfaces_demo/lib/python3.12/site-packages/base_interfaces_demo'...
[1.674s] Listing '/home/lihaoting/ROS2/ws01_plumbing/src/install/base_interfaces_demo/lib/python3.12/site-packages/base_interfaces_demo/msg'...
[1.683s] -- Up-to-date: /home/lihaoting/ROS2/ws01_plumbing/src/install/base_interfaces_demo/lib/python3.12/site-packages/base_interfaces_demo/base_interfaces_demo_s__rosidl_typesupport_fastrtps_c.so
[1.684s] -- Up-to-date: /home/lihaoting/ROS2/ws01_plumbing/src/install/base_interfaces_demo/lib/python3.12/site-packages/base_interfaces_demo/base_interfaces_demo_s__rosidl_typesupport_introspection_c.so
[1.685s] -- Up-to-date: /home/lihaoting/ROS2/ws01_plumbing/src/install/base_interfaces_demo/lib/python3.12/site-packages/base_interfaces_demo/base_interfaces_demo_s__rosidl_typesupport_c.so
[1.686s] -- Up-to-date: /home/lihaoting/ROS2/ws01_plumbing/src/install/base_interfaces_demo/lib/libbase_interfaces_demo__rosidl_generator_py.so
[1.686s] -- Up-to-date: /home/lihaoting/ROS2/ws01_plumbing/src/install/base_interfaces_demo/share/base_interfaces_demo/msg/Student.idl
[1.686s] -- Up-to-date: /home/lihaoting/ROS2/ws01_plumbing/src/install/base_interfaces_demo/share/base_interfaces_demo/msg/Student.msg
[1.687s] -- Up-to-date: /home/lihaoting/ROS2/ws01_plumbing/src/install/base_interfaces_demo/share/ament_index/resource_index/package_run_dependencies/base_interfaces_demo
[1.687s] -- Up-to-date: /home/lihaoting/ROS2/ws01_plumbing/src/install/base_interfaces_demo/share/ament_index/resource_index/parent_prefix_path/base_interfaces_demo
[1.687s] -- Up-to-date: /home/lihaoting/ROS2/ws01_plumbing/src/install/base_interfaces_demo/share/base_interfaces_demo/environment/ament_prefix_path.sh
[1.688s] -- Up-to-date: /home/lihaoting/ROS2/ws01_plumbing/src/install/base_interfaces_demo/share/base_interfaces_demo/environment/ament_prefix_path.dsv
[1.688s] -- Up-to-date: /home/lihaoting/ROS2/ws01_plumbing/src/install/base_interfaces_demo/share/base_interfaces_demo/environment/path.sh
[1.688s] -- Up-to-date: /home/lihaoting/ROS2/ws01_plumbing/src/install/base_interfaces_demo/share/base_interfaces_demo/environment/path.dsv
[1.688s] -- Up-to-date: /home/lihaoting/ROS2/ws01_plumbing/src/install/base_interfaces_demo/share/base_interfaces_demo/local_setup.bash
[1.690s] -- Up-to-date: /home/lihaoting/ROS2/ws01_plumbing/src/install/base_interfaces_demo/share/base_interfaces_demo/local_setup.sh
[1.690s] -- Up-to-date: /home/lihaoting/ROS2/ws01_plumbing/src/install/base_interfaces_demo/share/base_interfaces_demo/local_setup.zsh
[1.690s] -- Up-to-date: /home/lihaoting/ROS2/ws01_plumbing/src/install/base_interfaces_demo/share/base_interfaces_demo/local_setup.dsv
[1.690s] -- Installing: /home/lihaoting/ROS2/ws01_plumbing/src/install/base_interfaces_demo/share/base_interfaces_demo/package.dsv
[1.691s] -- Up-to-date: /home/lihaoting/ROS2/ws01_plumbing/src/install/base_interfaces_demo/share/ament_index/resource_index/packages/base_interfaces_demo
[1.691s] -- Up-to-date: /home/lihaoting/ROS2/ws01_plumbing/src/install/base_interfaces_demo/share/base_interfaces_demo/cmake/export_base_interfaces_demo__rosidl_generator_cExport.cmake
[1.691s] -- Up-to-date: /home/lihaoting/ROS2/ws01_plumbing/src/install/base_interfaces_demo/share/base_interfaces_demo/cmake/export_base_interfaces_demo__rosidl_generator_cExport-noconfig.cmake
[1.691s] -- Up-to-date: /home/lihaoting/ROS2/ws01_plumbing/src/install/base_interfaces_demo/share/base_interfaces_demo/cmake/export_base_interfaces_demo__rosidl_typesupport_fastrtps_cExport.cmake
[1.692s] -- Up-to-date: /home/lihaoting/ROS2/ws01_plumbing/src/install/base_interfaces_demo/share/base_interfaces_demo/cmake/export_base_interfaces_demo__rosidl_typesupport_fastrtps_cExport-noconfig.cmake
[1.696s] -- Up-to-date: /home/lihaoting/ROS2/ws01_plumbing/src/install/base_interfaces_demo/share/base_interfaces_demo/cmake/base_interfaces_demo__rosidl_typesupport_introspection_cExport.cmake
[1.696s] -- Up-to-date: /home/lihaoting/ROS2/ws01_plumbing/src/install/base_interfaces_demo/share/base_interfaces_demo/cmake/base_interfaces_demo__rosidl_typesupport_introspection_cExport-noconfig.cmake
[1.696s] -- Up-to-date: /home/lihaoting/ROS2/ws01_plumbing/src/install/base_interfaces_demo/share/base_interfaces_demo/cmake/base_interfaces_demo__rosidl_typesupport_cExport.cmake
[1.696s] -- Up-to-date: /home/lihaoting/ROS2/ws01_plumbing/src/install/base_interfaces_demo/share/base_interfaces_demo/cmake/base_interfaces_demo__rosidl_typesupport_cExport-noconfig.cmake
[1.696s] -- Up-to-date: /home/lihaoting/ROS2/ws01_plumbing/src/install/base_interfaces_demo/share/base_interfaces_demo/cmake/export_base_interfaces_demo__rosidl_generator_cppExport.cmake
[1.696s] -- Up-to-date: /home/lihaoting/ROS2/ws01_plumbing/src/install/base_interfaces_demo/share/base_interfaces_demo/cmake/export_base_interfaces_demo__rosidl_typesupport_fastrtps_cppExport.cmake
[1.696s] -- Up-to-date: /home/lihaoting/ROS2/ws01_plumbing/src/install/base_interfaces_demo/share/base_interfaces_demo/cmake/export_base_interfaces_demo__rosidl_typesupport_fastrtps_cppExport-noconfig.cmake
[1.696s] -- Up-to-date: /home/lihaoting/ROS2/ws01_plumbing/src/install/base_interfaces_demo/share/base_interfaces_demo/cmake/base_interfaces_demo__rosidl_typesupport_introspection_cppExport.cmake
[1.696s] -- Up-to-date: /home/lihaoting/ROS2/ws01_plumbing/src/install/base_interfaces_demo/share/base_interfaces_demo/cmake/base_interfaces_demo__rosidl_typesupport_introspection_cppExport-noconfig.cmake
[1.699s] -- Up-to-date: /home/lihaoting/ROS2/ws01_plumbing/src/install/base_interfaces_demo/share/base_interfaces_demo/cmake/base_interfaces_demo__rosidl_typesupport_cppExport.cmake
[1.699s] -- Up-to-date: /home/lihaoting/ROS2/ws01_plumbing/src/install/base_interfaces_demo/share/base_interfaces_demo/cmake/base_interfaces_demo__rosidl_typesupport_cppExport-noconfig.cmake
[1.699s] -- Up-to-date: /home/lihaoting/ROS2/ws01_plumbing/src/install/base_interfaces_demo/share/base_interfaces_demo/cmake/export_base_interfaces_demo__rosidl_generator_pyExport.cmake
[1.700s] -- Up-to-date: /home/lihaoting/ROS2/ws01_plumbing/src/install/base_interfaces_demo/share/base_interfaces_demo/cmake/export_base_interfaces_demo__rosidl_generator_pyExport-noconfig.cmake
[1.700s] -- Up-to-date: /home/lihaoting/ROS2/ws01_plumbing/src/install/base_interfaces_demo/share/base_interfaces_demo/cmake/rosidl_cmake-extras.cmake
[1.700s] -- Up-to-date: /home/lihaoting/ROS2/ws01_plumbing/src/install/base_interfaces_demo/share/base_interfaces_demo/cmake/ament_cmake_export_include_directories-extras.cmake
[1.700s] -- Up-to-date: /home/lihaoting/ROS2/ws01_plumbing/src/install/base_interfaces_demo/share/base_interfaces_demo/cmake/ament_cmake_export_libraries-extras.cmake
[1.700s] -- Up-to-date: /home/lihaoting/ROS2/ws01_plumbing/src/install/base_interfaces_demo/share/base_interfaces_demo/cmake/ament_cmake_export_targets-extras.cmake
[1.700s] -- Up-to-date: /home/lihaoting/ROS2/ws01_plumbing/src/install/base_interfaces_demo/share/base_interfaces_demo/cmake/rosidl_cmake_export_typesupport_targets-extras.cmake
[1.702s] -- Up-to-date: /home/lihaoting/ROS2/ws01_plumbing/src/install/base_interfaces_demo/share/base_interfaces_demo/cmake/ament_cmake_export_dependencies-extras.cmake
[1.702s] -- Up-to-date: /home/lihaoting/ROS2/ws01_plumbing/src/install/base_interfaces_demo/share/base_interfaces_demo/cmake/rosidl_cmake_export_typesupport_libraries-extras.cmake
[1.702s] -- Up-to-date: /home/lihaoting/ROS2/ws01_plumbing/src/install/base_interfaces_demo/share/base_interfaces_demo/cmake/base_interfaces_demoConfig.cmake
[1.702s] -- Up-to-date: /home/lihaoting/ROS2/ws01_plumbing/src/install/base_interfaces_demo/share/base_interfaces_demo/cmake/base_interfaces_demoConfig-version.cmake
[1.703s] -- Up-to-date: /home/lihaoting/ROS2/ws01_plumbing/src/install/base_interfaces_demo/share/base_interfaces_demo/package.xml
[1.704s] Invoked command in '/home/lihaoting/ROS2/ws01_plumbing/src/build/base_interfaces_demo' returned '0': CMAKE_PREFIX_PATH=${CMAKE_PREFIX_PATH}:/home/lihaoting/ROS2/ws01_plumbing/src/install/py01_topic:/opt/ros/jazzy DEBUGINFOD_URLS=https://debuginfod.ubuntu.com /usr/bin/cmake --install /home/lihaoting/ROS2/ws01_plumbing/src/build/base_interfaces_demo
