[0.037s] Invoking command in '/home/lihaoting/ROS2/ws01_plumbing/src/build/cpp03_action': AMENT_PREFIX_PATH=/home/lihaoting/ROS2/ws01_plumbing/src/install/base_interfaces_demo:${AMENT_PREFIX_PATH} CMAKE_PREFIX_PATH=/home/lihaoting/ROS2/ws01_plumbing/src/install/base_interfaces_demo:/home/lihaoting/.local/share/Trash/files/install:/home/lihaoting/.local/share/Trash/files/install:/opt/ros/jazzy/opt/gz_math_vendor:/opt/ros/jazzy/opt/gz_utils_vendor:/opt/ros/jazzy/opt/gz_cmake_vendor:/opt/ros/jazzy DEBUGINFOD_URLS=https://debuginfod.ubuntu.com LD_LIBRARY_PATH=/home/lihaoting/ROS2/ws01_plumbing/src/install/base_interfaces_demo/lib:${LD_LIBRARY_PATH} PYTHONPATH=/home/lihaoting/ROS2/ws01_plumbing/src/install/base_interfaces_demo/lib/python3.12/site-packages:${PYTHONPATH} /usr/bin/cmake --build /home/lihaoting/ROS2/ws01_plumbing/src/build/cpp03_action -- -j2 -l2
[0.132s] -- Found ament_cmake: 2.5.4 (/opt/ros/jazzy/share/ament_cmake/cmake)
[0.680s] -- Found rclcpp: 28.1.9 (/opt/ros/jazzy/share/rclcpp/cmake)
[0.716s] -- Found rosidl_generator_c: 4.6.5 (/opt/ros/jazzy/share/rosidl_generator_c/cmake)
[0.731s] -- Found rosidl_generator_cpp: 4.6.5 (/opt/ros/jazzy/share/rosidl_generator_cpp/cmake)
[0.746s] -- Using all available rosidl_typesupport_c: rosidl_typesupport_fastrtps_c;rosidl_typesupport_introspection_c
[0.765s] -- Using all available rosidl_typesupport_cpp: rosidl_typesupport_fastrtps_cpp;rosidl_typesupport_introspection_cpp
[0.850s] -- Found rmw_implementation_cmake: 7.3.2 (/opt/ros/jazzy/share/rmw_implementation_cmake/cmake)
[0.852s] -- Found rmw_fastrtps_cpp: 8.4.2 (/opt/ros/jazzy/share/rmw_fastrtps_cpp/cmake)
[0.953s] -- Using RMW implementation 'rmw_fastrtps_cpp' as default
[1.053s] -- Found rclcpp_action: 28.1.9 (/opt/ros/jazzy/share/rclcpp_action/cmake)
[1.130s] -- Found base_interfaces_demo: 0.0.0 (/home/lihaoting/ROS2/ws01_plumbing/src/install/base_interfaces_demo/share/base_interfaces_demo/cmake)
[1.162s] -- Found ament_lint_auto: 0.17.2 (/opt/ros/jazzy/share/ament_lint_auto/cmake)
[1.332s] -- Added test 'cppcheck' to perform static code analysis on C / C++ code
[1.335s] -- Configured cppcheck include dirs: 
[1.335s] -- Configured cppcheck exclude dirs and/or files: 
[1.338s] -- Added test 'lint_cmake' to check CMake code style
[1.340s] -- Added test 'uncrustify' to check C / C++ code style
[1.341s] -- Configured uncrustify additional arguments: 
[1.342s] -- Added test 'xmllint' to check XML markup files
[1.346s] -- Configuring done (1.2s)
[1.431s] -- Generating done (0.1s)
[1.450s] -- Build files have been written to: /home/lihaoting/ROS2/ws01_plumbing/src/build/cpp03_action
[1.548s] [ 12%] [32mBuilding CXX object CMakeFiles/demo01_action_server.dir/src/demo01_action_server.cpp.o[0m
[1.576s] [ 25%] [32mBuilding CXX object CMakeFiles/demo02_action_client.dir/src/demo02_action_client.cpp.o[0m
[1.652s] [ 37%] [32m[1mLinking CXX executable demo02_action_client[0m
[2.068s] /usr/bin/ld: /usr/lib/gcc/x86_64-linux-gnu/13/../../../x86_64-linux-gnu/Scrt1.o: in function `_start':
[2.069s] (.text+0x1b): undefined reference to `main'
[2.075s] collect2: error: ld returned 1 exit status
[2.078s] gmake[2]: *** [CMakeFiles/demo02_action_client.dir/build.make:188：demo02_action_client] 错误 1
[2.079s] gmake[1]: *** [CMakeFiles/Makefile2:169：CMakeFiles/demo02_action_client.dir/all] 错误 2
[2.079s] gmake[1]: *** 正在等待未完成的任务....
[6.776s] [01m[K/home/lihaoting/ROS2/ws01_plumbing/src/cpp03_action/src/demo01_action_server.cpp:99:1:[m[K [01;31m[Kerror: [m[K‘[01m[Kexplicit[m[K’ outside class declaration
[6.776s]    99 | [01;31m[Kexplicit[m[K MiniActionServer::MiniActionServer(const rclcpp::NodeOptions & options = rclcpp::NodeOptions())
[6.776s]       | [01;31m[K^~~~~~~~[m[K
[6.776s] [01m[K/home/lihaoting/ROS2/ws01_plumbing/src/cpp03_action/src/demo01_action_server.cpp:99:10:[m[K [01;31m[Kerror: [m[Kno declaration matches ‘[01m[KMiniActionServer::[01;32m[KMiniActionServer[m[K(const rclcpp::NodeOptions&)[m[K’
[6.776s]    99 | explicit [01;31m[KMiniActionServer[m[K::MiniActionServer(const rclcpp::NodeOptions & options = rclcpp::NodeOptions())
[6.776s]       |          [01;31m[K^~~~~~~~~~~~~~~~[m[K
[6.776s] [01m[K/home/lihaoting/ROS2/ws01_plumbing/src/cpp03_action/src/demo01_action_server.cpp:27:7:[m[K [01;36m[Knote: [m[Kcandidates are: ‘[01m[KMiniActionServer::[01;32m[KMiniActionServer[m[K(const MiniActionServer&)[m[K’
[6.776s]    27 | class [01;36m[KMiniActionServer[m[K : public rclcpp::Node
[6.776s]       |       [01;36m[K^~~~~~~~~~~~~~~~[m[K
[6.777s] [01m[K/home/lihaoting/ROS2/ws01_plumbing/src/cpp03_action/src/demo01_action_server.cpp:94:3:[m[K [01;36m[Knote: [m[K                ‘[01m[KMiniActionServer::[01;32m[KMiniActionServer[m[K()[m[K’
[6.777s]    94 |   [01;36m[KMiniActionServer[m[K(/* args */);
[6.777s]       |   [01;36m[K^~~~~~~~~~~~~~~~[m[K
[6.777s] [01m[K/home/lihaoting/ROS2/ws01_plumbing/src/cpp03_action/src/demo01_action_server.cpp:27:7:[m[K [01;36m[Knote: [m[K‘[01m[Kclass MiniActionServer[m[K’ defined here
[6.777s]    27 | class [01;36m[KMiniActionServer[m[K : public rclcpp::Node
[6.777s]       |       [01;36m[K^~~~~~~~~~~~~~~~[m[K
[7.706s] gmake[2]: *** [CMakeFiles/demo01_action_server.dir/build.make:76：CMakeFiles/demo01_action_server.dir/src/demo01_action_server.cpp.o] 错误 1
[7.708s] gmake[1]: *** [CMakeFiles/Makefile2:143：CMakeFiles/demo01_action_server.dir/all] 错误 2
[7.708s] gmake: *** [Makefile:146：all] 错误 2
[7.716s] Invoked command in '/home/lihaoting/ROS2/ws01_plumbing/src/build/cpp03_action' returned '2': AMENT_PREFIX_PATH=/home/lihaoting/ROS2/ws01_plumbing/src/install/base_interfaces_demo:${AMENT_PREFIX_PATH} CMAKE_PREFIX_PATH=/home/lihaoting/ROS2/ws01_plumbing/src/install/base_interfaces_demo:/home/lihaoting/.local/share/Trash/files/install:/home/lihaoting/.local/share/Trash/files/install:/opt/ros/jazzy/opt/gz_math_vendor:/opt/ros/jazzy/opt/gz_utils_vendor:/opt/ros/jazzy/opt/gz_cmake_vendor:/opt/ros/jazzy DEBUGINFOD_URLS=https://debuginfod.ubuntu.com LD_LIBRARY_PATH=/home/lihaoting/ROS2/ws01_plumbing/src/install/base_interfaces_demo/lib:${LD_LIBRARY_PATH} PYTHONPATH=/home/lihaoting/ROS2/ws01_plumbing/src/install/base_interfaces_demo/lib/python3.12/site-packages:${PYTHONPATH} /usr/bin/cmake --build /home/lihaoting/ROS2/ws01_plumbing/src/build/cpp03_action -- -j2 -l2
