[0.069s] Invoking command in '/home/lihaoting/ROS2/ws01_plumbing/build/cpp02_service': AMENT_PREFIX_PATH=/home/lihaoting/ROS2/ws01_plumbing/install/base_interfaces_demo:${AMENT_PREFIX_PATH} CMAKE_PREFIX_PATH=/home/lihaoting/ROS2/ws01_plumbing/install/base_interfaces_demo:/home/lihaoting/.local/share/Trash/files/install:/home/lihaoting/.local/share/Trash/files/install:/opt/ros/jazzy/opt/gz_math_vendor:/opt/ros/jazzy/opt/gz_utils_vendor:/opt/ros/jazzy/opt/gz_cmake_vendor:/opt/ros/jazzy DEBUGINFOD_URLS=https://debuginfod.ubuntu.com LD_LIBRARY_PATH=/home/lihaoting/ROS2/ws01_plumbing/install/base_interfaces_demo/lib:${LD_LIBRARY_PATH} PYTHONPATH=/home/lihaoting/ROS2/ws01_plumbing/install/base_interfaces_demo/lib/python3.12/site-packages:${PYTHONPATH} /usr/bin/cmake --build /home/lihaoting/ROS2/ws01_plumbing/build/cpp02_service -- -j2 -l2
[0.348s] [ 50%] Built target demo01_server
[0.359s] [100%] Built target demo02_client
[0.402s] Invoked command in '/home/lihaoting/ROS2/ws01_plumbing/build/cpp02_service' returned '0': AMENT_PREFIX_PATH=/home/lihaoting/ROS2/ws01_plumbing/install/base_interfaces_demo:${AMENT_PREFIX_PATH} CMAKE_PREFIX_PATH=/home/lihaoting/ROS2/ws01_plumbing/install/base_interfaces_demo:/home/lihaoting/.local/share/Trash/files/install:/home/lihaoting/.local/share/Trash/files/install:/opt/ros/jazzy/opt/gz_math_vendor:/opt/ros/jazzy/opt/gz_utils_vendor:/opt/ros/jazzy/opt/gz_cmake_vendor:/opt/ros/jazzy DEBUGINFOD_URLS=https://debuginfod.ubuntu.com LD_LIBRARY_PATH=/home/lihaoting/ROS2/ws01_plumbing/install/base_interfaces_demo/lib:${LD_LIBRARY_PATH} PYTHONPATH=/home/lihaoting/ROS2/ws01_plumbing/install/base_interfaces_demo/lib/python3.12/site-packages:${PYTHONPATH} /usr/bin/cmake --build /home/lihaoting/ROS2/ws01_plumbing/build/cpp02_service -- -j2 -l2
[0.406s] Invoking command in '/home/lihaoting/ROS2/ws01_plumbing/build/cpp02_service': AMENT_PREFIX_PATH=/home/lihaoting/ROS2/ws01_plumbing/install/base_interfaces_demo:${AMENT_PREFIX_PATH} CMAKE_PREFIX_PATH=/home/lihaoting/ROS2/ws01_plumbing/install/base_interfaces_demo:/home/lihaoting/.local/share/Trash/files/install:/home/lihaoting/.local/share/Trash/files/install:/opt/ros/jazzy/opt/gz_math_vendor:/opt/ros/jazzy/opt/gz_utils_vendor:/opt/ros/jazzy/opt/gz_cmake_vendor:/opt/ros/jazzy DEBUGINFOD_URLS=https://debuginfod.ubuntu.com LD_LIBRARY_PATH=/home/lihaoting/ROS2/ws01_plumbing/install/base_interfaces_demo/lib:${LD_LIBRARY_PATH} PYTHONPATH=/home/lihaoting/ROS2/ws01_plumbing/install/base_interfaces_demo/lib/python3.12/site-packages:${PYTHONPATH} /usr/bin/cmake --install /home/lihaoting/ROS2/ws01_plumbing/build/cpp02_service
[0.450s] -- Install configuration: ""
[0.523s] -- Up-to-date: /home/lihaoting/ROS2/ws01_plumbing/install/cpp02_service/lib/cpp02_service/demo01_server
[0.567s] -- Up-to-date: /home/lihaoting/ROS2/ws01_plumbing/install/cpp02_service/lib/cpp02_service/demo02_client
[0.567s] -- Up-to-date: /home/lihaoting/ROS2/ws01_plumbing/install/cpp02_service/share/ament_index/resource_index/package_run_dependencies/cpp02_service
[0.567s] -- Up-to-date: /home/lihaoting/ROS2/ws01_plumbing/install/cpp02_service/share/ament_index/resource_index/parent_prefix_path/cpp02_service
[0.571s] -- Up-to-date: /home/lihaoting/ROS2/ws01_plumbing/install/cpp02_service/share/cpp02_service/environment/ament_prefix_path.sh
[0.571s] -- Up-to-date: /home/lihaoting/ROS2/ws01_plumbing/install/cpp02_service/share/cpp02_service/environment/ament_prefix_path.dsv
[0.571s] -- Up-to-date: /home/lihaoting/ROS2/ws01_plumbing/install/cpp02_service/share/cpp02_service/environment/path.sh
[0.572s] -- Up-to-date: /home/lihaoting/ROS2/ws01_plumbing/install/cpp02_service/share/cpp02_service/environment/path.dsv
[0.572s] -- Up-to-date: /home/lihaoting/ROS2/ws01_plumbing/install/cpp02_service/share/cpp02_service/local_setup.bash
[0.572s] -- Up-to-date: /home/lihaoting/ROS2/ws01_plumbing/install/cpp02_service/share/cpp02_service/local_setup.sh
[0.572s] -- Up-to-date: /home/lihaoting/ROS2/ws01_plumbing/install/cpp02_service/share/cpp02_service/local_setup.zsh
[0.572s] -- Up-to-date: /home/lihaoting/ROS2/ws01_plumbing/install/cpp02_service/share/cpp02_service/local_setup.dsv
[0.572s] -- Installing: /home/lihaoting/ROS2/ws01_plumbing/install/cpp02_service/share/cpp02_service/package.dsv
[0.580s] -- Up-to-date: /home/lihaoting/ROS2/ws01_plumbing/install/cpp02_service/share/ament_index/resource_index/packages/cpp02_service
[0.580s] -- Up-to-date: /home/lihaoting/ROS2/ws01_plumbing/install/cpp02_service/share/cpp02_service/cmake/cpp02_serviceConfig.cmake
[0.580s] -- Up-to-date: /home/lihaoting/ROS2/ws01_plumbing/install/cpp02_service/share/cpp02_service/cmake/cpp02_serviceConfig-version.cmake
[0.580s] -- Up-to-date: /home/lihaoting/ROS2/ws01_plumbing/install/cpp02_service/share/cpp02_service/package.xml
[0.618s] Invoked command in '/home/lihaoting/ROS2/ws01_plumbing/build/cpp02_service' returned '0': AMENT_PREFIX_PATH=/home/lihaoting/ROS2/ws01_plumbing/install/base_interfaces_demo:${AMENT_PREFIX_PATH} CMAKE_PREFIX_PATH=/home/lihaoting/ROS2/ws01_plumbing/install/base_interfaces_demo:/home/lihaoting/.local/share/Trash/files/install:/home/lihaoting/.local/share/Trash/files/install:/opt/ros/jazzy/opt/gz_math_vendor:/opt/ros/jazzy/opt/gz_utils_vendor:/opt/ros/jazzy/opt/gz_cmake_vendor:/opt/ros/jazzy DEBUGINFOD_URLS=https://debuginfod.ubuntu.com LD_LIBRARY_PATH=/home/lihaoting/ROS2/ws01_plumbing/install/base_interfaces_demo/lib:${LD_LIBRARY_PATH} PYTHONPATH=/home/lihaoting/ROS2/ws01_plumbing/install/base_interfaces_demo/lib/python3.12/site-packages:${PYTHONPATH} /usr/bin/cmake --install /home/lihaoting/ROS2/ws01_plumbing/build/cpp02_service
