[0.018s] Invoking command in '/home/lihaoting/ROS2/ws01_plumbing/src/build/cpp03_action': CMAKE_PREFIX_PATH=/home/lihaoting/ROS2/ws01_plumbing/src/install/base_interfaces_demo:/home/lihaoting/ROS2/ws01_plumbing/src/install/cpp04_param:/home/lihaoting/ROS2/ws01_plumbing/src/install/cpp03_action:/home/lihaoting/ROS2/ws01_plumbing/src/install/cpp02_service:/home/lihaoting/ROS2/ws01_plumbing/src/install/cpp01_topic:/opt/ros/jazzy/opt/gz_math_vendor:/opt/ros/jazzy/opt/gz_utils_vendor:/opt/ros/jazzy/opt/gz_cmake_vendor:/home/lihaoting/ROS2/ws01_plumbing/src/install/py01_topic:/opt/ros/jazzy DEBUGINFOD_URLS=https://debuginfod.ubuntu.com PYTHONPATH=/home/lihaoting/ROS2/ws01_plumbing/src/install/base_interfaces_demo/lib/python3.12/site-packages:/home/lihaoting/ROS2/ws01_plumbing/src/install/py01_topic/lib/python3.12/site-packages:/opt/ros/jazzy/lib/python3.12/site-packages /usr/bin/cmake --build /home/lihaoting/ROS2/ws01_plumbing/src/build/cpp03_action -- -j2 -l2
[0.328s] [ 50%] Built target demo01_action_server
[0.339s] [100%] Built target demo02_action_client
[0.424s] Invoked command in '/home/lihaoting/ROS2/ws01_plumbing/src/build/cpp03_action' returned '0': CMAKE_PREFIX_PATH=/home/lihaoting/ROS2/ws01_plumbing/src/install/base_interfaces_demo:/home/lihaoting/ROS2/ws01_plumbing/src/install/cpp04_param:/home/lihaoting/ROS2/ws01_plumbing/src/install/cpp03_action:/home/lihaoting/ROS2/ws01_plumbing/src/install/cpp02_service:/home/lihaoting/ROS2/ws01_plumbing/src/install/cpp01_topic:/opt/ros/jazzy/opt/gz_math_vendor:/opt/ros/jazzy/opt/gz_utils_vendor:/opt/ros/jazzy/opt/gz_cmake_vendor:/home/lihaoting/ROS2/ws01_plumbing/src/install/py01_topic:/opt/ros/jazzy DEBUGINFOD_URLS=https://debuginfod.ubuntu.com PYTHONPATH=/home/lihaoting/ROS2/ws01_plumbing/src/install/base_interfaces_demo/lib/python3.12/site-packages:/home/lihaoting/ROS2/ws01_plumbing/src/install/py01_topic/lib/python3.12/site-packages:/opt/ros/jazzy/lib/python3.12/site-packages /usr/bin/cmake --build /home/lihaoting/ROS2/ws01_plumbing/src/build/cpp03_action -- -j2 -l2
[0.424s] Invoking command in '/home/lihaoting/ROS2/ws01_plumbing/src/build/cpp03_action': CMAKE_PREFIX_PATH=/home/lihaoting/ROS2/ws01_plumbing/src/install/base_interfaces_demo:/home/lihaoting/ROS2/ws01_plumbing/src/install/cpp04_param:/home/lihaoting/ROS2/ws01_plumbing/src/install/cpp03_action:/home/lihaoting/ROS2/ws01_plumbing/src/install/cpp02_service:/home/lihaoting/ROS2/ws01_plumbing/src/install/cpp01_topic:/opt/ros/jazzy/opt/gz_math_vendor:/opt/ros/jazzy/opt/gz_utils_vendor:/opt/ros/jazzy/opt/gz_cmake_vendor:/home/lihaoting/ROS2/ws01_plumbing/src/install/py01_topic:/opt/ros/jazzy DEBUGINFOD_URLS=https://debuginfod.ubuntu.com PYTHONPATH=/home/lihaoting/ROS2/ws01_plumbing/src/install/base_interfaces_demo/lib/python3.12/site-packages:/home/lihaoting/ROS2/ws01_plumbing/src/install/py01_topic/lib/python3.12/site-packages:/opt/ros/jazzy/lib/python3.12/site-packages /usr/bin/cmake --install /home/lihaoting/ROS2/ws01_plumbing/src/build/cpp03_action
[0.461s] -- Install configuration: ""
[0.466s] -- Up-to-date: /home/lihaoting/ROS2/ws01_plumbing/src/install/cpp03_action/lib/cpp03_action/demo01_action_server
[0.472s] -- Up-to-date: /home/lihaoting/ROS2/ws01_plumbing/src/install/cpp03_action/lib/cpp03_action/demo02_action_client
[0.474s] -- Up-to-date: /home/lihaoting/ROS2/ws01_plumbing/src/install/cpp03_action/share/ament_index/resource_index/package_run_dependencies/cpp03_action
[0.475s] -- Up-to-date: /home/lihaoting/ROS2/ws01_plumbing/src/install/cpp03_action/share/ament_index/resource_index/parent_prefix_path/cpp03_action
[0.475s] -- Up-to-date: /home/lihaoting/ROS2/ws01_plumbing/src/install/cpp03_action/share/cpp03_action/environment/ament_prefix_path.sh
[0.475s] -- Up-to-date: /home/lihaoting/ROS2/ws01_plumbing/src/install/cpp03_action/share/cpp03_action/environment/ament_prefix_path.dsv
[0.475s] -- Up-to-date: /home/lihaoting/ROS2/ws01_plumbing/src/install/cpp03_action/share/cpp03_action/environment/path.sh
[0.475s] -- Up-to-date: /home/lihaoting/ROS2/ws01_plumbing/src/install/cpp03_action/share/cpp03_action/environment/path.dsv
[0.475s] -- Up-to-date: /home/lihaoting/ROS2/ws01_plumbing/src/install/cpp03_action/share/cpp03_action/local_setup.bash
[0.475s] -- Up-to-date: /home/lihaoting/ROS2/ws01_plumbing/src/install/cpp03_action/share/cpp03_action/local_setup.sh
[0.479s] -- Up-to-date: /home/lihaoting/ROS2/ws01_plumbing/src/install/cpp03_action/share/cpp03_action/local_setup.zsh
[0.479s] -- Up-to-date: /home/lihaoting/ROS2/ws01_plumbing/src/install/cpp03_action/share/cpp03_action/local_setup.dsv
[0.479s] -- Installing: /home/lihaoting/ROS2/ws01_plumbing/src/install/cpp03_action/share/cpp03_action/package.dsv
[0.479s] -- Up-to-date: /home/lihaoting/ROS2/ws01_plumbing/src/install/cpp03_action/share/ament_index/resource_index/packages/cpp03_action
[0.479s] -- Up-to-date: /home/lihaoting/ROS2/ws01_plumbing/src/install/cpp03_action/share/cpp03_action/cmake/cpp03_actionConfig.cmake
[0.479s] -- Up-to-date: /home/lihaoting/ROS2/ws01_plumbing/src/install/cpp03_action/share/cpp03_action/cmake/cpp03_actionConfig-version.cmake
[0.480s] -- Up-to-date: /home/lihaoting/ROS2/ws01_plumbing/src/install/cpp03_action/share/cpp03_action/package.xml
[0.487s] Invoked command in '/home/lihaoting/ROS2/ws01_plumbing/src/build/cpp03_action' returned '0': CMAKE_PREFIX_PATH=/home/lihaoting/ROS2/ws01_plumbing/src/install/base_interfaces_demo:/home/lihaoting/ROS2/ws01_plumbing/src/install/cpp04_param:/home/lihaoting/ROS2/ws01_plumbing/src/install/cpp03_action:/home/lihaoting/ROS2/ws01_plumbing/src/install/cpp02_service:/home/lihaoting/ROS2/ws01_plumbing/src/install/cpp01_topic:/opt/ros/jazzy/opt/gz_math_vendor:/opt/ros/jazzy/opt/gz_utils_vendor:/opt/ros/jazzy/opt/gz_cmake_vendor:/home/lihaoting/ROS2/ws01_plumbing/src/install/py01_topic:/opt/ros/jazzy DEBUGINFOD_URLS=https://debuginfod.ubuntu.com PYTHONPATH=/home/lihaoting/ROS2/ws01_plumbing/src/install/base_interfaces_demo/lib/python3.12/site-packages:/home/lihaoting/ROS2/ws01_plumbing/src/install/py01_topic/lib/python3.12/site-packages:/opt/ros/jazzy/lib/python3.12/site-packages /usr/bin/cmake --install /home/lihaoting/ROS2/ws01_plumbing/src/build/cpp03_action
