[0.122s] DEBUG:colcon:Command line arguments: ['/usr/bin/colcon', 'build']
[0.123s] DEBUG:colcon:Parsed command line arguments: Namespace(log_base=None, log_level=None, verb_name='build', build_base='build', install_base='install', merge_install=False, symlink_install=False, test_result_base=None, continue_on_error=False, executor='parallel', parallel_workers=2, event_handlers=None, ignore_user_meta=False, metas=['./colcon.meta'], base_paths=['.'], packages_ignore=None, packages_ignore_regex=None, paths=None, packages_up_to=None, packages_up_to_regex=None, packages_above=None, packages_above_and_dependencies=None, packages_above_depth=None, packages_select_by_dep=None, packages_skip_by_dep=None, packages_skip_up_to=None, packages_select_build_failed=False, packages_skip_build_finished=False, packages_select_test_failures=False, packages_skip_test_passed=False, packages_select=None, packages_skip=None, packages_select_regex=None, packages_skip_regex=None, packages_start=None, packages_end=None, allow_overriding=[], cmake_args=None, cmake_target=None, cmake_target_skip_unavailable=False, cmake_clean_cache=False, cmake_clean_first=False, cmake_force_configure=False, ament_cmake_args=None, catkin_cmake_args=None, catkin_skip_building_tests=False, verb_parser=<colcon_defaults.argument_parser.defaults.DefaultArgumentsDecorator object at 0x7ec1f8b75100>, verb_extension=<colcon_core.verb.build.BuildVerb object at 0x7ec1f8b74f50>, main=<bound method BuildVerb.main of <colcon_core.verb.build.BuildVerb object at 0x7ec1f8b74f50>>)
[0.168s] Level 1:colcon.colcon_core.package_discovery:discover_packages(colcon_meta) check parameters
[0.168s] Level 1:colcon.colcon_core.package_discovery:discover_packages(recursive) check parameters
[0.168s] Level 1:colcon.colcon_core.package_discovery:discover_packages(ignore) check parameters
[0.168s] Level 1:colcon.colcon_core.package_discovery:discover_packages(path) check parameters
[0.168s] Level 1:colcon.colcon_core.package_discovery:discover_packages(colcon_meta) discover
[0.168s] Level 1:colcon.colcon_core.package_discovery:discover_packages(recursive) discover
[0.168s] INFO:colcon.colcon_core.package_discovery:Crawling recursively for packages in '/home/lihaoting/ROS2/ws01_plumbing/src'
[0.168s] Level 1:colcon.colcon_core.package_identification:_identify(.) by extensions ['ignore', 'ignore_ament_install']
[0.168s] Level 1:colcon.colcon_core.package_identification:_identify(.) by extension 'ignore'
[0.168s] Level 1:colcon.colcon_core.package_identification:_identify(.) by extension 'ignore_ament_install'
[0.168s] Level 1:colcon.colcon_core.package_identification:_identify(.) by extensions ['colcon_pkg']
[0.169s] Level 1:colcon.colcon_core.package_identification:_identify(.) by extension 'colcon_pkg'
[0.169s] Level 1:colcon.colcon_core.package_identification:_identify(.) by extensions ['colcon_meta']
[0.169s] Level 1:colcon.colcon_core.package_identification:_identify(.) by extension 'colcon_meta'
[0.169s] Level 1:colcon.colcon_core.package_identification:_identify(.) by extensions ['ros']
[0.169s] Level 1:colcon.colcon_core.package_identification:_identify(.) by extension 'ros'
[0.196s] Level 1:colcon.colcon_core.package_identification:_identify(.) by extensions ['cmake', 'python']
[0.196s] Level 1:colcon.colcon_core.package_identification:_identify(.) by extension 'cmake'
[0.196s] Level 1:colcon.colcon_core.package_identification:_identify(.) by extension 'python'
[0.196s] Level 1:colcon.colcon_core.package_identification:_identify(.) by extensions ['python_setup_py']
[0.196s] Level 1:colcon.colcon_core.package_identification:_identify(.) by extension 'python_setup_py'
[0.197s] Level 1:colcon.colcon_core.package_identification:_identify(base_interfaces_demo) by extensions ['ignore', 'ignore_ament_install']
[0.197s] Level 1:colcon.colcon_core.package_identification:_identify(base_interfaces_demo) by extension 'ignore'
[0.197s] Level 1:colcon.colcon_core.package_identification:_identify(base_interfaces_demo) by extension 'ignore_ament_install'
[0.197s] Level 1:colcon.colcon_core.package_identification:_identify(base_interfaces_demo) by extensions ['colcon_pkg']
[0.197s] Level 1:colcon.colcon_core.package_identification:_identify(base_interfaces_demo) by extension 'colcon_pkg'
[0.197s] Level 1:colcon.colcon_core.package_identification:_identify(base_interfaces_demo) by extensions ['colcon_meta']
[0.197s] Level 1:colcon.colcon_core.package_identification:_identify(base_interfaces_demo) by extension 'colcon_meta'
[0.197s] Level 1:colcon.colcon_core.package_identification:_identify(base_interfaces_demo) by extensions ['ros']
[0.197s] Level 1:colcon.colcon_core.package_identification:_identify(base_interfaces_demo) by extension 'ros'
[0.200s] DEBUG:colcon.colcon_core.package_identification:Package 'base_interfaces_demo' with type 'ros.ament_cmake' and name 'base_interfaces_demo'
[0.200s] Level 1:colcon.colcon_core.package_identification:_identify(build) by extensions ['ignore', 'ignore_ament_install']
[0.201s] Level 1:colcon.colcon_core.package_identification:_identify(build) by extension 'ignore'
[0.201s] Level 1:colcon.colcon_core.package_identification:_identify(build) ignored
[0.201s] Level 1:colcon.colcon_core.package_identification:_identify(cpp01_topic) by extensions ['ignore', 'ignore_ament_install']
[0.201s] Level 1:colcon.colcon_core.package_identification:_identify(cpp01_topic) by extension 'ignore'
[0.201s] Level 1:colcon.colcon_core.package_identification:_identify(cpp01_topic) by extension 'ignore_ament_install'
[0.201s] Level 1:colcon.colcon_core.package_identification:_identify(cpp01_topic) by extensions ['colcon_pkg']
[0.201s] Level 1:colcon.colcon_core.package_identification:_identify(cpp01_topic) by extension 'colcon_pkg'
[0.201s] Level 1:colcon.colcon_core.package_identification:_identify(cpp01_topic) by extensions ['colcon_meta']
[0.201s] Level 1:colcon.colcon_core.package_identification:_identify(cpp01_topic) by extension 'colcon_meta'
[0.201s] Level 1:colcon.colcon_core.package_identification:_identify(cpp01_topic) by extensions ['ros']
[0.201s] Level 1:colcon.colcon_core.package_identification:_identify(cpp01_topic) by extension 'ros'
[0.202s] DEBUG:colcon.colcon_core.package_identification:Package 'cpp01_topic' with type 'ros.ament_cmake' and name 'cpp01_topic'
[0.202s] Level 1:colcon.colcon_core.package_identification:_identify(install) by extensions ['ignore', 'ignore_ament_install']
[0.202s] Level 1:colcon.colcon_core.package_identification:_identify(install) by extension 'ignore'
[0.202s] Level 1:colcon.colcon_core.package_identification:_identify(install) ignored
[0.202s] Level 1:colcon.colcon_core.package_identification:_identify(log) by extensions ['ignore', 'ignore_ament_install']
[0.202s] Level 1:colcon.colcon_core.package_identification:_identify(log) by extension 'ignore'
[0.203s] Level 1:colcon.colcon_core.package_identification:_identify(log) ignored
[0.203s] Level 1:colcon.colcon_core.package_identification:_identify(py01_topic) by extensions ['ignore', 'ignore_ament_install']
[0.203s] Level 1:colcon.colcon_core.package_identification:_identify(py01_topic) by extension 'ignore'
[0.203s] Level 1:colcon.colcon_core.package_identification:_identify(py01_topic) by extension 'ignore_ament_install'
[0.203s] Level 1:colcon.colcon_core.package_identification:_identify(py01_topic) by extensions ['colcon_pkg']
[0.203s] Level 1:colcon.colcon_core.package_identification:_identify(py01_topic) by extension 'colcon_pkg'
[0.203s] Level 1:colcon.colcon_core.package_identification:_identify(py01_topic) by extensions ['colcon_meta']
[0.203s] Level 1:colcon.colcon_core.package_identification:_identify(py01_topic) by extension 'colcon_meta'
[0.203s] Level 1:colcon.colcon_core.package_identification:_identify(py01_topic) by extensions ['ros']
[0.203s] Level 1:colcon.colcon_core.package_identification:_identify(py01_topic) by extension 'ros'
[0.204s] DEBUG:colcon.colcon_core.package_identification:Package 'py01_topic' with type 'ros.ament_python' and name 'py01_topic'
[0.204s] Level 1:colcon.colcon_core.package_discovery:discover_packages(recursive) using defaults
[0.204s] Level 1:colcon.colcon_core.package_discovery:discover_packages(ignore) discover
[0.204s] Level 1:colcon.colcon_core.package_discovery:discover_packages(ignore) using defaults
[0.204s] Level 1:colcon.colcon_core.package_discovery:discover_packages(path) discover
[0.204s] Level 1:colcon.colcon_core.package_discovery:discover_packages(path) using defaults
[0.223s] Level 1:colcon.colcon_core.package_discovery:discover_packages(prefix_path) check parameters
[0.224s] Level 1:colcon.colcon_core.package_discovery:discover_packages(prefix_path) discover
[0.225s] WARNING:colcon.colcon_ros.prefix_path.catkin:The path '/home/lihaoting/.local/share/Trash/files/install' in the environment variable CMAKE_PREFIX_PATH doesn't exist
[0.226s] DEBUG:colcon.colcon_installed_package_information.package_discovery:Found 3 installed packages in /home/lihaoting/ROS2/ws01_plumbing/src/install
[0.228s] DEBUG:colcon.colcon_installed_package_information.package_discovery:Found 285 installed packages in /opt/ros/jazzy
[0.228s] Level 1:colcon.colcon_core.package_discovery:discover_packages(prefix_path) using defaults
[0.281s] Level 5:colcon.colcon_core.verb:set package 'base_interfaces_demo' build argument 'cmake_args' from command line to 'None'
[0.281s] Level 5:colcon.colcon_core.verb:set package 'base_interfaces_demo' build argument 'cmake_target' from command line to 'None'
[0.281s] Level 5:colcon.colcon_core.verb:set package 'base_interfaces_demo' build argument 'cmake_target_skip_unavailable' from command line to 'False'
[0.281s] Level 5:colcon.colcon_core.verb:set package 'base_interfaces_demo' build argument 'cmake_clean_cache' from command line to 'False'
[0.281s] Level 5:colcon.colcon_core.verb:set package 'base_interfaces_demo' build argument 'cmake_clean_first' from command line to 'False'
[0.281s] Level 5:colcon.colcon_core.verb:set package 'base_interfaces_demo' build argument 'cmake_force_configure' from command line to 'False'
[0.281s] Level 5:colcon.colcon_core.verb:set package 'base_interfaces_demo' build argument 'ament_cmake_args' from command line to 'None'
[0.281s] Level 5:colcon.colcon_core.verb:set package 'base_interfaces_demo' build argument 'catkin_cmake_args' from command line to 'None'
[0.281s] Level 5:colcon.colcon_core.verb:set package 'base_interfaces_demo' build argument 'catkin_skip_building_tests' from command line to 'False'
[0.281s] DEBUG:colcon.colcon_core.verb:Building package 'base_interfaces_demo' with the following arguments: {'ament_cmake_args': None, 'build_base': '/home/lihaoting/ROS2/ws01_plumbing/src/build/base_interfaces_demo', 'catkin_cmake_args': None, 'catkin_skip_building_tests': False, 'cmake_args': None, 'cmake_clean_cache': False, 'cmake_clean_first': False, 'cmake_force_configure': False, 'cmake_target': None, 'cmake_target_skip_unavailable': False, 'install_base': '/home/lihaoting/ROS2/ws01_plumbing/src/install/base_interfaces_demo', 'merge_install': False, 'path': '/home/lihaoting/ROS2/ws01_plumbing/src/base_interfaces_demo', 'symlink_install': False, 'test_result_base': None}
[0.281s] Level 5:colcon.colcon_core.verb:set package 'cpp01_topic' build argument 'cmake_args' from command line to 'None'
[0.281s] Level 5:colcon.colcon_core.verb:set package 'cpp01_topic' build argument 'cmake_target' from command line to 'None'
[0.281s] Level 5:colcon.colcon_core.verb:set package 'cpp01_topic' build argument 'cmake_target_skip_unavailable' from command line to 'False'
[0.281s] Level 5:colcon.colcon_core.verb:set package 'cpp01_topic' build argument 'cmake_clean_cache' from command line to 'False'
[0.281s] Level 5:colcon.colcon_core.verb:set package 'cpp01_topic' build argument 'cmake_clean_first' from command line to 'False'
[0.282s] Level 5:colcon.colcon_core.verb:set package 'cpp01_topic' build argument 'cmake_force_configure' from command line to 'False'
[0.282s] Level 5:colcon.colcon_core.verb:set package 'cpp01_topic' build argument 'ament_cmake_args' from command line to 'None'
[0.282s] Level 5:colcon.colcon_core.verb:set package 'cpp01_topic' build argument 'catkin_cmake_args' from command line to 'None'
[0.282s] Level 5:colcon.colcon_core.verb:set package 'cpp01_topic' build argument 'catkin_skip_building_tests' from command line to 'False'
[0.282s] DEBUG:colcon.colcon_core.verb:Building package 'cpp01_topic' with the following arguments: {'ament_cmake_args': None, 'build_base': '/home/lihaoting/ROS2/ws01_plumbing/src/build/cpp01_topic', 'catkin_cmake_args': None, 'catkin_skip_building_tests': False, 'cmake_args': None, 'cmake_clean_cache': False, 'cmake_clean_first': False, 'cmake_force_configure': False, 'cmake_target': None, 'cmake_target_skip_unavailable': False, 'install_base': '/home/lihaoting/ROS2/ws01_plumbing/src/install/cpp01_topic', 'merge_install': False, 'path': '/home/lihaoting/ROS2/ws01_plumbing/src/cpp01_topic', 'symlink_install': False, 'test_result_base': None}
[0.282s] Level 5:colcon.colcon_core.verb:set package 'py01_topic' build argument 'cmake_args' from command line to 'None'
[0.282s] Level 5:colcon.colcon_core.verb:set package 'py01_topic' build argument 'cmake_target' from command line to 'None'
[0.282s] Level 5:colcon.colcon_core.verb:set package 'py01_topic' build argument 'cmake_target_skip_unavailable' from command line to 'False'
[0.282s] Level 5:colcon.colcon_core.verb:set package 'py01_topic' build argument 'cmake_clean_cache' from command line to 'False'
[0.282s] Level 5:colcon.colcon_core.verb:set package 'py01_topic' build argument 'cmake_clean_first' from command line to 'False'
[0.282s] Level 5:colcon.colcon_core.verb:set package 'py01_topic' build argument 'cmake_force_configure' from command line to 'False'
[0.282s] Level 5:colcon.colcon_core.verb:set package 'py01_topic' build argument 'ament_cmake_args' from command line to 'None'
[0.282s] Level 5:colcon.colcon_core.verb:set package 'py01_topic' build argument 'catkin_cmake_args' from command line to 'None'
[0.282s] Level 5:colcon.colcon_core.verb:set package 'py01_topic' build argument 'catkin_skip_building_tests' from command line to 'False'
[0.282s] DEBUG:colcon.colcon_core.verb:Building package 'py01_topic' with the following arguments: {'ament_cmake_args': None, 'build_base': '/home/lihaoting/ROS2/ws01_plumbing/src/build/py01_topic', 'catkin_cmake_args': None, 'catkin_skip_building_tests': False, 'cmake_args': None, 'cmake_clean_cache': False, 'cmake_clean_first': False, 'cmake_force_configure': False, 'cmake_target': None, 'cmake_target_skip_unavailable': False, 'install_base': '/home/lihaoting/ROS2/ws01_plumbing/src/install/py01_topic', 'merge_install': False, 'path': '/home/lihaoting/ROS2/ws01_plumbing/src/py01_topic', 'symlink_install': False, 'test_result_base': None}
[0.282s] INFO:colcon.colcon_core.executor:Executing jobs using 'parallel' executor
[0.284s] DEBUG:colcon.colcon_parallel_executor.executor.parallel:run_until_complete
[0.284s] INFO:colcon.colcon_ros.task.ament_cmake.build:Building ROS package in '/home/lihaoting/ROS2/ws01_plumbing/src/base_interfaces_demo' with build type 'ament_cmake'
[0.284s] INFO:colcon.colcon_cmake.task.cmake.build:Building CMake package in '/home/lihaoting/ROS2/ws01_plumbing/src/base_interfaces_demo'
[0.287s] INFO:colcon.colcon_core.plugin_system:Skipping extension 'colcon_core.shell.bat': Not used on non-Windows systems
[0.288s] INFO:colcon.colcon_core.shell:Skip shell extension 'powershell' for command environment: Not usable outside of PowerShell
[0.288s] DEBUG:colcon.colcon_core.shell:Skip shell extension 'dsv' for command environment
[0.300s] DEBUG:colcon.colcon_core.event_handler.log_command:Invoking command in '/home/lihaoting/ROS2/ws01_plumbing/src/build/base_interfaces_demo': CMAKE_PREFIX_PATH=${CMAKE_PREFIX_PATH}:/home/lihaoting/ROS2/ws01_plumbing/src/install/py01_topic:/opt/ros/jazzy DEBUGINFOD_URLS=https://debuginfod.ubuntu.com /usr/bin/cmake --build /home/lihaoting/ROS2/ws01_plumbing/src/build/base_interfaces_demo -- -j2 -l2
[1.766s] DEBUG:colcon.colcon_core.event_handler.log_command:Invoked command in '/home/lihaoting/ROS2/ws01_plumbing/src/build/base_interfaces_demo' returned '0': CMAKE_PREFIX_PATH=${CMAKE_PREFIX_PATH}:/home/lihaoting/ROS2/ws01_plumbing/src/install/py01_topic:/opt/ros/jazzy DEBUGINFOD_URLS=https://debuginfod.ubuntu.com /usr/bin/cmake --build /home/lihaoting/ROS2/ws01_plumbing/src/build/base_interfaces_demo -- -j2 -l2
[1.783s] DEBUG:colcon.colcon_core.event_handler.log_command:Invoking command in '/home/lihaoting/ROS2/ws01_plumbing/src/build/base_interfaces_demo': CMAKE_PREFIX_PATH=${CMAKE_PREFIX_PATH}:/home/lihaoting/ROS2/ws01_plumbing/src/install/py01_topic:/opt/ros/jazzy DEBUGINFOD_URLS=https://debuginfod.ubuntu.com /usr/bin/cmake --install /home/lihaoting/ROS2/ws01_plumbing/src/build/base_interfaces_demo
[1.976s] Level 1:colcon.colcon_core.environment:create_environment_scripts_only(base_interfaces_demo)
[1.996s] DEBUG:colcon.colcon_core.event_handler.log_command:Invoked command in '/home/lihaoting/ROS2/ws01_plumbing/src/build/base_interfaces_demo' returned '0': CMAKE_PREFIX_PATH=${CMAKE_PREFIX_PATH}:/home/lihaoting/ROS2/ws01_plumbing/src/install/py01_topic:/opt/ros/jazzy DEBUGINFOD_URLS=https://debuginfod.ubuntu.com /usr/bin/cmake --install /home/lihaoting/ROS2/ws01_plumbing/src/build/base_interfaces_demo
[1.996s] Level 1:colcon.colcon_core.environment:checking '/home/lihaoting/ROS2/ws01_plumbing/src/install/base_interfaces_demo' for CMake module files
[2.004s] Level 1:colcon.colcon_core.environment:checking '/home/lihaoting/ROS2/ws01_plumbing/src/install/base_interfaces_demo' for CMake config files
[2.005s] Level 1:colcon.colcon_core.shell:create_environment_hook('base_interfaces_demo', 'cmake_prefix_path')
[2.007s] INFO:colcon.colcon_core.shell:Creating environment hook '/home/lihaoting/ROS2/ws01_plumbing/src/install/base_interfaces_demo/share/base_interfaces_demo/hook/cmake_prefix_path.ps1'
[2.010s] INFO:colcon.colcon_core.shell:Creating environment descriptor '/home/lihaoting/ROS2/ws01_plumbing/src/install/base_interfaces_demo/share/base_interfaces_demo/hook/cmake_prefix_path.dsv'
[2.013s] INFO:colcon.colcon_core.shell:Creating environment hook '/home/lihaoting/ROS2/ws01_plumbing/src/install/base_interfaces_demo/share/base_interfaces_demo/hook/cmake_prefix_path.sh'
[2.016s] Level 1:colcon.colcon_core.environment:checking '/home/lihaoting/ROS2/ws01_plumbing/src/install/base_interfaces_demo/lib'
[2.016s] Level 1:colcon.colcon_core.shell:create_environment_hook('base_interfaces_demo', 'ld_library_path_lib')
[2.018s] INFO:colcon.colcon_core.shell:Creating environment hook '/home/lihaoting/ROS2/ws01_plumbing/src/install/base_interfaces_demo/share/base_interfaces_demo/hook/ld_library_path_lib.ps1'
[2.018s] INFO:colcon.colcon_core.shell:Creating environment descriptor '/home/lihaoting/ROS2/ws01_plumbing/src/install/base_interfaces_demo/share/base_interfaces_demo/hook/ld_library_path_lib.dsv'
[2.021s] INFO:colcon.colcon_core.shell:Creating environment hook '/home/lihaoting/ROS2/ws01_plumbing/src/install/base_interfaces_demo/share/base_interfaces_demo/hook/ld_library_path_lib.sh'
[2.022s] Level 1:colcon.colcon_core.environment:checking '/home/lihaoting/ROS2/ws01_plumbing/src/install/base_interfaces_demo/bin'
[2.022s] Level 1:colcon.colcon_core.environment:checking '/home/lihaoting/ROS2/ws01_plumbing/src/install/base_interfaces_demo/lib/pkgconfig/base_interfaces_demo.pc'
[2.022s] Level 1:colcon.colcon_core.environment:checking '/home/lihaoting/ROS2/ws01_plumbing/src/install/base_interfaces_demo/lib/python3.12/site-packages'
[2.022s] Level 1:colcon.colcon_core.shell:create_environment_hook('base_interfaces_demo', 'pythonpath')
[2.022s] INFO:colcon.colcon_core.shell:Creating environment hook '/home/lihaoting/ROS2/ws01_plumbing/src/install/base_interfaces_demo/share/base_interfaces_demo/hook/pythonpath.ps1'
[2.023s] INFO:colcon.colcon_core.shell:Creating environment descriptor '/home/lihaoting/ROS2/ws01_plumbing/src/install/base_interfaces_demo/share/base_interfaces_demo/hook/pythonpath.dsv'
[2.023s] INFO:colcon.colcon_core.shell:Creating environment hook '/home/lihaoting/ROS2/ws01_plumbing/src/install/base_interfaces_demo/share/base_interfaces_demo/hook/pythonpath.sh'
[2.026s] Level 1:colcon.colcon_core.environment:checking '/home/lihaoting/ROS2/ws01_plumbing/src/install/base_interfaces_demo/bin'
[2.026s] INFO:colcon.colcon_core.shell:Creating package script '/home/lihaoting/ROS2/ws01_plumbing/src/install/base_interfaces_demo/share/base_interfaces_demo/package.ps1'
[2.027s] INFO:colcon.colcon_core.shell:Creating package descriptor '/home/lihaoting/ROS2/ws01_plumbing/src/install/base_interfaces_demo/share/base_interfaces_demo/package.dsv'
[2.028s] INFO:colcon.colcon_core.shell:Creating package script '/home/lihaoting/ROS2/ws01_plumbing/src/install/base_interfaces_demo/share/base_interfaces_demo/package.sh'
[2.031s] INFO:colcon.colcon_core.shell:Creating package script '/home/lihaoting/ROS2/ws01_plumbing/src/install/base_interfaces_demo/share/base_interfaces_demo/package.bash'
[2.032s] INFO:colcon.colcon_core.shell:Creating package script '/home/lihaoting/ROS2/ws01_plumbing/src/install/base_interfaces_demo/share/base_interfaces_demo/package.zsh'
[2.035s] Level 1:colcon.colcon_core.environment:create_file_with_runtime_dependencies(/home/lihaoting/ROS2/ws01_plumbing/src/install/base_interfaces_demo/share/colcon-core/packages/base_interfaces_demo)
[2.036s] Level 1:colcon.colcon_core.environment:create_environment_scripts_only(base_interfaces_demo)
[2.036s] Level 1:colcon.colcon_core.environment:checking '/home/lihaoting/ROS2/ws01_plumbing/src/install/base_interfaces_demo' for CMake module files
[2.039s] Level 1:colcon.colcon_core.environment:checking '/home/lihaoting/ROS2/ws01_plumbing/src/install/base_interfaces_demo' for CMake config files
[2.039s] Level 1:colcon.colcon_core.shell:create_environment_hook('base_interfaces_demo', 'cmake_prefix_path')
[2.039s] INFO:colcon.colcon_core.shell:Creating environment hook '/home/lihaoting/ROS2/ws01_plumbing/src/install/base_interfaces_demo/share/base_interfaces_demo/hook/cmake_prefix_path.ps1'
[2.040s] INFO:colcon.colcon_core.shell:Creating environment descriptor '/home/lihaoting/ROS2/ws01_plumbing/src/install/base_interfaces_demo/share/base_interfaces_demo/hook/cmake_prefix_path.dsv'
[2.040s] INFO:colcon.colcon_core.shell:Creating environment hook '/home/lihaoting/ROS2/ws01_plumbing/src/install/base_interfaces_demo/share/base_interfaces_demo/hook/cmake_prefix_path.sh'
[2.041s] Level 1:colcon.colcon_core.environment:checking '/home/lihaoting/ROS2/ws01_plumbing/src/install/base_interfaces_demo/lib'
[2.041s] Level 1:colcon.colcon_core.shell:create_environment_hook('base_interfaces_demo', 'ld_library_path_lib')
[2.041s] INFO:colcon.colcon_core.shell:Creating environment hook '/home/lihaoting/ROS2/ws01_plumbing/src/install/base_interfaces_demo/share/base_interfaces_demo/hook/ld_library_path_lib.ps1'
[2.043s] INFO:colcon.colcon_core.shell:Creating environment descriptor '/home/lihaoting/ROS2/ws01_plumbing/src/install/base_interfaces_demo/share/base_interfaces_demo/hook/ld_library_path_lib.dsv'
[2.044s] INFO:colcon.colcon_core.shell:Creating environment hook '/home/lihaoting/ROS2/ws01_plumbing/src/install/base_interfaces_demo/share/base_interfaces_demo/hook/ld_library_path_lib.sh'
[2.044s] Level 1:colcon.colcon_core.environment:checking '/home/lihaoting/ROS2/ws01_plumbing/src/install/base_interfaces_demo/bin'
[2.044s] Level 1:colcon.colcon_core.environment:checking '/home/lihaoting/ROS2/ws01_plumbing/src/install/base_interfaces_demo/lib/pkgconfig/base_interfaces_demo.pc'
[2.044s] Level 1:colcon.colcon_core.environment:checking '/home/lihaoting/ROS2/ws01_plumbing/src/install/base_interfaces_demo/lib/python3.12/site-packages'
[2.045s] Level 1:colcon.colcon_core.shell:create_environment_hook('base_interfaces_demo', 'pythonpath')
[2.045s] INFO:colcon.colcon_core.shell:Creating environment hook '/home/lihaoting/ROS2/ws01_plumbing/src/install/base_interfaces_demo/share/base_interfaces_demo/hook/pythonpath.ps1'
[2.046s] INFO:colcon.colcon_core.shell:Creating environment descriptor '/home/lihaoting/ROS2/ws01_plumbing/src/install/base_interfaces_demo/share/base_interfaces_demo/hook/pythonpath.dsv'
[2.047s] INFO:colcon.colcon_core.shell:Creating environment hook '/home/lihaoting/ROS2/ws01_plumbing/src/install/base_interfaces_demo/share/base_interfaces_demo/hook/pythonpath.sh'
[2.047s] Level 1:colcon.colcon_core.environment:checking '/home/lihaoting/ROS2/ws01_plumbing/src/install/base_interfaces_demo/bin'
[2.048s] INFO:colcon.colcon_core.shell:Creating package script '/home/lihaoting/ROS2/ws01_plumbing/src/install/base_interfaces_demo/share/base_interfaces_demo/package.ps1'
[2.049s] INFO:colcon.colcon_core.shell:Creating package descriptor '/home/lihaoting/ROS2/ws01_plumbing/src/install/base_interfaces_demo/share/base_interfaces_demo/package.dsv'
[2.049s] INFO:colcon.colcon_core.shell:Creating package script '/home/lihaoting/ROS2/ws01_plumbing/src/install/base_interfaces_demo/share/base_interfaces_demo/package.sh'
[2.050s] INFO:colcon.colcon_core.shell:Creating package script '/home/lihaoting/ROS2/ws01_plumbing/src/install/base_interfaces_demo/share/base_interfaces_demo/package.bash'
[2.051s] INFO:colcon.colcon_core.shell:Creating package script '/home/lihaoting/ROS2/ws01_plumbing/src/install/base_interfaces_demo/share/base_interfaces_demo/package.zsh'
[2.052s] Level 1:colcon.colcon_core.environment:create_file_with_runtime_dependencies(/home/lihaoting/ROS2/ws01_plumbing/src/install/base_interfaces_demo/share/colcon-core/packages/base_interfaces_demo)
[2.054s] INFO:colcon.colcon_ros.task.ament_cmake.build:Building ROS package in '/home/lihaoting/ROS2/ws01_plumbing/src/cpp01_topic' with build type 'ament_cmake'
[2.055s] INFO:colcon.colcon_cmake.task.cmake.build:Building CMake package in '/home/lihaoting/ROS2/ws01_plumbing/src/cpp01_topic'
[2.055s] INFO:colcon.colcon_core.shell:Skip shell extension 'powershell' for command environment: Not usable outside of PowerShell
[2.055s] DEBUG:colcon.colcon_core.shell:Skip shell extension 'dsv' for command environment
[2.061s] INFO:colcon.colcon_ros.task.ament_python.build:Building ROS package in '/home/lihaoting/ROS2/ws01_plumbing/src/py01_topic' with build type 'ament_python'
[2.061s] Level 1:colcon.colcon_core.shell:create_environment_hook('py01_topic', 'ament_prefix_path')
[2.061s] INFO:colcon.colcon_core.shell:Creating environment hook '/home/lihaoting/ROS2/ws01_plumbing/src/install/py01_topic/share/py01_topic/hook/ament_prefix_path.ps1'
[2.062s] INFO:colcon.colcon_core.shell:Creating environment descriptor '/home/lihaoting/ROS2/ws01_plumbing/src/install/py01_topic/share/py01_topic/hook/ament_prefix_path.dsv'
[2.064s] INFO:colcon.colcon_core.shell:Creating environment hook '/home/lihaoting/ROS2/ws01_plumbing/src/install/py01_topic/share/py01_topic/hook/ament_prefix_path.sh'
[2.066s] INFO:colcon.colcon_core.shell:Skip shell extension 'powershell' for command environment: Not usable outside of PowerShell
[2.066s] DEBUG:colcon.colcon_core.shell:Skip shell extension 'dsv' for command environment
[2.080s] DEBUG:colcon.colcon_core.event_handler.log_command:Invoking command in '/home/lihaoting/ROS2/ws01_plumbing/src/build/cpp01_topic': CMAKE_PREFIX_PATH=/home/lihaoting/ROS2/ws01_plumbing/src/install/base_interfaces_demo:/home/lihaoting/ROS2/ws01_plumbing/src/install/cpp01_topic:/home/lihaoting/.local/share/Trash/files/install:/opt/ros/jazzy/opt/gz_math_vendor:/opt/ros/jazzy/opt/gz_utils_vendor:/opt/ros/jazzy/opt/gz_cmake_vendor:/home/lihaoting/ROS2/ws01_plumbing/src/install/py01_topic:/opt/ros/jazzy DEBUGINFOD_URLS=https://debuginfod.ubuntu.com PYTHONPATH=/home/lihaoting/ROS2/ws01_plumbing/src/install/base_interfaces_demo/lib/python3.12/site-packages:/home/lihaoting/ROS2/ws01_plumbing/src/install/py01_topic/lib/python3.12/site-packages:/opt/ros/jazzy/lib/python3.12/site-packages /usr/bin/cmake --build /home/lihaoting/ROS2/ws01_plumbing/src/build/cpp01_topic -- -j2 -l2
[2.922s] INFO:colcon.colcon_core.task.python.build:Building Python package in '/home/lihaoting/ROS2/ws01_plumbing/src/py01_topic'
[2.923s] INFO:colcon.colcon_core.shell:Skip shell extension 'powershell' for command environment: Not usable outside of PowerShell
[2.923s] DEBUG:colcon.colcon_core.shell:Skip shell extension 'dsv' for command environment
[3.557s] Level 1:colcon.colcon_core.environment:create_environment_scripts_only(cpp01_topic)
[3.558s] Level 1:colcon.colcon_core.environment:checking '/home/lihaoting/ROS2/ws01_plumbing/src/install/cpp01_topic' for CMake module files
[3.560s] DEBUG:colcon.colcon_core.event_handler.log_command:Invoked command in '/home/lihaoting/ROS2/ws01_plumbing/src/build/cpp01_topic' returned '2': CMAKE_PREFIX_PATH=/home/lihaoting/ROS2/ws01_plumbing/src/install/base_interfaces_demo:/home/lihaoting/ROS2/ws01_plumbing/src/install/cpp01_topic:/home/lihaoting/.local/share/Trash/files/install:/opt/ros/jazzy/opt/gz_math_vendor:/opt/ros/jazzy/opt/gz_utils_vendor:/opt/ros/jazzy/opt/gz_cmake_vendor:/home/lihaoting/ROS2/ws01_plumbing/src/install/py01_topic:/opt/ros/jazzy DEBUGINFOD_URLS=https://debuginfod.ubuntu.com PYTHONPATH=/home/lihaoting/ROS2/ws01_plumbing/src/install/base_interfaces_demo/lib/python3.12/site-packages:/home/lihaoting/ROS2/ws01_plumbing/src/install/py01_topic/lib/python3.12/site-packages:/opt/ros/jazzy/lib/python3.12/site-packages /usr/bin/cmake --build /home/lihaoting/ROS2/ws01_plumbing/src/build/cpp01_topic -- -j2 -l2
[3.562s] Level 1:colcon.colcon_core.environment:checking '/home/lihaoting/ROS2/ws01_plumbing/src/install/cpp01_topic' for CMake config files
[3.562s] Level 1:colcon.colcon_core.shell:create_environment_hook('cpp01_topic', 'cmake_prefix_path')
[3.562s] INFO:colcon.colcon_core.shell:Creating environment hook '/home/lihaoting/ROS2/ws01_plumbing/src/install/cpp01_topic/share/cpp01_topic/hook/cmake_prefix_path.ps1'
[3.566s] INFO:colcon.colcon_core.shell:Creating environment descriptor '/home/lihaoting/ROS2/ws01_plumbing/src/install/cpp01_topic/share/cpp01_topic/hook/cmake_prefix_path.dsv'
[3.567s] INFO:colcon.colcon_core.shell:Creating environment hook '/home/lihaoting/ROS2/ws01_plumbing/src/install/cpp01_topic/share/cpp01_topic/hook/cmake_prefix_path.sh'
[3.570s] Level 1:colcon.colcon_core.environment:checking '/home/lihaoting/ROS2/ws01_plumbing/src/install/cpp01_topic/lib'
[3.570s] Level 1:colcon.colcon_core.environment:checking '/home/lihaoting/ROS2/ws01_plumbing/src/install/cpp01_topic/bin'
[3.570s] Level 1:colcon.colcon_core.environment:checking '/home/lihaoting/ROS2/ws01_plumbing/src/install/cpp01_topic/lib/pkgconfig/cpp01_topic.pc'
[3.571s] Level 1:colcon.colcon_core.environment:checking '/home/lihaoting/ROS2/ws01_plumbing/src/install/cpp01_topic/lib/python3.12/site-packages'
[3.571s] Level 1:colcon.colcon_core.environment:checking '/home/lihaoting/ROS2/ws01_plumbing/src/install/cpp01_topic/bin'
[3.571s] INFO:colcon.colcon_core.shell:Creating package script '/home/lihaoting/ROS2/ws01_plumbing/src/install/cpp01_topic/share/cpp01_topic/package.ps1'
[3.575s] INFO:colcon.colcon_core.shell:Creating package descriptor '/home/lihaoting/ROS2/ws01_plumbing/src/install/cpp01_topic/share/cpp01_topic/package.dsv'
[3.576s] INFO:colcon.colcon_core.shell:Creating package script '/home/lihaoting/ROS2/ws01_plumbing/src/install/cpp01_topic/share/cpp01_topic/package.sh'
[3.578s] INFO:colcon.colcon_core.shell:Creating package script '/home/lihaoting/ROS2/ws01_plumbing/src/install/cpp01_topic/share/cpp01_topic/package.bash'
[3.579s] INFO:colcon.colcon_core.shell:Creating package script '/home/lihaoting/ROS2/ws01_plumbing/src/install/cpp01_topic/share/cpp01_topic/package.zsh'
[3.580s] Level 1:colcon.colcon_core.environment:create_file_with_runtime_dependencies(/home/lihaoting/ROS2/ws01_plumbing/src/install/cpp01_topic/share/colcon-core/packages/cpp01_topic)
[9.179s] DEBUG:colcon.colcon_parallel_executor.executor.parallel:closing loop
[9.180s] DEBUG:colcon.colcon_parallel_executor.executor.parallel:loop closed
[9.180s] DEBUG:colcon.colcon_parallel_executor.executor.parallel:run_until_complete finished with '2'
[9.180s] DEBUG:colcon.colcon_core.event_reactor:joining thread
[9.189s] INFO:colcon.colcon_core.plugin_system:Skipping extension 'colcon_notification.desktop_notification.terminal_notifier': Not used on non-Darwin systems
[9.189s] INFO:colcon.colcon_core.plugin_system:Skipping extension 'colcon_notification.desktop_notification.win32': Not used on non-Windows systems
[9.189s] INFO:colcon.colcon_notification.desktop_notification:Sending desktop notification using 'notify2'
[9.211s] DEBUG:colcon.colcon_core.event_reactor:joined thread
[9.212s] INFO:colcon.colcon_core.shell:Creating prefix script '/home/lihaoting/ROS2/ws01_plumbing/src/install/local_setup.ps1'
[9.214s] INFO:colcon.colcon_core.shell:Creating prefix util module '/home/lihaoting/ROS2/ws01_plumbing/src/install/_local_setup_util_ps1.py'
[9.216s] INFO:colcon.colcon_core.shell:Creating prefix chain script '/home/lihaoting/ROS2/ws01_plumbing/src/install/setup.ps1'
[9.217s] INFO:colcon.colcon_core.shell:Creating prefix script '/home/lihaoting/ROS2/ws01_plumbing/src/install/local_setup.sh'
[9.218s] INFO:colcon.colcon_core.shell:Creating prefix util module '/home/lihaoting/ROS2/ws01_plumbing/src/install/_local_setup_util_sh.py'
[9.219s] INFO:colcon.colcon_core.shell:Creating prefix chain script '/home/lihaoting/ROS2/ws01_plumbing/src/install/setup.sh'
[9.223s] INFO:colcon.colcon_core.shell:Creating prefix script '/home/lihaoting/ROS2/ws01_plumbing/src/install/local_setup.bash'
[9.223s] INFO:colcon.colcon_core.shell:Creating prefix chain script '/home/lihaoting/ROS2/ws01_plumbing/src/install/setup.bash'
[9.230s] INFO:colcon.colcon_core.shell:Creating prefix script '/home/lihaoting/ROS2/ws01_plumbing/src/install/local_setup.zsh'
[9.233s] INFO:colcon.colcon_core.shell:Creating prefix chain script '/home/lihaoting/ROS2/ws01_plumbing/src/install/setup.zsh'
