[0.015s] Invoking command in '/home/lihaoting/ROS2/ws01_plumbing/src/build/base_interfaces_demo': CMAKE_PREFIX_PATH=${CMAKE_PREFIX_PATH}:/opt/ros/jazzy DEBUGINFOD_URLS=https://debuginfod.ubuntu.com /usr/bin/cmake --build /home/lihaoting/ROS2/ws01_plumbing/src/build/base_interfaces_demo -- -j2 -l2
[0.235s] [  1%] Built target base_interfaces_demo__rosidl_generator_type_description
[0.250s] [  1%] Built target ament_cmake_python_copy_base_interfaces_demo
[0.347s] [  3%] Built target base_interfaces_demo__cpp
[0.356s] [ 24%] Built target base_interfaces_demo__rosidl_generator_c
[0.442s] [ 33%] Built target base_interfaces_demo__rosidl_typesupport_introspection_c
[0.558s] [ 42%] Built target base_interfaces_demo__rosidl_typesupport_c
[0.720s] [ 51%] Built target base_interfaces_demo__rosidl_typesupport_fastrtps_cpp
[0.869s] [ 61%] Built target base_interfaces_demo__rosidl_typesupport_introspection_cpp
[1.022s] [ 70%] Built target base_interfaces_demo__rosidl_typesupport_cpp
[1.179s] [ 79%] Built target base_interfaces_demo__rosidl_typesupport_fastrtps_c
[1.250s] [ 79%] Built target base_interfaces_demo
[1.307s] [ 81%] Built target base_interfaces_demo__py
[1.385s] [ 88%] Built target base_interfaces_demo__rosidl_generator_py
[1.522s] [ 92%] Built target base_interfaces_demo_s__rosidl_typesupport_fastrtps_c
[1.655s] [ 96%] Built target base_interfaces_demo_s__rosidl_typesupport_introspection_c
[1.803s] running egg_info
[1.823s] [100%] Built target base_interfaces_demo_s__rosidl_typesupport_c
[1.879s] writing base_interfaces_demo.egg-info/PKG-INFO
[1.880s] writing dependency_links to base_interfaces_demo.egg-info/dependency_links.txt
[1.881s] writing top-level names to base_interfaces_demo.egg-info/top_level.txt
[2.182s] reading manifest file 'base_interfaces_demo.egg-info/SOURCES.txt'
[2.183s] writing manifest file 'base_interfaces_demo.egg-info/SOURCES.txt'
[2.348s] [100%] Built target ament_cmake_python_build_base_interfaces_demo_egg
[2.467s] Invoked command in '/home/lihaoting/ROS2/ws01_plumbing/src/build/base_interfaces_demo' returned '0': CMAKE_PREFIX_PATH=${CMAKE_PREFIX_PATH}:/opt/ros/jazzy DEBUGINFOD_URLS=https://debuginfod.ubuntu.com /usr/bin/cmake --build /home/lihaoting/ROS2/ws01_plumbing/src/build/base_interfaces_demo -- -j2 -l2
[2.505s] Invoking command in '/home/lihaoting/ROS2/ws01_plumbing/src/build/base_interfaces_demo': CMAKE_PREFIX_PATH=${CMAKE_PREFIX_PATH}:/opt/ros/jazzy DEBUGINFOD_URLS=https://debuginfod.ubuntu.com /usr/bin/cmake --install /home/lihaoting/ROS2/ws01_plumbing/src/build/base_interfaces_demo
[2.571s] -- Install configuration: ""
[2.575s] -- Up-to-date: /home/lihaoting/ROS2/ws01_plumbing/src/install/base_interfaces_demo/share/ament_index/resource_index/rosidl_interfaces/base_interfaces_demo
[2.576s] -- Up-to-date: /home/lihaoting/ROS2/ws01_plumbing/src/install/base_interfaces_demo/share/base_interfaces_demo/msg/Student.json
[2.578s] -- Up-to-date: /home/lihaoting/ROS2/ws01_plumbing/src/install/base_interfaces_demo/share/base_interfaces_demo/srv/AddInts.json
[2.579s] -- Up-to-date: /home/lihaoting/ROS2/ws01_plumbing/src/install/base_interfaces_demo/share/base_interfaces_demo/action/Progress.json
[2.579s] -- Up-to-date: /home/lihaoting/ROS2/ws01_plumbing/src/install/base_interfaces_demo/include/base_interfaces_demo/base_interfaces_demo
[2.579s] -- Up-to-date: /home/lihaoting/ROS2/ws01_plumbing/src/install/base_interfaces_demo/include/base_interfaces_demo/base_interfaces_demo/srv
[2.579s] -- Up-to-date: /home/lihaoting/ROS2/ws01_plumbing/src/install/base_interfaces_demo/include/base_interfaces_demo/base_interfaces_demo/srv/add_ints.h
[2.580s] -- Up-to-date: /home/lihaoting/ROS2/ws01_plumbing/src/install/base_interfaces_demo/include/base_interfaces_demo/base_interfaces_demo/srv/detail
[2.580s] -- Up-to-date: /home/lihaoting/ROS2/ws01_plumbing/src/install/base_interfaces_demo/include/base_interfaces_demo/base_interfaces_demo/srv/detail/add_ints__functions.c
[2.583s] -- Up-to-date: /home/lihaoting/ROS2/ws01_plumbing/src/install/base_interfaces_demo/include/base_interfaces_demo/base_interfaces_demo/srv/detail/add_ints__description.c
[2.584s] -- Installing: /home/lihaoting/ROS2/ws01_plumbing/src/install/base_interfaces_demo/include/base_interfaces_demo/base_interfaces_demo/srv/detail/add_ints__type_support.c
[2.585s] -- Up-to-date: /home/lihaoting/ROS2/ws01_plumbing/src/install/base_interfaces_demo/include/base_interfaces_demo/base_interfaces_demo/srv/detail/add_ints__functions.h
[2.585s] -- Up-to-date: /home/lihaoting/ROS2/ws01_plumbing/src/install/base_interfaces_demo/include/base_interfaces_demo/base_interfaces_demo/srv/detail/add_ints__type_support.h
[2.585s] -- Up-to-date: /home/lihaoting/ROS2/ws01_plumbing/src/install/base_interfaces_demo/include/base_interfaces_demo/base_interfaces_demo/srv/detail/add_ints__struct.h
[2.585s] -- Up-to-date: /home/lihaoting/ROS2/ws01_plumbing/src/install/base_interfaces_demo/include/base_interfaces_demo/base_interfaces_demo/action
[2.585s] -- Up-to-date: /home/lihaoting/ROS2/ws01_plumbing/src/install/base_interfaces_demo/include/base_interfaces_demo/base_interfaces_demo/action/progress.h
[2.585s] -- Up-to-date: /home/lihaoting/ROS2/ws01_plumbing/src/install/base_interfaces_demo/include/base_interfaces_demo/base_interfaces_demo/action/detail
[2.585s] -- Up-to-date: /home/lihaoting/ROS2/ws01_plumbing/src/install/base_interfaces_demo/include/base_interfaces_demo/base_interfaces_demo/action/detail/progress__functions.h
[2.586s] -- Up-to-date: /home/lihaoting/ROS2/ws01_plumbing/src/install/base_interfaces_demo/include/base_interfaces_demo/base_interfaces_demo/action/detail/progress__functions.c
[2.586s] -- Up-to-date: /home/lihaoting/ROS2/ws01_plumbing/src/install/base_interfaces_demo/include/base_interfaces_demo/base_interfaces_demo/action/detail/progress__struct.h
[2.586s] -- Installing: /home/lihaoting/ROS2/ws01_plumbing/src/install/base_interfaces_demo/include/base_interfaces_demo/base_interfaces_demo/action/detail/progress__type_support.c
[2.586s] -- Up-to-date: /home/lihaoting/ROS2/ws01_plumbing/src/install/base_interfaces_demo/include/base_interfaces_demo/base_interfaces_demo/action/detail/progress__description.c
[2.586s] -- Up-to-date: /home/lihaoting/ROS2/ws01_plumbing/src/install/base_interfaces_demo/include/base_interfaces_demo/base_interfaces_demo/action/detail/progress__type_support.h
[2.586s] -- Up-to-date: /home/lihaoting/ROS2/ws01_plumbing/src/install/base_interfaces_demo/include/base_interfaces_demo/base_interfaces_demo/msg
[2.596s] -- Up-to-date: /home/lihaoting/ROS2/ws01_plumbing/src/install/base_interfaces_demo/include/base_interfaces_demo/base_interfaces_demo/msg/rosidl_generator_c__visibility_control.h
[2.598s] -- Up-to-date: /home/lihaoting/ROS2/ws01_plumbing/src/install/base_interfaces_demo/include/base_interfaces_demo/base_interfaces_demo/msg/detail
[2.598s] -- Up-to-date: /home/lihaoting/ROS2/ws01_plumbing/src/install/base_interfaces_demo/include/base_interfaces_demo/base_interfaces_demo/msg/detail/student__description.c
[2.603s] -- Up-to-date: /home/lihaoting/ROS2/ws01_plumbing/src/install/base_interfaces_demo/include/base_interfaces_demo/base_interfaces_demo/msg/detail/student__struct.h
[2.609s] -- Up-to-date: /home/lihaoting/ROS2/ws01_plumbing/src/install/base_interfaces_demo/include/base_interfaces_demo/base_interfaces_demo/msg/detail/student__type_support.h
[2.609s] -- Up-to-date: /home/lihaoting/ROS2/ws01_plumbing/src/install/base_interfaces_demo/include/base_interfaces_demo/base_interfaces_demo/msg/detail/student__functions.h
[2.609s] -- Up-to-date: /home/lihaoting/ROS2/ws01_plumbing/src/install/base_interfaces_demo/include/base_interfaces_demo/base_interfaces_demo/msg/detail/student__functions.c
[2.609s] -- Installing: /home/lihaoting/ROS2/ws01_plumbing/src/install/base_interfaces_demo/include/base_interfaces_demo/base_interfaces_demo/msg/detail/student__type_support.c
[2.610s] -- Up-to-date: /home/lihaoting/ROS2/ws01_plumbing/src/install/base_interfaces_demo/include/base_interfaces_demo/base_interfaces_demo/msg/student.h
[2.610s] -- Up-to-date: /home/lihaoting/ROS2/ws01_plumbing/src/install/base_interfaces_demo/share/base_interfaces_demo/environment/library_path.sh
[2.610s] -- Up-to-date: /home/lihaoting/ROS2/ws01_plumbing/src/install/base_interfaces_demo/share/base_interfaces_demo/environment/library_path.dsv
[2.610s] -- Up-to-date: /home/lihaoting/ROS2/ws01_plumbing/src/install/base_interfaces_demo/lib/libbase_interfaces_demo__rosidl_generator_c.so
[2.615s] -- Up-to-date: /home/lihaoting/ROS2/ws01_plumbing/src/install/base_interfaces_demo/include/base_interfaces_demo/base_interfaces_demo
[2.616s] -- Up-to-date: /home/lihaoting/ROS2/ws01_plumbing/src/install/base_interfaces_demo/include/base_interfaces_demo/base_interfaces_demo/srv
[2.617s] -- Up-to-date: /home/lihaoting/ROS2/ws01_plumbing/src/install/base_interfaces_demo/include/base_interfaces_demo/base_interfaces_demo/srv/detail
[2.617s] -- Up-to-date: /home/lihaoting/ROS2/ws01_plumbing/src/install/base_interfaces_demo/include/base_interfaces_demo/base_interfaces_demo/srv/detail/add_ints__rosidl_typesupport_fastrtps_c.h
[2.617s] -- Up-to-date: /home/lihaoting/ROS2/ws01_plumbing/src/install/base_interfaces_demo/include/base_interfaces_demo/base_interfaces_demo/action
[2.620s] -- Up-to-date: /home/lihaoting/ROS2/ws01_plumbing/src/install/base_interfaces_demo/include/base_interfaces_demo/base_interfaces_demo/action/detail
[2.620s] -- Up-to-date: /home/lihaoting/ROS2/ws01_plumbing/src/install/base_interfaces_demo/include/base_interfaces_demo/base_interfaces_demo/action/detail/progress__rosidl_typesupport_fastrtps_c.h
[2.620s] -- Up-to-date: /home/lihaoting/ROS2/ws01_plumbing/src/install/base_interfaces_demo/include/base_interfaces_demo/base_interfaces_demo/msg
[2.620s] -- Up-to-date: /home/lihaoting/ROS2/ws01_plumbing/src/install/base_interfaces_demo/include/base_interfaces_demo/base_interfaces_demo/msg/detail
[2.620s] -- Up-to-date: /home/lihaoting/ROS2/ws01_plumbing/src/install/base_interfaces_demo/include/base_interfaces_demo/base_interfaces_demo/msg/detail/student__rosidl_typesupport_fastrtps_c.h
[2.620s] -- Up-to-date: /home/lihaoting/ROS2/ws01_plumbing/src/install/base_interfaces_demo/include/base_interfaces_demo/base_interfaces_demo/msg/rosidl_typesupport_fastrtps_c__visibility_control.h
[2.620s] -- Up-to-date: /home/lihaoting/ROS2/ws01_plumbing/src/install/base_interfaces_demo/lib/libbase_interfaces_demo__rosidl_typesupport_fastrtps_c.so
[2.628s] -- Up-to-date: /home/lihaoting/ROS2/ws01_plumbing/src/install/base_interfaces_demo/include/base_interfaces_demo/base_interfaces_demo
[2.629s] -- Up-to-date: /home/lihaoting/ROS2/ws01_plumbing/src/install/base_interfaces_demo/include/base_interfaces_demo/base_interfaces_demo/srv
[2.629s] -- Up-to-date: /home/lihaoting/ROS2/ws01_plumbing/src/install/base_interfaces_demo/include/base_interfaces_demo/base_interfaces_demo/srv/detail
[2.629s] -- Installing: /home/lihaoting/ROS2/ws01_plumbing/src/install/base_interfaces_demo/include/base_interfaces_demo/base_interfaces_demo/srv/detail/add_ints__type_support.c
[2.638s] -- Up-to-date: /home/lihaoting/ROS2/ws01_plumbing/src/install/base_interfaces_demo/include/base_interfaces_demo/base_interfaces_demo/srv/detail/add_ints__rosidl_typesupport_introspection_c.h
[2.638s] -- Up-to-date: /home/lihaoting/ROS2/ws01_plumbing/src/install/base_interfaces_demo/include/base_interfaces_demo/base_interfaces_demo/action
[2.639s] -- Up-to-date: /home/lihaoting/ROS2/ws01_plumbing/src/install/base_interfaces_demo/include/base_interfaces_demo/base_interfaces_demo/action/detail
[2.639s] -- Up-to-date: /home/lihaoting/ROS2/ws01_plumbing/src/install/base_interfaces_demo/include/base_interfaces_demo/base_interfaces_demo/action/detail/progress__rosidl_typesupport_introspection_c.h
[2.643s] -- Installing: /home/lihaoting/ROS2/ws01_plumbing/src/install/base_interfaces_demo/include/base_interfaces_demo/base_interfaces_demo/action/detail/progress__type_support.c
[2.647s] -- Up-to-date: /home/lihaoting/ROS2/ws01_plumbing/src/install/base_interfaces_demo/include/base_interfaces_demo/base_interfaces_demo/msg
[2.647s] -- Up-to-date: /home/lihaoting/ROS2/ws01_plumbing/src/install/base_interfaces_demo/include/base_interfaces_demo/base_interfaces_demo/msg/rosidl_typesupport_introspection_c__visibility_control.h
[2.647s] -- Up-to-date: /home/lihaoting/ROS2/ws01_plumbing/src/install/base_interfaces_demo/include/base_interfaces_demo/base_interfaces_demo/msg/detail
[2.647s] -- Up-to-date: /home/lihaoting/ROS2/ws01_plumbing/src/install/base_interfaces_demo/include/base_interfaces_demo/base_interfaces_demo/msg/detail/student__rosidl_typesupport_introspection_c.h
[2.649s] -- Installing: /home/lihaoting/ROS2/ws01_plumbing/src/install/base_interfaces_demo/include/base_interfaces_demo/base_interfaces_demo/msg/detail/student__type_support.c
[2.649s] -- Up-to-date: /home/lihaoting/ROS2/ws01_plumbing/src/install/base_interfaces_demo/lib/libbase_interfaces_demo__rosidl_typesupport_introspection_c.so
[2.650s] -- Up-to-date: /home/lihaoting/ROS2/ws01_plumbing/src/install/base_interfaces_demo/lib/libbase_interfaces_demo__rosidl_typesupport_c.so
[2.651s] -- Up-to-date: /home/lihaoting/ROS2/ws01_plumbing/src/install/base_interfaces_demo/include/base_interfaces_demo/base_interfaces_demo
[2.657s] -- Up-to-date: /home/lihaoting/ROS2/ws01_plumbing/src/install/base_interfaces_demo/include/base_interfaces_demo/base_interfaces_demo/srv
[2.657s] -- Up-to-date: /home/lihaoting/ROS2/ws01_plumbing/src/install/base_interfaces_demo/include/base_interfaces_demo/base_interfaces_demo/srv/add_ints.hpp
[2.658s] -- Up-to-date: /home/lihaoting/ROS2/ws01_plumbing/src/install/base_interfaces_demo/include/base_interfaces_demo/base_interfaces_demo/srv/detail
[2.658s] -- Up-to-date: /home/lihaoting/ROS2/ws01_plumbing/src/install/base_interfaces_demo/include/base_interfaces_demo/base_interfaces_demo/srv/detail/add_ints__type_support.hpp
[2.659s] -- Up-to-date: /home/lihaoting/ROS2/ws01_plumbing/src/install/base_interfaces_demo/include/base_interfaces_demo/base_interfaces_demo/srv/detail/add_ints__struct.hpp
[2.659s] -- Up-to-date: /home/lihaoting/ROS2/ws01_plumbing/src/install/base_interfaces_demo/include/base_interfaces_demo/base_interfaces_demo/srv/detail/add_ints__traits.hpp
[2.660s] -- Up-to-date: /home/lihaoting/ROS2/ws01_plumbing/src/install/base_interfaces_demo/include/base_interfaces_demo/base_interfaces_demo/srv/detail/add_ints__builder.hpp
[2.662s] -- Up-to-date: /home/lihaoting/ROS2/ws01_plumbing/src/install/base_interfaces_demo/include/base_interfaces_demo/base_interfaces_demo/action
[2.663s] -- Up-to-date: /home/lihaoting/ROS2/ws01_plumbing/src/install/base_interfaces_demo/include/base_interfaces_demo/base_interfaces_demo/action/progress.hpp
[2.663s] -- Up-to-date: /home/lihaoting/ROS2/ws01_plumbing/src/install/base_interfaces_demo/include/base_interfaces_demo/base_interfaces_demo/action/detail
[2.664s] -- Up-to-date: /home/lihaoting/ROS2/ws01_plumbing/src/install/base_interfaces_demo/include/base_interfaces_demo/base_interfaces_demo/action/detail/progress__builder.hpp
[2.667s] -- Up-to-date: /home/lihaoting/ROS2/ws01_plumbing/src/install/base_interfaces_demo/include/base_interfaces_demo/base_interfaces_demo/action/detail/progress__type_support.hpp
[2.667s] -- Up-to-date: /home/lihaoting/ROS2/ws01_plumbing/src/install/base_interfaces_demo/include/base_interfaces_demo/base_interfaces_demo/action/detail/progress__traits.hpp
[2.670s] -- Up-to-date: /home/lihaoting/ROS2/ws01_plumbing/src/install/base_interfaces_demo/include/base_interfaces_demo/base_interfaces_demo/action/detail/progress__struct.hpp
[2.670s] -- Up-to-date: /home/lihaoting/ROS2/ws01_plumbing/src/install/base_interfaces_demo/include/base_interfaces_demo/base_interfaces_demo/msg
[2.670s] -- Up-to-date: /home/lihaoting/ROS2/ws01_plumbing/src/install/base_interfaces_demo/include/base_interfaces_demo/base_interfaces_demo/msg/student.hpp
[2.670s] -- Up-to-date: /home/lihaoting/ROS2/ws01_plumbing/src/install/base_interfaces_demo/include/base_interfaces_demo/base_interfaces_demo/msg/rosidl_generator_cpp__visibility_control.hpp
[2.671s] -- Up-to-date: /home/lihaoting/ROS2/ws01_plumbing/src/install/base_interfaces_demo/include/base_interfaces_demo/base_interfaces_demo/msg/detail
[2.671s] -- Up-to-date: /home/lihaoting/ROS2/ws01_plumbing/src/install/base_interfaces_demo/include/base_interfaces_demo/base_interfaces_demo/msg/detail/student__builder.hpp
[2.671s] -- Up-to-date: /home/lihaoting/ROS2/ws01_plumbing/src/install/base_interfaces_demo/include/base_interfaces_demo/base_interfaces_demo/msg/detail/student__traits.hpp
[2.671s] -- Up-to-date: /home/lihaoting/ROS2/ws01_plumbing/src/install/base_interfaces_demo/include/base_interfaces_demo/base_interfaces_demo/msg/detail/student__struct.hpp
[2.671s] -- Up-to-date: /home/lihaoting/ROS2/ws01_plumbing/src/install/base_interfaces_demo/include/base_interfaces_demo/base_interfaces_demo/msg/detail/student__type_support.hpp
[2.683s] -- Up-to-date: /home/lihaoting/ROS2/ws01_plumbing/src/install/base_interfaces_demo/include/base_interfaces_demo/base_interfaces_demo
[2.683s] -- Up-to-date: /home/lihaoting/ROS2/ws01_plumbing/src/install/base_interfaces_demo/include/base_interfaces_demo/base_interfaces_demo/srv
[2.684s] -- Up-to-date: /home/lihaoting/ROS2/ws01_plumbing/src/install/base_interfaces_demo/include/base_interfaces_demo/base_interfaces_demo/srv/detail
[2.684s] -- Up-to-date: /home/lihaoting/ROS2/ws01_plumbing/src/install/base_interfaces_demo/include/base_interfaces_demo/base_interfaces_demo/srv/detail/dds_fastrtps
[2.687s] -- Up-to-date: /home/lihaoting/ROS2/ws01_plumbing/src/install/base_interfaces_demo/include/base_interfaces_demo/base_interfaces_demo/srv/detail/add_ints__rosidl_typesupport_fastrtps_cpp.hpp
[2.687s] -- Up-to-date: /home/lihaoting/ROS2/ws01_plumbing/src/install/base_interfaces_demo/include/base_interfaces_demo/base_interfaces_demo/action
[2.687s] -- Up-to-date: /home/lihaoting/ROS2/ws01_plumbing/src/install/base_interfaces_demo/include/base_interfaces_demo/base_interfaces_demo/action/detail
[2.687s] -- Up-to-date: /home/lihaoting/ROS2/ws01_plumbing/src/install/base_interfaces_demo/include/base_interfaces_demo/base_interfaces_demo/action/detail/dds_fastrtps
[2.687s] -- Up-to-date: /home/lihaoting/ROS2/ws01_plumbing/src/install/base_interfaces_demo/include/base_interfaces_demo/base_interfaces_demo/action/detail/progress__rosidl_typesupport_fastrtps_cpp.hpp
[2.687s] -- Up-to-date: /home/lihaoting/ROS2/ws01_plumbing/src/install/base_interfaces_demo/include/base_interfaces_demo/base_interfaces_demo/msg
[2.687s] -- Up-to-date: /home/lihaoting/ROS2/ws01_plumbing/src/install/base_interfaces_demo/include/base_interfaces_demo/base_interfaces_demo/msg/rosidl_typesupport_fastrtps_cpp__visibility_control.h
[2.687s] -- Up-to-date: /home/lihaoting/ROS2/ws01_plumbing/src/install/base_interfaces_demo/include/base_interfaces_demo/base_interfaces_demo/msg/detail
[2.688s] -- Up-to-date: /home/lihaoting/ROS2/ws01_plumbing/src/install/base_interfaces_demo/include/base_interfaces_demo/base_interfaces_demo/msg/detail/dds_fastrtps
[2.688s] -- Up-to-date: /home/lihaoting/ROS2/ws01_plumbing/src/install/base_interfaces_demo/include/base_interfaces_demo/base_interfaces_demo/msg/detail/student__rosidl_typesupport_fastrtps_cpp.hpp
[2.688s] -- Up-to-date: /home/lihaoting/ROS2/ws01_plumbing/src/install/base_interfaces_demo/lib/libbase_interfaces_demo__rosidl_typesupport_fastrtps_cpp.so
[2.688s] -- Up-to-date: /home/lihaoting/ROS2/ws01_plumbing/src/install/base_interfaces_demo/include/base_interfaces_demo/base_interfaces_demo
[2.688s] -- Up-to-date: /home/lihaoting/ROS2/ws01_plumbing/src/install/base_interfaces_demo/include/base_interfaces_demo/base_interfaces_demo/srv
[2.688s] -- Up-to-date: /home/lihaoting/ROS2/ws01_plumbing/src/install/base_interfaces_demo/include/base_interfaces_demo/base_interfaces_demo/srv/detail
[2.688s] -- Up-to-date: /home/lihaoting/ROS2/ws01_plumbing/src/install/base_interfaces_demo/include/base_interfaces_demo/base_interfaces_demo/srv/detail/add_ints__rosidl_typesupport_introspection_cpp.hpp
[2.688s] -- Up-to-date: /home/lihaoting/ROS2/ws01_plumbing/src/install/base_interfaces_demo/include/base_interfaces_demo/base_interfaces_demo/srv/detail/add_ints__type_support.cpp
[2.688s] -- Up-to-date: /home/lihaoting/ROS2/ws01_plumbing/src/install/base_interfaces_demo/include/base_interfaces_demo/base_interfaces_demo/action
[2.688s] -- Up-to-date: /home/lihaoting/ROS2/ws01_plumbing/src/install/base_interfaces_demo/include/base_interfaces_demo/base_interfaces_demo/action/detail
[2.699s] -- Up-to-date: /home/lihaoting/ROS2/ws01_plumbing/src/install/base_interfaces_demo/include/base_interfaces_demo/base_interfaces_demo/action/detail/progress__type_support.cpp
[2.699s] -- Up-to-date: /home/lihaoting/ROS2/ws01_plumbing/src/install/base_interfaces_demo/include/base_interfaces_demo/base_interfaces_demo/action/detail/progress__rosidl_typesupport_introspection_cpp.hpp
[2.700s] -- Up-to-date: /home/lihaoting/ROS2/ws01_plumbing/src/install/base_interfaces_demo/include/base_interfaces_demo/base_interfaces_demo/msg
[2.700s] -- Up-to-date: /home/lihaoting/ROS2/ws01_plumbing/src/install/base_interfaces_demo/include/base_interfaces_demo/base_interfaces_demo/msg/detail
[2.700s] -- Up-to-date: /home/lihaoting/ROS2/ws01_plumbing/src/install/base_interfaces_demo/include/base_interfaces_demo/base_interfaces_demo/msg/detail/student__rosidl_typesupport_introspection_cpp.hpp
[2.700s] -- Up-to-date: /home/lihaoting/ROS2/ws01_plumbing/src/install/base_interfaces_demo/include/base_interfaces_demo/base_interfaces_demo/msg/detail/student__type_support.cpp
[2.700s] -- Up-to-date: /home/lihaoting/ROS2/ws01_plumbing/src/install/base_interfaces_demo/lib/libbase_interfaces_demo__rosidl_typesupport_introspection_cpp.so
[2.700s] -- Up-to-date: /home/lihaoting/ROS2/ws01_plumbing/src/install/base_interfaces_demo/lib/libbase_interfaces_demo__rosidl_typesupport_cpp.so
[2.700s] -- Up-to-date: /home/lihaoting/ROS2/ws01_plumbing/src/install/base_interfaces_demo/share/base_interfaces_demo/environment/pythonpath.sh
[2.700s] -- Up-to-date: /home/lihaoting/ROS2/ws01_plumbing/src/install/base_interfaces_demo/share/base_interfaces_demo/environment/pythonpath.dsv
[2.700s] -- Up-to-date: /home/lihaoting/ROS2/ws01_plumbing/src/install/base_interfaces_demo/lib/python3.12/site-packages/base_interfaces_demo-0.0.0-py3.12.egg-info
[2.700s] -- Installing: /home/lihaoting/ROS2/ws01_plumbing/src/install/base_interfaces_demo/lib/python3.12/site-packages/base_interfaces_demo-0.0.0-py3.12.egg-info/PKG-INFO
[2.700s] -- Installing: /home/lihaoting/ROS2/ws01_plumbing/src/install/base_interfaces_demo/lib/python3.12/site-packages/base_interfaces_demo-0.0.0-py3.12.egg-info/dependency_links.txt
[2.700s] -- Installing: /home/lihaoting/ROS2/ws01_plumbing/src/install/base_interfaces_demo/lib/python3.12/site-packages/base_interfaces_demo-0.0.0-py3.12.egg-info/SOURCES.txt
[2.700s] -- Installing: /home/lihaoting/ROS2/ws01_plumbing/src/install/base_interfaces_demo/lib/python3.12/site-packages/base_interfaces_demo-0.0.0-py3.12.egg-info/top_level.txt
[2.701s] -- Up-to-date: /home/lihaoting/ROS2/ws01_plumbing/src/install/base_interfaces_demo/lib/python3.12/site-packages/base_interfaces_demo
[2.701s] -- Up-to-date: /home/lihaoting/ROS2/ws01_plumbing/src/install/base_interfaces_demo/lib/python3.12/site-packages/base_interfaces_demo/_base_interfaces_demo_s.ep.rosidl_typesupport_c.c
[2.709s] -- Up-to-date: /home/lihaoting/ROS2/ws01_plumbing/src/install/base_interfaces_demo/lib/python3.12/site-packages/base_interfaces_demo/__init__.py
[2.710s] -- Up-to-date: /home/lihaoting/ROS2/ws01_plumbing/src/install/base_interfaces_demo/lib/python3.12/site-packages/base_interfaces_demo/base_interfaces_demo_s__rosidl_typesupport_introspection_c.so
[2.710s] -- Up-to-date: /home/lihaoting/ROS2/ws01_plumbing/src/install/base_interfaces_demo/lib/python3.12/site-packages/base_interfaces_demo/srv
[2.710s] -- Up-to-date: /home/lihaoting/ROS2/ws01_plumbing/src/install/base_interfaces_demo/lib/python3.12/site-packages/base_interfaces_demo/srv/_add_ints_s.c
[2.710s] -- Up-to-date: /home/lihaoting/ROS2/ws01_plumbing/src/install/base_interfaces_demo/lib/python3.12/site-packages/base_interfaces_demo/srv/__init__.py
[2.710s] -- Up-to-date: /home/lihaoting/ROS2/ws01_plumbing/src/install/base_interfaces_demo/lib/python3.12/site-packages/base_interfaces_demo/srv/_add_ints.py
[2.710s] -- Up-to-date: /home/lihaoting/ROS2/ws01_plumbing/src/install/base_interfaces_demo/lib/python3.12/site-packages/base_interfaces_demo/action
[2.711s] -- Up-to-date: /home/lihaoting/ROS2/ws01_plumbing/src/install/base_interfaces_demo/lib/python3.12/site-packages/base_interfaces_demo/action/__init__.py
[2.711s] -- Up-to-date: /home/lihaoting/ROS2/ws01_plumbing/src/install/base_interfaces_demo/lib/python3.12/site-packages/base_interfaces_demo/action/_progress_s.c
[2.711s] -- Up-to-date: /home/lihaoting/ROS2/ws01_plumbing/src/install/base_interfaces_demo/lib/python3.12/site-packages/base_interfaces_demo/action/_progress.py
[2.720s] -- Up-to-date: /home/lihaoting/ROS2/ws01_plumbing/src/install/base_interfaces_demo/lib/python3.12/site-packages/base_interfaces_demo/base_interfaces_demo_s__rosidl_typesupport_fastrtps_c.so
[2.720s] -- Up-to-date: /home/lihaoting/ROS2/ws01_plumbing/src/install/base_interfaces_demo/lib/python3.12/site-packages/base_interfaces_demo/_base_interfaces_demo_s.ep.rosidl_typesupport_introspection_c.c
[2.720s] -- Up-to-date: /home/lihaoting/ROS2/ws01_plumbing/src/install/base_interfaces_demo/lib/python3.12/site-packages/base_interfaces_demo/_base_interfaces_demo_s.ep.rosidl_typesupport_fastrtps_c.c
[2.720s] -- Up-to-date: /home/lihaoting/ROS2/ws01_plumbing/src/install/base_interfaces_demo/lib/python3.12/site-packages/base_interfaces_demo/base_interfaces_demo_s__rosidl_typesupport_c.so
[2.720s] -- Up-to-date: /home/lihaoting/ROS2/ws01_plumbing/src/install/base_interfaces_demo/lib/python3.12/site-packages/base_interfaces_demo/msg
[2.721s] -- Up-to-date: /home/lihaoting/ROS2/ws01_plumbing/src/install/base_interfaces_demo/lib/python3.12/site-packages/base_interfaces_demo/msg/__init__.py
[2.732s] -- Up-to-date: /home/lihaoting/ROS2/ws01_plumbing/src/install/base_interfaces_demo/lib/python3.12/site-packages/base_interfaces_demo/msg/_student_s.c
[2.732s] -- Up-to-date: /home/lihaoting/ROS2/ws01_plumbing/src/install/base_interfaces_demo/lib/python3.12/site-packages/base_interfaces_demo/msg/_student.py
[2.742s] Listing '/home/lihaoting/ROS2/ws01_plumbing/src/install/base_interfaces_demo/lib/python3.12/site-packages/base_interfaces_demo'...
[2.742s] Listing '/home/lihaoting/ROS2/ws01_plumbing/src/install/base_interfaces_demo/lib/python3.12/site-packages/base_interfaces_demo/action'...
[2.742s] Listing '/home/lihaoting/ROS2/ws01_plumbing/src/install/base_interfaces_demo/lib/python3.12/site-packages/base_interfaces_demo/msg'...
[2.742s] Listing '/home/lihaoting/ROS2/ws01_plumbing/src/install/base_interfaces_demo/lib/python3.12/site-packages/base_interfaces_demo/srv'...
[2.759s] -- Up-to-date: /home/lihaoting/ROS2/ws01_plumbing/src/install/base_interfaces_demo/lib/python3.12/site-packages/base_interfaces_demo/base_interfaces_demo_s__rosidl_typesupport_fastrtps_c.so
[2.759s] -- Up-to-date: /home/lihaoting/ROS2/ws01_plumbing/src/install/base_interfaces_demo/lib/python3.12/site-packages/base_interfaces_demo/base_interfaces_demo_s__rosidl_typesupport_introspection_c.so
[2.759s] -- Up-to-date: /home/lihaoting/ROS2/ws01_plumbing/src/install/base_interfaces_demo/lib/python3.12/site-packages/base_interfaces_demo/base_interfaces_demo_s__rosidl_typesupport_c.so
[2.759s] -- Up-to-date: /home/lihaoting/ROS2/ws01_plumbing/src/install/base_interfaces_demo/lib/libbase_interfaces_demo__rosidl_generator_py.so
[2.759s] -- Up-to-date: /home/lihaoting/ROS2/ws01_plumbing/src/install/base_interfaces_demo/share/base_interfaces_demo/msg/Student.idl
[2.767s] -- Up-to-date: /home/lihaoting/ROS2/ws01_plumbing/src/install/base_interfaces_demo/share/base_interfaces_demo/srv/AddInts.idl
[2.767s] -- Up-to-date: /home/lihaoting/ROS2/ws01_plumbing/src/install/base_interfaces_demo/share/base_interfaces_demo/action/Progress.idl
[2.767s] -- Up-to-date: /home/lihaoting/ROS2/ws01_plumbing/src/install/base_interfaces_demo/share/base_interfaces_demo/msg/Student.msg
[2.767s] -- Up-to-date: /home/lihaoting/ROS2/ws01_plumbing/src/install/base_interfaces_demo/share/base_interfaces_demo/srv/AddInts.srv
[2.768s] -- Up-to-date: /home/lihaoting/ROS2/ws01_plumbing/src/install/base_interfaces_demo/share/base_interfaces_demo/action/Progress.action
[2.768s] -- Up-to-date: /home/lihaoting/ROS2/ws01_plumbing/src/install/base_interfaces_demo/share/ament_index/resource_index/package_run_dependencies/base_interfaces_demo
[2.768s] -- Up-to-date: /home/lihaoting/ROS2/ws01_plumbing/src/install/base_interfaces_demo/share/ament_index/resource_index/parent_prefix_path/base_interfaces_demo
[2.771s] -- Up-to-date: /home/lihaoting/ROS2/ws01_plumbing/src/install/base_interfaces_demo/share/base_interfaces_demo/environment/ament_prefix_path.sh
[2.771s] -- Up-to-date: /home/lihaoting/ROS2/ws01_plumbing/src/install/base_interfaces_demo/share/base_interfaces_demo/environment/ament_prefix_path.dsv
[2.772s] -- Up-to-date: /home/lihaoting/ROS2/ws01_plumbing/src/install/base_interfaces_demo/share/base_interfaces_demo/environment/path.sh
[2.772s] -- Up-to-date: /home/lihaoting/ROS2/ws01_plumbing/src/install/base_interfaces_demo/share/base_interfaces_demo/environment/path.dsv
[2.772s] -- Up-to-date: /home/lihaoting/ROS2/ws01_plumbing/src/install/base_interfaces_demo/share/base_interfaces_demo/local_setup.bash
[2.772s] -- Up-to-date: /home/lihaoting/ROS2/ws01_plumbing/src/install/base_interfaces_demo/share/base_interfaces_demo/local_setup.sh
[2.772s] -- Up-to-date: /home/lihaoting/ROS2/ws01_plumbing/src/install/base_interfaces_demo/share/base_interfaces_demo/local_setup.zsh
[2.772s] -- Up-to-date: /home/lihaoting/ROS2/ws01_plumbing/src/install/base_interfaces_demo/share/base_interfaces_demo/local_setup.dsv
[2.772s] -- Installing: /home/lihaoting/ROS2/ws01_plumbing/src/install/base_interfaces_demo/share/base_interfaces_demo/package.dsv
[2.772s] -- Up-to-date: /home/lihaoting/ROS2/ws01_plumbing/src/install/base_interfaces_demo/share/ament_index/resource_index/packages/base_interfaces_demo
[2.772s] -- Up-to-date: /home/lihaoting/ROS2/ws01_plumbing/src/install/base_interfaces_demo/share/base_interfaces_demo/cmake/export_base_interfaces_demo__rosidl_generator_cExport.cmake
[2.773s] -- Up-to-date: /home/lihaoting/ROS2/ws01_plumbing/src/install/base_interfaces_demo/share/base_interfaces_demo/cmake/export_base_interfaces_demo__rosidl_generator_cExport-noconfig.cmake
[2.773s] -- Up-to-date: /home/lihaoting/ROS2/ws01_plumbing/src/install/base_interfaces_demo/share/base_interfaces_demo/cmake/export_base_interfaces_demo__rosidl_typesupport_fastrtps_cExport.cmake
[2.775s] -- Up-to-date: /home/lihaoting/ROS2/ws01_plumbing/src/install/base_interfaces_demo/share/base_interfaces_demo/cmake/export_base_interfaces_demo__rosidl_typesupport_fastrtps_cExport-noconfig.cmake
[2.775s] -- Up-to-date: /home/lihaoting/ROS2/ws01_plumbing/src/install/base_interfaces_demo/share/base_interfaces_demo/cmake/base_interfaces_demo__rosidl_typesupport_introspection_cExport.cmake
[2.775s] -- Up-to-date: /home/lihaoting/ROS2/ws01_plumbing/src/install/base_interfaces_demo/share/base_interfaces_demo/cmake/base_interfaces_demo__rosidl_typesupport_introspection_cExport-noconfig.cmake
[2.775s] -- Up-to-date: /home/lihaoting/ROS2/ws01_plumbing/src/install/base_interfaces_demo/share/base_interfaces_demo/cmake/base_interfaces_demo__rosidl_typesupport_cExport.cmake
[2.775s] -- Up-to-date: /home/lihaoting/ROS2/ws01_plumbing/src/install/base_interfaces_demo/share/base_interfaces_demo/cmake/base_interfaces_demo__rosidl_typesupport_cExport-noconfig.cmake
[2.775s] -- Up-to-date: /home/lihaoting/ROS2/ws01_plumbing/src/install/base_interfaces_demo/share/base_interfaces_demo/cmake/export_base_interfaces_demo__rosidl_generator_cppExport.cmake
[2.775s] -- Up-to-date: /home/lihaoting/ROS2/ws01_plumbing/src/install/base_interfaces_demo/share/base_interfaces_demo/cmake/export_base_interfaces_demo__rosidl_typesupport_fastrtps_cppExport.cmake
[2.776s] -- Up-to-date: /home/lihaoting/ROS2/ws01_plumbing/src/install/base_interfaces_demo/share/base_interfaces_demo/cmake/export_base_interfaces_demo__rosidl_typesupport_fastrtps_cppExport-noconfig.cmake
[2.776s] -- Up-to-date: /home/lihaoting/ROS2/ws01_plumbing/src/install/base_interfaces_demo/share/base_interfaces_demo/cmake/base_interfaces_demo__rosidl_typesupport_introspection_cppExport.cmake
[2.776s] -- Up-to-date: /home/lihaoting/ROS2/ws01_plumbing/src/install/base_interfaces_demo/share/base_interfaces_demo/cmake/base_interfaces_demo__rosidl_typesupport_introspection_cppExport-noconfig.cmake
[2.776s] -- Up-to-date: /home/lihaoting/ROS2/ws01_plumbing/src/install/base_interfaces_demo/share/base_interfaces_demo/cmake/base_interfaces_demo__rosidl_typesupport_cppExport.cmake
[2.778s] -- Up-to-date: /home/lihaoting/ROS2/ws01_plumbing/src/install/base_interfaces_demo/share/base_interfaces_demo/cmake/base_interfaces_demo__rosidl_typesupport_cppExport-noconfig.cmake
[2.778s] -- Up-to-date: /home/lihaoting/ROS2/ws01_plumbing/src/install/base_interfaces_demo/share/base_interfaces_demo/cmake/export_base_interfaces_demo__rosidl_generator_pyExport.cmake
[2.778s] -- Up-to-date: /home/lihaoting/ROS2/ws01_plumbing/src/install/base_interfaces_demo/share/base_interfaces_demo/cmake/export_base_interfaces_demo__rosidl_generator_pyExport-noconfig.cmake
[2.778s] -- Up-to-date: /home/lihaoting/ROS2/ws01_plumbing/src/install/base_interfaces_demo/share/base_interfaces_demo/cmake/rosidl_cmake-extras.cmake
[2.778s] -- Up-to-date: /home/lihaoting/ROS2/ws01_plumbing/src/install/base_interfaces_demo/share/base_interfaces_demo/cmake/ament_cmake_export_dependencies-extras.cmake
[2.779s] -- Up-to-date: /home/lihaoting/ROS2/ws01_plumbing/src/install/base_interfaces_demo/share/base_interfaces_demo/cmake/ament_cmake_export_include_directories-extras.cmake
[2.779s] -- Up-to-date: /home/lihaoting/ROS2/ws01_plumbing/src/install/base_interfaces_demo/share/base_interfaces_demo/cmake/ament_cmake_export_libraries-extras.cmake
[2.779s] -- Up-to-date: /home/lihaoting/ROS2/ws01_plumbing/src/install/base_interfaces_demo/share/base_interfaces_demo/cmake/ament_cmake_export_targets-extras.cmake
[2.779s] -- Up-to-date: /home/lihaoting/ROS2/ws01_plumbing/src/install/base_interfaces_demo/share/base_interfaces_demo/cmake/rosidl_cmake_export_typesupport_targets-extras.cmake
[2.779s] -- Up-to-date: /home/lihaoting/ROS2/ws01_plumbing/src/install/base_interfaces_demo/share/base_interfaces_demo/cmake/rosidl_cmake_export_typesupport_libraries-extras.cmake
[2.779s] -- Up-to-date: /home/lihaoting/ROS2/ws01_plumbing/src/install/base_interfaces_demo/share/base_interfaces_demo/cmake/base_interfaces_demoConfig.cmake
[2.779s] -- Up-to-date: /home/lihaoting/ROS2/ws01_plumbing/src/install/base_interfaces_demo/share/base_interfaces_demo/cmake/base_interfaces_demoConfig-version.cmake
[2.779s] -- Up-to-date: /home/lihaoting/ROS2/ws01_plumbing/src/install/base_interfaces_demo/share/base_interfaces_demo/package.xml
[2.779s] Invoked command in '/home/lihaoting/ROS2/ws01_plumbing/src/build/base_interfaces_demo' returned '0': CMAKE_PREFIX_PATH=${CMAKE_PREFIX_PATH}:/opt/ros/jazzy DEBUGINFOD_URLS=https://debuginfod.ubuntu.com /usr/bin/cmake --install /home/lihaoting/ROS2/ws01_plumbing/src/build/base_interfaces_demo
